-------------------------------------------------------------------------------
Test set: org.apache.zookeeper.common.FileChangeWatcherTest
-------------------------------------------------------------------------------
Tests run: 5, Failures: 1, Errors: 0, Skipped: 0, Time elapsed: 5.724 s <<< FAILURE! - in org.apache.zookeeper.common.FileChangeWatcherTest
testCallbackWorksOnFileDeleted  Time elapsed: 1.022 s  <<< FAILURE!
org.opentest4j.AssertionFailedError: expected: <ENTRY_DELETE> but was: <ENTRY_MODIFY>
	at org.apache.zookeeper.common.FileChangeWatcherTest.testCallbackWorksOnFileDeleted(FileChangeWatcherTest.java:210)

