-------------------------------------------------------------------------------
Test set: org.apache.zookeeper.server.ZooKeeperServerMainTest
-------------------------------------------------------------------------------
Tests run: 15, Failures: 8, Errors: 5, Skipped: 0, Time elapsed: 256.873 s <<< FAILURE! - in org.apache.zookeeper.server.ZooKeeperServerMainTest
testStandalone  Time elapsed: 32.413 s  <<< FAILURE!
org.opentest4j.AssertionFailedError: waiting for server being up ==> expected: <true> but was: <false>
	at org.apache.zookeeper.server.ZooKeeperServerMainTest.testStandalone(ZooKeeperServerMainTest.java:315)

testWithMinSessionTimeoutGreaterThanMaxSessionTimeout  Time elapsed: 0.004 s  <<< ERROR!
java.lang.NoClassDefFoundError: org/apache/zookeeper/server/ZooKeeperServerMainTest$TestZKSMain
	at org.apache.zookeeper.server.ZooKeeperServerMainTest.testWithMinSessionTimeoutGreaterThanMaxSessionTimeout(ZooKeeperServerMainTest.java:356)

testReadOnlySnapshotDir  Time elapsed: 15.786 s  <<< FAILURE!
org.opentest4j.AssertionFailedError: waiting for server being up ==> expected: <true> but was: <false>
	at org.apache.zookeeper.server.ZooKeeperServerMainTest.testReadOnlySnapshotDir(ZooKeeperServerMainTest.java:242)

testMinMaxSessionTimeOut  Time elapsed: 31.774 s  <<< FAILURE!
org.opentest4j.AssertionFailedError: waiting for server being up ==> expected: <true> but was: <false>
	at org.apache.zookeeper.server.ZooKeeperServerMainTest.testMinMaxSessionTimeOut(ZooKeeperServerMainTest.java:582)

testMetricsProviderConfiguration  Time elapsed: 31.759 s  <<< FAILURE!
org.opentest4j.AssertionFailedError: waiting for server being up ==> expected: <true> but was: <false>
	at org.apache.zookeeper.server.ZooKeeperServerMainTest.testMetricsProviderConfiguration(ZooKeeperServerMainTest.java:474)

testInvalidMetricsProvider  Time elapsed: 0.007 s  <<< ERROR!
java.lang.NoClassDefFoundError: org/apache/zookeeper/server/ZooKeeperServerMainTest$TestZKSMain
	at org.apache.zookeeper.server.ZooKeeperServerMainTest.testInvalidMetricsProvider(ZooKeeperServerMainTest.java:376)

testWithOnlyMinSessionTimeout  Time elapsed: 32.214 s  <<< FAILURE!
org.opentest4j.AssertionFailedError: waiting for server being up ==> expected: <true> but was: <false>
	at org.apache.zookeeper.server.ZooKeeperServerMainTest.testWithOnlyMinSessionTimeout(ZooKeeperServerMainTest.java:549)

testFaultyMetricsProviderOnStop  Time elapsed: 31.808 s  <<< FAILURE!
org.opentest4j.AssertionFailedError: waiting for server being up ==> expected: <true> but was: <false>
	at org.apache.zookeeper.server.ZooKeeperServerMainTest.testFaultyMetricsProviderOnStop(ZooKeeperServerMainTest.java:438)

testNonRecoverableError  Time elapsed: 31.719 s  <<< ERROR!
java.util.concurrent.TimeoutException: testNonRecoverableError() timed out after 30 seconds
	Suppressed: org.opentest4j.AssertionFailedError: waiting for server being up ==> expected: <true> but was: <false>
		at org.junit.jupiter.api.AssertionUtils.fail(AssertionUtils.java:55)
		at org.junit.jupiter.api.AssertTrue.assertTrue(AssertTrue.java:40)
		at org.junit.jupiter.api.Assertions.assertTrue(Assertions.java:193)
		at org.apache.zookeeper.server.ZooKeeperServerMainTest.testNonRecoverableError(ZooKeeperServerMainTest.java:190)
		at sun.reflect.NativeMethodAccessorImpl.invoke0(Native Method)
		at sun.reflect.NativeMethodAccessorImpl.invoke(NativeMethodAccessorImpl.java:62)
		at sun.reflect.DelegatingMethodAccessorImpl.invoke(DelegatingMethodAccessorImpl.java:43)
		at java.lang.reflect.Method.invoke(Method.java:483)
		at org.junit.platform.commons.util.ReflectionUtils.invokeMethod(ReflectionUtils.java:686)
		at org.junit.jupiter.engine.execution.MethodInvocation.proceed(MethodInvocation.java:60)
		at org.junit.jupiter.engine.execution.InvocationInterceptorChain$ValidatingInvocation.proceed(InvocationInterceptorChain.java:131)
		at org.junit.jupiter.engine.extension.TimeoutInvocation.proceed(TimeoutInvocation.java:46)
		at org.junit.jupiter.engine.extension.TimeoutExtension.intercept(TimeoutExtension.java:149)
		at org.junit.jupiter.engine.extension.TimeoutExtension.interceptTestableMethod(TimeoutExtension.java:140)
		at org.junit.jupiter.engine.extension.TimeoutExtension.interceptTestMethod(TimeoutExtension.java:84)
		at org.junit.jupiter.engine.descriptor.TestMethodTestDescriptor$$Lambda$112/1253946629.apply(Unknown Source)
		at org.junit.jupiter.engine.execution.ExecutableInvoker$ReflectiveInterceptorCall.lambda$ofVoidMethod$0(ExecutableInvoker.java:115)
		at org.junit.jupiter.engine.execution.ExecutableInvoker$ReflectiveInterceptorCall$$Lambda$113/1613255205.apply(Unknown Source)
		at org.junit.jupiter.engine.execution.ExecutableInvoker.lambda$invoke$0(ExecutableInvoker.java:105)
		at org.junit.jupiter.engine.execution.ExecutableInvoker$$Lambda$235/1052967153.apply(Unknown Source)
		at org.junit.jupiter.engine.execution.InvocationInterceptorChain$InterceptedInvocation.proceed(InvocationInterceptorChain.java:106)
		at org.junit.jupiter.engine.execution.InvocationInterceptorChain.proceed(InvocationInterceptorChain.java:64)
		at org.junit.jupiter.engine.execution.InvocationInterceptorChain.chainAndInvoke(InvocationInterceptorChain.java:45)
		at org.junit.jupiter.engine.execution.InvocationInterceptorChain.invoke(InvocationInterceptorChain.java:37)
		at org.junit.jupiter.engine.execution.ExecutableInvoker.invoke(ExecutableInvoker.java:104)
		at org.junit.jupiter.engine.execution.ExecutableInvoker.invoke(ExecutableInvoker.java:98)
		at org.junit.jupiter.engine.descriptor.TestMethodTestDescriptor.lambda$invokeTestMethod$6(TestMethodTestDescriptor.java:212)
		at org.junit.jupiter.engine.descriptor.TestMethodTestDescriptor$$Lambda$270/1285524499.execute(Unknown Source)
		at org.junit.platform.engine.support.hierarchical.ThrowableCollector.execute(ThrowableCollector.java:73)
		at org.junit.jupiter.engine.descriptor.TestMethodTestDescriptor.invokeTestMethod(TestMethodTestDescriptor.java:208)
		at org.junit.jupiter.engine.descriptor.TestMethodTestDescriptor.execute(TestMethodTestDescriptor.java:137)
		at org.junit.jupiter.engine.descriptor.TestMethodTestDescriptor.execute(TestMethodTestDescriptor.java:71)
		at org.junit.platform.engine.support.hierarchical.NodeTestTask.lambda$executeRecursively$5(NodeTestTask.java:135)
		at org.junit.platform.engine.support.hierarchical.NodeTestTask$$Lambda$180/564742142.execute(Unknown Source)
		at org.junit.platform.engine.support.hierarchical.ThrowableCollector.execute(ThrowableCollector.java:73)
		at org.junit.platform.engine.support.hierarchical.NodeTestTask.lambda$executeRecursively$7(NodeTestTask.java:125)
		at org.junit.platform.engine.support.hierarchical.NodeTestTask$$Lambda$179/624271064.invoke(Unknown Source)
		at org.junit.platform.engine.support.hierarchical.Node.around(Node.java:135)
		at org.junit.platform.engine.support.hierarchical.NodeTestTask.lambda$executeRecursively$8(NodeTestTask.java:123)
		at org.junit.platform.engine.support.hierarchical.NodeTestTask$$Lambda$178/1268959798.execute(Unknown Source)
		at org.junit.platform.engine.support.hierarchical.ThrowableCollector.execute(ThrowableCollector.java:73)
		at org.junit.platform.engine.support.hierarchical.NodeTestTask.executeRecursively(NodeTestTask.java:122)
		at org.junit.platform.engine.support.hierarchical.NodeTestTask.execute(NodeTestTask.java:80)
		at org.junit.platform.engine.support.hierarchical.SameThreadHierarchicalTestExecutorService$$Lambda$184/827084938.accept(Unknown Source)
		at java.util.ArrayList.forEach(ArrayList.java:1249)
		at org.junit.platform.engine.support.hierarchical.SameThreadHierarchicalTestExecutorService.invokeAll(SameThreadHierarchicalTestExecutorService.java:38)
		at org.junit.platform.engine.support.hierarchical.NodeTestTask.lambda$executeRecursively$5(NodeTestTask.java:139)
		at org.junit.platform.engine.support.hierarchical.NodeTestTask$$Lambda$180/564742142.execute(Unknown Source)
		at org.junit.platform.engine.support.hierarchical.ThrowableCollector.execute(ThrowableCollector.java:73)
		at org.junit.platform.engine.support.hierarchical.NodeTestTask.lambda$executeRecursively$7(NodeTestTask.java:125)
		at org.junit.platform.engine.support.hierarchical.NodeTestTask$$Lambda$179/624271064.invoke(Unknown Source)
		at org.junit.platform.engine.support.hierarchical.Node.around(Node.java:135)
		at org.junit.platform.engine.support.hierarchical.NodeTestTask.lambda$executeRecursively$8(NodeTestTask.java:123)
		at org.junit.platform.engine.support.hierarchical.NodeTestTask$$Lambda$178/1268959798.execute(Unknown Source)
		at org.junit.platform.engine.support.hierarchical.ThrowableCollector.execute(ThrowableCollector.java:73)
		at org.junit.platform.engine.support.hierarchical.NodeTestTask.executeRecursively(NodeTestTask.java:122)
		at org.junit.platform.engine.support.hierarchical.NodeTestTask.execute(NodeTestTask.java:80)
		at org.junit.platform.engine.support.hierarchical.SameThreadHierarchicalTestExecutorService$$Lambda$184/827084938.accept(Unknown Source)
		at java.util.ArrayList.forEach(ArrayList.java:1249)
		at org.junit.platform.engine.support.hierarchical.SameThreadHierarchicalTestExecutorService.invokeAll(SameThreadHierarchicalTestExecutorService.java:38)
		at org.junit.platform.engine.support.hierarchical.NodeTestTask.lambda$executeRecursively$5(NodeTestTask.java:139)
		at org.junit.platform.engine.support.hierarchical.NodeTestTask$$Lambda$180/564742142.execute(Unknown Source)
		at org.junit.platform.engine.support.hierarchical.ThrowableCollector.execute(ThrowableCollector.java:73)
		at org.junit.platform.engine.support.hierarchical.NodeTestTask.lambda$executeRecursively$7(NodeTestTask.java:125)
		at org.junit.platform.engine.support.hierarchical.NodeTestTask$$Lambda$179/624271064.invoke(Unknown Source)
		at org.junit.platform.engine.support.hierarchical.Node.around(Node.java:135)
		at org.junit.platform.engine.support.hierarchical.NodeTestTask.lambda$executeRecursively$8(NodeTestTask.java:123)
		at org.junit.platform.engine.support.hierarchical.NodeTestTask$$Lambda$178/1268959798.execute(Unknown Source)
		at org.junit.platform.engine.support.hierarchical.ThrowableCollector.execute(ThrowableCollector.java:73)
		at org.junit.platform.engine.support.hierarchical.NodeTestTask.executeRecursively(NodeTestTask.java:122)
		at org.junit.platform.engine.support.hierarchical.NodeTestTask.execute(NodeTestTask.java:80)
		at org.junit.platform.engine.support.hierarchical.SameThreadHierarchicalTestExecutorService.submit(SameThreadHierarchicalTestExecutorService.java:32)
		at org.junit.platform.engine.support.hierarchical.HierarchicalTestExecutor.execute(HierarchicalTestExecutor.java:57)
		at org.junit.platform.engine.support.hierarchical.HierarchicalTestEngine.execute(HierarchicalTestEngine.java:51)
		at org.junit.platform.launcher.core.DefaultLauncher.execute(DefaultLauncher.java:248)
		at org.junit.platform.launcher.core.DefaultLauncher.lambda$execute$5(DefaultLauncher.java:211)
		at org.junit.platform.launcher.core.DefaultLauncher$$Lambda$144/949057310.accept(Unknown Source)
		at org.junit.platform.launcher.core.DefaultLauncher.withInterceptedStreams(DefaultLauncher.java:226)
		at org.junit.platform.launcher.core.DefaultLauncher.execute(DefaultLauncher.java:199)
		at org.junit.platform.launcher.core.DefaultLauncher.execute(DefaultLauncher.java:132)
		at org.apache.maven.surefire.junitplatform.JUnitPlatformProvider.invokeAllTests(JUnitPlatformProvider.java:142)
		at org.apache.maven.surefire.junitplatform.JUnitPlatformProvider.invoke(JUnitPlatformProvider.java:113)
		at org.apache.maven.surefire.booter.ForkedBooter.invokeProviderInSameClassLoader(ForkedBooter.java:384)
		at org.apache.maven.surefire.booter.ForkedBooter.runSuitesInProcess(ForkedBooter.java:345)
		at org.apache.maven.surefire.booter.ForkedBooter.execute(ForkedBooter.java:126)
		at org.apache.maven.surefire.booter.ForkedBooter.main(ForkedBooter.java:418)

testMetricsProviderLifecycle  Time elapsed: 31.771 s  <<< FAILURE!
org.opentest4j.AssertionFailedError: waiting for server being up ==> expected: <true> but was: <false>
	at org.apache.zookeeper.server.ZooKeeperServerMainTest.testMetricsProviderLifecycle(ZooKeeperServerMainTest.java:510)

testFaultyMetricsProviderOnConfigure  Time elapsed: 0.005 s  <<< ERROR!
java.lang.NoClassDefFoundError: org/apache/zookeeper/server/ZooKeeperServerMainTest$TestZKSMain
	at org.apache.zookeeper.server.ZooKeeperServerMainTest.testFaultyMetricsProviderOnConfigure(ZooKeeperServerMainTest.java:418)

testReadOnlyTxnLogDir  Time elapsed: 15.759 s  <<< FAILURE!
org.opentest4j.AssertionFailedError: waiting for server being up ==> expected: <true> but was: <false>
	at org.apache.zookeeper.server.ZooKeeperServerMainTest.testReadOnlyTxnLogDir(ZooKeeperServerMainTest.java:281)

testFaultyMetricsProviderOnStart  Time elapsed: 0.008 s  <<< ERROR!
java.lang.NoClassDefFoundError: org/apache/zookeeper/server/ZooKeeperServerMainTest$TestZKSMain
	at org.apache.zookeeper.server.ZooKeeperServerMainTest.testFaultyMetricsProviderOnStart(ZooKeeperServerMainTest.java:396)

