-------------------------------------------------------------------------------
Test set: org.apache.zookeeper.server.X509AuthFailureTest
-------------------------------------------------------------------------------
Tests run: 1, Failures: 1, Errors: 0, Skipped: 0, Time elapsed: 52.41 s <<< FAILURE! - in org.apache.zookeeper.server.X509AuthFailureTest
testSecureStandaloneServerAuthNFailure  Time elapsed: 52.31 s  <<< FAILURE!
org.opentest4j.AssertionFailedError: expected: <true> but was: <false>
	at org.apache.zookeeper.server.X509AuthFailureTest.testSecureStandaloneServerAuthNFailure(X509AuthFailureTest.java:87)

