-------------------------------------------------------------------------------
Test set: org.apache.zookeeper.server.quorum.QuorumPeerMainTest
-------------------------------------------------------------------------------
Tests run: 26, Failures: 0, Errors: 15, Skipped: 0, Time elapsed: 140.244 s <<< FAILURE! - in org.apache.zookeeper.server.quorum.QuorumPeerMainTest
testLearnerRequestForwardBehavior  Time elapsed: 9.075 s  <<< ERROR!
java.lang.NoClassDefFoundError: org/apache/zookeeper/client/StaticHostProvider
	at org.apache.zookeeper.ZooKeeper.createDefaultHostProvider(ZooKeeper.java:1135)
	at org.apache.zookeeper.ZooKeeper.<init>(ZooKeeper.java:734)
	at org.apache.zookeeper.ZooKeeper.<init>(ZooKeeper.java:448)
	at org.apache.zookeeper.server.quorum.QuorumPeerTestBase$Servers.restartClient(QuorumPeerTestBase.java:432)
	at org.apache.zookeeper.server.quorum.QuorumPeerTestBase.LaunchServers(QuorumPeerTestBase.java:524)
	at org.apache.zookeeper.server.quorum.QuorumPeerTestBase.LaunchServers(QuorumPeerTestBase.java:487)
	at org.apache.zookeeper.server.quorum.QuorumPeerTestBase.LaunchServers(QuorumPeerTestBase.java:482)
	at org.apache.zookeeper.server.quorum.QuorumPeerTestBase.LaunchServers(QuorumPeerTestBase.java:473)
	at org.apache.zookeeper.server.quorum.QuorumPeerMainTest.testLearnerRequestForwardBehavior(QuorumPeerMainTest.java:1595)
Caused by: java.lang.ClassNotFoundException: org.apache.zookeeper.client.StaticHostProvider
	at java.net.URLClassLoader$1.run(URLClassLoader.java:372)
	at java.net.URLClassLoader$1.run(URLClassLoader.java:361)
	at java.security.AccessController.doPrivileged(Native Method)
	at java.net.URLClassLoader.findClass(URLClassLoader.java:360)
	at java.lang.ClassLoader.loadClass(ClassLoader.java:424)
	at java.lang.ClassLoader.loadClass(ClassLoader.java:357)
	... 9 more

testFailedTxnAsPartOfQuorumLoss  Time elapsed: 0.005 s  <<< ERROR!
java.lang.NoClassDefFoundError: org/apache/zookeeper/client/StaticHostProvider
	at org.apache.zookeeper.ZooKeeper.createDefaultHostProvider(ZooKeeper.java:1135)
	at org.apache.zookeeper.ZooKeeper.<init>(ZooKeeper.java:734)
	at org.apache.zookeeper.ZooKeeper.<init>(ZooKeeper.java:448)
	at org.apache.zookeeper.server.quorum.QuorumPeerTestBase$Servers.restartClient(QuorumPeerTestBase.java:432)
	at org.apache.zookeeper.server.quorum.QuorumPeerTestBase.LaunchServers(QuorumPeerTestBase.java:524)
	at org.apache.zookeeper.server.quorum.QuorumPeerTestBase.LaunchServers(QuorumPeerTestBase.java:487)
	at org.apache.zookeeper.server.quorum.QuorumPeerTestBase.LaunchServers(QuorumPeerTestBase.java:482)
	at org.apache.zookeeper.server.quorum.QuorumPeerTestBase.LaunchServers(QuorumPeerTestBase.java:473)
	at org.apache.zookeeper.server.quorum.QuorumPeerMainTest.testFailedTxnAsPartOfQuorumLoss(QuorumPeerMainTest.java:745)

testDataDirAndDataLogDir  Time elapsed: 0.633 s  <<< ERROR!
org.mockito.exceptions.base.MockitoException: 

Mockito cannot mock this class: class org.apache.zookeeper.server.quorum.QuorumPeerConfig.

Mockito can only mock non-private & non-final classes.
If you're not sure why you're getting this error, please report to the mailing list.


Java               : 1.8
JVM vendor name    : Oracle Corporation
JVM vendor version : 25.31-b07
JVM name           : Java HotSpot(TM) 64-Bit Server VM
JVM version        : 1.8.0_31-b13
JVM info           : mixed mode
OS name            : Windows 8.1
OS version         : 6.3


Underlying exception : java.lang.IllegalStateException: Error invoking java.lang.reflect.Method#getAnnotatedReturnType
	at org.apache.zookeeper.server.quorum.QuorumPeerMainTest.testDataDirAndDataLogDir(QuorumPeerMainTest.java:939)
Caused by: java.lang.IllegalStateException: Error invoking java.lang.reflect.Method#getAnnotatedReturnType
	at net.bytebuddy.description.type.TypeDescription$Generic$AnnotationReader$Dispatcher$ForJava8CapableVm$AnnotatedReturnType.resolve(TypeDescription.java:2998)
	at net.bytebuddy.description.type.TypeDescription$Generic$AnnotationReader$Delegator.asList(TypeDescription.java:3252)
	at net.bytebuddy.description.type.TypeDescription$Generic$OfNonGenericType$ForLoadedType.getDeclaredAnnotations(TypeDescription.java:4001)
	at net.bytebuddy.implementation.attribute.AnnotationAppender$ForTypeAnnotations.apply(AnnotationAppender.java:725)
	at net.bytebuddy.implementation.attribute.AnnotationAppender$ForTypeAnnotations.onNonGenericType(AnnotationAppender.java:706)
	at net.bytebuddy.implementation.attribute.AnnotationAppender$ForTypeAnnotations.onNonGenericType(AnnotationAppender.java:409)
	at net.bytebuddy.description.type.TypeDescription$Generic$OfNonGenericType.accept(TypeDescription.java:3783)
	at net.bytebuddy.implementation.attribute.MethodAttributeAppender$ForInstrumentedMethod.apply(MethodAttributeAppender.java:196)
	at net.bytebuddy.implementation.attribute.MethodAttributeAppender$Compound.apply(MethodAttributeAppender.java:484)
	at net.bytebuddy.dynamic.scaffold.TypeWriter$MethodPool$Record$ForDefinedMethod$WithBody.applyAttributes(TypeWriter.java:701)
	at net.bytebuddy.dynamic.scaffold.TypeWriter$MethodPool$Record$ForDefinedMethod$WithBody.applyBody(TypeWriter.java:691)
	at net.bytebuddy.dynamic.scaffold.TypeWriter$MethodPool$Record$ForDefinedMethod.apply(TypeWriter.java:600)
	at net.bytebuddy.dynamic.scaffold.TypeWriter$Default$ForCreation.create(TypeWriter.java:5751)
	at net.bytebuddy.dynamic.scaffold.TypeWriter$Default.make(TypeWriter.java:2166)
	at net.bytebuddy.dynamic.scaffold.subclass.SubclassDynamicTypeBuilder.make(SubclassDynamicTypeBuilder.java:232)
	at net.bytebuddy.dynamic.scaffold.subclass.SubclassDynamicTypeBuilder.make(SubclassDynamicTypeBuilder.java:204)
	at net.bytebuddy.dynamic.DynamicType$Builder$AbstractBase.make(DynamicType.java:3659)
	at net.bytebuddy.dynamic.DynamicType$Builder$AbstractBase$Delegator.make(DynamicType.java:3897)
	at org.mockito.internal.creation.bytebuddy.SubclassBytecodeGenerator.mockClass(SubclassBytecodeGenerator.java:199)
	at org.mockito.internal.creation.bytebuddy.TypeCachingBytecodeGenerator$1.call(TypeCachingBytecodeGenerator.java:46)
	at org.mockito.internal.creation.bytebuddy.TypeCachingBytecodeGenerator$1.call(TypeCachingBytecodeGenerator.java:43)
	at net.bytebuddy.TypeCache.findOrInsert(TypeCache.java:153)
	at net.bytebuddy.TypeCache$WithInlineExpunction.findOrInsert(TypeCache.java:366)
	at net.bytebuddy.TypeCache.findOrInsert(TypeCache.java:175)
	at net.bytebuddy.TypeCache$WithInlineExpunction.findOrInsert(TypeCache.java:377)
	at org.mockito.internal.creation.bytebuddy.TypeCachingBytecodeGenerator.mockClass(TypeCachingBytecodeGenerator.java:36)
	at org.mockito.internal.creation.bytebuddy.SubclassByteBuddyMockMaker.createMockType(SubclassByteBuddyMockMaker.java:77)
	at org.mockito.internal.creation.bytebuddy.SubclassByteBuddyMockMaker.createMock(SubclassByteBuddyMockMaker.java:43)
	at org.mockito.internal.creation.bytebuddy.ByteBuddyMockMaker.createMock(ByteBuddyMockMaker.java:29)
	at org.mockito.internal.util.MockUtil.createMock(MockUtil.java:53)
	at org.mockito.internal.MockitoCore.mock(MockitoCore.java:61)
	at org.mockito.Mockito.mock(Mockito.java:1949)
	at org.mockito.Mockito.mock(Mockito.java:1860)
	... 1 more
Caused by: java.lang.NoClassDefFoundError: org/apache/zookeeper/server/quorum/QuorumPeer$ResponderThread
	at java.lang.Class.getDeclaringClass0(Native Method)
	at java.lang.Class.getDeclaringClass(Class.java:1227)
	at java.lang.Class.getEnclosingClass(Class.java:1269)
	at net.bytebuddy.description.type.TypeDescription$Generic$AnnotationReader$Dispatcher$ForJava8CapableVm$AnnotatedReturnType.resolve(TypeDescription.java:2994)
	... 33 more
Caused by: java.lang.ClassNotFoundException: org.apache.zookeeper.server.quorum.QuorumPeer$ResponderThread
	at java.net.URLClassLoader$1.run(URLClassLoader.java:372)
	at java.net.URLClassLoader$1.run(URLClassLoader.java:361)
	at java.security.AccessController.doPrivileged(Native Method)
	at java.net.URLClassLoader.findClass(URLClassLoader.java:360)
	at java.lang.ClassLoader.loadClass(ClassLoader.java:424)
	at java.lang.ClassLoader.loadClass(ClassLoader.java:357)
	... 37 more

testMinMaxSessionTimeOut  Time elapsed: 0.011 s  <<< ERROR!
java.lang.NoClassDefFoundError: org/apache/zookeeper/common/PathUtils
	at org.apache.zookeeper.server.quorum.QuorumPeerTestBase$MainThread.<init>(QuorumPeerTestBase.java:224)
	at org.apache.zookeeper.server.quorum.QuorumPeerTestBase$MainThread.<init>(QuorumPeerTestBase.java:200)
	at org.apache.zookeeper.server.quorum.QuorumPeerTestBase$MainThread.<init>(QuorumPeerTestBase.java:196)
	at org.apache.zookeeper.server.quorum.QuorumPeerTestBase$MainThread.<init>(QuorumPeerTestBase.java:188)
	at org.apache.zookeeper.server.quorum.QuorumPeerMainTest.testMinMaxSessionTimeOut(QuorumPeerMainTest.java:689)
Caused by: java.lang.ClassNotFoundException: org.apache.zookeeper.common.PathUtils
	at java.net.URLClassLoader$1.run(URLClassLoader.java:372)
	at java.net.URLClassLoader$1.run(URLClassLoader.java:361)
	at java.security.AccessController.doPrivileged(Native Method)
	at java.net.URLClassLoader.findClass(URLClassLoader.java:360)
	at java.lang.ClassLoader.loadClass(ClassLoader.java:424)
	at java.lang.ClassLoader.loadClass(ClassLoader.java:357)
	... 5 more

testQuorumV6  Time elapsed: 1.037 s  <<< ERROR!
java.lang.NoClassDefFoundError: org/apache/zookeeper/client/StaticHostProvider
	at org.apache.zookeeper.ZooKeeper.createDefaultHostProvider(ZooKeeper.java:1135)
	at org.apache.zookeeper.ZooKeeper.<init>(ZooKeeper.java:734)
	at org.apache.zookeeper.ZooKeeper.<init>(ZooKeeper.java:448)
	at org.apache.zookeeper.server.quorum.QuorumPeerMainTest.testQuorumInternal(QuorumPeerMainTest.java:108)
	at org.apache.zookeeper.server.quorum.QuorumPeerMainTest.testQuorumV6(QuorumPeerMainTest.java:142)

testEarlyLeaderAbandonment  Time elapsed: 0.02 s  <<< ERROR!
java.lang.NoClassDefFoundError: org/apache/zookeeper/client/StaticHostProvider
	at org.apache.zookeeper.ZooKeeper.createDefaultHostProvider(ZooKeeper.java:1135)
	at org.apache.zookeeper.ZooKeeper.<init>(ZooKeeper.java:734)
	at org.apache.zookeeper.ZooKeeper.<init>(ZooKeeper.java:448)
	at org.apache.zookeeper.server.quorum.QuorumPeerMainTest.testEarlyLeaderAbandonment(QuorumPeerMainTest.java:165)

testLeaderElectionWithDisloyalVoter_stillHasMajority  Time elapsed: 0.008 s  <<< ERROR!
java.lang.NoClassDefFoundError: org/apache/zookeeper/common/PathUtils
	at org.apache.zookeeper.server.quorum.QuorumPeerTestBase$MainThread.<init>(QuorumPeerTestBase.java:224)
	at org.apache.zookeeper.server.quorum.QuorumPeerTestBase$MainThread.<init>(QuorumPeerTestBase.java:200)
	at org.apache.zookeeper.server.quorum.QuorumPeerTestBase$MainThread.<init>(QuorumPeerTestBase.java:196)
	at org.apache.zookeeper.server.quorum.QuorumPeerTestBase$MainThread.<init>(QuorumPeerTestBase.java:176)
	at org.apache.zookeeper.server.quorum.QuorumPeerMainTest$5.<init>(QuorumPeerMainTest.java:1249)
	at org.apache.zookeeper.server.quorum.QuorumPeerMainTest.testLeaderElection(QuorumPeerMainTest.java:1249)
	at org.apache.zookeeper.server.quorum.QuorumPeerMainTest.testLeaderElectionWithDisloyalVoter_stillHasMajority(QuorumPeerMainTest.java:1214)
	Suppressed: java.lang.NullPointerException
		at org.apache.zookeeper.server.quorum.QuorumPeerTestBase.tearDown(QuorumPeerTestBase.java:69)
		at sun.reflect.NativeMethodAccessorImpl.invoke0(Native Method)
		at sun.reflect.NativeMethodAccessorImpl.invoke(NativeMethodAccessorImpl.java:62)
		at sun.reflect.DelegatingMethodAccessorImpl.invoke(DelegatingMethodAccessorImpl.java:43)
		at java.lang.reflect.Method.invoke(Method.java:483)
		at org.junit.platform.commons.util.ReflectionUtils.invokeMethod(ReflectionUtils.java:686)
		at org.junit.jupiter.engine.execution.MethodInvocation.proceed(MethodInvocation.java:60)
		at org.junit.jupiter.engine.execution.InvocationInterceptorChain$ValidatingInvocation.proceed(InvocationInterceptorChain.java:131)
		at org.junit.jupiter.engine.extension.TimeoutExtension.intercept(TimeoutExtension.java:149)
		at org.junit.jupiter.engine.extension.TimeoutExtension.interceptLifecycleMethod(TimeoutExtension.java:126)
		at org.junit.jupiter.engine.extension.TimeoutExtension.interceptAfterEachMethod(TimeoutExtension.java:108)
		at org.junit.jupiter.engine.descriptor.ClassBasedTestDescriptor$$Lambda$409/1031061344.apply(Unknown Source)
		at org.junit.jupiter.engine.execution.ExecutableInvoker$ReflectiveInterceptorCall.lambda$ofVoidMethod$0(ExecutableInvoker.java:115)
		at org.junit.jupiter.engine.execution.ExecutableInvoker$ReflectiveInterceptorCall$$Lambda$112/1154002927.apply(Unknown Source)
		at org.junit.jupiter.engine.execution.ExecutableInvoker.lambda$invoke$0(ExecutableInvoker.java:105)
		at org.junit.jupiter.engine.execution.ExecutableInvoker$$Lambda$234/380242442.apply(Unknown Source)
		at org.junit.jupiter.engine.execution.InvocationInterceptorChain$InterceptedInvocation.proceed(InvocationInterceptorChain.java:106)
		at org.junit.jupiter.engine.execution.InvocationInterceptorChain.proceed(InvocationInterceptorChain.java:64)
		at org.junit.jupiter.engine.execution.InvocationInterceptorChain.chainAndInvoke(InvocationInterceptorChain.java:45)
		at org.junit.jupiter.engine.execution.InvocationInterceptorChain.invoke(InvocationInterceptorChain.java:37)
		at org.junit.jupiter.engine.execution.ExecutableInvoker.invoke(ExecutableInvoker.java:104)
		at org.junit.jupiter.engine.execution.ExecutableInvoker.invoke(ExecutableInvoker.java:98)
		at org.junit.jupiter.engine.descriptor.ClassBasedTestDescriptor.invokeMethodInExtensionContext(ClassBasedTestDescriptor.java:481)
		at org.junit.jupiter.engine.descriptor.ClassBasedTestDescriptor.lambda$synthesizeAfterEachMethodAdapter$19(ClassBasedTestDescriptor.java:471)
		at org.junit.jupiter.engine.descriptor.ClassBasedTestDescriptor$$Lambda$210/2141179775.invokeAfterEachMethod(Unknown Source)
		at org.junit.jupiter.engine.descriptor.TestMethodTestDescriptor.lambda$invokeAfterEachMethods$9(TestMethodTestDescriptor.java:238)
		at org.junit.jupiter.engine.descriptor.TestMethodTestDescriptor$$Lambda$408/365181913.invoke(Unknown Source)
		at org.junit.jupiter.engine.descriptor.TestMethodTestDescriptor.lambda$invokeAllAfterMethodsOrCallbacks$12(TestMethodTestDescriptor.java:271)
		at org.junit.jupiter.engine.descriptor.TestMethodTestDescriptor$$Lambda$407/1667148529.execute(Unknown Source)
		at org.junit.platform.engine.support.hierarchical.ThrowableCollector.execute(ThrowableCollector.java:73)
		at org.junit.jupiter.engine.descriptor.TestMethodTestDescriptor.lambda$invokeAllAfterMethodsOrCallbacks$13(TestMethodTestDescriptor.java:271)
		at org.junit.jupiter.engine.descriptor.TestMethodTestDescriptor$$Lambda$406/836220863.accept(Unknown Source)
		at java.util.ArrayList.forEach(ArrayList.java:1249)
		at org.junit.jupiter.engine.descriptor.TestMethodTestDescriptor.invokeAllAfterMethodsOrCallbacks(TestMethodTestDescriptor.java:270)
		at org.junit.jupiter.engine.descriptor.TestMethodTestDescriptor.invokeAfterEachMethods(TestMethodTestDescriptor.java:236)
		at org.junit.jupiter.engine.descriptor.TestMethodTestDescriptor.execute(TestMethodTestDescriptor.java:141)
		at org.junit.jupiter.engine.descriptor.TestMethodTestDescriptor.execute(TestMethodTestDescriptor.java:71)
		at org.junit.platform.engine.support.hierarchical.NodeTestTask.lambda$executeRecursively$5(NodeTestTask.java:135)
		at org.junit.platform.engine.support.hierarchical.NodeTestTask$$Lambda$179/366590980.execute(Unknown Source)
		at org.junit.platform.engine.support.hierarchical.ThrowableCollector.execute(ThrowableCollector.java:73)
		at org.junit.platform.engine.support.hierarchical.NodeTestTask.lambda$executeRecursively$7(NodeTestTask.java:125)
		at org.junit.platform.engine.support.hierarchical.NodeTestTask$$Lambda$178/513700442.invoke(Unknown Source)
		at org.junit.platform.engine.support.hierarchical.Node.around(Node.java:135)
		at org.junit.platform.engine.support.hierarchical.NodeTestTask.lambda$executeRecursively$8(NodeTestTask.java:123)
		at org.junit.platform.engine.support.hierarchical.NodeTestTask$$Lambda$177/1669712678.execute(Unknown Source)
		at org.junit.platform.engine.support.hierarchical.ThrowableCollector.execute(ThrowableCollector.java:73)
		at org.junit.platform.engine.support.hierarchical.NodeTestTask.executeRecursively(NodeTestTask.java:122)
		at org.junit.platform.engine.support.hierarchical.NodeTestTask.execute(NodeTestTask.java:80)
		at org.junit.platform.engine.support.hierarchical.SameThreadHierarchicalTestExecutorService$$Lambda$183/433874882.accept(Unknown Source)
		at java.util.ArrayList.forEach(ArrayList.java:1249)
		at org.junit.platform.engine.support.hierarchical.SameThreadHierarchicalTestExecutorService.invokeAll(SameThreadHierarchicalTestExecutorService.java:38)
		at org.junit.platform.engine.support.hierarchical.NodeTestTask.lambda$executeRecursively$5(NodeTestTask.java:139)
		at org.junit.platform.engine.support.hierarchical.NodeTestTask$$Lambda$179/366590980.execute(Unknown Source)
		at org.junit.platform.engine.support.hierarchical.ThrowableCollector.execute(ThrowableCollector.java:73)
		at org.junit.platform.engine.support.hierarchical.NodeTestTask.lambda$executeRecursively$7(NodeTestTask.java:125)
		at org.junit.platform.engine.support.hierarchical.NodeTestTask$$Lambda$178/513700442.invoke(Unknown Source)
		at org.junit.platform.engine.support.hierarchical.Node.around(Node.java:135)
		at org.junit.platform.engine.support.hierarchical.NodeTestTask.lambda$executeRecursively$8(NodeTestTask.java:123)
		at org.junit.platform.engine.support.hierarchical.NodeTestTask$$Lambda$177/1669712678.execute(Unknown Source)
		at org.junit.platform.engine.support.hierarchical.ThrowableCollector.execute(ThrowableCollector.java:73)
		at org.junit.platform.engine.support.hierarchical.NodeTestTask.executeRecursively(NodeTestTask.java:122)
		at org.junit.platform.engine.support.hierarchical.NodeTestTask.execute(NodeTestTask.java:80)
		at org.junit.platform.engine.support.hierarchical.SameThreadHierarchicalTestExecutorService$$Lambda$183/433874882.accept(Unknown Source)
		at java.util.ArrayList.forEach(ArrayList.java:1249)
		at org.junit.platform.engine.support.hierarchical.SameThreadHierarchicalTestExecutorService.invokeAll(SameThreadHierarchicalTestExecutorService.java:38)
		at org.junit.platform.engine.support.hierarchical.NodeTestTask.lambda$executeRecursively$5(NodeTestTask.java:139)
		at org.junit.platform.engine.support.hierarchical.NodeTestTask$$Lambda$179/366590980.execute(Unknown Source)
		at org.junit.platform.engine.support.hierarchical.ThrowableCollector.execute(ThrowableCollector.java:73)
		at org.junit.platform.engine.support.hierarchical.NodeTestTask.lambda$executeRecursively$7(NodeTestTask.java:125)
		at org.junit.platform.engine.support.hierarchical.NodeTestTask$$Lambda$178/513700442.invoke(Unknown Source)
		at org.junit.platform.engine.support.hierarchical.Node.around(Node.java:135)
		at org.junit.platform.engine.support.hierarchical.NodeTestTask.lambda$executeRecursively$8(NodeTestTask.java:123)
		at org.junit.platform.engine.support.hierarchical.NodeTestTask$$Lambda$177/1669712678.execute(Unknown Source)
		at org.junit.platform.engine.support.hierarchical.ThrowableCollector.execute(ThrowableCollector.java:73)
		at org.junit.platform.engine.support.hierarchical.NodeTestTask.executeRecursively(NodeTestTask.java:122)
		at org.junit.platform.engine.support.hierarchical.NodeTestTask.execute(NodeTestTask.java:80)
		at org.junit.platform.engine.support.hierarchical.SameThreadHierarchicalTestExecutorService.submit(SameThreadHierarchicalTestExecutorService.java:32)
		at org.junit.platform.engine.support.hierarchical.HierarchicalTestExecutor.execute(HierarchicalTestExecutor.java:57)
		at org.junit.platform.engine.support.hierarchical.HierarchicalTestEngine.execute(HierarchicalTestEngine.java:51)
		at org.junit.platform.launcher.core.DefaultLauncher.execute(DefaultLauncher.java:248)
		at org.junit.platform.launcher.core.DefaultLauncher.lambda$execute$5(DefaultLauncher.java:211)
		at org.junit.platform.launcher.core.DefaultLauncher$$Lambda$143/1885996206.accept(Unknown Source)
		at org.junit.platform.launcher.core.DefaultLauncher.withInterceptedStreams(DefaultLauncher.java:226)
		at org.junit.platform.launcher.core.DefaultLauncher.execute(DefaultLauncher.java:199)
		at org.junit.platform.launcher.core.DefaultLauncher.execute(DefaultLauncher.java:132)
		at org.apache.maven.surefire.junitplatform.JUnitPlatformProvider.invokeAllTests(JUnitPlatformProvider.java:142)
		at org.apache.maven.surefire.junitplatform.JUnitPlatformProvider.invoke(JUnitPlatformProvider.java:113)
		at org.apache.maven.surefire.booter.ForkedBooter.invokeProviderInSameClassLoader(ForkedBooter.java:384)
		at org.apache.maven.surefire.booter.ForkedBooter.runSuitesInProcess(ForkedBooter.java:345)
		at org.apache.maven.surefire.booter.ForkedBooter.execute(ForkedBooter.java:126)
		at org.apache.maven.surefire.booter.ForkedBooter.main(ForkedBooter.java:418)

testHighestZxidJoinLate  Time elapsed: 0.005 s  <<< ERROR!
java.lang.NoClassDefFoundError: org/apache/zookeeper/client/StaticHostProvider
	at org.apache.zookeeper.ZooKeeper.createDefaultHostProvider(ZooKeeper.java:1135)
	at org.apache.zookeeper.ZooKeeper.<init>(ZooKeeper.java:734)
	at org.apache.zookeeper.ZooKeeper.<init>(ZooKeeper.java:448)
	at org.apache.zookeeper.server.quorum.QuorumPeerTestBase$Servers.restartClient(QuorumPeerTestBase.java:432)
	at org.apache.zookeeper.server.quorum.QuorumPeerTestBase.LaunchServers(QuorumPeerTestBase.java:524)
	at org.apache.zookeeper.server.quorum.QuorumPeerTestBase.LaunchServers(QuorumPeerTestBase.java:487)
	at org.apache.zookeeper.server.quorum.QuorumPeerTestBase.LaunchServers(QuorumPeerTestBase.java:482)
	at org.apache.zookeeper.server.quorum.QuorumPeerTestBase.LaunchServers(QuorumPeerTestBase.java:473)
	at org.apache.zookeeper.server.quorum.QuorumPeerMainTest.testHighestZxidJoinLate(QuorumPeerMainTest.java:257)

testLeaderElectionWithDisloyalVoter  Time elapsed: 0.007 s  <<< ERROR!
java.lang.NoClassDefFoundError: org/apache/zookeeper/common/PathUtils
	at org.apache.zookeeper.server.quorum.QuorumPeerTestBase$MainThread.<init>(QuorumPeerTestBase.java:224)
	at org.apache.zookeeper.server.quorum.QuorumPeerTestBase$MainThread.<init>(QuorumPeerTestBase.java:200)
	at org.apache.zookeeper.server.quorum.QuorumPeerTestBase$MainThread.<init>(QuorumPeerTestBase.java:196)
	at org.apache.zookeeper.server.quorum.QuorumPeerTestBase$MainThread.<init>(QuorumPeerTestBase.java:176)
	at org.apache.zookeeper.server.quorum.QuorumPeerMainTest$5.<init>(QuorumPeerMainTest.java:1249)
	at org.apache.zookeeper.server.quorum.QuorumPeerMainTest.testLeaderElection(QuorumPeerMainTest.java:1249)
	at org.apache.zookeeper.server.quorum.QuorumPeerMainTest.testLeaderElectionWithDisloyalVoter(QuorumPeerMainTest.java:1201)
	Suppressed: java.lang.NullPointerException
		at org.apache.zookeeper.server.quorum.QuorumPeerTestBase.tearDown(QuorumPeerTestBase.java:69)
		at sun.reflect.NativeMethodAccessorImpl.invoke0(Native Method)
		at sun.reflect.NativeMethodAccessorImpl.invoke(NativeMethodAccessorImpl.java:62)
		at sun.reflect.DelegatingMethodAccessorImpl.invoke(DelegatingMethodAccessorImpl.java:43)
		at java.lang.reflect.Method.invoke(Method.java:483)
		at org.junit.platform.commons.util.ReflectionUtils.invokeMethod(ReflectionUtils.java:686)
		at org.junit.jupiter.engine.execution.MethodInvocation.proceed(MethodInvocation.java:60)
		at org.junit.jupiter.engine.execution.InvocationInterceptorChain$ValidatingInvocation.proceed(InvocationInterceptorChain.java:131)
		at org.junit.jupiter.engine.extension.TimeoutExtension.intercept(TimeoutExtension.java:149)
		at org.junit.jupiter.engine.extension.TimeoutExtension.interceptLifecycleMethod(TimeoutExtension.java:126)
		at org.junit.jupiter.engine.extension.TimeoutExtension.interceptAfterEachMethod(TimeoutExtension.java:108)
		at org.junit.jupiter.engine.descriptor.ClassBasedTestDescriptor$$Lambda$409/1031061344.apply(Unknown Source)
		at org.junit.jupiter.engine.execution.ExecutableInvoker$ReflectiveInterceptorCall.lambda$ofVoidMethod$0(ExecutableInvoker.java:115)
		at org.junit.jupiter.engine.execution.ExecutableInvoker$ReflectiveInterceptorCall$$Lambda$112/1154002927.apply(Unknown Source)
		at org.junit.jupiter.engine.execution.ExecutableInvoker.lambda$invoke$0(ExecutableInvoker.java:105)
		at org.junit.jupiter.engine.execution.ExecutableInvoker$$Lambda$234/380242442.apply(Unknown Source)
		at org.junit.jupiter.engine.execution.InvocationInterceptorChain$InterceptedInvocation.proceed(InvocationInterceptorChain.java:106)
		at org.junit.jupiter.engine.execution.InvocationInterceptorChain.proceed(InvocationInterceptorChain.java:64)
		at org.junit.jupiter.engine.execution.InvocationInterceptorChain.chainAndInvoke(InvocationInterceptorChain.java:45)
		at org.junit.jupiter.engine.execution.InvocationInterceptorChain.invoke(InvocationInterceptorChain.java:37)
		at org.junit.jupiter.engine.execution.ExecutableInvoker.invoke(ExecutableInvoker.java:104)
		at org.junit.jupiter.engine.execution.ExecutableInvoker.invoke(ExecutableInvoker.java:98)
		at org.junit.jupiter.engine.descriptor.ClassBasedTestDescriptor.invokeMethodInExtensionContext(ClassBasedTestDescriptor.java:481)
		at org.junit.jupiter.engine.descriptor.ClassBasedTestDescriptor.lambda$synthesizeAfterEachMethodAdapter$19(ClassBasedTestDescriptor.java:471)
		at org.junit.jupiter.engine.descriptor.ClassBasedTestDescriptor$$Lambda$210/2141179775.invokeAfterEachMethod(Unknown Source)
		at org.junit.jupiter.engine.descriptor.TestMethodTestDescriptor.lambda$invokeAfterEachMethods$9(TestMethodTestDescriptor.java:238)
		at org.junit.jupiter.engine.descriptor.TestMethodTestDescriptor$$Lambda$408/365181913.invoke(Unknown Source)
		at org.junit.jupiter.engine.descriptor.TestMethodTestDescriptor.lambda$invokeAllAfterMethodsOrCallbacks$12(TestMethodTestDescriptor.java:271)
		at org.junit.jupiter.engine.descriptor.TestMethodTestDescriptor$$Lambda$407/1667148529.execute(Unknown Source)
		at org.junit.platform.engine.support.hierarchical.ThrowableCollector.execute(ThrowableCollector.java:73)
		at org.junit.jupiter.engine.descriptor.TestMethodTestDescriptor.lambda$invokeAllAfterMethodsOrCallbacks$13(TestMethodTestDescriptor.java:271)
		at org.junit.jupiter.engine.descriptor.TestMethodTestDescriptor$$Lambda$406/836220863.accept(Unknown Source)
		at java.util.ArrayList.forEach(ArrayList.java:1249)
		at org.junit.jupiter.engine.descriptor.TestMethodTestDescriptor.invokeAllAfterMethodsOrCallbacks(TestMethodTestDescriptor.java:270)
		at org.junit.jupiter.engine.descriptor.TestMethodTestDescriptor.invokeAfterEachMethods(TestMethodTestDescriptor.java:236)
		at org.junit.jupiter.engine.descriptor.TestMethodTestDescriptor.execute(TestMethodTestDescriptor.java:141)
		at org.junit.jupiter.engine.descriptor.TestMethodTestDescriptor.execute(TestMethodTestDescriptor.java:71)
		at org.junit.platform.engine.support.hierarchical.NodeTestTask.lambda$executeRecursively$5(NodeTestTask.java:135)
		at org.junit.platform.engine.support.hierarchical.NodeTestTask$$Lambda$179/366590980.execute(Unknown Source)
		at org.junit.platform.engine.support.hierarchical.ThrowableCollector.execute(ThrowableCollector.java:73)
		at org.junit.platform.engine.support.hierarchical.NodeTestTask.lambda$executeRecursively$7(NodeTestTask.java:125)
		at org.junit.platform.engine.support.hierarchical.NodeTestTask$$Lambda$178/513700442.invoke(Unknown Source)
		at org.junit.platform.engine.support.hierarchical.Node.around(Node.java:135)
		at org.junit.platform.engine.support.hierarchical.NodeTestTask.lambda$executeRecursively$8(NodeTestTask.java:123)
		at org.junit.platform.engine.support.hierarchical.NodeTestTask$$Lambda$177/1669712678.execute(Unknown Source)
		at org.junit.platform.engine.support.hierarchical.ThrowableCollector.execute(ThrowableCollector.java:73)
		at org.junit.platform.engine.support.hierarchical.NodeTestTask.executeRecursively(NodeTestTask.java:122)
		at org.junit.platform.engine.support.hierarchical.NodeTestTask.execute(NodeTestTask.java:80)
		at org.junit.platform.engine.support.hierarchical.SameThreadHierarchicalTestExecutorService$$Lambda$183/433874882.accept(Unknown Source)
		at java.util.ArrayList.forEach(ArrayList.java:1249)
		at org.junit.platform.engine.support.hierarchical.SameThreadHierarchicalTestExecutorService.invokeAll(SameThreadHierarchicalTestExecutorService.java:38)
		at org.junit.platform.engine.support.hierarchical.NodeTestTask.lambda$executeRecursively$5(NodeTestTask.java:139)
		at org.junit.platform.engine.support.hierarchical.NodeTestTask$$Lambda$179/366590980.execute(Unknown Source)
		at org.junit.platform.engine.support.hierarchical.ThrowableCollector.execute(ThrowableCollector.java:73)
		at org.junit.platform.engine.support.hierarchical.NodeTestTask.lambda$executeRecursively$7(NodeTestTask.java:125)
		at org.junit.platform.engine.support.hierarchical.NodeTestTask$$Lambda$178/513700442.invoke(Unknown Source)
		at org.junit.platform.engine.support.hierarchical.Node.around(Node.java:135)
		at org.junit.platform.engine.support.hierarchical.NodeTestTask.lambda$executeRecursively$8(NodeTestTask.java:123)
		at org.junit.platform.engine.support.hierarchical.NodeTestTask$$Lambda$177/1669712678.execute(Unknown Source)
		at org.junit.platform.engine.support.hierarchical.ThrowableCollector.execute(ThrowableCollector.java:73)
		at org.junit.platform.engine.support.hierarchical.NodeTestTask.executeRecursively(NodeTestTask.java:122)
		at org.junit.platform.engine.support.hierarchical.NodeTestTask.execute(NodeTestTask.java:80)
		at org.junit.platform.engine.support.hierarchical.SameThreadHierarchicalTestExecutorService$$Lambda$183/433874882.accept(Unknown Source)
		at java.util.ArrayList.forEach(ArrayList.java:1249)
		at org.junit.platform.engine.support.hierarchical.SameThreadHierarchicalTestExecutorService.invokeAll(SameThreadHierarchicalTestExecutorService.java:38)
		at org.junit.platform.engine.support.hierarchical.NodeTestTask.lambda$executeRecursively$5(NodeTestTask.java:139)
		at org.junit.platform.engine.support.hierarchical.NodeTestTask$$Lambda$179/366590980.execute(Unknown Source)
		at org.junit.platform.engine.support.hierarchical.ThrowableCollector.execute(ThrowableCollector.java:73)
		at org.junit.platform.engine.support.hierarchical.NodeTestTask.lambda$executeRecursively$7(NodeTestTask.java:125)
		at org.junit.platform.engine.support.hierarchical.NodeTestTask$$Lambda$178/513700442.invoke(Unknown Source)
		at org.junit.platform.engine.support.hierarchical.Node.around(Node.java:135)
		at org.junit.platform.engine.support.hierarchical.NodeTestTask.lambda$executeRecursively$8(NodeTestTask.java:123)
		at org.junit.platform.engine.support.hierarchical.NodeTestTask$$Lambda$177/1669712678.execute(Unknown Source)
		at org.junit.platform.engine.support.hierarchical.ThrowableCollector.execute(ThrowableCollector.java:73)
		at org.junit.platform.engine.support.hierarchical.NodeTestTask.executeRecursively(NodeTestTask.java:122)
		at org.junit.platform.engine.support.hierarchical.NodeTestTask.execute(NodeTestTask.java:80)
		at org.junit.platform.engine.support.hierarchical.SameThreadHierarchicalTestExecutorService.submit(SameThreadHierarchicalTestExecutorService.java:32)
		at org.junit.platform.engine.support.hierarchical.HierarchicalTestExecutor.execute(HierarchicalTestExecutor.java:57)
		at org.junit.platform.engine.support.hierarchical.HierarchicalTestEngine.execute(HierarchicalTestEngine.java:51)
		at org.junit.platform.launcher.core.DefaultLauncher.execute(DefaultLauncher.java:248)
		at org.junit.platform.launcher.core.DefaultLauncher.lambda$execute$5(DefaultLauncher.java:211)
		at org.junit.platform.launcher.core.DefaultLauncher$$Lambda$143/1885996206.accept(Unknown Source)
		at org.junit.platform.launcher.core.DefaultLauncher.withInterceptedStreams(DefaultLauncher.java:226)
		at org.junit.platform.launcher.core.DefaultLauncher.execute(DefaultLauncher.java:199)
		at org.junit.platform.launcher.core.DefaultLauncher.execute(DefaultLauncher.java:132)
		at org.apache.maven.surefire.junitplatform.JUnitPlatformProvider.invokeAllTests(JUnitPlatformProvider.java:142)
		at org.apache.maven.surefire.junitplatform.JUnitPlatformProvider.invoke(JUnitPlatformProvider.java:113)
		at org.apache.maven.surefire.booter.ForkedBooter.invokeProviderInSameClassLoader(ForkedBooter.java:384)
		at org.apache.maven.surefire.booter.ForkedBooter.runSuitesInProcess(ForkedBooter.java:345)
		at org.apache.maven.surefire.booter.ForkedBooter.execute(ForkedBooter.java:126)
		at org.apache.maven.surefire.booter.ForkedBooter.main(ForkedBooter.java:418)

testWithOnlyMinSessionTimeout  Time elapsed: 0.005 s  <<< ERROR!
java.lang.NoClassDefFoundError: org/apache/zookeeper/common/PathUtils
	at org.apache.zookeeper.server.quorum.QuorumPeerTestBase$MainThread.<init>(QuorumPeerTestBase.java:224)
	at org.apache.zookeeper.server.quorum.QuorumPeerTestBase$MainThread.<init>(QuorumPeerTestBase.java:200)
	at org.apache.zookeeper.server.quorum.QuorumPeerTestBase$MainThread.<init>(QuorumPeerTestBase.java:196)
	at org.apache.zookeeper.server.quorum.QuorumPeerTestBase$MainThread.<init>(QuorumPeerTestBase.java:188)
	at org.apache.zookeeper.server.quorum.QuorumPeerMainTest.testWithOnlyMinSessionTimeout(QuorumPeerMainTest.java:722)

testInconsistentDueToNewLeaderOrder  Time elapsed: 0.005 s  <<< ERROR!
java.lang.NoClassDefFoundError: org/apache/zookeeper/common/PathUtils
	at org.apache.zookeeper.server.quorum.QuorumPeerTestBase$MainThread.<init>(QuorumPeerTestBase.java:224)
	at org.apache.zookeeper.server.quorum.QuorumPeerTestBase$MainThread.<init>(QuorumPeerTestBase.java:200)
	at org.apache.zookeeper.server.quorum.QuorumPeerTestBase$MainThread.<init>(QuorumPeerTestBase.java:196)
	at org.apache.zookeeper.server.quorum.QuorumPeerTestBase$MainThread.<init>(QuorumPeerTestBase.java:176)
	at org.apache.zookeeper.server.quorum.QuorumPeerMainTest$1.<init>(QuorumPeerMainTest.java:1063)
	at org.apache.zookeeper.server.quorum.QuorumPeerMainTest.testInconsistentDueToNewLeaderOrder(QuorumPeerMainTest.java:1063)

testBadPackets  Time elapsed: 1.042 s  <<< ERROR!
java.lang.NoClassDefFoundError: org/apache/zookeeper/client/StaticHostProvider
	at org.apache.zookeeper.ZooKeeper.createDefaultHostProvider(ZooKeeper.java:1135)
	at org.apache.zookeeper.ZooKeeper.<init>(ZooKeeper.java:734)
	at org.apache.zookeeper.ZooKeeper.<init>(ZooKeeper.java:448)
	at org.apache.zookeeper.server.quorum.QuorumPeerMainTest.testBadPackets(QuorumPeerMainTest.java:583)

testQuorum  Time elapsed: 1.579 s  <<< ERROR!
java.lang.NoClassDefFoundError: org/apache/zookeeper/client/StaticHostProvider
	at org.apache.zookeeper.ZooKeeper.createDefaultHostProvider(ZooKeeper.java:1135)
	at org.apache.zookeeper.ZooKeeper.<init>(ZooKeeper.java:734)
	at org.apache.zookeeper.ZooKeeper.<init>(ZooKeeper.java:448)
	at org.apache.zookeeper.server.quorum.QuorumPeerMainTest.testQuorumInternal(QuorumPeerMainTest.java:108)
	at org.apache.zookeeper.server.quorum.QuorumPeerMainTest.testQuorum(QuorumPeerMainTest.java:134)

testDiffSyncAfterSnap  Time elapsed: 0.005 s  <<< ERROR!
java.lang.NullPointerException
	at org.apache.zookeeper.server.quorum.QuorumPeerMainTest.testDiffSyncAfterSnap(QuorumPeerMainTest.java:1739)

testElectionFraud  Time elapsed: 0.007 s  <<< ERROR!
java.lang.NoClassDefFoundError: org/apache/zookeeper/client/StaticHostProvider
	at org.apache.zookeeper.ZooKeeper.createDefaultHostProvider(ZooKeeper.java:1135)
	at org.apache.zookeeper.ZooKeeper.<init>(ZooKeeper.java:734)
	at org.apache.zookeeper.ZooKeeper.<init>(ZooKeeper.java:448)
	at org.apache.zookeeper.server.quorum.QuorumPeerTestBase$Servers.restartClient(QuorumPeerTestBase.java:432)
	at org.apache.zookeeper.server.quorum.QuorumPeerTestBase.LaunchServers(QuorumPeerTestBase.java:524)
	at org.apache.zookeeper.server.quorum.QuorumPeerTestBase.LaunchServers(QuorumPeerTestBase.java:487)
	at org.apache.zookeeper.server.quorum.QuorumPeerTestBase.LaunchServers(QuorumPeerTestBase.java:482)
	at org.apache.zookeeper.server.quorum.QuorumPeerMainTest.testElectionFraud(QuorumPeerMainTest.java:358)

