<?xml version="1.0" encoding="UTF-8"?>
<testsuite xmlns:xsi="http://www.w3.org/2001/XMLSchema-instance" xsi:noNamespaceSchemaLocation="https://maven.apache.org/surefire/maven-surefire-plugin/xsd/surefire-test-report.xsd" name="org.apache.zookeeper.common.X509UtilTest" time="7.311" tests="352" errors="8" skipped="0" failures="12">
  <properties>
[...]
</properties>
  <testcase name="testLoadPEMTrustStoreNullPassword{X509KeyType, X509KeyType, String, Integer}[1]" classname="org.apache.zookeeper.common.X509UtilTest" time="2.038"/>
  <testcase name="testLoadPEMTrustStoreNullPassword{X509KeyType, X509KeyType, String, Integer}[2]" classname="org.apache.zookeeper.common.X509UtilTest" time="0.66"/>
  <testcase name="testLoadPEMTrustStoreNullPassword{X509KeyType, X509KeyType, String, Integer}[3]" classname="org.apache.zookeeper.common.X509UtilTest" time="0.14"/>
  <testcase name="testLoadPEMTrustStoreNullPassword{X509KeyType, X509KeyType, String, Integer}[4]" classname="org.apache.zookeeper.common.X509UtilTest" time="0.699"/>
  <testcase name="testLoadPEMTrustStoreNullPassword{X509KeyType, X509KeyType, String, Integer}[5]" classname="org.apache.zookeeper.common.X509UtilTest" time="0.542"/>
  <testcase name="testLoadPEMTrustStoreNullPassword{X509KeyType, X509KeyType, String, Integer}[6]" classname="org.apache.zookeeper.common.X509UtilTest" time="0.396"/>
  <testcase name="testLoadPEMTrustStoreNullPassword{X509KeyType, X509KeyType, String, Integer}[7]" classname="org.apache.zookeeper.common.X509UtilTest" time="0.026"/>
  <testcase name="testLoadPEMTrustStoreNullPassword{X509KeyType, X509KeyType, String, Integer}[8]" classname="org.apache.zookeeper.common.X509UtilTest" time="0.013"/>
  <testcase name="testCreateSSLContextWithoutKeyStorePassword{X509KeyType, X509KeyType, String, Integer}[1]" classname="org.apache.zookeeper.common.X509UtilTest" time="0.007"/>
  <testcase name="testCreateSSLContextWithoutKeyStorePassword{X509KeyType, X509KeyType, String, Integer}[2]" classname="org.apache.zookeeper.common.X509UtilTest" time="0.005"/>
  <testcase name="testCreateSSLContextWithoutKeyStorePassword{X509KeyType, X509KeyType, String, Integer}[3]" classname="org.apache.zookeeper.common.X509UtilTest" time="0.001"/>
  <testcase name="testCreateSSLContextWithoutKeyStorePassword{X509KeyType, X509KeyType, String, Integer}[4]" classname="org.apache.zookeeper.common.X509UtilTest" time="0.001"/>
  <testcase name="testCreateSSLContextWithoutKeyStorePassword{X509KeyType, X509KeyType, String, Integer}[5]" classname="org.apache.zookeeper.common.X509UtilTest" time="0"/>
  <testcase name="testCreateSSLContextWithoutKeyStorePassword{X509KeyType, X509KeyType, String, Integer}[6]" classname="org.apache.zookeeper.common.X509UtilTest" time="0.001"/>
  <testcase name="testCreateSSLContextWithoutKeyStorePassword{X509KeyType, X509KeyType, String, Integer}[7]" classname="org.apache.zookeeper.common.X509UtilTest" time="0.001"/>
  <testcase name="testCreateSSLContextWithoutKeyStorePassword{X509KeyType, X509KeyType, String, Integer}[8]" classname="org.apache.zookeeper.common.X509UtilTest" time="0.002"/>
  <testcase name="testLoadPKCS12TrustStore{X509KeyType, X509KeyType, String, Integer}[1]" classname="org.apache.zookeeper.common.X509UtilTest" time="0.048"/>
  <testcase name="testLoadPKCS12TrustStore{X509KeyType, X509KeyType, String, Integer}[2]" classname="org.apache.zookeeper.common.X509UtilTest" time="0.005"/>
  <testcase name="testLoadPKCS12TrustStore{X509KeyType, X509KeyType, String, Integer}[3]" classname="org.apache.zookeeper.common.X509UtilTest" time="0.005"/>
  <testcase name="testLoadPKCS12TrustStore{X509KeyType, X509KeyType, String, Integer}[4]" classname="org.apache.zookeeper.common.X509UtilTest" time="0.006"/>
  <testcase name="testLoadPKCS12TrustStore{X509KeyType, X509KeyType, String, Integer}[5]" classname="org.apache.zookeeper.common.X509UtilTest" time="0.005"/>
  <testcase name="testLoadPKCS12TrustStore{X509KeyType, X509KeyType, String, Integer}[6]" classname="org.apache.zookeeper.common.X509UtilTest" time="0.009"/>
  <testcase name="testLoadPKCS12TrustStore{X509KeyType, X509KeyType, String, Integer}[7]" classname="org.apache.zookeeper.common.X509UtilTest" time="0.049"/>
  <testcase name="testLoadPKCS12TrustStore{X509KeyType, X509KeyType, String, Integer}[8]" classname="org.apache.zookeeper.common.X509UtilTest" time="0.024"/>
  <testcase name="testLoadPKCS12TrustStoreWithWrongPassword{X509KeyType, X509KeyType, String, Integer}[1]" classname="org.apache.zookeeper.common.X509UtilTest" time="0.002"/>
  <testcase name="testLoadPKCS12TrustStoreWithWrongPassword{X509KeyType, X509KeyType, String, Integer}[2]" classname="org.apache.zookeeper.common.X509UtilTest" time="0.002"/>
  <testcase name="testLoadPKCS12TrustStoreWithWrongPassword{X509KeyType, X509KeyType, String, Integer}[3]" classname="org.apache.zookeeper.common.X509UtilTest" time="0.002"/>
  <testcase name="testLoadPKCS12TrustStoreWithWrongPassword{X509KeyType, X509KeyType, String, Integer}[4]" classname="org.apache.zookeeper.common.X509UtilTest" time="0.002"/>
  <testcase name="testLoadPKCS12TrustStoreWithWrongPassword{X509KeyType, X509KeyType, String, Integer}[5]" classname="org.apache.zookeeper.common.X509UtilTest" time="0.015"/>
  <testcase name="testLoadPKCS12TrustStoreWithWrongPassword{X509KeyType, X509KeyType, String, Integer}[6]" classname="org.apache.zookeeper.common.X509UtilTest" time="0"/>
  <testcase name="testLoadPKCS12TrustStoreWithWrongPassword{X509KeyType, X509KeyType, String, Integer}[7]" classname="org.apache.zookeeper.common.X509UtilTest" time="0"/>
  <testcase name="testLoadPKCS12TrustStoreWithWrongPassword{X509KeyType, X509KeyType, String, Integer}[8]" classname="org.apache.zookeeper.common.X509UtilTest" time="0"/>
  <testcase name="testClientRenegotiationFails{X509KeyType, X509KeyType, String, Integer}[1]" classname="org.apache.zookeeper.common.X509UtilTest" time="0.051">
    <failure message="Unexpected exception type thrown ==&gt; expected: &lt;javax.net.ssl.SSLHandshakeException&gt; but was: &lt;java.lang.IllegalArgumentException&gt;" type="org.opentest4j.AssertionFailedError"><![CDATA[org.opentest4j.AssertionFailedError: Unexpected exception type thrown ==> expected: <javax.net.ssl.SSLHandshakeException> but was: <java.lang.IllegalArgumentException>
	at org.apache.zookeeper.common.X509UtilTest.testClientRenegotiationFails(X509UtilTest.java:692)
Caused by: java.lang.IllegalArgumentException: Cannot support TLS_ECDHE_ECDSA_WITH_AES_256_CBC_SHA384 with currently installed providers
	at javax.net.ssl.SSLServerSocket.setSSLParameters(SSLServerSocket.java:514)
	at org.apache.zookeeper.common.SSLContextAndOptions.configureSSLServerSocket(SSLContextAndOptions.java:133)
	at org.apache.zookeeper.common.SSLContextAndOptions.createSSLServerSocket(SSLContextAndOptions.java:96)
	at org.apache.zookeeper.common.X509Util.createSSLServerSocket(X509Util.java:525)
	at org.apache.zookeeper.common.X509UtilTest.lambda$testClientRenegotiationFails$101(X509UtilTest.java:695)
	... 1 more
]]></failure>
    <system-out><![CDATA[2021-11-08 11:05:51,961 [myid:] - INFO  [main:ZKTestCase@77] - STARTING Optional[public void org.apache.zookeeper.common.X509UtilTest.testClientRenegotiationFails(org.apache.zookeeper.common.X509KeyType,org.apache.zookeeper.common.X509KeyType,java.lang.String,java.lang.Integer) throws java.lang.Throwable]
2021-11-08 11:05:51,963 [myid:] - INFO  [main:PortAssignment@154] - Test process 4/8 using ports from 19300 - 21992.
2021-11-08 11:05:51,966 [myid:] - INFO  [main:PortAssignment@87] - Assigned port 19301 from range 19300 - 21992.
2021-11-08 11:05:52,007 [myid:] - INFO  [main:ZKTestCase@82] - FINISHED Optional[public void org.apache.zookeeper.common.X509UtilTest.testClientRenegotiationFails(org.apache.zookeeper.common.X509KeyType,org.apache.zookeeper.common.X509KeyType,java.lang.String,java.lang.Integer) throws java.lang.Throwable]
]]></system-out>
  </testcase>
  <testcase name="testClientRenegotiationFails{X509KeyType, X509KeyType, String, Integer}[2]" classname="org.apache.zookeeper.common.X509UtilTest" time="0.005">
    <failure message="Unexpected exception type thrown ==&gt; expected: &lt;javax.net.ssl.SSLHandshakeException&gt; but was: &lt;java.lang.IllegalArgumentException&gt;" type="org.opentest4j.AssertionFailedError"><![CDATA[org.opentest4j.AssertionFailedError: Unexpected exception type thrown ==> expected: <javax.net.ssl.SSLHandshakeException> but was: <java.lang.IllegalArgumentException>
	at org.apache.zookeeper.common.X509UtilTest.testClientRenegotiationFails(X509UtilTest.java:692)
Caused by: java.lang.IllegalArgumentException: Cannot support TLS_ECDHE_ECDSA_WITH_AES_256_CBC_SHA384 with currently installed providers
	at javax.net.ssl.SSLServerSocket.setSSLParameters(SSLServerSocket.java:514)
	at org.apache.zookeeper.common.SSLContextAndOptions.configureSSLServerSocket(SSLContextAndOptions.java:133)
	at org.apache.zookeeper.common.SSLContextAndOptions.createSSLServerSocket(SSLContextAndOptions.java:96)
	at org.apache.zookeeper.common.X509Util.createSSLServerSocket(X509Util.java:525)
	at org.apache.zookeeper.common.X509UtilTest.lambda$testClientRenegotiationFails$101(X509UtilTest.java:695)
	... 1 more
]]></failure>
    <system-out><![CDATA[2021-11-08 11:05:52,013 [myid:] - INFO  [main:ZKTestCase@77] - STARTING Optional[public void org.apache.zookeeper.common.X509UtilTest.testClientRenegotiationFails(org.apache.zookeeper.common.X509KeyType,org.apache.zookeeper.common.X509KeyType,java.lang.String,java.lang.Integer) throws java.lang.Throwable]
2021-11-08 11:05:52,014 [myid:] - INFO  [main:PortAssignment@87] - Assigned port 19302 from range 19300 - 21992.
2021-11-08 11:05:52,017 [myid:] - INFO  [main:ZKTestCase@82] - FINISHED Optional[public void org.apache.zookeeper.common.X509UtilTest.testClientRenegotiationFails(org.apache.zookeeper.common.X509KeyType,org.apache.zookeeper.common.X509KeyType,java.lang.String,java.lang.Integer) throws java.lang.Throwable]
]]></system-out>
  </testcase>
  <testcase name="testClientRenegotiationFails{X509KeyType, X509KeyType, String, Integer}[3]" classname="org.apache.zookeeper.common.X509UtilTest" time="0.005">
    <failure message="Unexpected exception type thrown ==&gt; expected: &lt;javax.net.ssl.SSLHandshakeException&gt; but was: &lt;java.lang.IllegalArgumentException&gt;" type="org.opentest4j.AssertionFailedError"><![CDATA[org.opentest4j.AssertionFailedError: Unexpected exception type thrown ==> expected: <javax.net.ssl.SSLHandshakeException> but was: <java.lang.IllegalArgumentException>
	at org.apache.zookeeper.common.X509UtilTest.testClientRenegotiationFails(X509UtilTest.java:692)
Caused by: java.lang.IllegalArgumentException: Cannot support TLS_ECDHE_ECDSA_WITH_AES_256_CBC_SHA384 with currently installed providers
	at javax.net.ssl.SSLServerSocket.setSSLParameters(SSLServerSocket.java:514)
	at org.apache.zookeeper.common.SSLContextAndOptions.configureSSLServerSocket(SSLContextAndOptions.java:133)
	at org.apache.zookeeper.common.SSLContextAndOptions.createSSLServerSocket(SSLContextAndOptions.java:96)
	at org.apache.zookeeper.common.X509Util.createSSLServerSocket(X509Util.java:525)
	at org.apache.zookeeper.common.X509UtilTest.lambda$testClientRenegotiationFails$101(X509UtilTest.java:695)
	... 1 more
]]></failure>
    <system-out><![CDATA[2021-11-08 11:05:52,019 [myid:] - INFO  [main:ZKTestCase@77] - STARTING Optional[public void org.apache.zookeeper.common.X509UtilTest.testClientRenegotiationFails(org.apache.zookeeper.common.X509KeyType,org.apache.zookeeper.common.X509KeyType,java.lang.String,java.lang.Integer) throws java.lang.Throwable]
2021-11-08 11:05:52,019 [myid:] - INFO  [main:PortAssignment@87] - Assigned port 19303 from range 19300 - 21992.
2021-11-08 11:05:52,023 [myid:] - INFO  [main:ZKTestCase@82] - FINISHED Optional[public void org.apache.zookeeper.common.X509UtilTest.testClientRenegotiationFails(org.apache.zookeeper.common.X509KeyType,org.apache.zookeeper.common.X509KeyType,java.lang.String,java.lang.Integer) throws java.lang.Throwable]
]]></system-out>
  </testcase>
  <testcase name="testClientRenegotiationFails{X509KeyType, X509KeyType, String, Integer}[4]" classname="org.apache.zookeeper.common.X509UtilTest" time="0.005">
    <failure message="Unexpected exception type thrown ==&gt; expected: &lt;javax.net.ssl.SSLHandshakeException&gt; but was: &lt;java.lang.IllegalArgumentException&gt;" type="org.opentest4j.AssertionFailedError"><![CDATA[org.opentest4j.AssertionFailedError: Unexpected exception type thrown ==> expected: <javax.net.ssl.SSLHandshakeException> but was: <java.lang.IllegalArgumentException>
	at org.apache.zookeeper.common.X509UtilTest.testClientRenegotiationFails(X509UtilTest.java:692)
Caused by: java.lang.IllegalArgumentException: Cannot support TLS_ECDHE_ECDSA_WITH_AES_256_CBC_SHA384 with currently installed providers
	at javax.net.ssl.SSLServerSocket.setSSLParameters(SSLServerSocket.java:514)
	at org.apache.zookeeper.common.SSLContextAndOptions.configureSSLServerSocket(SSLContextAndOptions.java:133)
	at org.apache.zookeeper.common.SSLContextAndOptions.createSSLServerSocket(SSLContextAndOptions.java:96)
	at org.apache.zookeeper.common.X509Util.createSSLServerSocket(X509Util.java:525)
	at org.apache.zookeeper.common.X509UtilTest.lambda$testClientRenegotiationFails$101(X509UtilTest.java:695)
	... 1 more
]]></failure>
    <system-out><![CDATA[2021-11-08 11:05:52,024 [myid:] - INFO  [main:ZKTestCase@77] - STARTING Optional[public void org.apache.zookeeper.common.X509UtilTest.testClientRenegotiationFails(org.apache.zookeeper.common.X509KeyType,org.apache.zookeeper.common.X509KeyType,java.lang.String,java.lang.Integer) throws java.lang.Throwable]
2021-11-08 11:05:52,025 [myid:] - INFO  [main:PortAssignment@87] - Assigned port 19304 from range 19300 - 21992.
2021-11-08 11:05:52,029 [myid:] - INFO  [main:ZKTestCase@82] - FINISHED Optional[public void org.apache.zookeeper.common.X509UtilTest.testClientRenegotiationFails(org.apache.zookeeper.common.X509KeyType,org.apache.zookeeper.common.X509KeyType,java.lang.String,java.lang.Integer) throws java.lang.Throwable]
]]></system-out>
  </testcase>
  <testcase name="testClientRenegotiationFails{X509KeyType, X509KeyType, String, Integer}[5]" classname="org.apache.zookeeper.common.X509UtilTest" time="0.006">
    <failure message="Unexpected exception type thrown ==&gt; expected: &lt;javax.net.ssl.SSLHandshakeException&gt; but was: &lt;java.lang.IllegalArgumentException&gt;" type="org.opentest4j.AssertionFailedError"><![CDATA[org.opentest4j.AssertionFailedError: Unexpected exception type thrown ==> expected: <javax.net.ssl.SSLHandshakeException> but was: <java.lang.IllegalArgumentException>
	at org.apache.zookeeper.common.X509UtilTest.testClientRenegotiationFails(X509UtilTest.java:692)
Caused by: java.lang.IllegalArgumentException: Cannot support TLS_ECDHE_ECDSA_WITH_AES_256_CBC_SHA384 with currently installed providers
	at javax.net.ssl.SSLServerSocket.setSSLParameters(SSLServerSocket.java:514)
	at org.apache.zookeeper.common.SSLContextAndOptions.configureSSLServerSocket(SSLContextAndOptions.java:133)
	at org.apache.zookeeper.common.SSLContextAndOptions.createSSLServerSocket(SSLContextAndOptions.java:96)
	at org.apache.zookeeper.common.X509Util.createSSLServerSocket(X509Util.java:525)
	at org.apache.zookeeper.common.X509UtilTest.lambda$testClientRenegotiationFails$101(X509UtilTest.java:695)
	... 1 more
]]></failure>
    <system-out><![CDATA[2021-11-08 11:05:52,030 [myid:] - INFO  [main:ZKTestCase@77] - STARTING Optional[public void org.apache.zookeeper.common.X509UtilTest.testClientRenegotiationFails(org.apache.zookeeper.common.X509KeyType,org.apache.zookeeper.common.X509KeyType,java.lang.String,java.lang.Integer) throws java.lang.Throwable]
2021-11-08 11:05:52,031 [myid:] - INFO  [main:PortAssignment@87] - Assigned port 19305 from range 19300 - 21992.
2021-11-08 11:05:52,034 [myid:] - INFO  [main:ZKTestCase@82] - FINISHED Optional[public void org.apache.zookeeper.common.X509UtilTest.testClientRenegotiationFails(org.apache.zookeeper.common.X509KeyType,org.apache.zookeeper.common.X509KeyType,java.lang.String,java.lang.Integer) throws java.lang.Throwable]
]]></system-out>
  </testcase>
  <testcase name="testClientRenegotiationFails{X509KeyType, X509KeyType, String, Integer}[6]" classname="org.apache.zookeeper.common.X509UtilTest" time="0.005">
    <failure message="Unexpected exception type thrown ==&gt; expected: &lt;javax.net.ssl.SSLHandshakeException&gt; but was: &lt;java.lang.IllegalArgumentException&gt;" type="org.opentest4j.AssertionFailedError"><![CDATA[org.opentest4j.AssertionFailedError: Unexpected exception type thrown ==> expected: <javax.net.ssl.SSLHandshakeException> but was: <java.lang.IllegalArgumentException>
	at org.apache.zookeeper.common.X509UtilTest.testClientRenegotiationFails(X509UtilTest.java:692)
Caused by: java.lang.IllegalArgumentException: Cannot support TLS_ECDHE_ECDSA_WITH_AES_256_CBC_SHA384 with currently installed providers
	at javax.net.ssl.SSLServerSocket.setSSLParameters(SSLServerSocket.java:514)
	at org.apache.zookeeper.common.SSLContextAndOptions.configureSSLServerSocket(SSLContextAndOptions.java:133)
	at org.apache.zookeeper.common.SSLContextAndOptions.createSSLServerSocket(SSLContextAndOptions.java:96)
	at org.apache.zookeeper.common.X509Util.createSSLServerSocket(X509Util.java:525)
	at org.apache.zookeeper.common.X509UtilTest.lambda$testClientRenegotiationFails$101(X509UtilTest.java:695)
	... 1 more
]]></failure>
    <system-out><![CDATA[2021-11-08 11:05:52,036 [myid:] - INFO  [main:ZKTestCase@77] - STARTING Optional[public void org.apache.zookeeper.common.X509UtilTest.testClientRenegotiationFails(org.apache.zookeeper.common.X509KeyType,org.apache.zookeeper.common.X509KeyType,java.lang.String,java.lang.Integer) throws java.lang.Throwable]
2021-11-08 11:05:52,036 [myid:] - INFO  [main:PortAssignment@87] - Assigned port 19306 from range 19300 - 21992.
2021-11-08 11:05:52,039 [myid:] - INFO  [main:ZKTestCase@82] - FINISHED Optional[public void org.apache.zookeeper.common.X509UtilTest.testClientRenegotiationFails(org.apache.zookeeper.common.X509KeyType,org.apache.zookeeper.common.X509KeyType,java.lang.String,java.lang.Integer) throws java.lang.Throwable]
]]></system-out>
  </testcase>
  <testcase name="testClientRenegotiationFails{X509KeyType, X509KeyType, String, Integer}[7]" classname="org.apache.zookeeper.common.X509UtilTest" time="0.005">
    <failure message="Unexpected exception type thrown ==&gt; expected: &lt;javax.net.ssl.SSLHandshakeException&gt; but was: &lt;java.lang.IllegalArgumentException&gt;" type="org.opentest4j.AssertionFailedError"><![CDATA[org.opentest4j.AssertionFailedError: Unexpected exception type thrown ==> expected: <javax.net.ssl.SSLHandshakeException> but was: <java.lang.IllegalArgumentException>
	at org.apache.zookeeper.common.X509UtilTest.testClientRenegotiationFails(X509UtilTest.java:692)
Caused by: java.lang.IllegalArgumentException: Cannot support TLS_ECDHE_ECDSA_WITH_AES_256_CBC_SHA384 with currently installed providers
	at javax.net.ssl.SSLServerSocket.setSSLParameters(SSLServerSocket.java:514)
	at org.apache.zookeeper.common.SSLContextAndOptions.configureSSLServerSocket(SSLContextAndOptions.java:133)
	at org.apache.zookeeper.common.SSLContextAndOptions.createSSLServerSocket(SSLContextAndOptions.java:96)
	at org.apache.zookeeper.common.X509Util.createSSLServerSocket(X509Util.java:525)
	at org.apache.zookeeper.common.X509UtilTest.lambda$testClientRenegotiationFails$101(X509UtilTest.java:695)
	... 1 more
]]></failure>
    <system-out><![CDATA[2021-11-08 11:05:52,041 [myid:] - INFO  [main:ZKTestCase@77] - STARTING Optional[public void org.apache.zookeeper.common.X509UtilTest.testClientRenegotiationFails(org.apache.zookeeper.common.X509KeyType,org.apache.zookeeper.common.X509KeyType,java.lang.String,java.lang.Integer) throws java.lang.Throwable]
2021-11-08 11:05:52,042 [myid:] - INFO  [main:PortAssignment@87] - Assigned port 19307 from range 19300 - 21992.
2021-11-08 11:05:52,045 [myid:] - INFO  [main:ZKTestCase@82] - FINISHED Optional[public void org.apache.zookeeper.common.X509UtilTest.testClientRenegotiationFails(org.apache.zookeeper.common.X509KeyType,org.apache.zookeeper.common.X509KeyType,java.lang.String,java.lang.Integer) throws java.lang.Throwable]
]]></system-out>
  </testcase>
  <testcase name="testClientRenegotiationFails{X509KeyType, X509KeyType, String, Integer}[8]" classname="org.apache.zookeeper.common.X509UtilTest" time="0.004">
    <failure message="Unexpected exception type thrown ==&gt; expected: &lt;javax.net.ssl.SSLHandshakeException&gt; but was: &lt;java.lang.IllegalArgumentException&gt;" type="org.opentest4j.AssertionFailedError"><![CDATA[org.opentest4j.AssertionFailedError: Unexpected exception type thrown ==> expected: <javax.net.ssl.SSLHandshakeException> but was: <java.lang.IllegalArgumentException>
	at org.apache.zookeeper.common.X509UtilTest.testClientRenegotiationFails(X509UtilTest.java:692)
Caused by: java.lang.IllegalArgumentException: Cannot support TLS_ECDHE_ECDSA_WITH_AES_256_CBC_SHA384 with currently installed providers
	at javax.net.ssl.SSLServerSocket.setSSLParameters(SSLServerSocket.java:514)
	at org.apache.zookeeper.common.SSLContextAndOptions.configureSSLServerSocket(SSLContextAndOptions.java:133)
	at org.apache.zookeeper.common.SSLContextAndOptions.createSSLServerSocket(SSLContextAndOptions.java:96)
	at org.apache.zookeeper.common.X509Util.createSSLServerSocket(X509Util.java:525)
	at org.apache.zookeeper.common.X509UtilTest.lambda$testClientRenegotiationFails$101(X509UtilTest.java:695)
	... 1 more
]]></failure>
    <system-out><![CDATA[2021-11-08 11:05:52,047 [myid:] - INFO  [main:ZKTestCase@77] - STARTING Optional[public void org.apache.zookeeper.common.X509UtilTest.testClientRenegotiationFails(org.apache.zookeeper.common.X509KeyType,org.apache.zookeeper.common.X509KeyType,java.lang.String,java.lang.Integer) throws java.lang.Throwable]
2021-11-08 11:05:52,047 [myid:] - INFO  [main:PortAssignment@87] - Assigned port 19308 from range 19300 - 21992.
2021-11-08 11:05:52,050 [myid:] - INFO  [main:ZKTestCase@82] - FINISHED Optional[public void org.apache.zookeeper.common.X509UtilTest.testClientRenegotiationFails(org.apache.zookeeper.common.X509KeyType,org.apache.zookeeper.common.X509KeyType,java.lang.String,java.lang.Integer) throws java.lang.Throwable]
]]></system-out>
  </testcase>
  <testcase name="testCRLEnabled{X509KeyType, X509KeyType, String, Integer}[1]" classname="org.apache.zookeeper.common.X509UtilTest" time="0.001"/>
  <testcase name="testCRLEnabled{X509KeyType, X509KeyType, String, Integer}[2]" classname="org.apache.zookeeper.common.X509UtilTest" time="0.002"/>
  <testcase name="testCRLEnabled{X509KeyType, X509KeyType, String, Integer}[3]" classname="org.apache.zookeeper.common.X509UtilTest" time="0.003"/>
  <testcase name="testCRLEnabled{X509KeyType, X509KeyType, String, Integer}[4]" classname="org.apache.zookeeper.common.X509UtilTest" time="0.001"/>
  <testcase name="testCRLEnabled{X509KeyType, X509KeyType, String, Integer}[5]" classname="org.apache.zookeeper.common.X509UtilTest" time="0.002"/>
  <testcase name="testCRLEnabled{X509KeyType, X509KeyType, String, Integer}[6]" classname="org.apache.zookeeper.common.X509UtilTest" time="0.003"/>
  <testcase name="testCRLEnabled{X509KeyType, X509KeyType, String, Integer}[7]" classname="org.apache.zookeeper.common.X509UtilTest" time="0.002"/>
  <testcase name="testCRLEnabled{X509KeyType, X509KeyType, String, Integer}[8]" classname="org.apache.zookeeper.common.X509UtilTest" time="0.002"/>
  <testcase name="testCreateSSLContextWithoutKeyStoreLocation{X509KeyType, X509KeyType, String, Integer}[1]" classname="org.apache.zookeeper.common.X509UtilTest" time="0.002"/>
  <testcase name="testCreateSSLContextWithoutKeyStoreLocation{X509KeyType, X509KeyType, String, Integer}[2]" classname="org.apache.zookeeper.common.X509UtilTest" time="0.002"/>
  <testcase name="testCreateSSLContextWithoutKeyStoreLocation{X509KeyType, X509KeyType, String, Integer}[3]" classname="org.apache.zookeeper.common.X509UtilTest" time="0.002"/>
  <testcase name="testCreateSSLContextWithoutKeyStoreLocation{X509KeyType, X509KeyType, String, Integer}[4]" classname="org.apache.zookeeper.common.X509UtilTest" time="0.003"/>
  <testcase name="testCreateSSLContextWithoutKeyStoreLocation{X509KeyType, X509KeyType, String, Integer}[5]" classname="org.apache.zookeeper.common.X509UtilTest" time="0.002"/>
  <testcase name="testCreateSSLContextWithoutKeyStoreLocation{X509KeyType, X509KeyType, String, Integer}[6]" classname="org.apache.zookeeper.common.X509UtilTest" time="0.002"/>
  <testcase name="testCreateSSLContextWithoutKeyStoreLocation{X509KeyType, X509KeyType, String, Integer}[7]" classname="org.apache.zookeeper.common.X509UtilTest" time="0.002"/>
  <testcase name="testCreateSSLContextWithoutKeyStoreLocation{X509KeyType, X509KeyType, String, Integer}[8]" classname="org.apache.zookeeper.common.X509UtilTest" time="0.003"/>
  <testcase name="testLoadPKCS12KeyStore{X509KeyType, X509KeyType, String, Integer}[1]" classname="org.apache.zookeeper.common.X509UtilTest" time="0.014"/>
  <testcase name="testLoadPKCS12KeyStore{X509KeyType, X509KeyType, String, Integer}[2]" classname="org.apache.zookeeper.common.X509UtilTest" time="0.007"/>
  <testcase name="testLoadPKCS12KeyStore{X509KeyType, X509KeyType, String, Integer}[3]" classname="org.apache.zookeeper.common.X509UtilTest" time="0.006"/>
  <testcase name="testLoadPKCS12KeyStore{X509KeyType, X509KeyType, String, Integer}[4]" classname="org.apache.zookeeper.common.X509UtilTest" time="0.009"/>
  <testcase name="testLoadPKCS12KeyStore{X509KeyType, X509KeyType, String, Integer}[5]" classname="org.apache.zookeeper.common.X509UtilTest" time="0.016"/>
  <testcase name="testLoadPKCS12KeyStore{X509KeyType, X509KeyType, String, Integer}[6]" classname="org.apache.zookeeper.common.X509UtilTest" time="0.009"/>
  <testcase name="testLoadPKCS12KeyStore{X509KeyType, X509KeyType, String, Integer}[7]" classname="org.apache.zookeeper.common.X509UtilTest" time="0.01"/>
  <testcase name="testLoadPKCS12KeyStore{X509KeyType, X509KeyType, String, Integer}[8]" classname="org.apache.zookeeper.common.X509UtilTest" time="0.01"/>
  <testcase name="testLoadJKSTrustStoreWithWrongPassword{X509KeyType, X509KeyType, String, Integer}[1]" classname="org.apache.zookeeper.common.X509UtilTest" time="0.003"/>
  <testcase name="testLoadJKSTrustStoreWithWrongPassword{X509KeyType, X509KeyType, String, Integer}[2]" classname="org.apache.zookeeper.common.X509UtilTest" time="0.002"/>
  <testcase name="testLoadJKSTrustStoreWithWrongPassword{X509KeyType, X509KeyType, String, Integer}[3]" classname="org.apache.zookeeper.common.X509UtilTest" time="0"/>
  <testcase name="testLoadJKSTrustStoreWithWrongPassword{X509KeyType, X509KeyType, String, Integer}[4]" classname="org.apache.zookeeper.common.X509UtilTest" time="0"/>
  <testcase name="testLoadJKSTrustStoreWithWrongPassword{X509KeyType, X509KeyType, String, Integer}[5]" classname="org.apache.zookeeper.common.X509UtilTest" time="0.002"/>
  <testcase name="testLoadJKSTrustStoreWithWrongPassword{X509KeyType, X509KeyType, String, Integer}[6]" classname="org.apache.zookeeper.common.X509UtilTest" time="0.002"/>
  <testcase name="testLoadJKSTrustStoreWithWrongPassword{X509KeyType, X509KeyType, String, Integer}[7]" classname="org.apache.zookeeper.common.X509UtilTest" time="0.002"/>
  <testcase name="testLoadJKSTrustStoreWithWrongPassword{X509KeyType, X509KeyType, String, Integer}[8]" classname="org.apache.zookeeper.common.X509UtilTest" time="0.002"/>
  <testcase name="testLoadPKCS12TrustStoreAutodetectStoreFileType{X509KeyType, X509KeyType, String, Integer}[1]" classname="org.apache.zookeeper.common.X509UtilTest" time="0"/>
  <testcase name="testLoadPKCS12TrustStoreAutodetectStoreFileType{X509KeyType, X509KeyType, String, Integer}[2]" classname="org.apache.zookeeper.common.X509UtilTest" time="0"/>
  <testcase name="testLoadPKCS12TrustStoreAutodetectStoreFileType{X509KeyType, X509KeyType, String, Integer}[3]" classname="org.apache.zookeeper.common.X509UtilTest" time="0.003"/>
  <testcase name="testLoadPKCS12TrustStoreAutodetectStoreFileType{X509KeyType, X509KeyType, String, Integer}[4]" classname="org.apache.zookeeper.common.X509UtilTest" time="0.002"/>
  <testcase name="testLoadPKCS12TrustStoreAutodetectStoreFileType{X509KeyType, X509KeyType, String, Integer}[5]" classname="org.apache.zookeeper.common.X509UtilTest" time="0.006"/>
  <testcase name="testLoadPKCS12TrustStoreAutodetectStoreFileType{X509KeyType, X509KeyType, String, Integer}[6]" classname="org.apache.zookeeper.common.X509UtilTest" time="0"/>
  <testcase name="testLoadPKCS12TrustStoreAutodetectStoreFileType{X509KeyType, X509KeyType, String, Integer}[7]" classname="org.apache.zookeeper.common.X509UtilTest" time="0.004"/>
  <testcase name="testLoadPKCS12TrustStoreAutodetectStoreFileType{X509KeyType, X509KeyType, String, Integer}[8]" classname="org.apache.zookeeper.common.X509UtilTest" time="0.001"/>
  <testcase name="testCreateSSLServerSocketWithPort{X509KeyType, X509KeyType, String, Integer}[1]" classname="org.apache.zookeeper.common.X509UtilTest" time="0.006"/>
  <testcase name="testCreateSSLServerSocketWithPort{X509KeyType, X509KeyType, String, Integer}[2]" classname="org.apache.zookeeper.common.X509UtilTest" time="0.006"/>
  <testcase name="testCreateSSLServerSocketWithPort{X509KeyType, X509KeyType, String, Integer}[3]" classname="org.apache.zookeeper.common.X509UtilTest" time="0.003"/>
  <testcase name="testCreateSSLServerSocketWithPort{X509KeyType, X509KeyType, String, Integer}[4]" classname="org.apache.zookeeper.common.X509UtilTest" time="0.006"/>
  <testcase name="testCreateSSLServerSocketWithPort{X509KeyType, X509KeyType, String, Integer}[5]" classname="org.apache.zookeeper.common.X509UtilTest" time="0.003"/>
  <testcase name="testCreateSSLServerSocketWithPort{X509KeyType, X509KeyType, String, Integer}[6]" classname="org.apache.zookeeper.common.X509UtilTest" time="0.002"/>
  <testcase name="testCreateSSLServerSocketWithPort{X509KeyType, X509KeyType, String, Integer}[7]" classname="org.apache.zookeeper.common.X509UtilTest" time="0.052"/>
  <testcase name="testCreateSSLServerSocketWithPort{X509KeyType, X509KeyType, String, Integer}[8]" classname="org.apache.zookeeper.common.X509UtilTest" time="0"/>
  <testcase name="testCreateSSLContextWithCustomCipherSuites{X509KeyType, X509KeyType, String, Integer}[1]" classname="org.apache.zookeeper.common.X509UtilTest" time="0.012"/>
  <testcase name="testCreateSSLContextWithCustomCipherSuites{X509KeyType, X509KeyType, String, Integer}[2]" classname="org.apache.zookeeper.common.X509UtilTest" time="0.003"/>
  <testcase name="testCreateSSLContextWithCustomCipherSuites{X509KeyType, X509KeyType, String, Integer}[3]" classname="org.apache.zookeeper.common.X509UtilTest" time="0.002"/>
  <testcase name="testCreateSSLContextWithCustomCipherSuites{X509KeyType, X509KeyType, String, Integer}[4]" classname="org.apache.zookeeper.common.X509UtilTest" time="0.004"/>
  <testcase name="testCreateSSLContextWithCustomCipherSuites{X509KeyType, X509KeyType, String, Integer}[5]" classname="org.apache.zookeeper.common.X509UtilTest" time="0.003"/>
  <testcase name="testCreateSSLContextWithCustomCipherSuites{X509KeyType, X509KeyType, String, Integer}[6]" classname="org.apache.zookeeper.common.X509UtilTest" time="0.002"/>
  <testcase name="testCreateSSLContextWithCustomCipherSuites{X509KeyType, X509KeyType, String, Integer}[7]" classname="org.apache.zookeeper.common.X509UtilTest" time="0.005"/>
  <testcase name="testCreateSSLContextWithCustomCipherSuites{X509KeyType, X509KeyType, String, Integer}[8]" classname="org.apache.zookeeper.common.X509UtilTest" time="0"/>
  <testcase name="testCRLDisabled{X509KeyType, X509KeyType, String, Integer}[1]" classname="org.apache.zookeeper.common.X509UtilTest" time="0.002"/>
  <testcase name="testCRLDisabled{X509KeyType, X509KeyType, String, Integer}[2]" classname="org.apache.zookeeper.common.X509UtilTest" time="0.002"/>
  <testcase name="testCRLDisabled{X509KeyType, X509KeyType, String, Integer}[3]" classname="org.apache.zookeeper.common.X509UtilTest" time="0.002"/>
  <testcase name="testCRLDisabled{X509KeyType, X509KeyType, String, Integer}[4]" classname="org.apache.zookeeper.common.X509UtilTest" time="0.003"/>
  <testcase name="testCRLDisabled{X509KeyType, X509KeyType, String, Integer}[5]" classname="org.apache.zookeeper.common.X509UtilTest" time="0.001"/>
  <testcase name="testCRLDisabled{X509KeyType, X509KeyType, String, Integer}[6]" classname="org.apache.zookeeper.common.X509UtilTest" time="0.002"/>
  <testcase name="testCRLDisabled{X509KeyType, X509KeyType, String, Integer}[7]" classname="org.apache.zookeeper.common.X509UtilTest" time="0.002"/>
  <testcase name="testCRLDisabled{X509KeyType, X509KeyType, String, Integer}[8]" classname="org.apache.zookeeper.common.X509UtilTest" time="0.002"/>
  <testcase name="testCreateSSLContext_invalidCustomSSLContextClass{X509KeyType, X509KeyType, String, Integer}[1]" classname="org.apache.zookeeper.common.X509UtilTest" time="0.002"/>
  <testcase name="testCreateSSLContext_invalidCustomSSLContextClass{X509KeyType, X509KeyType, String, Integer}[2]" classname="org.apache.zookeeper.common.X509UtilTest" time="0.001"/>
  <testcase name="testCreateSSLContext_invalidCustomSSLContextClass{X509KeyType, X509KeyType, String, Integer}[3]" classname="org.apache.zookeeper.common.X509UtilTest" time="0.001"/>
  <testcase name="testCreateSSLContext_invalidCustomSSLContextClass{X509KeyType, X509KeyType, String, Integer}[4]" classname="org.apache.zookeeper.common.X509UtilTest" time="0.002"/>
  <testcase name="testCreateSSLContext_invalidCustomSSLContextClass{X509KeyType, X509KeyType, String, Integer}[5]" classname="org.apache.zookeeper.common.X509UtilTest" time="0.001"/>
  <testcase name="testCreateSSLContext_invalidCustomSSLContextClass{X509KeyType, X509KeyType, String, Integer}[6]" classname="org.apache.zookeeper.common.X509UtilTest" time="0.001"/>
  <testcase name="testCreateSSLContext_invalidCustomSSLContextClass{X509KeyType, X509KeyType, String, Integer}[7]" classname="org.apache.zookeeper.common.X509UtilTest" time="0"/>
  <testcase name="testCreateSSLContext_invalidCustomSSLContextClass{X509KeyType, X509KeyType, String, Integer}[8]" classname="org.apache.zookeeper.common.X509UtilTest" time="0.001"/>
  <testcase name="testCreateSSLContextWithoutCustomProtocol{X509KeyType, X509KeyType, String, Integer}[1]" classname="org.apache.zookeeper.common.X509UtilTest" time="0.001"/>
  <testcase name="testCreateSSLContextWithoutCustomProtocol{X509KeyType, X509KeyType, String, Integer}[2]" classname="org.apache.zookeeper.common.X509UtilTest" time="0.002"/>
  <testcase name="testCreateSSLContextWithoutCustomProtocol{X509KeyType, X509KeyType, String, Integer}[3]" classname="org.apache.zookeeper.common.X509UtilTest" time="0.002"/>
  <testcase name="testCreateSSLContextWithoutCustomProtocol{X509KeyType, X509KeyType, String, Integer}[4]" classname="org.apache.zookeeper.common.X509UtilTest" time="0.002"/>
  <testcase name="testCreateSSLContextWithoutCustomProtocol{X509KeyType, X509KeyType, String, Integer}[5]" classname="org.apache.zookeeper.common.X509UtilTest" time="0.002"/>
  <testcase name="testCreateSSLContextWithoutCustomProtocol{X509KeyType, X509KeyType, String, Integer}[6]" classname="org.apache.zookeeper.common.X509UtilTest" time="0.001"/>
  <testcase name="testCreateSSLContextWithoutCustomProtocol{X509KeyType, X509KeyType, String, Integer}[7]" classname="org.apache.zookeeper.common.X509UtilTest" time="0.002"/>
  <testcase name="testCreateSSLContextWithoutCustomProtocol{X509KeyType, X509KeyType, String, Integer}[8]" classname="org.apache.zookeeper.common.X509UtilTest" time="0.002"/>
  <testcase name="testOCSPEnabled{X509KeyType, X509KeyType, String, Integer}[1]" classname="org.apache.zookeeper.common.X509UtilTest" time="0.001"/>
  <testcase name="testOCSPEnabled{X509KeyType, X509KeyType, String, Integer}[2]" classname="org.apache.zookeeper.common.X509UtilTest" time="0.001"/>
  <testcase name="testOCSPEnabled{X509KeyType, X509KeyType, String, Integer}[3]" classname="org.apache.zookeeper.common.X509UtilTest" time="0.004"/>
  <testcase name="testOCSPEnabled{X509KeyType, X509KeyType, String, Integer}[4]" classname="org.apache.zookeeper.common.X509UtilTest" time="0.002"/>
  <testcase name="testOCSPEnabled{X509KeyType, X509KeyType, String, Integer}[5]" classname="org.apache.zookeeper.common.X509UtilTest" time="0.002"/>
  <testcase name="testOCSPEnabled{X509KeyType, X509KeyType, String, Integer}[6]" classname="org.apache.zookeeper.common.X509UtilTest" time="0.001"/>
  <testcase name="testOCSPEnabled{X509KeyType, X509KeyType, String, Integer}[7]" classname="org.apache.zookeeper.common.X509UtilTest" time="0.001"/>
  <testcase name="testOCSPEnabled{X509KeyType, X509KeyType, String, Integer}[8]" classname="org.apache.zookeeper.common.X509UtilTest" time="0"/>
  <testcase name="testGetDefaultCipherSuitesJava8{X509KeyType, X509KeyType, String, Integer}[1]" classname="org.apache.zookeeper.common.X509UtilTest" time="0"/>
  <testcase name="testGetDefaultCipherSuitesJava8{X509KeyType, X509KeyType, String, Integer}[2]" classname="org.apache.zookeeper.common.X509UtilTest" time="0"/>
  <testcase name="testGetDefaultCipherSuitesJava8{X509KeyType, X509KeyType, String, Integer}[3]" classname="org.apache.zookeeper.common.X509UtilTest" time="0"/>
  <testcase name="testGetDefaultCipherSuitesJava8{X509KeyType, X509KeyType, String, Integer}[4]" classname="org.apache.zookeeper.common.X509UtilTest" time="0.002"/>
  <testcase name="testGetDefaultCipherSuitesJava8{X509KeyType, X509KeyType, String, Integer}[5]" classname="org.apache.zookeeper.common.X509UtilTest" time="0"/>
  <testcase name="testGetDefaultCipherSuitesJava8{X509KeyType, X509KeyType, String, Integer}[6]" classname="org.apache.zookeeper.common.X509UtilTest" time="0.001"/>
  <testcase name="testGetDefaultCipherSuitesJava8{X509KeyType, X509KeyType, String, Integer}[7]" classname="org.apache.zookeeper.common.X509UtilTest" time="0.001"/>
  <testcase name="testGetDefaultCipherSuitesJava8{X509KeyType, X509KeyType, String, Integer}[8]" classname="org.apache.zookeeper.common.X509UtilTest" time="0.001"/>
  <testcase name="testGetDefaultCipherSuitesJava9{X509KeyType, X509KeyType, String, Integer}[1]" classname="org.apache.zookeeper.common.X509UtilTest" time="0.001"/>
  <testcase name="testGetDefaultCipherSuitesJava9{X509KeyType, X509KeyType, String, Integer}[2]" classname="org.apache.zookeeper.common.X509UtilTest" time="0.001"/>
  <testcase name="testGetDefaultCipherSuitesJava9{X509KeyType, X509KeyType, String, Integer}[3]" classname="org.apache.zookeeper.common.X509UtilTest" time="0.001"/>
  <testcase name="testGetDefaultCipherSuitesJava9{X509KeyType, X509KeyType, String, Integer}[4]" classname="org.apache.zookeeper.common.X509UtilTest" time="0.001"/>
  <testcase name="testGetDefaultCipherSuitesJava9{X509KeyType, X509KeyType, String, Integer}[5]" classname="org.apache.zookeeper.common.X509UtilTest" time="0.001"/>
  <testcase name="testGetDefaultCipherSuitesJava9{X509KeyType, X509KeyType, String, Integer}[6]" classname="org.apache.zookeeper.common.X509UtilTest" time="0.001"/>
  <testcase name="testGetDefaultCipherSuitesJava9{X509KeyType, X509KeyType, String, Integer}[7]" classname="org.apache.zookeeper.common.X509UtilTest" time="0.001"/>
  <testcase name="testGetDefaultCipherSuitesJava9{X509KeyType, X509KeyType, String, Integer}[8]" classname="org.apache.zookeeper.common.X509UtilTest" time="0.002"/>
  <testcase name="testLoadJKSKeyStoreNullPassword{X509KeyType, X509KeyType, String, Integer}[1]" classname="org.apache.zookeeper.common.X509UtilTest" time="0.001"/>
  <testcase name="testLoadJKSKeyStoreNullPassword{X509KeyType, X509KeyType, String, Integer}[2]" classname="org.apache.zookeeper.common.X509UtilTest" time="0.001"/>
  <testcase name="testLoadJKSKeyStoreNullPassword{X509KeyType, X509KeyType, String, Integer}[3]" classname="org.apache.zookeeper.common.X509UtilTest" time="0.001"/>
  <testcase name="testLoadJKSKeyStoreNullPassword{X509KeyType, X509KeyType, String, Integer}[4]" classname="org.apache.zookeeper.common.X509UtilTest" time="0"/>
  <testcase name="testLoadJKSKeyStoreNullPassword{X509KeyType, X509KeyType, String, Integer}[5]" classname="org.apache.zookeeper.common.X509UtilTest" time="0.001"/>
  <testcase name="testLoadJKSKeyStoreNullPassword{X509KeyType, X509KeyType, String, Integer}[6]" classname="org.apache.zookeeper.common.X509UtilTest" time="0"/>
  <testcase name="testLoadJKSKeyStoreNullPassword{X509KeyType, X509KeyType, String, Integer}[7]" classname="org.apache.zookeeper.common.X509UtilTest" time="0"/>
  <testcase name="testLoadJKSKeyStoreNullPassword{X509KeyType, X509KeyType, String, Integer}[8]" classname="org.apache.zookeeper.common.X509UtilTest" time="0"/>
  <testcase name="testLoadJKSKeyStoreAutodetectStoreFileType{X509KeyType, X509KeyType, String, Integer}[1]" classname="org.apache.zookeeper.common.X509UtilTest" time="0.001"/>
  <testcase name="testLoadJKSKeyStoreAutodetectStoreFileType{X509KeyType, X509KeyType, String, Integer}[2]" classname="org.apache.zookeeper.common.X509UtilTest" time="0.001"/>
  <testcase name="testLoadJKSKeyStoreAutodetectStoreFileType{X509KeyType, X509KeyType, String, Integer}[3]" classname="org.apache.zookeeper.common.X509UtilTest" time="0.002"/>
  <testcase name="testLoadJKSKeyStoreAutodetectStoreFileType{X509KeyType, X509KeyType, String, Integer}[4]" classname="org.apache.zookeeper.common.X509UtilTest" time="0.001"/>
  <testcase name="testLoadJKSKeyStoreAutodetectStoreFileType{X509KeyType, X509KeyType, String, Integer}[5]" classname="org.apache.zookeeper.common.X509UtilTest" time="0.001"/>
  <testcase name="testLoadJKSKeyStoreAutodetectStoreFileType{X509KeyType, X509KeyType, String, Integer}[6]" classname="org.apache.zookeeper.common.X509UtilTest" time="0.001"/>
  <testcase name="testLoadJKSKeyStoreAutodetectStoreFileType{X509KeyType, X509KeyType, String, Integer}[7]" classname="org.apache.zookeeper.common.X509UtilTest" time="0.001"/>
  <testcase name="testLoadJKSKeyStoreAutodetectStoreFileType{X509KeyType, X509KeyType, String, Integer}[8]" classname="org.apache.zookeeper.common.X509UtilTest" time="0"/>
  <testcase name="testCreateSSLContext_validCustomSSLContextClass{X509KeyType, X509KeyType, String, Integer}[1]" classname="org.apache.zookeeper.common.X509UtilTest" time="0.016"/>
  <testcase name="testCreateSSLContext_validCustomSSLContextClass{X509KeyType, X509KeyType, String, Integer}[2]" classname="org.apache.zookeeper.common.X509UtilTest" time="0"/>
  <testcase name="testCreateSSLContext_validCustomSSLContextClass{X509KeyType, X509KeyType, String, Integer}[3]" classname="org.apache.zookeeper.common.X509UtilTest" time="0"/>
  <testcase name="testCreateSSLContext_validCustomSSLContextClass{X509KeyType, X509KeyType, String, Integer}[4]" classname="org.apache.zookeeper.common.X509UtilTest" time="0"/>
  <testcase name="testCreateSSLContext_validCustomSSLContextClass{X509KeyType, X509KeyType, String, Integer}[5]" classname="org.apache.zookeeper.common.X509UtilTest" time="0"/>
  <testcase name="testCreateSSLContext_validCustomSSLContextClass{X509KeyType, X509KeyType, String, Integer}[6]" classname="org.apache.zookeeper.common.X509UtilTest" time="0"/>
  <testcase name="testCreateSSLContext_validCustomSSLContextClass{X509KeyType, X509KeyType, String, Integer}[7]" classname="org.apache.zookeeper.common.X509UtilTest" time="0.001"/>
  <testcase name="testCreateSSLContext_validCustomSSLContextClass{X509KeyType, X509KeyType, String, Integer}[8]" classname="org.apache.zookeeper.common.X509UtilTest" time="0.001"/>
  <testcase name="testLoadPEMTrustStoreAutodetectStoreFileType{X509KeyType, X509KeyType, String, Integer}[1]" classname="org.apache.zookeeper.common.X509UtilTest" time="0.002"/>
  <testcase name="testLoadPEMTrustStoreAutodetectStoreFileType{X509KeyType, X509KeyType, String, Integer}[2]" classname="org.apache.zookeeper.common.X509UtilTest" time="0.003"/>
  <testcase name="testLoadPEMTrustStoreAutodetectStoreFileType{X509KeyType, X509KeyType, String, Integer}[3]" classname="org.apache.zookeeper.common.X509UtilTest" time="0.002"/>
  <testcase name="testLoadPEMTrustStoreAutodetectStoreFileType{X509KeyType, X509KeyType, String, Integer}[4]" classname="org.apache.zookeeper.common.X509UtilTest" time="0.002"/>
  <testcase name="testLoadPEMTrustStoreAutodetectStoreFileType{X509KeyType, X509KeyType, String, Integer}[5]" classname="org.apache.zookeeper.common.X509UtilTest" time="0.001"/>
  <testcase name="testLoadPEMTrustStoreAutodetectStoreFileType{X509KeyType, X509KeyType, String, Integer}[6]" classname="org.apache.zookeeper.common.X509UtilTest" time="0.002"/>
  <testcase name="testLoadPEMTrustStoreAutodetectStoreFileType{X509KeyType, X509KeyType, String, Integer}[7]" classname="org.apache.zookeeper.common.X509UtilTest" time="0.002"/>
  <testcase name="testLoadPEMTrustStoreAutodetectStoreFileType{X509KeyType, X509KeyType, String, Integer}[8]" classname="org.apache.zookeeper.common.X509UtilTest" time="0.002"/>
  <testcase name="testLoadJKSKeyStore{X509KeyType, X509KeyType, String, Integer}[1]" classname="org.apache.zookeeper.common.X509UtilTest" time="0.002"/>
  <testcase name="testLoadJKSKeyStore{X509KeyType, X509KeyType, String, Integer}[2]" classname="org.apache.zookeeper.common.X509UtilTest" time="0.001"/>
  <testcase name="testLoadJKSKeyStore{X509KeyType, X509KeyType, String, Integer}[3]" classname="org.apache.zookeeper.common.X509UtilTest" time="0.002"/>
  <testcase name="testLoadJKSKeyStore{X509KeyType, X509KeyType, String, Integer}[4]" classname="org.apache.zookeeper.common.X509UtilTest" time="0.001"/>
  <testcase name="testLoadJKSKeyStore{X509KeyType, X509KeyType, String, Integer}[5]" classname="org.apache.zookeeper.common.X509UtilTest" time="0.001"/>
  <testcase name="testLoadJKSKeyStore{X509KeyType, X509KeyType, String, Integer}[6]" classname="org.apache.zookeeper.common.X509UtilTest" time="0.001"/>
  <testcase name="testLoadJKSKeyStore{X509KeyType, X509KeyType, String, Integer}[7]" classname="org.apache.zookeeper.common.X509UtilTest" time="0.001"/>
  <testcase name="testLoadJKSKeyStore{X509KeyType, X509KeyType, String, Integer}[8]" classname="org.apache.zookeeper.common.X509UtilTest" time="0.001"/>
  <testcase name="testLoadJKSTrustStoreNullPassword{X509KeyType, X509KeyType, String, Integer}[1]" classname="org.apache.zookeeper.common.X509UtilTest" time="0.003"/>
  <testcase name="testLoadJKSTrustStoreNullPassword{X509KeyType, X509KeyType, String, Integer}[2]" classname="org.apache.zookeeper.common.X509UtilTest" time="0.001"/>
  <testcase name="testLoadJKSTrustStoreNullPassword{X509KeyType, X509KeyType, String, Integer}[3]" classname="org.apache.zookeeper.common.X509UtilTest" time="0.001"/>
  <testcase name="testLoadJKSTrustStoreNullPassword{X509KeyType, X509KeyType, String, Integer}[4]" classname="org.apache.zookeeper.common.X509UtilTest" time="0.001"/>
  <testcase name="testLoadJKSTrustStoreNullPassword{X509KeyType, X509KeyType, String, Integer}[5]" classname="org.apache.zookeeper.common.X509UtilTest" time="0.002"/>
  <testcase name="testLoadJKSTrustStoreNullPassword{X509KeyType, X509KeyType, String, Integer}[6]" classname="org.apache.zookeeper.common.X509UtilTest" time="0.001"/>
  <testcase name="testLoadJKSTrustStoreNullPassword{X509KeyType, X509KeyType, String, Integer}[7]" classname="org.apache.zookeeper.common.X509UtilTest" time="0.002"/>
  <testcase name="testLoadJKSTrustStoreNullPassword{X509KeyType, X509KeyType, String, Integer}[8]" classname="org.apache.zookeeper.common.X509UtilTest" time="0.001"/>
  <testcase name="testLoadJKSTrustStoreAutodetectStoreFileType{X509KeyType, X509KeyType, String, Integer}[1]" classname="org.apache.zookeeper.common.X509UtilTest" time="0.001"/>
  <testcase name="testLoadJKSTrustStoreAutodetectStoreFileType{X509KeyType, X509KeyType, String, Integer}[2]" classname="org.apache.zookeeper.common.X509UtilTest" time="0.002"/>
  <testcase name="testLoadJKSTrustStoreAutodetectStoreFileType{X509KeyType, X509KeyType, String, Integer}[3]" classname="org.apache.zookeeper.common.X509UtilTest" time="0.001"/>
  <testcase name="testLoadJKSTrustStoreAutodetectStoreFileType{X509KeyType, X509KeyType, String, Integer}[4]" classname="org.apache.zookeeper.common.X509UtilTest" time="0.001"/>
  <testcase name="testLoadJKSTrustStoreAutodetectStoreFileType{X509KeyType, X509KeyType, String, Integer}[5]" classname="org.apache.zookeeper.common.X509UtilTest" time="0.001"/>
  <testcase name="testLoadJKSTrustStoreAutodetectStoreFileType{X509KeyType, X509KeyType, String, Integer}[6]" classname="org.apache.zookeeper.common.X509UtilTest" time="0.001"/>
  <testcase name="testLoadJKSTrustStoreAutodetectStoreFileType{X509KeyType, X509KeyType, String, Integer}[7]" classname="org.apache.zookeeper.common.X509UtilTest" time="0.001"/>
  <testcase name="testLoadJKSTrustStoreAutodetectStoreFileType{X509KeyType, X509KeyType, String, Integer}[8]" classname="org.apache.zookeeper.common.X509UtilTest" time="0.001"/>
  <testcase name="testCreateSSLContextWithCustomProtocol{X509KeyType, X509KeyType, String, Integer}[1]" classname="org.apache.zookeeper.common.X509UtilTest" time="0.002"/>
  <testcase name="testCreateSSLContextWithCustomProtocol{X509KeyType, X509KeyType, String, Integer}[2]" classname="org.apache.zookeeper.common.X509UtilTest" time="0.001"/>
  <testcase name="testCreateSSLContextWithCustomProtocol{X509KeyType, X509KeyType, String, Integer}[3]" classname="org.apache.zookeeper.common.X509UtilTest" time="0.001"/>
  <testcase name="testCreateSSLContextWithCustomProtocol{X509KeyType, X509KeyType, String, Integer}[4]" classname="org.apache.zookeeper.common.X509UtilTest" time="0.002"/>
  <testcase name="testCreateSSLContextWithCustomProtocol{X509KeyType, X509KeyType, String, Integer}[5]" classname="org.apache.zookeeper.common.X509UtilTest" time="0.001"/>
  <testcase name="testCreateSSLContextWithCustomProtocol{X509KeyType, X509KeyType, String, Integer}[6]" classname="org.apache.zookeeper.common.X509UtilTest" time="0.001"/>
  <testcase name="testCreateSSLContextWithCustomProtocol{X509KeyType, X509KeyType, String, Integer}[7]" classname="org.apache.zookeeper.common.X509UtilTest" time="0.001"/>
  <testcase name="testCreateSSLContextWithCustomProtocol{X509KeyType, X509KeyType, String, Integer}[8]" classname="org.apache.zookeeper.common.X509UtilTest" time="0.001"/>
  <testcase name="testLoadJKSKeyStoreWithWrongPassword{X509KeyType, X509KeyType, String, Integer}[1]" classname="org.apache.zookeeper.common.X509UtilTest" time="0.002"/>
  <testcase name="testLoadJKSKeyStoreWithWrongPassword{X509KeyType, X509KeyType, String, Integer}[2]" classname="org.apache.zookeeper.common.X509UtilTest" time="0.001"/>
  <testcase name="testLoadJKSKeyStoreWithWrongPassword{X509KeyType, X509KeyType, String, Integer}[3]" classname="org.apache.zookeeper.common.X509UtilTest" time="0.002"/>
  <testcase name="testLoadJKSKeyStoreWithWrongPassword{X509KeyType, X509KeyType, String, Integer}[4]" classname="org.apache.zookeeper.common.X509UtilTest" time="0.001"/>
  <testcase name="testLoadJKSKeyStoreWithWrongPassword{X509KeyType, X509KeyType, String, Integer}[5]" classname="org.apache.zookeeper.common.X509UtilTest" time="0.001"/>
  <testcase name="testLoadJKSKeyStoreWithWrongPassword{X509KeyType, X509KeyType, String, Integer}[6]" classname="org.apache.zookeeper.common.X509UtilTest" time="0.001"/>
  <testcase name="testLoadJKSKeyStoreWithWrongPassword{X509KeyType, X509KeyType, String, Integer}[7]" classname="org.apache.zookeeper.common.X509UtilTest" time="0.002"/>
  <testcase name="testLoadJKSKeyStoreWithWrongPassword{X509KeyType, X509KeyType, String, Integer}[8]" classname="org.apache.zookeeper.common.X509UtilTest" time="0.001"/>
  <testcase name="testLoadPKCS12TrustStoreNullPassword{X509KeyType, X509KeyType, String, Integer}[1]" classname="org.apache.zookeeper.common.X509UtilTest" time="0.002"/>
  <testcase name="testLoadPKCS12TrustStoreNullPassword{X509KeyType, X509KeyType, String, Integer}[2]" classname="org.apache.zookeeper.common.X509UtilTest" time="0"/>
  <testcase name="testLoadPKCS12TrustStoreNullPassword{X509KeyType, X509KeyType, String, Integer}[3]" classname="org.apache.zookeeper.common.X509UtilTest" time="0.002"/>
  <testcase name="testLoadPKCS12TrustStoreNullPassword{X509KeyType, X509KeyType, String, Integer}[4]" classname="org.apache.zookeeper.common.X509UtilTest" time="0.001"/>
  <testcase name="testLoadPKCS12TrustStoreNullPassword{X509KeyType, X509KeyType, String, Integer}[5]" classname="org.apache.zookeeper.common.X509UtilTest" time="0.002"/>
  <testcase name="testLoadPKCS12TrustStoreNullPassword{X509KeyType, X509KeyType, String, Integer}[6]" classname="org.apache.zookeeper.common.X509UtilTest" time="0"/>
  <testcase name="testLoadPKCS12TrustStoreNullPassword{X509KeyType, X509KeyType, String, Integer}[7]" classname="org.apache.zookeeper.common.X509UtilTest" time="0.002"/>
  <testcase name="testLoadPKCS12TrustStoreNullPassword{X509KeyType, X509KeyType, String, Integer}[8]" classname="org.apache.zookeeper.common.X509UtilTest" time="0"/>
  <testcase name="testGetDefaultCipherSuitesUnknownVersion{X509KeyType, X509KeyType, String, Integer}[1]" classname="org.apache.zookeeper.common.X509UtilTest" time="0.001"/>
  <testcase name="testGetDefaultCipherSuitesUnknownVersion{X509KeyType, X509KeyType, String, Integer}[2]" classname="org.apache.zookeeper.common.X509UtilTest" time="0.001"/>
  <testcase name="testGetDefaultCipherSuitesUnknownVersion{X509KeyType, X509KeyType, String, Integer}[3]" classname="org.apache.zookeeper.common.X509UtilTest" time="0.001"/>
  <testcase name="testGetDefaultCipherSuitesUnknownVersion{X509KeyType, X509KeyType, String, Integer}[4]" classname="org.apache.zookeeper.common.X509UtilTest" time="0.001"/>
  <testcase name="testGetDefaultCipherSuitesUnknownVersion{X509KeyType, X509KeyType, String, Integer}[5]" classname="org.apache.zookeeper.common.X509UtilTest" time="0.001"/>
  <testcase name="testGetDefaultCipherSuitesUnknownVersion{X509KeyType, X509KeyType, String, Integer}[6]" classname="org.apache.zookeeper.common.X509UtilTest" time="0"/>
  <testcase name="testGetDefaultCipherSuitesUnknownVersion{X509KeyType, X509KeyType, String, Integer}[7]" classname="org.apache.zookeeper.common.X509UtilTest" time="0"/>
  <testcase name="testGetDefaultCipherSuitesUnknownVersion{X509KeyType, X509KeyType, String, Integer}[8]" classname="org.apache.zookeeper.common.X509UtilTest" time="0"/>
  <testcase name="testGetSslHandshakeDetectionTimeoutMillisProperty{X509KeyType, X509KeyType, String, Integer}[1]" classname="org.apache.zookeeper.common.X509UtilTest" time="0.003"/>
  <testcase name="testGetSslHandshakeDetectionTimeoutMillisProperty{X509KeyType, X509KeyType, String, Integer}[2]" classname="org.apache.zookeeper.common.X509UtilTest" time="0.003"/>
  <testcase name="testGetSslHandshakeDetectionTimeoutMillisProperty{X509KeyType, X509KeyType, String, Integer}[3]" classname="org.apache.zookeeper.common.X509UtilTest" time="0.003"/>
  <testcase name="testGetSslHandshakeDetectionTimeoutMillisProperty{X509KeyType, X509KeyType, String, Integer}[4]" classname="org.apache.zookeeper.common.X509UtilTest" time="0.003"/>
  <testcase name="testGetSslHandshakeDetectionTimeoutMillisProperty{X509KeyType, X509KeyType, String, Integer}[5]" classname="org.apache.zookeeper.common.X509UtilTest" time="0.003"/>
  <testcase name="testGetSslHandshakeDetectionTimeoutMillisProperty{X509KeyType, X509KeyType, String, Integer}[6]" classname="org.apache.zookeeper.common.X509UtilTest" time="0.003"/>
  <testcase name="testGetSslHandshakeDetectionTimeoutMillisProperty{X509KeyType, X509KeyType, String, Integer}[7]" classname="org.apache.zookeeper.common.X509UtilTest" time="0.004"/>
  <testcase name="testGetSslHandshakeDetectionTimeoutMillisProperty{X509KeyType, X509KeyType, String, Integer}[8]" classname="org.apache.zookeeper.common.X509UtilTest" time="0.004"/>
  <testcase name="testLoadPKCS12KeyStoreAutodetectStoreFileType{X509KeyType, X509KeyType, String, Integer}[1]" classname="org.apache.zookeeper.common.X509UtilTest" time="0.003"/>
  <testcase name="testLoadPKCS12KeyStoreAutodetectStoreFileType{X509KeyType, X509KeyType, String, Integer}[2]" classname="org.apache.zookeeper.common.X509UtilTest" time="0.003"/>
  <testcase name="testLoadPKCS12KeyStoreAutodetectStoreFileType{X509KeyType, X509KeyType, String, Integer}[3]" classname="org.apache.zookeeper.common.X509UtilTest" time="0.002"/>
  <testcase name="testLoadPKCS12KeyStoreAutodetectStoreFileType{X509KeyType, X509KeyType, String, Integer}[4]" classname="org.apache.zookeeper.common.X509UtilTest" time="0.003"/>
  <testcase name="testLoadPKCS12KeyStoreAutodetectStoreFileType{X509KeyType, X509KeyType, String, Integer}[5]" classname="org.apache.zookeeper.common.X509UtilTest" time="0.002"/>
  <testcase name="testLoadPKCS12KeyStoreAutodetectStoreFileType{X509KeyType, X509KeyType, String, Integer}[6]" classname="org.apache.zookeeper.common.X509UtilTest" time="0.002"/>
  <testcase name="testLoadPKCS12KeyStoreAutodetectStoreFileType{X509KeyType, X509KeyType, String, Integer}[7]" classname="org.apache.zookeeper.common.X509UtilTest" time="0.004"/>
  <testcase name="testLoadPKCS12KeyStoreAutodetectStoreFileType{X509KeyType, X509KeyType, String, Integer}[8]" classname="org.apache.zookeeper.common.X509UtilTest" time="0.001"/>
  <testcase name="testCreateSSLSocket{X509KeyType, X509KeyType, String, Integer}[1]" classname="org.apache.zookeeper.common.X509UtilTest" time="0.002"/>
  <testcase name="testCreateSSLSocket{X509KeyType, X509KeyType, String, Integer}[2]" classname="org.apache.zookeeper.common.X509UtilTest" time="0.002"/>
  <testcase name="testCreateSSLSocket{X509KeyType, X509KeyType, String, Integer}[3]" classname="org.apache.zookeeper.common.X509UtilTest" time="0.002"/>
  <testcase name="testCreateSSLSocket{X509KeyType, X509KeyType, String, Integer}[4]" classname="org.apache.zookeeper.common.X509UtilTest" time="0.002"/>
  <testcase name="testCreateSSLSocket{X509KeyType, X509KeyType, String, Integer}[5]" classname="org.apache.zookeeper.common.X509UtilTest" time="0.004"/>
  <testcase name="testCreateSSLSocket{X509KeyType, X509KeyType, String, Integer}[6]" classname="org.apache.zookeeper.common.X509UtilTest" time="0.001"/>
  <testcase name="testCreateSSLSocket{X509KeyType, X509KeyType, String, Integer}[7]" classname="org.apache.zookeeper.common.X509UtilTest" time="0.002"/>
  <testcase name="testCreateSSLSocket{X509KeyType, X509KeyType, String, Integer}[8]" classname="org.apache.zookeeper.common.X509UtilTest" time="0.002"/>
  <testcase name="testLoadPEMTrustStore{X509KeyType, X509KeyType, String, Integer}[1]" classname="org.apache.zookeeper.common.X509UtilTest" time="0.001"/>
  <testcase name="testLoadPEMTrustStore{X509KeyType, X509KeyType, String, Integer}[2]" classname="org.apache.zookeeper.common.X509UtilTest" time="0.001"/>
  <testcase name="testLoadPEMTrustStore{X509KeyType, X509KeyType, String, Integer}[3]" classname="org.apache.zookeeper.common.X509UtilTest" time="0.001"/>
  <testcase name="testLoadPEMTrustStore{X509KeyType, X509KeyType, String, Integer}[4]" classname="org.apache.zookeeper.common.X509UtilTest" time="0.001"/>
  <testcase name="testLoadPEMTrustStore{X509KeyType, X509KeyType, String, Integer}[5]" classname="org.apache.zookeeper.common.X509UtilTest" time="0.001"/>
  <testcase name="testLoadPEMTrustStore{X509KeyType, X509KeyType, String, Integer}[6]" classname="org.apache.zookeeper.common.X509UtilTest" time="0.001"/>
  <testcase name="testLoadPEMTrustStore{X509KeyType, X509KeyType, String, Integer}[7]" classname="org.apache.zookeeper.common.X509UtilTest" time="0.001"/>
  <testcase name="testLoadPEMTrustStore{X509KeyType, X509KeyType, String, Integer}[8]" classname="org.apache.zookeeper.common.X509UtilTest" time="0.002"/>
  <testcase name="testGetDefaultCipherSuitesJava10{X509KeyType, X509KeyType, String, Integer}[1]" classname="org.apache.zookeeper.common.X509UtilTest" time="0"/>
  <testcase name="testGetDefaultCipherSuitesJava10{X509KeyType, X509KeyType, String, Integer}[2]" classname="org.apache.zookeeper.common.X509UtilTest" time="0"/>
  <testcase name="testGetDefaultCipherSuitesJava10{X509KeyType, X509KeyType, String, Integer}[3]" classname="org.apache.zookeeper.common.X509UtilTest" time="0"/>
  <testcase name="testGetDefaultCipherSuitesJava10{X509KeyType, X509KeyType, String, Integer}[4]" classname="org.apache.zookeeper.common.X509UtilTest" time="0"/>
  <testcase name="testGetDefaultCipherSuitesJava10{X509KeyType, X509KeyType, String, Integer}[5]" classname="org.apache.zookeeper.common.X509UtilTest" time="0"/>
  <testcase name="testGetDefaultCipherSuitesJava10{X509KeyType, X509KeyType, String, Integer}[6]" classname="org.apache.zookeeper.common.X509UtilTest" time="0.001"/>
  <testcase name="testGetDefaultCipherSuitesJava10{X509KeyType, X509KeyType, String, Integer}[7]" classname="org.apache.zookeeper.common.X509UtilTest" time="0.001"/>
  <testcase name="testGetDefaultCipherSuitesJava10{X509KeyType, X509KeyType, String, Integer}[8]" classname="org.apache.zookeeper.common.X509UtilTest" time="0.004"/>
  <testcase name="testGetDefaultCipherSuitesJava11{X509KeyType, X509KeyType, String, Integer}[1]" classname="org.apache.zookeeper.common.X509UtilTest" time="0.002"/>
  <testcase name="testGetDefaultCipherSuitesJava11{X509KeyType, X509KeyType, String, Integer}[2]" classname="org.apache.zookeeper.common.X509UtilTest" time="0.005"/>
  <testcase name="testGetDefaultCipherSuitesJava11{X509KeyType, X509KeyType, String, Integer}[3]" classname="org.apache.zookeeper.common.X509UtilTest" time="0.001"/>
  <testcase name="testGetDefaultCipherSuitesJava11{X509KeyType, X509KeyType, String, Integer}[4]" classname="org.apache.zookeeper.common.X509UtilTest" time="0.003"/>
  <testcase name="testGetDefaultCipherSuitesJava11{X509KeyType, X509KeyType, String, Integer}[5]" classname="org.apache.zookeeper.common.X509UtilTest" time="0.001"/>
  <testcase name="testGetDefaultCipherSuitesJava11{X509KeyType, X509KeyType, String, Integer}[6]" classname="org.apache.zookeeper.common.X509UtilTest" time="0"/>
  <testcase name="testGetDefaultCipherSuitesJava11{X509KeyType, X509KeyType, String, Integer}[7]" classname="org.apache.zookeeper.common.X509UtilTest" time="0.001"/>
  <testcase name="testGetDefaultCipherSuitesJava11{X509KeyType, X509KeyType, String, Integer}[8]" classname="org.apache.zookeeper.common.X509UtilTest" time="0.001"/>
  <testcase name="testLoadPEMKeyStoreNullPassword{X509KeyType, X509KeyType, String, Integer}[1]" classname="org.apache.zookeeper.common.X509UtilTest" time="0.005"/>
  <testcase name="testLoadPEMKeyStoreNullPassword{X509KeyType, X509KeyType, String, Integer}[2]" classname="org.apache.zookeeper.common.X509UtilTest" time="0.001"/>
  <testcase name="testLoadPEMKeyStoreNullPassword{X509KeyType, X509KeyType, String, Integer}[3]" classname="org.apache.zookeeper.common.X509UtilTest" time="0.005"/>
  <testcase name="testLoadPEMKeyStoreNullPassword{X509KeyType, X509KeyType, String, Integer}[4]" classname="org.apache.zookeeper.common.X509UtilTest" time="0"/>
  <testcase name="testLoadPEMKeyStoreNullPassword{X509KeyType, X509KeyType, String, Integer}[5]" classname="org.apache.zookeeper.common.X509UtilTest" time="0.003"/>
  <testcase name="testLoadPEMKeyStoreNullPassword{X509KeyType, X509KeyType, String, Integer}[6]" classname="org.apache.zookeeper.common.X509UtilTest" time="0.002"/>
  <testcase name="testLoadPEMKeyStoreNullPassword{X509KeyType, X509KeyType, String, Integer}[7]" classname="org.apache.zookeeper.common.X509UtilTest" time="0.005"/>
  <testcase name="testLoadPEMKeyStoreNullPassword{X509KeyType, X509KeyType, String, Integer}[8]" classname="org.apache.zookeeper.common.X509UtilTest" time="0.002"/>
  <testcase name="testLoadPEMKeyStoreAutodetectStoreFileType{X509KeyType, X509KeyType, String, Integer}[1]" classname="org.apache.zookeeper.common.X509UtilTest" time="0.002"/>
  <testcase name="testLoadPEMKeyStoreAutodetectStoreFileType{X509KeyType, X509KeyType, String, Integer}[2]" classname="org.apache.zookeeper.common.X509UtilTest" time="0.46">
    <error message="org.bouncycastle.operator.OperatorCreationException: Illegal key size or default parameters" type="java.io.IOException">java.io.IOException: org.bouncycastle.operator.OperatorCreationException: Illegal key size or default parameters
	at org.apache.zookeeper.common.X509TestContext.getKeyStorePemFile(X509TestContext.java:307)
	at org.apache.zookeeper.common.X509TestContext.getKeyStoreFile(X509TestContext.java:270)
	at org.apache.zookeeper.common.X509UtilTest.testLoadPEMKeyStoreAutodetectStoreFileType(X509UtilTest.java:278)
Caused by: org.bouncycastle.operator.OperatorCreationException: Illegal key size or default parameters
	at org.apache.zookeeper.common.X509TestHelpers.pemEncodePrivateKey(X509TestHelpers.java:273)
	at org.apache.zookeeper.common.X509TestHelpers.pemEncodeCertAndPrivateKey(X509TestHelpers.java:255)
	at org.apache.zookeeper.common.X509TestContext.getKeyStorePemFile(X509TestContext.java:304)
	... 2 more
Caused by: java.security.InvalidKeyException: Illegal key size or default parameters
	at javax.crypto.Cipher.checkCryptoPerm(Cipher.java:1021)
	at javax.crypto.Cipher.init(Cipher.java:1225)
	at javax.crypto.Cipher.init(Cipher.java:1166)
	... 5 more
</error>
    <system-out><![CDATA[2021-11-08 11:05:52,735 [myid:] - INFO  [main:ZKTestCase@77] - STARTING Optional[public void org.apache.zookeeper.common.X509UtilTest.testLoadPEMKeyStoreAutodetectStoreFileType(org.apache.zookeeper.common.X509KeyType,org.apache.zookeeper.common.X509KeyType,java.lang.String,java.lang.Integer) throws java.lang.Exception]
2021-11-08 11:05:53,193 [myid:] - INFO  [main:ZKTestCase@82] - FINISHED Optional[public void org.apache.zookeeper.common.X509UtilTest.testLoadPEMKeyStoreAutodetectStoreFileType(org.apache.zookeeper.common.X509KeyType,org.apache.zookeeper.common.X509KeyType,java.lang.String,java.lang.Integer) throws java.lang.Exception]
]]></system-out>
  </testcase>
  <testcase name="testLoadPEMKeyStoreAutodetectStoreFileType{X509KeyType, X509KeyType, String, Integer}[3]" classname="org.apache.zookeeper.common.X509UtilTest" time="0.004"/>
  <testcase name="testLoadPEMKeyStoreAutodetectStoreFileType{X509KeyType, X509KeyType, String, Integer}[4]" classname="org.apache.zookeeper.common.X509UtilTest" time="0.003">
    <error message="org.bouncycastle.operator.OperatorCreationException: Illegal key size or default parameters" type="java.io.IOException">java.io.IOException: org.bouncycastle.operator.OperatorCreationException: Illegal key size or default parameters
	at org.apache.zookeeper.common.X509TestContext.getKeyStorePemFile(X509TestContext.java:307)
	at org.apache.zookeeper.common.X509TestContext.getKeyStoreFile(X509TestContext.java:270)
	at org.apache.zookeeper.common.X509UtilTest.testLoadPEMKeyStoreAutodetectStoreFileType(X509UtilTest.java:278)
Caused by: org.bouncycastle.operator.OperatorCreationException: Illegal key size or default parameters
	at org.apache.zookeeper.common.X509TestHelpers.pemEncodePrivateKey(X509TestHelpers.java:273)
	at org.apache.zookeeper.common.X509TestHelpers.pemEncodeCertAndPrivateKey(X509TestHelpers.java:255)
	at org.apache.zookeeper.common.X509TestContext.getKeyStorePemFile(X509TestContext.java:304)
	... 2 more
Caused by: java.security.InvalidKeyException: Illegal key size or default parameters
	at javax.crypto.Cipher.checkCryptoPerm(Cipher.java:1021)
	at javax.crypto.Cipher.init(Cipher.java:1225)
	at javax.crypto.Cipher.init(Cipher.java:1166)
	... 5 more
</error>
    <system-out><![CDATA[2021-11-08 11:05:53,199 [myid:] - INFO  [main:ZKTestCase@77] - STARTING Optional[public void org.apache.zookeeper.common.X509UtilTest.testLoadPEMKeyStoreAutodetectStoreFileType(org.apache.zookeeper.common.X509KeyType,org.apache.zookeeper.common.X509KeyType,java.lang.String,java.lang.Integer) throws java.lang.Exception]
2021-11-08 11:05:53,201 [myid:] - INFO  [main:ZKTestCase@82] - FINISHED Optional[public void org.apache.zookeeper.common.X509UtilTest.testLoadPEMKeyStoreAutodetectStoreFileType(org.apache.zookeeper.common.X509KeyType,org.apache.zookeeper.common.X509KeyType,java.lang.String,java.lang.Integer) throws java.lang.Exception]
]]></system-out>
  </testcase>
  <testcase name="testLoadPEMKeyStoreAutodetectStoreFileType{X509KeyType, X509KeyType, String, Integer}[5]" classname="org.apache.zookeeper.common.X509UtilTest" time="0.005"/>
  <testcase name="testLoadPEMKeyStoreAutodetectStoreFileType{X509KeyType, X509KeyType, String, Integer}[6]" classname="org.apache.zookeeper.common.X509UtilTest" time="0">
    <error message="org.bouncycastle.operator.OperatorCreationException: Illegal key size or default parameters" type="java.io.IOException">java.io.IOException: org.bouncycastle.operator.OperatorCreationException: Illegal key size or default parameters
	at org.apache.zookeeper.common.X509TestContext.getKeyStorePemFile(X509TestContext.java:307)
	at org.apache.zookeeper.common.X509TestContext.getKeyStoreFile(X509TestContext.java:270)
	at org.apache.zookeeper.common.X509UtilTest.testLoadPEMKeyStoreAutodetectStoreFileType(X509UtilTest.java:278)
Caused by: org.bouncycastle.operator.OperatorCreationException: Illegal key size or default parameters
	at org.apache.zookeeper.common.X509TestHelpers.pemEncodePrivateKey(X509TestHelpers.java:273)
	at org.apache.zookeeper.common.X509TestHelpers.pemEncodeCertAndPrivateKey(X509TestHelpers.java:255)
	at org.apache.zookeeper.common.X509TestContext.getKeyStorePemFile(X509TestContext.java:304)
	... 2 more
Caused by: java.security.InvalidKeyException: Illegal key size or default parameters
	at javax.crypto.Cipher.checkCryptoPerm(Cipher.java:1021)
	at javax.crypto.Cipher.init(Cipher.java:1225)
	at javax.crypto.Cipher.init(Cipher.java:1166)
	... 5 more
</error>
    <system-out><![CDATA[2021-11-08 11:05:53,205 [myid:] - INFO  [main:ZKTestCase@77] - STARTING Optional[public void org.apache.zookeeper.common.X509UtilTest.testLoadPEMKeyStoreAutodetectStoreFileType(org.apache.zookeeper.common.X509KeyType,org.apache.zookeeper.common.X509KeyType,java.lang.String,java.lang.Integer) throws java.lang.Exception]
2021-11-08 11:05:53,207 [myid:] - INFO  [main:ZKTestCase@82] - FINISHED Optional[public void org.apache.zookeeper.common.X509UtilTest.testLoadPEMKeyStoreAutodetectStoreFileType(org.apache.zookeeper.common.X509KeyType,org.apache.zookeeper.common.X509KeyType,java.lang.String,java.lang.Integer) throws java.lang.Exception]
]]></system-out>
  </testcase>
  <testcase name="testLoadPEMKeyStoreAutodetectStoreFileType{X509KeyType, X509KeyType, String, Integer}[7]" classname="org.apache.zookeeper.common.X509UtilTest" time="0.002"/>
  <testcase name="testLoadPEMKeyStoreAutodetectStoreFileType{X509KeyType, X509KeyType, String, Integer}[8]" classname="org.apache.zookeeper.common.X509UtilTest" time="0.005">
    <error message="org.bouncycastle.operator.OperatorCreationException: Illegal key size or default parameters" type="java.io.IOException">java.io.IOException: org.bouncycastle.operator.OperatorCreationException: Illegal key size or default parameters
	at org.apache.zookeeper.common.X509TestContext.getKeyStorePemFile(X509TestContext.java:307)
	at org.apache.zookeeper.common.X509TestContext.getKeyStoreFile(X509TestContext.java:270)
	at org.apache.zookeeper.common.X509UtilTest.testLoadPEMKeyStoreAutodetectStoreFileType(X509UtilTest.java:278)
Caused by: org.bouncycastle.operator.OperatorCreationException: Illegal key size or default parameters
	at org.apache.zookeeper.common.X509TestHelpers.pemEncodePrivateKey(X509TestHelpers.java:273)
	at org.apache.zookeeper.common.X509TestHelpers.pemEncodeCertAndPrivateKey(X509TestHelpers.java:255)
	at org.apache.zookeeper.common.X509TestContext.getKeyStorePemFile(X509TestContext.java:304)
	... 2 more
Caused by: java.security.InvalidKeyException: Illegal key size or default parameters
	at javax.crypto.Cipher.checkCryptoPerm(Cipher.java:1021)
	at javax.crypto.Cipher.init(Cipher.java:1225)
	at javax.crypto.Cipher.init(Cipher.java:1166)
	... 5 more
</error>
    <system-out><![CDATA[2021-11-08 11:05:53,211 [myid:] - INFO  [main:ZKTestCase@77] - STARTING Optional[public void org.apache.zookeeper.common.X509UtilTest.testLoadPEMKeyStoreAutodetectStoreFileType(org.apache.zookeeper.common.X509KeyType,org.apache.zookeeper.common.X509KeyType,java.lang.String,java.lang.Integer) throws java.lang.Exception]
2021-11-08 11:05:53,214 [myid:] - INFO  [main:ZKTestCase@82] - FINISHED Optional[public void org.apache.zookeeper.common.X509UtilTest.testLoadPEMKeyStoreAutodetectStoreFileType(org.apache.zookeeper.common.X509KeyType,org.apache.zookeeper.common.X509KeyType,java.lang.String,java.lang.Integer) throws java.lang.Exception]
]]></system-out>
  </testcase>
  <testcase name="testLoadJKSTrustStore{X509KeyType, X509KeyType, String, Integer}[1]" classname="org.apache.zookeeper.common.X509UtilTest" time="0.002"/>
  <testcase name="testLoadJKSTrustStore{X509KeyType, X509KeyType, String, Integer}[2]" classname="org.apache.zookeeper.common.X509UtilTest" time="0.003"/>
  <testcase name="testLoadJKSTrustStore{X509KeyType, X509KeyType, String, Integer}[3]" classname="org.apache.zookeeper.common.X509UtilTest" time="0.003"/>
  <testcase name="testLoadJKSTrustStore{X509KeyType, X509KeyType, String, Integer}[4]" classname="org.apache.zookeeper.common.X509UtilTest" time="0.002"/>
  <testcase name="testLoadJKSTrustStore{X509KeyType, X509KeyType, String, Integer}[5]" classname="org.apache.zookeeper.common.X509UtilTest" time="0.002"/>
  <testcase name="testLoadJKSTrustStore{X509KeyType, X509KeyType, String, Integer}[6]" classname="org.apache.zookeeper.common.X509UtilTest" time="0.001"/>
  <testcase name="testLoadJKSTrustStore{X509KeyType, X509KeyType, String, Integer}[7]" classname="org.apache.zookeeper.common.X509UtilTest" time="0.002"/>
  <testcase name="testLoadJKSTrustStore{X509KeyType, X509KeyType, String, Integer}[8]" classname="org.apache.zookeeper.common.X509UtilTest" time="0.001"/>
  <testcase name="testLoadPEMKeyStore{X509KeyType, X509KeyType, String, Integer}[1]" classname="org.apache.zookeeper.common.X509UtilTest" time="0.002"/>
  <testcase name="testLoadPEMKeyStore{X509KeyType, X509KeyType, String, Integer}[2]" classname="org.apache.zookeeper.common.X509UtilTest" time="0.005">
    <error message="org.bouncycastle.operator.OperatorCreationException: Illegal key size or default parameters" type="java.io.IOException">java.io.IOException: org.bouncycastle.operator.OperatorCreationException: Illegal key size or default parameters
	at org.apache.zookeeper.common.X509TestContext.getKeyStorePemFile(X509TestContext.java:307)
	at org.apache.zookeeper.common.X509TestContext.getKeyStoreFile(X509TestContext.java:270)
	at org.apache.zookeeper.common.X509UtilTest.testLoadPEMKeyStore(X509UtilTest.java:249)
Caused by: org.bouncycastle.operator.OperatorCreationException: Illegal key size or default parameters
	at org.apache.zookeeper.common.X509TestHelpers.pemEncodePrivateKey(X509TestHelpers.java:273)
	at org.apache.zookeeper.common.X509TestHelpers.pemEncodeCertAndPrivateKey(X509TestHelpers.java:255)
	at org.apache.zookeeper.common.X509TestContext.getKeyStorePemFile(X509TestContext.java:304)
	... 2 more
Caused by: java.security.InvalidKeyException: Illegal key size or default parameters
	at javax.crypto.Cipher.checkCryptoPerm(Cipher.java:1021)
	at javax.crypto.Cipher.init(Cipher.java:1225)
	at javax.crypto.Cipher.init(Cipher.java:1166)
	... 5 more
</error>
    <system-out><![CDATA[2021-11-08 11:05:53,238 [myid:] - INFO  [main:ZKTestCase@77] - STARTING Optional[public void org.apache.zookeeper.common.X509UtilTest.testLoadPEMKeyStore(org.apache.zookeeper.common.X509KeyType,org.apache.zookeeper.common.X509KeyType,java.lang.String,java.lang.Integer) throws java.lang.Exception]
2021-11-08 11:05:53,242 [myid:] - INFO  [main:ZKTestCase@82] - FINISHED Optional[public void org.apache.zookeeper.common.X509UtilTest.testLoadPEMKeyStore(org.apache.zookeeper.common.X509KeyType,org.apache.zookeeper.common.X509KeyType,java.lang.String,java.lang.Integer) throws java.lang.Exception]
]]></system-out>
  </testcase>
  <testcase name="testLoadPEMKeyStore{X509KeyType, X509KeyType, String, Integer}[3]" classname="org.apache.zookeeper.common.X509UtilTest" time="0.002"/>
  <testcase name="testLoadPEMKeyStore{X509KeyType, X509KeyType, String, Integer}[4]" classname="org.apache.zookeeper.common.X509UtilTest" time="0.003">
    <error message="org.bouncycastle.operator.OperatorCreationException: Illegal key size or default parameters" type="java.io.IOException">java.io.IOException: org.bouncycastle.operator.OperatorCreationException: Illegal key size or default parameters
	at org.apache.zookeeper.common.X509TestContext.getKeyStorePemFile(X509TestContext.java:307)
	at org.apache.zookeeper.common.X509TestContext.getKeyStoreFile(X509TestContext.java:270)
	at org.apache.zookeeper.common.X509UtilTest.testLoadPEMKeyStore(X509UtilTest.java:249)
Caused by: org.bouncycastle.operator.OperatorCreationException: Illegal key size or default parameters
	at org.apache.zookeeper.common.X509TestHelpers.pemEncodePrivateKey(X509TestHelpers.java:273)
	at org.apache.zookeeper.common.X509TestHelpers.pemEncodeCertAndPrivateKey(X509TestHelpers.java:255)
	at org.apache.zookeeper.common.X509TestContext.getKeyStorePemFile(X509TestContext.java:304)
	... 2 more
Caused by: java.security.InvalidKeyException: Illegal key size or default parameters
	at javax.crypto.Cipher.checkCryptoPerm(Cipher.java:1021)
	at javax.crypto.Cipher.init(Cipher.java:1225)
	at javax.crypto.Cipher.init(Cipher.java:1166)
	... 5 more
</error>
    <system-out><![CDATA[2021-11-08 11:05:53,247 [myid:] - INFO  [main:ZKTestCase@77] - STARTING Optional[public void org.apache.zookeeper.common.X509UtilTest.testLoadPEMKeyStore(org.apache.zookeeper.common.X509KeyType,org.apache.zookeeper.common.X509KeyType,java.lang.String,java.lang.Integer) throws java.lang.Exception]
2021-11-08 11:05:53,249 [myid:] - INFO  [main:ZKTestCase@82] - FINISHED Optional[public void org.apache.zookeeper.common.X509UtilTest.testLoadPEMKeyStore(org.apache.zookeeper.common.X509KeyType,org.apache.zookeeper.common.X509KeyType,java.lang.String,java.lang.Integer) throws java.lang.Exception]
]]></system-out>
  </testcase>
  <testcase name="testLoadPEMKeyStore{X509KeyType, X509KeyType, String, Integer}[5]" classname="org.apache.zookeeper.common.X509UtilTest" time="0.003"/>
  <testcase name="testLoadPEMKeyStore{X509KeyType, X509KeyType, String, Integer}[6]" classname="org.apache.zookeeper.common.X509UtilTest" time="0.003">
    <error message="org.bouncycastle.operator.OperatorCreationException: Illegal key size or default parameters" type="java.io.IOException">java.io.IOException: org.bouncycastle.operator.OperatorCreationException: Illegal key size or default parameters
	at org.apache.zookeeper.common.X509TestContext.getKeyStorePemFile(X509TestContext.java:307)
	at org.apache.zookeeper.common.X509TestContext.getKeyStoreFile(X509TestContext.java:270)
	at org.apache.zookeeper.common.X509UtilTest.testLoadPEMKeyStore(X509UtilTest.java:249)
Caused by: org.bouncycastle.operator.OperatorCreationException: Illegal key size or default parameters
	at org.apache.zookeeper.common.X509TestHelpers.pemEncodePrivateKey(X509TestHelpers.java:273)
	at org.apache.zookeeper.common.X509TestHelpers.pemEncodeCertAndPrivateKey(X509TestHelpers.java:255)
	at org.apache.zookeeper.common.X509TestContext.getKeyStorePemFile(X509TestContext.java:304)
	... 2 more
Caused by: java.security.InvalidKeyException: Illegal key size or default parameters
	at javax.crypto.Cipher.checkCryptoPerm(Cipher.java:1021)
	at javax.crypto.Cipher.init(Cipher.java:1225)
	at javax.crypto.Cipher.init(Cipher.java:1166)
	... 5 more
</error>
    <system-out><![CDATA[2021-11-08 11:05:53,254 [myid:] - INFO  [main:ZKTestCase@77] - STARTING Optional[public void org.apache.zookeeper.common.X509UtilTest.testLoadPEMKeyStore(org.apache.zookeeper.common.X509KeyType,org.apache.zookeeper.common.X509KeyType,java.lang.String,java.lang.Integer) throws java.lang.Exception]
2021-11-08 11:05:53,255 [myid:] - INFO  [main:ZKTestCase@82] - FINISHED Optional[public void org.apache.zookeeper.common.X509UtilTest.testLoadPEMKeyStore(org.apache.zookeeper.common.X509KeyType,org.apache.zookeeper.common.X509KeyType,java.lang.String,java.lang.Integer) throws java.lang.Exception]
]]></system-out>
  </testcase>
  <testcase name="testLoadPEMKeyStore{X509KeyType, X509KeyType, String, Integer}[7]" classname="org.apache.zookeeper.common.X509UtilTest" time="0.001"/>
  <testcase name="testLoadPEMKeyStore{X509KeyType, X509KeyType, String, Integer}[8]" classname="org.apache.zookeeper.common.X509UtilTest" time="0.004">
    <error message="org.bouncycastle.operator.OperatorCreationException: Illegal key size or default parameters" type="java.io.IOException">java.io.IOException: org.bouncycastle.operator.OperatorCreationException: Illegal key size or default parameters
	at org.apache.zookeeper.common.X509TestContext.getKeyStorePemFile(X509TestContext.java:307)
	at org.apache.zookeeper.common.X509TestContext.getKeyStoreFile(X509TestContext.java:270)
	at org.apache.zookeeper.common.X509UtilTest.testLoadPEMKeyStore(X509UtilTest.java:249)
Caused by: org.bouncycastle.operator.OperatorCreationException: Illegal key size or default parameters
	at org.apache.zookeeper.common.X509TestHelpers.pemEncodePrivateKey(X509TestHelpers.java:273)
	at org.apache.zookeeper.common.X509TestHelpers.pemEncodeCertAndPrivateKey(X509TestHelpers.java:255)
	at org.apache.zookeeper.common.X509TestContext.getKeyStorePemFile(X509TestContext.java:304)
	... 2 more
Caused by: java.security.InvalidKeyException: Illegal key size or default parameters
	at javax.crypto.Cipher.checkCryptoPerm(Cipher.java:1021)
	at javax.crypto.Cipher.init(Cipher.java:1225)
	at javax.crypto.Cipher.init(Cipher.java:1166)
	... 5 more
</error>
    <system-out><![CDATA[2021-11-08 11:05:53,259 [myid:] - INFO  [main:ZKTestCase@77] - STARTING Optional[public void org.apache.zookeeper.common.X509UtilTest.testLoadPEMKeyStore(org.apache.zookeeper.common.X509KeyType,org.apache.zookeeper.common.X509KeyType,java.lang.String,java.lang.Integer) throws java.lang.Exception]
2021-11-08 11:05:53,261 [myid:] - INFO  [main:ZKTestCase@82] - FINISHED Optional[public void org.apache.zookeeper.common.X509UtilTest.testLoadPEMKeyStore(org.apache.zookeeper.common.X509KeyType,org.apache.zookeeper.common.X509KeyType,java.lang.String,java.lang.Integer) throws java.lang.Exception]
]]></system-out>
  </testcase>
  <testcase name="testLoadPKCS12KeyStoreWithWrongPassword{X509KeyType, X509KeyType, String, Integer}[1]" classname="org.apache.zookeeper.common.X509UtilTest" time="0.003"/>
  <testcase name="testLoadPKCS12KeyStoreWithWrongPassword{X509KeyType, X509KeyType, String, Integer}[2]" classname="org.apache.zookeeper.common.X509UtilTest" time="0.004"/>
  <testcase name="testLoadPKCS12KeyStoreWithWrongPassword{X509KeyType, X509KeyType, String, Integer}[3]" classname="org.apache.zookeeper.common.X509UtilTest" time="0.002"/>
  <testcase name="testLoadPKCS12KeyStoreWithWrongPassword{X509KeyType, X509KeyType, String, Integer}[4]" classname="org.apache.zookeeper.common.X509UtilTest" time="0.006"/>
  <testcase name="testLoadPKCS12KeyStoreWithWrongPassword{X509KeyType, X509KeyType, String, Integer}[5]" classname="org.apache.zookeeper.common.X509UtilTest" time="0"/>
  <testcase name="testLoadPKCS12KeyStoreWithWrongPassword{X509KeyType, X509KeyType, String, Integer}[6]" classname="org.apache.zookeeper.common.X509UtilTest" time="0.002"/>
  <testcase name="testLoadPKCS12KeyStoreWithWrongPassword{X509KeyType, X509KeyType, String, Integer}[7]" classname="org.apache.zookeeper.common.X509UtilTest" time="0.002"/>
  <testcase name="testLoadPKCS12KeyStoreWithWrongPassword{X509KeyType, X509KeyType, String, Integer}[8]" classname="org.apache.zookeeper.common.X509UtilTest" time="0.002"/>
  <testcase name="testLoadPEMKeyStoreWithWrongPassword{X509KeyType, X509KeyType, String, Integer}[1]" classname="org.apache.zookeeper.common.X509UtilTest" time="0"/>
  <testcase name="testLoadPEMKeyStoreWithWrongPassword{X509KeyType, X509KeyType, String, Integer}[2]" classname="org.apache.zookeeper.common.X509UtilTest" time="0.002">
    <failure message="Unexpected exception type thrown ==&gt; expected: &lt;org.apache.zookeeper.common.X509Exception.KeyManagerException&gt; but was: &lt;java.io.IOException&gt;" type="org.opentest4j.AssertionFailedError"><![CDATA[org.opentest4j.AssertionFailedError: Unexpected exception type thrown ==> expected: <org.apache.zookeeper.common.X509Exception.KeyManagerException> but was: <java.io.IOException>
	at org.apache.zookeeper.common.X509UtilTest.testLoadPEMKeyStoreWithWrongPassword(X509UtilTest.java:289)
Caused by: java.io.IOException: org.bouncycastle.operator.OperatorCreationException: Illegal key size or default parameters
	at org.apache.zookeeper.common.X509TestContext.getKeyStorePemFile(X509TestContext.java:307)
	at org.apache.zookeeper.common.X509TestContext.getKeyStoreFile(X509TestContext.java:270)
	at org.apache.zookeeper.common.X509UtilTest.lambda$testLoadPEMKeyStoreWithWrongPassword$95(X509UtilTest.java:292)
	... 1 more
Caused by: org.bouncycastle.operator.OperatorCreationException: Illegal key size or default parameters
	at org.apache.zookeeper.common.X509TestHelpers.pemEncodePrivateKey(X509TestHelpers.java:273)
	at org.apache.zookeeper.common.X509TestHelpers.pemEncodeCertAndPrivateKey(X509TestHelpers.java:255)
	at org.apache.zookeeper.common.X509TestContext.getKeyStorePemFile(X509TestContext.java:304)
	... 3 more
Caused by: java.security.InvalidKeyException: Illegal key size or default parameters
	at javax.crypto.Cipher.checkCryptoPerm(Cipher.java:1021)
	at javax.crypto.Cipher.init(Cipher.java:1225)
	at javax.crypto.Cipher.init(Cipher.java:1166)
	... 6 more
]]></failure>
    <system-out><![CDATA[2021-11-08 11:05:53,289 [myid:] - INFO  [main:ZKTestCase@77] - STARTING Optional[public void org.apache.zookeeper.common.X509UtilTest.testLoadPEMKeyStoreWithWrongPassword(org.apache.zookeeper.common.X509KeyType,org.apache.zookeeper.common.X509KeyType,java.lang.String,java.lang.Integer) throws java.lang.Exception]
2021-11-08 11:05:53,291 [myid:] - INFO  [main:ZKTestCase@82] - FINISHED Optional[public void org.apache.zookeeper.common.X509UtilTest.testLoadPEMKeyStoreWithWrongPassword(org.apache.zookeeper.common.X509KeyType,org.apache.zookeeper.common.X509KeyType,java.lang.String,java.lang.Integer) throws java.lang.Exception]
]]></system-out>
  </testcase>
  <testcase name="testLoadPEMKeyStoreWithWrongPassword{X509KeyType, X509KeyType, String, Integer}[3]" classname="org.apache.zookeeper.common.X509UtilTest" time="0"/>
  <testcase name="testLoadPEMKeyStoreWithWrongPassword{X509KeyType, X509KeyType, String, Integer}[4]" classname="org.apache.zookeeper.common.X509UtilTest" time="0.003">
    <failure message="Unexpected exception type thrown ==&gt; expected: &lt;org.apache.zookeeper.common.X509Exception.KeyManagerException&gt; but was: &lt;java.io.IOException&gt;" type="org.opentest4j.AssertionFailedError"><![CDATA[org.opentest4j.AssertionFailedError: Unexpected exception type thrown ==> expected: <org.apache.zookeeper.common.X509Exception.KeyManagerException> but was: <java.io.IOException>
	at org.apache.zookeeper.common.X509UtilTest.testLoadPEMKeyStoreWithWrongPassword(X509UtilTest.java:289)
Caused by: java.io.IOException: org.bouncycastle.operator.OperatorCreationException: Illegal key size or default parameters
	at org.apache.zookeeper.common.X509TestContext.getKeyStorePemFile(X509TestContext.java:307)
	at org.apache.zookeeper.common.X509TestContext.getKeyStoreFile(X509TestContext.java:270)
	at org.apache.zookeeper.common.X509UtilTest.lambda$testLoadPEMKeyStoreWithWrongPassword$95(X509UtilTest.java:292)
	... 1 more
Caused by: org.bouncycastle.operator.OperatorCreationException: Illegal key size or default parameters
	at org.apache.zookeeper.common.X509TestHelpers.pemEncodePrivateKey(X509TestHelpers.java:273)
	at org.apache.zookeeper.common.X509TestHelpers.pemEncodeCertAndPrivateKey(X509TestHelpers.java:255)
	at org.apache.zookeeper.common.X509TestContext.getKeyStorePemFile(X509TestContext.java:304)
	... 3 more
Caused by: java.security.InvalidKeyException: Illegal key size or default parameters
	at javax.crypto.Cipher.checkCryptoPerm(Cipher.java:1021)
	at javax.crypto.Cipher.init(Cipher.java:1225)
	at javax.crypto.Cipher.init(Cipher.java:1166)
	... 6 more
]]></failure>
    <system-out><![CDATA[2021-11-08 11:05:53,294 [myid:] - INFO  [main:ZKTestCase@77] - STARTING Optional[public void org.apache.zookeeper.common.X509UtilTest.testLoadPEMKeyStoreWithWrongPassword(org.apache.zookeeper.common.X509KeyType,org.apache.zookeeper.common.X509KeyType,java.lang.String,java.lang.Integer) throws java.lang.Exception]
2021-11-08 11:05:53,296 [myid:] - INFO  [main:ZKTestCase@82] - FINISHED Optional[public void org.apache.zookeeper.common.X509UtilTest.testLoadPEMKeyStoreWithWrongPassword(org.apache.zookeeper.common.X509KeyType,org.apache.zookeeper.common.X509KeyType,java.lang.String,java.lang.Integer) throws java.lang.Exception]
]]></system-out>
  </testcase>
  <testcase name="testLoadPEMKeyStoreWithWrongPassword{X509KeyType, X509KeyType, String, Integer}[5]" classname="org.apache.zookeeper.common.X509UtilTest" time="0.001"/>
  <testcase name="testLoadPEMKeyStoreWithWrongPassword{X509KeyType, X509KeyType, String, Integer}[6]" classname="org.apache.zookeeper.common.X509UtilTest" time="0.003">
    <failure message="Unexpected exception type thrown ==&gt; expected: &lt;org.apache.zookeeper.common.X509Exception.KeyManagerException&gt; but was: &lt;java.io.IOException&gt;" type="org.opentest4j.AssertionFailedError"><![CDATA[org.opentest4j.AssertionFailedError: Unexpected exception type thrown ==> expected: <org.apache.zookeeper.common.X509Exception.KeyManagerException> but was: <java.io.IOException>
	at org.apache.zookeeper.common.X509UtilTest.testLoadPEMKeyStoreWithWrongPassword(X509UtilTest.java:289)
Caused by: java.io.IOException: org.bouncycastle.operator.OperatorCreationException: Illegal key size or default parameters
	at org.apache.zookeeper.common.X509TestContext.getKeyStorePemFile(X509TestContext.java:307)
	at org.apache.zookeeper.common.X509TestContext.getKeyStoreFile(X509TestContext.java:270)
	at org.apache.zookeeper.common.X509UtilTest.lambda$testLoadPEMKeyStoreWithWrongPassword$95(X509UtilTest.java:292)
	... 1 more
Caused by: org.bouncycastle.operator.OperatorCreationException: Illegal key size or default parameters
	at org.apache.zookeeper.common.X509TestHelpers.pemEncodePrivateKey(X509TestHelpers.java:273)
	at org.apache.zookeeper.common.X509TestHelpers.pemEncodeCertAndPrivateKey(X509TestHelpers.java:255)
	at org.apache.zookeeper.common.X509TestContext.getKeyStorePemFile(X509TestContext.java:304)
	... 3 more
Caused by: java.security.InvalidKeyException: Illegal key size or default parameters
	at javax.crypto.Cipher.checkCryptoPerm(Cipher.java:1021)
	at javax.crypto.Cipher.init(Cipher.java:1225)
	at javax.crypto.Cipher.init(Cipher.java:1166)
	... 6 more
]]></failure>
    <system-out><![CDATA[2021-11-08 11:05:53,298 [myid:] - INFO  [main:ZKTestCase@77] - STARTING Optional[public void org.apache.zookeeper.common.X509UtilTest.testLoadPEMKeyStoreWithWrongPassword(org.apache.zookeeper.common.X509KeyType,org.apache.zookeeper.common.X509KeyType,java.lang.String,java.lang.Integer) throws java.lang.Exception]
2021-11-08 11:05:53,300 [myid:] - INFO  [main:ZKTestCase@82] - FINISHED Optional[public void org.apache.zookeeper.common.X509UtilTest.testLoadPEMKeyStoreWithWrongPassword(org.apache.zookeeper.common.X509KeyType,org.apache.zookeeper.common.X509KeyType,java.lang.String,java.lang.Integer) throws java.lang.Exception]
]]></system-out>
  </testcase>
  <testcase name="testLoadPEMKeyStoreWithWrongPassword{X509KeyType, X509KeyType, String, Integer}[7]" classname="org.apache.zookeeper.common.X509UtilTest" time="0.001"/>
  <testcase name="testLoadPEMKeyStoreWithWrongPassword{X509KeyType, X509KeyType, String, Integer}[8]" classname="org.apache.zookeeper.common.X509UtilTest" time="0.002">
    <failure message="Unexpected exception type thrown ==&gt; expected: &lt;org.apache.zookeeper.common.X509Exception.KeyManagerException&gt; but was: &lt;java.io.IOException&gt;" type="org.opentest4j.AssertionFailedError"><![CDATA[org.opentest4j.AssertionFailedError: Unexpected exception type thrown ==> expected: <org.apache.zookeeper.common.X509Exception.KeyManagerException> but was: <java.io.IOException>
	at org.apache.zookeeper.common.X509UtilTest.testLoadPEMKeyStoreWithWrongPassword(X509UtilTest.java:289)
Caused by: java.io.IOException: org.bouncycastle.operator.OperatorCreationException: Illegal key size or default parameters
	at org.apache.zookeeper.common.X509TestContext.getKeyStorePemFile(X509TestContext.java:307)
	at org.apache.zookeeper.common.X509TestContext.getKeyStoreFile(X509TestContext.java:270)
	at org.apache.zookeeper.common.X509UtilTest.lambda$testLoadPEMKeyStoreWithWrongPassword$95(X509UtilTest.java:292)
	... 1 more
Caused by: org.bouncycastle.operator.OperatorCreationException: Illegal key size or default parameters
	at org.apache.zookeeper.common.X509TestHelpers.pemEncodePrivateKey(X509TestHelpers.java:273)
	at org.apache.zookeeper.common.X509TestHelpers.pemEncodeCertAndPrivateKey(X509TestHelpers.java:255)
	at org.apache.zookeeper.common.X509TestContext.getKeyStorePemFile(X509TestContext.java:304)
	... 3 more
Caused by: java.security.InvalidKeyException: Illegal key size or default parameters
	at javax.crypto.Cipher.checkCryptoPerm(Cipher.java:1021)
	at javax.crypto.Cipher.init(Cipher.java:1225)
	at javax.crypto.Cipher.init(Cipher.java:1166)
	... 6 more
]]></failure>
    <system-out><![CDATA[2021-11-08 11:05:53,303 [myid:] - INFO  [main:ZKTestCase@77] - STARTING Optional[public void org.apache.zookeeper.common.X509UtilTest.testLoadPEMKeyStoreWithWrongPassword(org.apache.zookeeper.common.X509KeyType,org.apache.zookeeper.common.X509KeyType,java.lang.String,java.lang.Integer) throws java.lang.Exception]
2021-11-08 11:05:53,305 [myid:] - INFO  [main:ZKTestCase@82] - FINISHED Optional[public void org.apache.zookeeper.common.X509UtilTest.testLoadPEMKeyStoreWithWrongPassword(org.apache.zookeeper.common.X509KeyType,org.apache.zookeeper.common.X509KeyType,java.lang.String,java.lang.Integer) throws java.lang.Exception]
]]></system-out>
  </testcase>
  <testcase name="testCreateSSLServerSocketWithoutPort{X509KeyType, X509KeyType, String, Integer}[1]" classname="org.apache.zookeeper.common.X509UtilTest" time="0.002"/>
  <testcase name="testCreateSSLServerSocketWithoutPort{X509KeyType, X509KeyType, String, Integer}[2]" classname="org.apache.zookeeper.common.X509UtilTest" time="0.003"/>
  <testcase name="testCreateSSLServerSocketWithoutPort{X509KeyType, X509KeyType, String, Integer}[3]" classname="org.apache.zookeeper.common.X509UtilTest" time="0.002"/>
  <testcase name="testCreateSSLServerSocketWithoutPort{X509KeyType, X509KeyType, String, Integer}[4]" classname="org.apache.zookeeper.common.X509UtilTest" time="0.004"/>
  <testcase name="testCreateSSLServerSocketWithoutPort{X509KeyType, X509KeyType, String, Integer}[5]" classname="org.apache.zookeeper.common.X509UtilTest" time="0.002"/>
  <testcase name="testCreateSSLServerSocketWithoutPort{X509KeyType, X509KeyType, String, Integer}[6]" classname="org.apache.zookeeper.common.X509UtilTest" time="0.002"/>
  <testcase name="testCreateSSLServerSocketWithoutPort{X509KeyType, X509KeyType, String, Integer}[7]" classname="org.apache.zookeeper.common.X509UtilTest" time="0.002"/>
  <testcase name="testCreateSSLServerSocketWithoutPort{X509KeyType, X509KeyType, String, Integer}[8]" classname="org.apache.zookeeper.common.X509UtilTest" time="0.002"/>
  <testcase name="testGetDefaultCipherSuitesNullVersion{X509KeyType, X509KeyType, String, Integer}[1]" classname="org.apache.zookeeper.common.X509UtilTest" time="0.001"/>
  <testcase name="testGetDefaultCipherSuitesNullVersion{X509KeyType, X509KeyType, String, Integer}[2]" classname="org.apache.zookeeper.common.X509UtilTest" time="0.001"/>
  <testcase name="testGetDefaultCipherSuitesNullVersion{X509KeyType, X509KeyType, String, Integer}[3]" classname="org.apache.zookeeper.common.X509UtilTest" time="0.001"/>
  <testcase name="testGetDefaultCipherSuitesNullVersion{X509KeyType, X509KeyType, String, Integer}[4]" classname="org.apache.zookeeper.common.X509UtilTest" time="0.001"/>
  <testcase name="testGetDefaultCipherSuitesNullVersion{X509KeyType, X509KeyType, String, Integer}[5]" classname="org.apache.zookeeper.common.X509UtilTest" time="0"/>
  <testcase name="testGetDefaultCipherSuitesNullVersion{X509KeyType, X509KeyType, String, Integer}[6]" classname="org.apache.zookeeper.common.X509UtilTest" time="0"/>
  <testcase name="testGetDefaultCipherSuitesNullVersion{X509KeyType, X509KeyType, String, Integer}[7]" classname="org.apache.zookeeper.common.X509UtilTest" time="0"/>
  <testcase name="testGetDefaultCipherSuitesNullVersion{X509KeyType, X509KeyType, String, Integer}[8]" classname="org.apache.zookeeper.common.X509UtilTest" time="0.002"/>
  <testcase name="testLoadPKCS12KeyStoreNullPassword{X509KeyType, X509KeyType, String, Integer}[1]" classname="org.apache.zookeeper.common.X509UtilTest" time="0.001"/>
  <testcase name="testLoadPKCS12KeyStoreNullPassword{X509KeyType, X509KeyType, String, Integer}[2]" classname="org.apache.zookeeper.common.X509UtilTest" time="0.001"/>
  <testcase name="testLoadPKCS12KeyStoreNullPassword{X509KeyType, X509KeyType, String, Integer}[3]" classname="org.apache.zookeeper.common.X509UtilTest" time="0.002"/>
  <testcase name="testLoadPKCS12KeyStoreNullPassword{X509KeyType, X509KeyType, String, Integer}[4]" classname="org.apache.zookeeper.common.X509UtilTest" time="0"/>
  <testcase name="testLoadPKCS12KeyStoreNullPassword{X509KeyType, X509KeyType, String, Integer}[5]" classname="org.apache.zookeeper.common.X509UtilTest" time="0.002"/>
  <testcase name="testLoadPKCS12KeyStoreNullPassword{X509KeyType, X509KeyType, String, Integer}[6]" classname="org.apache.zookeeper.common.X509UtilTest" time="0.001"/>
  <testcase name="testLoadPKCS12KeyStoreNullPassword{X509KeyType, X509KeyType, String, Integer}[7]" classname="org.apache.zookeeper.common.X509UtilTest" time="0.002"/>
  <testcase name="testLoadPKCS12KeyStoreNullPassword{X509KeyType, X509KeyType, String, Integer}[8]" classname="org.apache.zookeeper.common.X509UtilTest" time="0.001"/>
</testsuite>