<?xml version="1.0" encoding="UTF-8"?>
<testsuite xmlns:xsi="http://www.w3.org/2001/XMLSchema-instance" xsi:noNamespaceSchemaLocation="https://maven.apache.org/surefire/maven-surefire-plugin/xsd/surefire-test-report.xsd" name="org.apache.zookeeper.test.ClientSSLTest" time="115.722" tests="4" errors="0" skipped="0" failures="3">
  <properties>
[...]
</properties>
  <testcase name="testClientServerSSL" classname="org.apache.zookeeper.test.ClientSSLTest" time="51.283">
    <failure message="ZooKeeper client can not connect to 127.0.0.1:27381" type="org.opentest4j.AssertionFailedError">org.opentest4j.AssertionFailedError: ZooKeeper client can not connect to 127.0.0.1:27381
	at org.apache.zookeeper.test.ClientBase.createZKClient(ClientBase.java:729)
	at org.apache.zookeeper.test.ClientBase.createZKClient(ClientBase.java:719)
	at org.apache.zookeeper.test.ClientBase.createZKClient(ClientBase.java:714)
	at org.apache.zookeeper.test.ClientSSLTest.testClientServerSSL(ClientSSLTest.java:133)
	at org.apache.zookeeper.test.ClientSSLTest.testClientServerSSL(ClientSSLTest.java:98)
</failure>
    <system-out><![CDATA[2021-11-08 11:18:59,314 [myid:] - INFO  [main:ZKTestCase@77] - STARTING Optional[public void org.apache.zookeeper.test.ClientSSLTest.testClientServerSSL() throws java.lang.Exception]
2021-11-08 11:18:59,319 [myid:] - INFO  [main:X509Util@77] - Setting -D jdk.tls.rejectClientInitiatedRenegotiation=true to disable client-initiated TLS renegotiation
2021-11-08 11:18:59,322 [myid:] - INFO  [main:PortAssignment@154] - Test process 7/8 using ports from 27379 - 30071.
2021-11-08 11:18:59,328 [myid:] - INFO  [main:PortAssignment@87] - Assigned port 27380 from range 27379 - 30071.
2021-11-08 11:18:59,328 [myid:] - INFO  [main:PortAssignment@87] - Assigned port 27381 from range 27379 - 30071.
2021-11-08 11:18:59,329 [myid:] - INFO  [main:PortAssignment@87] - Assigned port 27382 from range 27379 - 30071.
2021-11-08 11:18:59,329 [myid:] - INFO  [main:PortAssignment@87] - Assigned port 27383 from range 27379 - 30071.
2021-11-08 11:18:59,330 [myid:] - INFO  [main:PortAssignment@87] - Assigned port 27384 from range 27379 - 30071.
2021-11-08 11:18:59,330 [myid:] - INFO  [main:PortAssignment@87] - Assigned port 27385 from range 27379 - 30071.
2021-11-08 11:18:59,330 [myid:] - INFO  [main:PortAssignment@87] - Assigned port 27386 from range 27379 - 30071.
2021-11-08 11:18:59,331 [myid:] - INFO  [main:PortAssignment@87] - Assigned port 27387 from range 27379 - 30071.
2021-11-08 11:18:59,331 [myid:] - INFO  [main:PortAssignment@87] - Assigned port 27388 from range 27379 - 30071.
2021-11-08 11:18:59,331 [myid:] - INFO  [main:PortAssignment@87] - Assigned port 27389 from range 27379 - 30071.
2021-11-08 11:18:59,332 [myid:] - INFO  [main:PortAssignment@87] - Assigned port 27390 from range 27379 - 30071.
2021-11-08 11:18:59,332 [myid:] - INFO  [main:PortAssignment@87] - Assigned port 27391 from range 27379 - 30071.
2021-11-08 11:18:59,789 [myid:] - INFO  [main:QuorumPeerTestBase$MainThread@205] - id = 0 tmpDir = D:\mysoft\faiscoGit\myStudy\ZooKeeperLearning\apache-zookeeper-3.7.0\zookeeper-server\target\surefire\test3245434092809740696.junit.dir clientPort = -1 adminServerPort = 8080
2021-11-08 11:18:59,793 [myid:] - INFO  [main:QuorumPeerTestBase$MainThread@205] - id = 1 tmpDir = D:\mysoft\faiscoGit\myStudy\ZooKeeperLearning\apache-zookeeper-3.7.0\zookeeper-server\target\surefire\test3840903472109503997.junit.dir clientPort = -1 adminServerPort = 8080
2021-11-08 11:18:59,796 [myid:] - INFO  [main:QuorumPeerTestBase$MainThread@205] - id = 2 tmpDir = D:\mysoft\faiscoGit\myStudy\ZooKeeperLearning\apache-zookeeper-3.7.0\zookeeper-server\target\surefire\test4257760340138513619.junit.dir clientPort = -1 adminServerPort = 8080
2021-11-08 11:18:59,797 [myid:] - INFO  [Thread-1:QuorumPeerConfig@174] - Reading configuration from: D:\mysoft\faiscoGit\myStudy\ZooKeeperLearning\apache-zookeeper-3.7.0\zookeeper-server\target\surefire\test3245434092809740696.junit.dir\zoo.cfg
2021-11-08 11:18:59,797 [myid:] - INFO  [Thread-2:QuorumPeerConfig@174] - Reading configuration from: D:\mysoft\faiscoGit\myStudy\ZooKeeperLearning\apache-zookeeper-3.7.0\zookeeper-server\target\surefire\test3840903472109503997.junit.dir\zoo.cfg
2021-11-08 11:18:59,803 [myid:] - INFO  [Thread-3:QuorumPeerConfig@174] - Reading configuration from: D:\mysoft\faiscoGit\myStudy\ZooKeeperLearning\apache-zookeeper-3.7.0\zookeeper-server\target\surefire\test4257760340138513619.junit.dir\zoo.cfg
2021-11-08 11:18:59,804 [myid:] - INFO  [main:FourLetterWordMain@94] - connecting to 127.0.0.1 27380
2021-11-08 11:18:59,806 [myid:] - INFO  [Thread-3:QuorumPeerConfig@435] - clientPort is not set
2021-11-08 11:18:59,806 [myid:] - INFO  [Thread-1:QuorumPeerConfig@435] - clientPort is not set
2021-11-08 11:18:59,806 [myid:] - INFO  [Thread-2:QuorumPeerConfig@435] - clientPort is not set
2021-11-08 11:18:59,806 [myid:] - INFO  [Thread-3:QuorumPeerConfig@457] - secureClientPortAddress is 0.0.0.0:27389
2021-11-08 11:18:59,806 [myid:] - INFO  [Thread-1:QuorumPeerConfig@457] - secureClientPortAddress is 0.0.0.0:27381
2021-11-08 11:18:59,806 [myid:] - INFO  [Thread-1:QuorumPeerConfig@464] - observerMasterPort is not set
2021-11-08 11:18:59,806 [myid:] - INFO  [Thread-2:QuorumPeerConfig@457] - secureClientPortAddress is 0.0.0.0:27385
2021-11-08 11:18:59,806 [myid:] - INFO  [Thread-1:QuorumPeerConfig@481] - metricsProvider.className is org.apache.zookeeper.metrics.impl.DefaultMetricsProvider
2021-11-08 11:18:59,806 [myid:] - INFO  [Thread-3:QuorumPeerConfig@464] - observerMasterPort is not set
2021-11-08 11:18:59,807 [myid:] - INFO  [Thread-3:QuorumPeerConfig@481] - metricsProvider.className is org.apache.zookeeper.metrics.impl.DefaultMetricsProvider
2021-11-08 11:18:59,806 [myid:] - INFO  [Thread-2:QuorumPeerConfig@464] - observerMasterPort is not set
2021-11-08 11:18:59,807 [myid:] - INFO  [Thread-2:QuorumPeerConfig@481] - metricsProvider.className is org.apache.zookeeper.metrics.impl.DefaultMetricsProvider
2021-11-08 11:18:59,813 [myid:0] - INFO  [Thread-1:DatadirCleanupManager@78] - autopurge.snapRetainCount set to 3
2021-11-08 11:18:59,813 [myid:2] - INFO  [Thread-3:DatadirCleanupManager@78] - autopurge.snapRetainCount set to 3
2021-11-08 11:18:59,814 [myid:0] - INFO  [Thread-1:DatadirCleanupManager@79] - autopurge.purgeInterval set to 0
2021-11-08 11:18:59,814 [myid:0] - INFO  [Thread-1:DatadirCleanupManager@101] - Purge task is not scheduled.
2021-11-08 11:18:59,814 [myid:2] - INFO  [Thread-3:DatadirCleanupManager@79] - autopurge.purgeInterval set to 0
2021-11-08 11:18:59,814 [myid:2] - INFO  [Thread-3:DatadirCleanupManager@101] - Purge task is not scheduled.
2021-11-08 11:18:59,816 [myid:0] - INFO  [Thread-1:ManagedUtil@44] - Log4j 1.2 jmx support found and enabled.
2021-11-08 11:18:59,816 [myid:2] - INFO  [Thread-3:ManagedUtil@44] - Log4j 1.2 jmx support found and enabled.
2021-11-08 11:18:59,844 [myid:0] - ERROR [Thread-1:AppenderDynamicMBean@209] - Could not add DynamicLayoutMBean for [CONSOLE,layout=org.apache.log4j.PatternLayout].
javax.management.InstanceAlreadyExistsException: log4j:appender=CONSOLE,layout=org.apache.log4j.PatternLayout
	at com.sun.jmx.mbeanserver.Repository.addMBean(Repository.java:437)
	at com.sun.jmx.interceptor.DefaultMBeanServerInterceptor.registerWithRepository(DefaultMBeanServerInterceptor.java:1898)
	at com.sun.jmx.interceptor.DefaultMBeanServerInterceptor.registerDynamicMBean(DefaultMBeanServerInterceptor.java:966)
	at com.sun.jmx.interceptor.DefaultMBeanServerInterceptor.registerObject(DefaultMBeanServerInterceptor.java:900)
	at com.sun.jmx.interceptor.DefaultMBeanServerInterceptor.registerMBean(DefaultMBeanServerInterceptor.java:324)
	at com.sun.jmx.mbeanserver.JmxMBeanServer.registerMBean(JmxMBeanServer.java:522)
	at org.apache.log4j.jmx.AbstractDynamicMBean.registerMBean(AbstractDynamicMBean.java:160)
	at org.apache.log4j.jmx.AppenderDynamicMBean.registerLayoutMBean(AppenderDynamicMBean.java:203)
	at org.apache.log4j.jmx.AppenderDynamicMBean.preRegister(AppenderDynamicMBean.java:339)
	at com.sun.jmx.interceptor.DefaultMBeanServerInterceptor.preRegister(DefaultMBeanServerInterceptor.java:1007)
	at com.sun.jmx.interceptor.DefaultMBeanServerInterceptor.registerDynamicMBean(DefaultMBeanServerInterceptor.java:919)
	at com.sun.jmx.interceptor.DefaultMBeanServerInterceptor.registerObject(DefaultMBeanServerInterceptor.java:900)
	at com.sun.jmx.interceptor.DefaultMBeanServerInterceptor.registerMBean(DefaultMBeanServerInterceptor.java:324)
	at com.sun.jmx.mbeanserver.JmxMBeanServer.registerMBean(JmxMBeanServer.java:522)
	at org.apache.log4j.jmx.AbstractDynamicMBean.registerMBean(AbstractDynamicMBean.java:160)
	at org.apache.log4j.jmx.LoggerDynamicMBean.registerAppenderMBean(LoggerDynamicMBean.java:264)
	at org.apache.log4j.jmx.LoggerDynamicMBean.appenderMBeanRegistration(LoggerDynamicMBean.java:252)
	at org.apache.log4j.jmx.LoggerDynamicMBean.postRegister(LoggerDynamicMBean.java:280)
	at com.sun.jmx.interceptor.DefaultMBeanServerInterceptor.postRegister(DefaultMBeanServerInterceptor.java:1024)
	at com.sun.jmx.interceptor.DefaultMBeanServerInterceptor.registerDynamicMBean(DefaultMBeanServerInterceptor.java:974)
	at com.sun.jmx.interceptor.DefaultMBeanServerInterceptor.registerObject(DefaultMBeanServerInterceptor.java:900)
	at com.sun.jmx.interceptor.DefaultMBeanServerInterceptor.registerMBean(DefaultMBeanServerInterceptor.java:324)
	at com.sun.jmx.mbeanserver.JmxMBeanServer.registerMBean(JmxMBeanServer.java:522)
	at org.apache.log4j.jmx.AbstractDynamicMBean.registerMBean(AbstractDynamicMBean.java:160)
	at org.apache.log4j.jmx.HierarchyDynamicMBean.addLoggerMBean(HierarchyDynamicMBean.java:125)
	at org.apache.log4j.jmx.HierarchyDynamicMBean.postRegister(HierarchyDynamicMBean.java:263)
	at com.sun.jmx.interceptor.DefaultMBeanServerInterceptor.postRegister(DefaultMBeanServerInterceptor.java:1024)
	at com.sun.jmx.interceptor.DefaultMBeanServerInterceptor.registerDynamicMBean(DefaultMBeanServerInterceptor.java:974)
	at com.sun.jmx.interceptor.DefaultMBeanServerInterceptor.registerObject(DefaultMBeanServerInterceptor.java:900)
	at com.sun.jmx.interceptor.DefaultMBeanServerInterceptor.registerMBean(DefaultMBeanServerInterceptor.java:324)
	at com.sun.jmx.mbeanserver.JmxMBeanServer.registerMBean(JmxMBeanServer.java:522)
	at org.apache.zookeeper.jmx.ManagedUtil.registerLog4jMBeans(ManagedUtil.java:72)
	at org.apache.zookeeper.server.quorum.QuorumPeerMain.runFromConfig(QuorumPeerMain.java:147)
	at org.apache.zookeeper.server.quorum.QuorumPeerMain.initializeAndRun(QuorumPeerMain.java:137)
	at org.apache.zookeeper.server.quorum.QuorumPeerTestBase$MainThread.run(QuorumPeerTestBase.java:329)
	at java.lang.Thread.run(Thread.java:745)
2021-11-08 11:18:59,846 [myid:0] - ERROR [Thread-1:LoggerDynamicMBean@270] - Could not add appenderMBean for [CONSOLE].
javax.management.InstanceAlreadyExistsException: log4j:appender=CONSOLE
	at com.sun.jmx.mbeanserver.Repository.addMBean(Repository.java:437)
	at com.sun.jmx.interceptor.DefaultMBeanServerInterceptor.registerWithRepository(DefaultMBeanServerInterceptor.java:1898)
	at com.sun.jmx.interceptor.DefaultMBeanServerInterceptor.registerDynamicMBean(DefaultMBeanServerInterceptor.java:966)
	at com.sun.jmx.interceptor.DefaultMBeanServerInterceptor.registerObject(DefaultMBeanServerInterceptor.java:900)
	at com.sun.jmx.interceptor.DefaultMBeanServerInterceptor.registerMBean(DefaultMBeanServerInterceptor.java:324)
	at com.sun.jmx.mbeanserver.JmxMBeanServer.registerMBean(JmxMBeanServer.java:522)
	at org.apache.log4j.jmx.AbstractDynamicMBean.registerMBean(AbstractDynamicMBean.java:160)
	at org.apache.log4j.jmx.LoggerDynamicMBean.registerAppenderMBean(LoggerDynamicMBean.java:264)
	at org.apache.log4j.jmx.LoggerDynamicMBean.appenderMBeanRegistration(LoggerDynamicMBean.java:252)
	at org.apache.log4j.jmx.LoggerDynamicMBean.postRegister(LoggerDynamicMBean.java:280)
	at com.sun.jmx.interceptor.DefaultMBeanServerInterceptor.postRegister(DefaultMBeanServerInterceptor.java:1024)
	at com.sun.jmx.interceptor.DefaultMBeanServerInterceptor.registerDynamicMBean(DefaultMBeanServerInterceptor.java:974)
	at com.sun.jmx.interceptor.DefaultMBeanServerInterceptor.registerObject(DefaultMBeanServerInterceptor.java:900)
	at com.sun.jmx.interceptor.DefaultMBeanServerInterceptor.registerMBean(DefaultMBeanServerInterceptor.java:324)
	at com.sun.jmx.mbeanserver.JmxMBeanServer.registerMBean(JmxMBeanServer.java:522)
	at org.apache.log4j.jmx.AbstractDynamicMBean.registerMBean(AbstractDynamicMBean.java:160)
	at org.apache.log4j.jmx.HierarchyDynamicMBean.addLoggerMBean(HierarchyDynamicMBean.java:125)
	at org.apache.log4j.jmx.HierarchyDynamicMBean.postRegister(HierarchyDynamicMBean.java:263)
	at com.sun.jmx.interceptor.DefaultMBeanServerInterceptor.postRegister(DefaultMBeanServerInterceptor.java:1024)
	at com.sun.jmx.interceptor.DefaultMBeanServerInterceptor.registerDynamicMBean(DefaultMBeanServerInterceptor.java:974)
	at com.sun.jmx.interceptor.DefaultMBeanServerInterceptor.registerObject(DefaultMBeanServerInterceptor.java:900)
	at com.sun.jmx.interceptor.DefaultMBeanServerInterceptor.registerMBean(DefaultMBeanServerInterceptor.java:324)
	at com.sun.jmx.mbeanserver.JmxMBeanServer.registerMBean(JmxMBeanServer.java:522)
	at org.apache.zookeeper.jmx.ManagedUtil.registerLog4jMBeans(ManagedUtil.java:72)
	at org.apache.zookeeper.server.quorum.QuorumPeerMain.runFromConfig(QuorumPeerMain.java:147)
	at org.apache.zookeeper.server.quorum.QuorumPeerMain.initializeAndRun(QuorumPeerMain.java:137)
	at org.apache.zookeeper.server.quorum.QuorumPeerTestBase$MainThread.run(QuorumPeerTestBase.java:329)
	at java.lang.Thread.run(Thread.java:745)
2021-11-08 11:18:59,846 [myid:0] - ERROR [Thread-1:HierarchyDynamicMBean@138] - Could not add loggerMBean for [root].
javax.management.InstanceAlreadyExistsException: log4j:logger=root
	at com.sun.jmx.mbeanserver.Repository.addMBean(Repository.java:437)
	at com.sun.jmx.interceptor.DefaultMBeanServerInterceptor.registerWithRepository(DefaultMBeanServerInterceptor.java:1898)
	at com.sun.jmx.interceptor.DefaultMBeanServerInterceptor.registerDynamicMBean(DefaultMBeanServerInterceptor.java:966)
	at com.sun.jmx.interceptor.DefaultMBeanServerInterceptor.registerObject(DefaultMBeanServerInterceptor.java:900)
	at com.sun.jmx.interceptor.DefaultMBeanServerInterceptor.registerMBean(DefaultMBeanServerInterceptor.java:324)
	at com.sun.jmx.mbeanserver.JmxMBeanServer.registerMBean(JmxMBeanServer.java:522)
	at org.apache.log4j.jmx.AbstractDynamicMBean.registerMBean(AbstractDynamicMBean.java:160)
	at org.apache.log4j.jmx.HierarchyDynamicMBean.addLoggerMBean(HierarchyDynamicMBean.java:125)
	at org.apache.log4j.jmx.HierarchyDynamicMBean.postRegister(HierarchyDynamicMBean.java:263)
	at com.sun.jmx.interceptor.DefaultMBeanServerInterceptor.postRegister(DefaultMBeanServerInterceptor.java:1024)
	at com.sun.jmx.interceptor.DefaultMBeanServerInterceptor.registerDynamicMBean(DefaultMBeanServerInterceptor.java:974)
	at com.sun.jmx.interceptor.DefaultMBeanServerInterceptor.registerObject(DefaultMBeanServerInterceptor.java:900)
	at com.sun.jmx.interceptor.DefaultMBeanServerInterceptor.registerMBean(DefaultMBeanServerInterceptor.java:324)
	at com.sun.jmx.mbeanserver.JmxMBeanServer.registerMBean(JmxMBeanServer.java:522)
	at org.apache.zookeeper.jmx.ManagedUtil.registerLog4jMBeans(ManagedUtil.java:72)
	at org.apache.zookeeper.server.quorum.QuorumPeerMain.runFromConfig(QuorumPeerMain.java:147)
	at org.apache.zookeeper.server.quorum.QuorumPeerMain.initializeAndRun(QuorumPeerMain.java:137)
	at org.apache.zookeeper.server.quorum.QuorumPeerTestBase$MainThread.run(QuorumPeerTestBase.java:329)
	at java.lang.Thread.run(Thread.java:745)
2021-11-08 11:18:59,844 [myid:2] - ERROR [Thread-3:ManagedUtil@109] - Problems while registering log4j 1.2 jmx beans!
javax.management.InstanceAlreadyExistsException: log4j:hierarchy=default
	at com.sun.jmx.mbeanserver.Repository.addMBean(Repository.java:437)
	at com.sun.jmx.interceptor.DefaultMBeanServerInterceptor.registerWithRepository(DefaultMBeanServerInterceptor.java:1898)
	at com.sun.jmx.interceptor.DefaultMBeanServerInterceptor.registerDynamicMBean(DefaultMBeanServerInterceptor.java:966)
	at com.sun.jmx.interceptor.DefaultMBeanServerInterceptor.registerObject(DefaultMBeanServerInterceptor.java:900)
	at com.sun.jmx.interceptor.DefaultMBeanServerInterceptor.registerMBean(DefaultMBeanServerInterceptor.java:324)
	at com.sun.jmx.mbeanserver.JmxMBeanServer.registerMBean(JmxMBeanServer.java:522)
	at org.apache.zookeeper.jmx.ManagedUtil.registerLog4jMBeans(ManagedUtil.java:72)
	at org.apache.zookeeper.server.quorum.QuorumPeerMain.runFromConfig(QuorumPeerMain.java:147)
	at org.apache.zookeeper.server.quorum.QuorumPeerMain.initializeAndRun(QuorumPeerMain.java:137)
	at org.apache.zookeeper.server.quorum.QuorumPeerTestBase$MainThread.run(QuorumPeerTestBase.java:329)
	at java.lang.Thread.run(Thread.java:745)
2021-11-08 11:18:59,847 [myid:2] - WARN  [Thread-3:QuorumPeerMain@149] - Unable to register log4j JMX control
javax.management.JMException: javax.management.InstanceAlreadyExistsException: log4j:hierarchy=default
	at org.apache.zookeeper.jmx.ManagedUtil.registerLog4jMBeans(ManagedUtil.java:110)
	at org.apache.zookeeper.server.quorum.QuorumPeerMain.runFromConfig(QuorumPeerMain.java:147)
	at org.apache.zookeeper.server.quorum.QuorumPeerMain.initializeAndRun(QuorumPeerMain.java:137)
	at org.apache.zookeeper.server.quorum.QuorumPeerTestBase$MainThread.run(QuorumPeerTestBase.java:329)
	at java.lang.Thread.run(Thread.java:745)
2021-11-08 11:18:59,847 [myid:2] - INFO  [Thread-3:QuorumPeerMain@152] - Starting quorum peer, myid=2
2021-11-08 11:18:59,848 [myid:0] - INFO  [Thread-1:QuorumPeerMain@152] - Starting quorum peer, myid=0
2021-11-08 11:18:59,857 [myid:2] - INFO  [Thread-3:ServerMetrics@62] - ServerMetrics initialized with provider org.apache.zookeeper.metrics.impl.DefaultMetricsProvider@17dc949
2021-11-08 11:18:59,857 [myid:0] - INFO  [Thread-1:ServerMetrics@62] - ServerMetrics initialized with provider org.apache.zookeeper.metrics.impl.DefaultMetricsProvider@55d9f71f
2021-11-08 11:18:59,859 [myid:2] - INFO  [Thread-3:DigestAuthenticationProvider@47] - ACL digest algorithm is: SHA1
2021-11-08 11:18:59,859 [myid:2] - INFO  [Thread-3:DigestAuthenticationProvider@61] - zookeeper.DigestAuthenticationProvider.enabled = true
2021-11-08 11:18:59,898 [myid:0] - INFO  [Thread-1:DigestAuthenticationProvider@61] - zookeeper.DigestAuthenticationProvider.enabled = true
2021-11-08 11:18:59,945 [myid:0] - INFO  [Thread-1:NettyServerCnxnFactory@507] - zookeeper.client.portUnification=true
2021-11-08 11:18:59,945 [myid:2] - INFO  [Thread-3:NettyServerCnxnFactory@507] - zookeeper.client.portUnification=true
2021-11-08 11:18:59,945 [myid:0] - INFO  [Thread-1:NettyServerCnxnFactory@519] - zookeeper.netty.advancedFlowControl.enabled = false
2021-11-08 11:18:59,945 [myid:2] - INFO  [Thread-3:NettyServerCnxnFactory@519] - zookeeper.netty.advancedFlowControl.enabled = false
2021-11-08 11:18:59,945 [myid:2] - INFO  [Thread-3:NettyServerCnxnFactory@106] - handshakeThrottlingEnabled = false, zookeeper.netty.server.outstandingHandshake.limit = -1
2021-11-08 11:18:59,945 [myid:0] - INFO  [Thread-1:NettyServerCnxnFactory@106] - handshakeThrottlingEnabled = false, zookeeper.netty.server.outstandingHandshake.limit = -1
2021-11-08 11:19:00,238 [myid:1] - INFO  [Thread-2:DatadirCleanupManager@78] - autopurge.snapRetainCount set to 3
2021-11-08 11:19:00,238 [myid:1] - INFO  [Thread-2:DatadirCleanupManager@79] - autopurge.purgeInterval set to 0
2021-11-08 11:19:00,239 [myid:1] - INFO  [Thread-2:DatadirCleanupManager@101] - Purge task is not scheduled.
2021-11-08 11:19:00,239 [myid:1] - INFO  [Thread-2:ManagedUtil@44] - Log4j 1.2 jmx support found and enabled.
2021-11-08 11:19:00,239 [myid:1] - ERROR [Thread-2:ManagedUtil@109] - Problems while registering log4j 1.2 jmx beans!
javax.management.InstanceAlreadyExistsException: log4j:hierarchy=default
	at com.sun.jmx.mbeanserver.Repository.addMBean(Repository.java:437)
	at com.sun.jmx.interceptor.DefaultMBeanServerInterceptor.registerWithRepository(DefaultMBeanServerInterceptor.java:1898)
	at com.sun.jmx.interceptor.DefaultMBeanServerInterceptor.registerDynamicMBean(DefaultMBeanServerInterceptor.java:966)
	at com.sun.jmx.interceptor.DefaultMBeanServerInterceptor.registerObject(DefaultMBeanServerInterceptor.java:900)
	at com.sun.jmx.interceptor.DefaultMBeanServerInterceptor.registerMBean(DefaultMBeanServerInterceptor.java:324)
	at com.sun.jmx.mbeanserver.JmxMBeanServer.registerMBean(JmxMBeanServer.java:522)
	at org.apache.zookeeper.jmx.ManagedUtil.registerLog4jMBeans(ManagedUtil.java:72)
	at org.apache.zookeeper.server.quorum.QuorumPeerMain.runFromConfig(QuorumPeerMain.java:147)
	at org.apache.zookeeper.server.quorum.QuorumPeerMain.initializeAndRun(QuorumPeerMain.java:137)
	at org.apache.zookeeper.server.quorum.QuorumPeerTestBase$MainThread.run(QuorumPeerTestBase.java:329)
	at java.lang.Thread.run(Thread.java:745)
2021-11-08 11:19:00,239 [myid:1] - WARN  [Thread-2:QuorumPeerMain@149] - Unable to register log4j JMX control
javax.management.JMException: javax.management.InstanceAlreadyExistsException: log4j:hierarchy=default
	at org.apache.zookeeper.jmx.ManagedUtil.registerLog4jMBeans(ManagedUtil.java:110)
	at org.apache.zookeeper.server.quorum.QuorumPeerMain.runFromConfig(QuorumPeerMain.java:147)
	at org.apache.zookeeper.server.quorum.QuorumPeerMain.initializeAndRun(QuorumPeerMain.java:137)
	at org.apache.zookeeper.server.quorum.QuorumPeerTestBase$MainThread.run(QuorumPeerTestBase.java:329)
	at java.lang.Thread.run(Thread.java:745)
2021-11-08 11:19:00,239 [myid:1] - INFO  [Thread-2:QuorumPeerMain@152] - Starting quorum peer, myid=1
2021-11-08 11:19:00,239 [myid:1] - INFO  [Thread-2:ServerMetrics@62] - ServerMetrics initialized with provider org.apache.zookeeper.metrics.impl.DefaultMetricsProvider@1f3611c7
2021-11-08 11:19:00,239 [myid:1] - INFO  [Thread-2:DigestAuthenticationProvider@61] - zookeeper.DigestAuthenticationProvider.enabled = true
2021-11-08 11:19:00,240 [myid:1] - INFO  [Thread-2:NettyServerCnxnFactory@507] - zookeeper.client.portUnification=true
2021-11-08 11:19:00,240 [myid:1] - INFO  [Thread-2:NettyServerCnxnFactory@519] - zookeeper.netty.advancedFlowControl.enabled = false
2021-11-08 11:19:00,241 [myid:1] - INFO  [Thread-2:NettyServerCnxnFactory@106] - handshakeThrottlingEnabled = false, zookeeper.netty.server.outstandingHandshake.limit = -1
2021-11-08 11:19:00,455 [myid:2] - INFO  [Thread-3:ServerCnxnFactory@169] - Using org.apache.zookeeper.server.NettyServerCnxnFactory as server connection factory
2021-11-08 11:19:00,455 [myid:0] - INFO  [Thread-1:ServerCnxnFactory@169] - Using org.apache.zookeeper.server.NettyServerCnxnFactory as server connection factory
2021-11-08 11:19:00,456 [myid:2] - WARN  [Thread-3:ServerCnxnFactory@309] - maxCnxns is not configured, using default value 0.
2021-11-08 11:19:00,456 [myid:0] - WARN  [Thread-1:ServerCnxnFactory@309] - maxCnxns is not configured, using default value 0.
2021-11-08 11:19:00,456 [myid:2] - INFO  [Thread-3:NettyServerCnxnFactory@606] - configure org.apache.zookeeper.server.NettyServerCnxnFactory@376a5efc secure: false on addr /127.0.0.1:27388
2021-11-08 11:19:00,456 [myid:0] - INFO  [Thread-1:NettyServerCnxnFactory@606] - configure org.apache.zookeeper.server.NettyServerCnxnFactory@731776d0 secure: false on addr /127.0.0.1:27380
2021-11-08 11:19:00,456 [myid:2] - INFO  [Thread-3:NettyServerCnxnFactory@507] - zookeeper.client.portUnification=true
2021-11-08 11:19:00,457 [myid:2] - INFO  [Thread-3:NettyServerCnxnFactory@519] - zookeeper.netty.advancedFlowControl.enabled = false
2021-11-08 11:19:00,457 [myid:2] - INFO  [Thread-3:NettyServerCnxnFactory@106] - handshakeThrottlingEnabled = false, zookeeper.netty.server.outstandingHandshake.limit = -1
2021-11-08 11:19:00,459 [myid:0] - INFO  [Thread-1:NettyServerCnxnFactory@507] - zookeeper.client.portUnification=true
2021-11-08 11:19:00,459 [myid:0] - INFO  [Thread-1:NettyServerCnxnFactory@519] - zookeeper.netty.advancedFlowControl.enabled = false
2021-11-08 11:19:00,459 [myid:0] - INFO  [Thread-1:NettyServerCnxnFactory@106] - handshakeThrottlingEnabled = false, zookeeper.netty.server.outstandingHandshake.limit = -1
2021-11-08 11:19:00,788 [myid:1] - INFO  [Thread-2:ServerCnxnFactory@169] - Using org.apache.zookeeper.server.NettyServerCnxnFactory as server connection factory
2021-11-08 11:19:00,788 [myid:1] - WARN  [Thread-2:ServerCnxnFactory@309] - maxCnxns is not configured, using default value 0.
2021-11-08 11:19:00,788 [myid:1] - INFO  [Thread-2:NettyServerCnxnFactory@606] - configure org.apache.zookeeper.server.NettyServerCnxnFactory@3c8a33e3 secure: false on addr /127.0.0.1:27384
2021-11-08 11:19:00,788 [myid:1] - INFO  [Thread-2:NettyServerCnxnFactory@507] - zookeeper.client.portUnification=true
2021-11-08 11:19:00,788 [myid:1] - INFO  [Thread-2:NettyServerCnxnFactory@519] - zookeeper.netty.advancedFlowControl.enabled = false
2021-11-08 11:19:00,788 [myid:1] - INFO  [Thread-2:NettyServerCnxnFactory@106] - handshakeThrottlingEnabled = false, zookeeper.netty.server.outstandingHandshake.limit = -1
2021-11-08 11:19:01,074 [myid:2] - INFO  [Thread-3:ServerCnxnFactory@169] - Using org.apache.zookeeper.server.NettyServerCnxnFactory as server connection factory
2021-11-08 11:19:01,074 [myid:2] - WARN  [Thread-3:ServerCnxnFactory@309] - maxCnxns is not configured, using default value 0.
2021-11-08 11:19:01,074 [myid:2] - INFO  [Thread-3:NettyServerCnxnFactory@606] - configure org.apache.zookeeper.server.NettyServerCnxnFactory@154fe0ff secure: true on addr 0.0.0.0/0.0.0.0:27389
2021-11-08 11:19:01,078 [myid:2] - INFO  [Thread-3:QuorumPeer@796] - zookeeper.quorumCnxnTimeoutMs=-1
2021-11-08 11:19:01,081 [myid:0] - INFO  [Thread-1:ServerCnxnFactory@169] - Using org.apache.zookeeper.server.NettyServerCnxnFactory as server connection factory
2021-11-08 11:19:01,081 [myid:0] - WARN  [Thread-1:ServerCnxnFactory@309] - maxCnxns is not configured, using default value 0.
2021-11-08 11:19:01,081 [myid:0] - INFO  [Thread-1:NettyServerCnxnFactory@606] - configure org.apache.zookeeper.server.NettyServerCnxnFactory@10b9a71a secure: true on addr 0.0.0.0/0.0.0.0:27381
2021-11-08 11:19:01,085 [myid:0] - INFO  [Thread-1:FileTxnSnapLog@124] - zookeeper.snapshot.trust.empty : false
2021-11-08 11:19:01,085 [myid:2] - INFO  [Thread-3:FileTxnSnapLog@124] - zookeeper.snapshot.trust.empty : false
2021-11-08 11:19:01,090 [myid:2] - INFO  [Thread-3:QuorumPeer@1742] - Local sessions disabled
2021-11-08 11:19:01,090 [myid:2] - INFO  [Thread-3:QuorumPeer@1753] - Local session upgrading disabled
2021-11-08 11:19:01,090 [myid:0] - INFO  [Thread-1:QuorumPeer@1742] - Local sessions disabled
2021-11-08 11:19:01,090 [myid:0] - INFO  [Thread-1:QuorumPeer@1753] - Local session upgrading disabled
2021-11-08 11:19:01,090 [myid:0] - INFO  [Thread-1:QuorumPeer@1720] - tickTime set to 4000
2021-11-08 11:19:01,091 [myid:0] - INFO  [Thread-1:QuorumPeer@1764] - minSessionTimeout set to 8000
2021-11-08 11:19:01,091 [myid:0] - INFO  [Thread-1:QuorumPeer@1775] - maxSessionTimeout set to 80000
2021-11-08 11:19:01,091 [myid:0] - INFO  [Thread-1:QuorumPeer@1800] - initLimit set to 10
2021-11-08 11:19:01,091 [myid:0] - INFO  [Thread-1:QuorumPeer@1987] - syncLimit set to 5
2021-11-08 11:19:01,091 [myid:0] - INFO  [Thread-1:QuorumPeer@2002] - connectToLearnerMasterLimit set to 5
2021-11-08 11:19:01,090 [myid:2] - INFO  [Thread-3:QuorumPeer@1720] - tickTime set to 4000
2021-11-08 11:19:01,091 [myid:2] - INFO  [Thread-3:QuorumPeer@1764] - minSessionTimeout set to 8000
2021-11-08 11:19:01,091 [myid:2] - INFO  [Thread-3:QuorumPeer@1775] - maxSessionTimeout set to 80000
2021-11-08 11:19:01,091 [myid:2] - INFO  [Thread-3:QuorumPeer@1800] - initLimit set to 10
2021-11-08 11:19:01,091 [myid:2] - INFO  [Thread-3:QuorumPeer@1987] - syncLimit set to 5
2021-11-08 11:19:01,091 [myid:2] - INFO  [Thread-3:QuorumPeer@2002] - connectToLearnerMasterLimit set to 5
2021-11-08 11:19:01,105 [myid:2] - INFO  [Thread-3:ZookeeperBanner@42] - 
2021-11-08 11:19:01,105 [myid:2] - INFO  [Thread-3:ZookeeperBanner@42] -   ______                  _                                          
2021-11-08 11:19:01,105 [myid:2] - INFO  [Thread-3:ZookeeperBanner@42] -  |___  /                 | |                                         
2021-11-08 11:19:01,105 [myid:2] - INFO  [Thread-3:ZookeeperBanner@42] -     / /    ___     ___   | | __   ___    ___   _ __     ___   _ __   
2021-11-08 11:19:01,105 [myid:2] - INFO  [Thread-3:ZookeeperBanner@42] -    / /    / _ \   / _ \  | |/ /  / _ \  / _ \ | '_ \   / _ \ | '__|
2021-11-08 11:19:01,106 [myid:2] - INFO  [Thread-3:ZookeeperBanner@42] -   / /__  | (_) | | (_) | |   <  |  __/ |  __/ | |_) | |  __/ | |    
2021-11-08 11:19:01,106 [myid:2] - INFO  [Thread-3:ZookeeperBanner@42] -  /_____|  \___/   \___/  |_|\_\  \___|  \___| | .__/   \___| |_|
2021-11-08 11:19:01,106 [myid:2] - INFO  [Thread-3:ZookeeperBanner@42] -                                               | |                     
2021-11-08 11:19:01,106 [myid:2] - INFO  [Thread-3:ZookeeperBanner@42] -                                               |_|                     
2021-11-08 11:19:01,106 [myid:2] - INFO  [Thread-3:ZookeeperBanner@42] - 
2021-11-08 11:19:01,355 [myid:1] - INFO  [Thread-2:ServerCnxnFactory@169] - Using org.apache.zookeeper.server.NettyServerCnxnFactory as server connection factory
2021-11-08 11:19:01,356 [myid:1] - WARN  [Thread-2:ServerCnxnFactory@309] - maxCnxns is not configured, using default value 0.
2021-11-08 11:19:01,356 [myid:1] - INFO  [Thread-2:NettyServerCnxnFactory@606] - configure org.apache.zookeeper.server.NettyServerCnxnFactory@39c0c217 secure: true on addr 0.0.0.0/0.0.0.0:27385
2021-11-08 11:19:01,356 [myid:1] - INFO  [Thread-2:FileTxnSnapLog@124] - zookeeper.snapshot.trust.empty : false
2021-11-08 11:19:01,356 [myid:1] - INFO  [Thread-2:QuorumPeer@1742] - Local sessions disabled
2021-11-08 11:19:01,356 [myid:1] - INFO  [Thread-2:QuorumPeer@1753] - Local session upgrading disabled
2021-11-08 11:19:01,356 [myid:1] - INFO  [Thread-2:QuorumPeer@1720] - tickTime set to 4000
2021-11-08 11:19:01,356 [myid:1] - INFO  [Thread-2:QuorumPeer@1764] - minSessionTimeout set to 8000
2021-11-08 11:19:01,356 [myid:1] - INFO  [Thread-2:QuorumPeer@1775] - maxSessionTimeout set to 80000
2021-11-08 11:19:01,356 [myid:1] - INFO  [Thread-2:QuorumPeer@1800] - initLimit set to 10
2021-11-08 11:19:01,356 [myid:1] - INFO  [Thread-2:QuorumPeer@1987] - syncLimit set to 5
2021-11-08 11:19:01,356 [myid:1] - INFO  [Thread-2:QuorumPeer@2002] - connectToLearnerMasterLimit set to 5
2021-11-08 11:19:01,828 [myid:] - INFO  [main:ClientBase@264] - server 127.0.0.1:27380 not up: java.net.ConnectException: Connection refused: connect
2021-11-08 11:19:02,091 [myid:] - INFO  [main:FourLetterWordMain@94] - connecting to 127.0.0.1 27380
2021-11-08 11:19:04,123 [myid:] - INFO  [main:ClientBase@264] - server 127.0.0.1:27380 not up: java.net.ConnectException: Connection refused: connect
2021-11-08 11:19:04,387 [myid:] - INFO  [main:FourLetterWordMain@94] - connecting to 127.0.0.1 27380
2021-11-08 11:19:06,428 [myid:] - INFO  [main:ClientBase@264] - server 127.0.0.1:27380 not up: java.net.ConnectException: Connection refused: connect
2021-11-08 11:19:06,681 [myid:] - INFO  [main:FourLetterWordMain@94] - connecting to 127.0.0.1 27380
2021-11-08 11:19:08,714 [myid:] - INFO  [main:ClientBase@264] - server 127.0.0.1:27380 not up: java.net.ConnectException: Connection refused: connect
2021-11-08 11:19:08,980 [myid:] - INFO  [main:FourLetterWordMain@94] - connecting to 127.0.0.1 27380
2021-11-08 11:19:10,164 [myid:2] - INFO  [Thread-3:Environment@98] - Server environment:zookeeper.version=3.7.0-02d8e7728613600d355308bb0a256b6f5b41360c-dirty, built on 2021-11-08 03:06 UTC
2021-11-08 11:19:10,164 [myid:2] - INFO  [Thread-3:Environment@98] - Server environment:host.name=DESKTOP-3V3H020
2021-11-08 11:19:10,164 [myid:2] - INFO  [Thread-3:Environment@98] - Server environment:java.version=1.8.0_31
2021-11-08 11:19:10,164 [myid:2] - INFO  [Thread-3:Environment@98] - Server environment:java.vendor=Oracle Corporation
2021-11-08 11:19:10,164 [myid:2] - INFO  [Thread-3:Environment@98] - Server environment:java.home=C:\Program Files\Java\jdk1.8.0_31\jre
2021-11-08 11:19:10,164 [myid:2] - INFO  [Thread-3:Environment@98] - Server environment:java.class.path=D:\mysoft\faiscoGit\myStudy\ZooKeeperLearning\apache-zookeeper-3.7.0\zookeeper-server\target\test-classes;D:\mysoft\faiscoGit\myStudy\ZooKeeperLearning\apache-zookeeper-3.7.0\zookeeper-server\target\classes;D:\mysoft\maven\repository\com\github\spotbugs\spotbugs-annotations\4.0.2\spotbugs-annotations-4.0.2.jar;D:\mysoft\maven\repository\com\google\code\findbugs\jsr305\3.0.2\jsr305-3.0.2.jar;D:\mysoft\maven\repository\org\hamcrest\hamcrest-library\2.2\hamcrest-library-2.2.jar;D:\mysoft\maven\repository\org\hamcrest\hamcrest-core\2.2\hamcrest-core-2.2.jar;D:\mysoft\maven\repository\org\hamcrest\hamcrest\2.2\hamcrest-2.2.jar;D:\mysoft\maven\repository\org\apache\commons\commons-collections4\4.4\commons-collections4-4.4.jar;D:\mysoft\maven\repository\org\apache\zookeeper\zookeeper-jute\3.7.0\zookeeper-jute-3.7.0.jar;D:\mysoft\maven\repository\commons-cli\commons-cli\1.4\commons-cli-1.4.jar;D:\mysoft\maven\repository\org\apache\yetus\audience-annotations\0.12.0\audience-annotations-0.12.0.jar;D:\mysoft\maven\repository\io\netty\netty-handler\4.1.59.Final\netty-handler-4.1.59.Final.jar;D:\mysoft\maven\repository\io\netty\netty-common\4.1.59.Final\netty-common-4.1.59.Final.jar;D:\mysoft\maven\repository\io\netty\netty-resolver\4.1.59.Final\netty-resolver-4.1.59.Final.jar;D:\mysoft\maven\repository\io\netty\netty-buffer\4.1.59.Final\netty-buffer-4.1.59.Final.jar;D:\mysoft\maven\repository\io\netty\netty-transport\4.1.59.Final\netty-transport-4.1.59.Final.jar;D:\mysoft\maven\repository\io\netty\netty-codec\4.1.59.Final\netty-codec-4.1.59.Final.jar;D:\mysoft\maven\repository\io\netty\netty-transport-native-epoll\4.1.59.Final\netty-transport-native-epoll-4.1.59.Final.jar;D:\mysoft\maven\repository\io\netty\netty-transport-native-unix-common\4.1.59.Final\netty-transport-native-unix-common-4.1.59.Final.jar;D:\mysoft\maven\repository\org\slf4j\slf4j-api\1.7.30\slf4j-api-1.7.30.jar;D:\mysoft\maven\repository\org\slf4j\slf4j-log4j12\1.7.30\slf4j-log4j12-1.7.30.jar;D:\mysoft\maven\repository\org\eclipse\jetty\jetty-server\9.4.38.v20210224\jetty-server-9.4.38.v20210224.jar;D:\mysoft\maven\repository\javax\servlet\javax.servlet-api\3.1.0\javax.servlet-api-3.1.0.jar;D:\mysoft\maven\repository\org\eclipse\jetty\jetty-http\9.4.38.v20210224\jetty-http-9.4.38.v20210224.jar;D:\mysoft\maven\repository\org\eclipse\jetty\jetty-util\9.4.38.v20210224\jetty-util-9.4.38.v20210224.jar;D:\mysoft\maven\repository\org\eclipse\jetty\jetty-io\9.4.38.v20210224\jetty-io-9.4.38.v20210224.jar;D:\mysoft\maven\repository\org\eclipse\jetty\jetty-servlet\9.4.38.v20210224\jetty-servlet-9.4.38.v20210224.jar;D:\mysoft\maven\repository\org\eclipse\jetty\jetty-security\9.4.38.v20210224\jetty-security-9.4.38.v20210224.jar;D:\mysoft\maven\repository\org\eclipse\jetty\jetty-util-ajax\9.4.38.v20210224\jetty-util-ajax-9.4.38.v20210224.jar;D:\mysoft\maven\repository\org\eclipse\jetty\jetty-client\9.4.38.v20210224\jetty-client-9.4.38.v20210224.jar;D:\mysoft\maven\repository\com\fasterxml\jackson\core\jackson-databind\2.10.5.1\jackson-databind-2.10.5.1.jar;D:\mysoft\maven\repository\com\fasterxml\jackson\core\jackson-annotations\2.10.5\jackson-annotations-2.10.5.jar;D:\mysoft\maven\repository\com\fasterxml\jackson\core\jackson-core\2.10.5\jackson-core-2.10.5.jar;D:\mysoft\maven\repository\org\bouncycastle\bcprov-jdk15on\1.60\bcprov-jdk15on-1.60.jar;D:\mysoft\maven\repository\org\bouncycastle\bcpkix-jdk15on\1.60\bcpkix-jdk15on-1.60.jar;D:\mysoft\maven\repository\jline\jline\2.14.6\jline-2.14.6.jar;D:\mysoft\maven\repository\io\dropwizard\metrics\metrics-core\4.1.12.1\metrics-core-4.1.12.1.jar;D:\mysoft\maven\repository\log4j\log4j\1.2.17\log4j-1.2.17.jar;D:\mysoft\maven\repository\org\apache\kerby\kerb-core\2.0.0\kerb-core-2.0.0.jar;D:\mysoft\maven\repository\org\apache\kerby\kerby-pkix\2.0.0\kerby-pkix-2.0.0.jar;D:\mysoft\maven\repository\org\apache\kerby\kerby-asn1\2.0.0\kerby-asn1-2.0.0.jar;D:\mysoft\maven\repository\org\apache\kerby\kerby-util\2.0.0\kerby-util-2.0.0.jar;D:\mysoft\maven\repository\org\apache\kerby\kerb-simplekdc\2.0.0\kerb-simplekdc-2.0.0.jar;D:\mysoft\maven\repository\org\apache\kerby\kerb-client\2.0.0\kerb-client-2.0.0.jar;D:\mysoft\maven\repository\org\apache\kerby\kerb-common\2.0.0\kerb-common-2.0.0.jar;D:\mysoft\maven\repository\org\apache\kerby\kerb-crypto\2.0.0\kerb-crypto-2.0.0.jar;D:\mysoft\maven\repository\commons-io\commons-io\2.6\commons-io-2.6.jar;D:\mysoft\maven\repository\org\apache\kerby\kerb-util\2.0.0\kerb-util-2.0.0.jar;D:\mysoft\maven\repository\org\apache\kerby\token-provider\2.0.0\token-provider-2.0.0.jar;D:\mysoft\maven\repository\com\nimbusds\nimbus-jose-jwt\4.41.2\nimbus-jose-jwt-4.41.2.jar;D:\mysoft\maven\repository\com\github\stephenc\jcip\jcip-annotations\1.0-1\jcip-annotations-1.0-1.jar;D:\mysoft\maven\repository\net\minidev\json-smart\2.3\json-smart-2.3.jar;D:\mysoft\maven\repository\net\minidev\accessors-smart\1.2\accessors-smart-1.2.jar;D:\mysoft\maven\repository\org\ow2\asm\asm\5.0.4\asm-5.0.4.jar;D:\mysoft\maven\repository\org\apache\kerby\kerb-admin\2.0.0\kerb-admin-2.0.0.jar;D:\mysoft\maven\repository\org\apache\kerby\kerb-server\2.0.0\kerb-server-2.0.0.jar;D:\mysoft\maven\repository\org\apache\kerby\kerb-identity\2.0.0\kerb-identity-2.0.0.jar;D:\mysoft\maven\repository\org\apache\kerby\kerby-xdr\2.0.0\kerby-xdr-2.0.0.jar;D:\mysoft\maven\repository\org\apache\kerby\kerby-config\2.0.0\kerby-config-2.0.0.jar;D:\mysoft\maven\repository\org\mockito\mockito-core\3.6.28\mockito-core-3.6.28.jar;D:\mysoft\maven\repository\net\bytebuddy\byte-buddy\1.10.18\byte-buddy-1.10.18.jar;D:\mysoft\maven\repository\net\bytebuddy\byte-buddy-agent\1.10.18\byte-buddy-agent-1.10.18.jar;D:\mysoft\maven\repository\org\objenesis\objenesis\3.1\objenesis-3.1.jar;D:\mysoft\maven\repository\org\jmockit\jmockit\1.48\jmockit-1.48.jar;D:\mysoft\maven\repository\org\junit\jupiter\junit-jupiter-api\5.6.2\junit-jupiter-api-5.6.2.jar;D:\mysoft\maven\repository\org\apiguardian\apiguardian-api\1.1.0\apiguardian-api-1.1.0.jar;D:\mysoft\maven\repository\org\opentest4j\opentest4j\1.2.0\opentest4j-1.2.0.jar;D:\mysoft\maven\repository\org\junit\platform\junit-platform-commons\1.6.2\junit-platform-commons-1.6.2.jar;D:\mysoft\maven\repository\org\junit\jupiter\junit-jupiter-engine\5.6.2\junit-jupiter-engine-5.6.2.jar;D:\mysoft\maven\repository\org\junit\platform\junit-platform-engine\1.6.2\junit-platform-engine-1.6.2.jar;D:\mysoft\maven\repository\org\junit\jupiter\junit-jupiter-params\5.6.2\junit-jupiter-params-5.6.2.jar;D:\mysoft\maven\repository\org\junit\platform\junit-platform-runner\1.6.2\junit-platform-runner-1.6.2.jar;D:\mysoft\maven\repository\junit\junit\4.13\junit-4.13.jar;D:\mysoft\maven\repository\org\junit\platform\junit-platform-launcher\1.6.2\junit-platform-launcher-1.6.2.jar;D:\mysoft\maven\repository\org\junit\platform\junit-platform-suite-api\1.6.2\junit-platform-suite-api-1.6.2.jar;D:\mysoft\maven\repository\org\xerial\snappy\snappy-java\1.1.7.7\snappy-java-1.1.7.7.jar;
2021-11-08 11:19:10,164 [myid:2] - INFO  [Thread-3:Environment@98] - Server environment:java.library.path=C:\Program Files\Java\jdk1.8.0_31\jre\bin;C:\WINDOWS\Sun\Java\bin;C:\WINDOWS\system32;C:\WINDOWS;C:\Program Files\Java\jdk1.8.0_31\jre\bin;C:\Python39\Scripts\;C:\Python39\;C:\Python27\;C:\Python27\Scripts;C:\Program Files (x86)\Intel\Intel(R) Management Engine Components\iCLS\;C:\Program Files\Intel\Intel(R) Management Engine Components\iCLS\;C:\WINDOWS\system32;C:\WINDOWS;C:\WINDOWS\System32\Wbem;C:\WINDOWS\System32\WindowsPowerShell\v1.0\;C:\WINDOWS\System32\OpenSSH\;C:\Program Files (x86)\Intel\Intel(R) Management Engine Components\DAL;C:\Program Files\Intel\Intel(R) Management Engine Components\DAL;C:\Program Files\TortoiseSVN\bin;C:\Program Files\Java\jdk1.8.0_31\bin;D:\soft\Git\cmd;D:\mysoft\maven\apache-maven-3.6.1\bin;C:\ProgramData\chocolatey\bin;C:\Program Files\nodejs\;D:\mysoft\gradle-7.0\bin;C:\ProgramData\Oracle\Java\javapath;C:\Program Files\OpenVPN\bin;C:\Users\faisco\AppData\Local\Microsoft\WindowsApps;;D:\soft\Microsoft VS Code\bin;D:\soft\PyCharm Community Edition 2019.1.3\bin;;D:\soft\PyCharm 2019.2.3\bin;;C:\Users\faisco\AppData\Local\Microsoft\WindowsApps;C:\Program Files\JetBrains\IntelliJ IDEA 2020.1\bin;;C:\Program Files\JetBrains\IntelliJ IDEA Community Edition 2020.1.3\bin;;C:\Users\faisco\AppData\Roaming\npm;.
2021-11-08 11:19:10,165 [myid:2] - INFO  [Thread-3:Environment@98] - Server environment:java.io.tmpdir=C:\Users\faisco\AppData\Local\Temp\
2021-11-08 11:19:10,165 [myid:2] - INFO  [Thread-3:Environment@98] - Server environment:java.compiler=<NA>
2021-11-08 11:19:10,165 [myid:2] - INFO  [Thread-3:Environment@98] - Server environment:os.name=Windows 8.1
2021-11-08 11:19:10,165 [myid:2] - INFO  [Thread-3:Environment@98] - Server environment:os.arch=amd64
2021-11-08 11:19:10,165 [myid:2] - INFO  [Thread-3:Environment@98] - Server environment:os.version=6.3
2021-11-08 11:19:10,165 [myid:2] - INFO  [Thread-3:Environment@98] - Server environment:user.name=faisco
2021-11-08 11:19:10,165 [myid:2] - INFO  [Thread-3:Environment@98] - Server environment:user.home=C:\Users\faisco
2021-11-08 11:19:10,165 [myid:2] - INFO  [Thread-3:Environment@98] - Server environment:user.dir=D:\mysoft\faiscoGit\myStudy\ZooKeeperLearning\apache-zookeeper-3.7.0\zookeeper-server
2021-11-08 11:19:10,165 [myid:2] - INFO  [Thread-3:Environment@98] - Server environment:os.memory.free=206MB
2021-11-08 11:19:10,165 [myid:2] - INFO  [Thread-3:Environment@98] - Server environment:os.memory.max=455MB
2021-11-08 11:19:10,165 [myid:2] - INFO  [Thread-3:Environment@98] - Server environment:os.memory.total=243MB
2021-11-08 11:19:10,165 [myid:2] - INFO  [Thread-3:ZooKeeperServer@138] - zookeeper.enableEagerACLCheck = false
2021-11-08 11:19:10,165 [myid:2] - INFO  [Thread-3:ZooKeeperServer@151] - zookeeper.digest.enabled = true
2021-11-08 11:19:10,165 [myid:2] - INFO  [Thread-3:ZooKeeperServer@155] - zookeeper.closeSessionTxn.enabled = true
2021-11-08 11:19:10,165 [myid:2] - INFO  [Thread-3:ZooKeeperServer@1499] - zookeeper.flushDelay=0
2021-11-08 11:19:10,165 [myid:2] - INFO  [Thread-3:ZooKeeperServer@1508] - zookeeper.maxWriteQueuePollTime=0
2021-11-08 11:19:10,166 [myid:2] - INFO  [Thread-3:ZooKeeperServer@1517] - zookeeper.maxBatchSize=1000
2021-11-08 11:19:10,166 [myid:2] - INFO  [Thread-3:ZooKeeperServer@260] - zookeeper.intBufferStartingSizeBytes = 1024
2021-11-08 11:19:10,171 [myid:1] - INFO  [Thread-2:WatchManagerFactory@42] - Using org.apache.zookeeper.server.watch.WatchManager as watch manager
2021-11-08 11:19:10,171 [myid:1] - INFO  [Thread-2:WatchManagerFactory@42] - Using org.apache.zookeeper.server.watch.WatchManager as watch manager
2021-11-08 11:19:10,171 [myid:0] - INFO  [Thread-1:WatchManagerFactory@42] - Using org.apache.zookeeper.server.watch.WatchManager as watch manager
2021-11-08 11:19:10,171 [myid:0] - INFO  [Thread-1:WatchManagerFactory@42] - Using org.apache.zookeeper.server.watch.WatchManager as watch manager
2021-11-08 11:19:10,171 [myid:0] - INFO  [Thread-1:ZKDatabase@133] - zookeeper.snapshotSizeFactor = 0.33
2021-11-08 11:19:10,171 [myid:0] - INFO  [Thread-1:ZKDatabase@153] - zookeeper.commitLogCount=500
2021-11-08 11:19:10,171 [myid:2] - INFO  [Thread-3:WatchManagerFactory@42] - Using org.apache.zookeeper.server.watch.WatchManager as watch manager
2021-11-08 11:19:10,171 [myid:2] - INFO  [Thread-3:WatchManagerFactory@42] - Using org.apache.zookeeper.server.watch.WatchManager as watch manager
2021-11-08 11:19:10,171 [myid:1] - INFO  [Thread-2:ZKDatabase@133] - zookeeper.snapshotSizeFactor = 0.33
2021-11-08 11:19:10,171 [myid:1] - INFO  [Thread-2:ZKDatabase@153] - zookeeper.commitLogCount=500
2021-11-08 11:19:10,171 [myid:2] - INFO  [Thread-3:ZKDatabase@133] - zookeeper.snapshotSizeFactor = 0.33
2021-11-08 11:19:10,171 [myid:2] - INFO  [Thread-3:ZKDatabase@153] - zookeeper.commitLogCount=500
2021-11-08 11:19:10,178 [myid:0] - INFO  [Thread-1:QuorumPeer@2066] - Using insecure (non-TLS) quorum communication
2021-11-08 11:19:10,178 [myid:1] - INFO  [Thread-2:QuorumPeer@2066] - Using insecure (non-TLS) quorum communication
2021-11-08 11:19:10,178 [myid:2] - INFO  [Thread-3:QuorumPeer@2066] - Using insecure (non-TLS) quorum communication
2021-11-08 11:19:10,178 [myid:1] - INFO  [Thread-2:QuorumPeer@2072] - Port unification disabled
2021-11-08 11:19:10,178 [myid:0] - INFO  [Thread-1:QuorumPeer@2072] - Port unification disabled
2021-11-08 11:19:10,178 [myid:1] - INFO  [Thread-2:QuorumPeer@179] - multiAddress.enabled set to false
2021-11-08 11:19:10,178 [myid:2] - INFO  [Thread-3:QuorumPeer@2072] - Port unification disabled
2021-11-08 11:19:10,178 [myid:1] - INFO  [Thread-2:QuorumPeer@204] - multiAddress.reachabilityCheckEnabled set to true
2021-11-08 11:19:10,178 [myid:0] - INFO  [Thread-1:QuorumPeer@179] - multiAddress.enabled set to false
2021-11-08 11:19:10,178 [myid:1] - INFO  [Thread-2:QuorumPeer@191] - multiAddress.reachabilityCheckTimeoutMs set to 1000
2021-11-08 11:19:10,178 [myid:2] - INFO  [Thread-3:QuorumPeer@179] - multiAddress.enabled set to false
2021-11-08 11:19:10,178 [myid:1] - INFO  [Thread-2:QuorumPeer@2527] - QuorumPeer communication is not secured! (SASL auth disabled)
2021-11-08 11:19:10,178 [myid:0] - INFO  [Thread-1:QuorumPeer@204] - multiAddress.reachabilityCheckEnabled set to true
2021-11-08 11:19:10,178 [myid:1] - INFO  [Thread-2:QuorumPeer@2552] - quorum.cnxn.threads.size set to 20
2021-11-08 11:19:10,178 [myid:2] - INFO  [Thread-3:QuorumPeer@204] - multiAddress.reachabilityCheckEnabled set to true
2021-11-08 11:19:10,178 [myid:0] - INFO  [Thread-1:QuorumPeer@191] - multiAddress.reachabilityCheckTimeoutMs set to 1000
2021-11-08 11:19:10,179 [myid:2] - INFO  [Thread-3:QuorumPeer@191] - multiAddress.reachabilityCheckTimeoutMs set to 1000
2021-11-08 11:19:10,179 [myid:2] - INFO  [Thread-3:QuorumPeer@2527] - QuorumPeer communication is not secured! (SASL auth disabled)
2021-11-08 11:19:10,179 [myid:2] - INFO  [Thread-3:QuorumPeer@2552] - quorum.cnxn.threads.size set to 20
2021-11-08 11:19:10,179 [myid:0] - INFO  [Thread-1:QuorumPeer@2527] - QuorumPeer communication is not secured! (SASL auth disabled)
2021-11-08 11:19:10,179 [myid:0] - INFO  [Thread-1:QuorumPeer@2552] - quorum.cnxn.threads.size set to 20
2021-11-08 11:19:10,180 [myid:1] - INFO  [Thread-2:FileTxnSnapLog@260] - Initialize file found, an empty database will not block voting participation
2021-11-08 11:19:10,180 [myid:0] - INFO  [Thread-1:FileTxnSnapLog@260] - Initialize file found, an empty database will not block voting participation
2021-11-08 11:19:10,180 [myid:2] - INFO  [Thread-3:FileTxnSnapLog@260] - Initialize file found, an empty database will not block voting participation
2021-11-08 11:19:10,185 [myid:2] - INFO  [Thread-3:SnapStream@61] - zookeeper.snapshot.compression.method = CHECKED
2021-11-08 11:19:10,185 [myid:2] - INFO  [Thread-3:FileTxnSnapLog@479] - Snapshotting: 0x0 to D:\mysoft\faiscoGit\myStudy\ZooKeeperLearning\apache-zookeeper-3.7.0\zookeeper-server\target\surefire\test4257760340138513619.junit.dir\data\version-2\snapshot.0
2021-11-08 11:19:10,185 [myid:0] - INFO  [Thread-1:FileTxnSnapLog@479] - Snapshotting: 0x0 to D:\mysoft\faiscoGit\myStudy\ZooKeeperLearning\apache-zookeeper-3.7.0\zookeeper-server\target\surefire\test3245434092809740696.junit.dir\data\version-2\snapshot.0
2021-11-08 11:19:10,185 [myid:1] - INFO  [Thread-2:FileTxnSnapLog@479] - Snapshotting: 0x0 to D:\mysoft\faiscoGit\myStudy\ZooKeeperLearning\apache-zookeeper-3.7.0\zookeeper-server\target\surefire\test3840903472109503997.junit.dir\data\version-2\snapshot.0
2021-11-08 11:19:10,191 [myid:1] - INFO  [Thread-2:ZKDatabase@290] - Snapshot loaded in 13 ms, highest zxid is 0x0, digest is 1371985504
2021-11-08 11:19:10,191 [myid:2] - INFO  [Thread-3:ZKDatabase@290] - Snapshot loaded in 13 ms, highest zxid is 0x0, digest is 1371985504
2021-11-08 11:19:10,191 [myid:0] - INFO  [Thread-1:ZKDatabase@290] - Snapshot loaded in 12 ms, highest zxid is 0x0, digest is 1371985504
2021-11-08 11:19:10,192 [myid:1] - INFO  [Thread-2:QuorumPeer@1157] - currentEpoch not found! Creating with a reasonable default of 0. This should only happen when you are upgrading your installation
2021-11-08 11:19:10,192 [myid:0] - INFO  [Thread-1:QuorumPeer@1157] - currentEpoch not found! Creating with a reasonable default of 0. This should only happen when you are upgrading your installation
2021-11-08 11:19:10,192 [myid:2] - INFO  [Thread-3:QuorumPeer@1157] - currentEpoch not found! Creating with a reasonable default of 0. This should only happen when you are upgrading your installation
2021-11-08 11:19:10,200 [myid:0] - INFO  [Thread-1:QuorumPeer@1177] - acceptedEpoch not found! Creating with a reasonable default of 0. This should only happen when you are upgrading your installation
2021-11-08 11:19:10,200 [myid:2] - INFO  [Thread-3:QuorumPeer@1177] - acceptedEpoch not found! Creating with a reasonable default of 0. This should only happen when you are upgrading your installation
2021-11-08 11:19:10,201 [myid:1] - INFO  [Thread-2:QuorumPeer@1177] - acceptedEpoch not found! Creating with a reasonable default of 0. This should only happen when you are upgrading your installation
2021-11-08 11:19:10,204 [myid:2] - INFO  [Thread-3:NettyServerCnxnFactory@695] - binding to port /127.0.0.1:27388
2021-11-08 11:19:10,204 [myid:0] - INFO  [Thread-1:NettyServerCnxnFactory@695] - binding to port /127.0.0.1:27380
2021-11-08 11:19:10,205 [myid:1] - INFO  [Thread-2:NettyServerCnxnFactory@695] - binding to port /127.0.0.1:27384
2021-11-08 11:19:10,942 [myid:2] - INFO  [Thread-3:NettyServerCnxnFactory@700] - bound to port 27388
2021-11-08 11:19:10,942 [myid:2] - INFO  [Thread-3:NettyServerCnxnFactory@695] - binding to port 0.0.0.0/0.0.0.0:27389
2021-11-08 11:19:10,942 [myid:0] - INFO  [Thread-1:NettyServerCnxnFactory@700] - bound to port 27380
2021-11-08 11:19:10,942 [myid:0] - INFO  [Thread-1:NettyServerCnxnFactory@695] - binding to port 0.0.0.0/0.0.0.0:27381
2021-11-08 11:19:10,942 [myid:1] - INFO  [Thread-2:NettyServerCnxnFactory@700] - bound to port 27384
2021-11-08 11:19:10,942 [myid:1] - INFO  [Thread-2:NettyServerCnxnFactory@695] - binding to port 0.0.0.0/0.0.0.0:27385
2021-11-08 11:19:10,944 [myid:1] - INFO  [Thread-2:NettyServerCnxnFactory@700] - bound to port 27385
2021-11-08 11:19:10,944 [myid:0] - INFO  [Thread-1:NettyServerCnxnFactory@700] - bound to port 27381
2021-11-08 11:19:10,944 [myid:2] - INFO  [Thread-3:NettyServerCnxnFactory@700] - bound to port 27389
2021-11-08 11:19:10,945 [myid:2] - INFO  [Thread-3:QuorumPeer@2569] - Using 20000ms as the quorum cnxn socket timeout
2021-11-08 11:19:10,945 [myid:0] - INFO  [Thread-1:QuorumPeer@2569] - Using 20000ms as the quorum cnxn socket timeout
2021-11-08 11:19:10,945 [myid:1] - INFO  [Thread-2:QuorumPeer@2569] - Using 20000ms as the quorum cnxn socket timeout
2021-11-08 11:19:10,950 [myid:0] - INFO  [Thread-1:QuorumCnxManager$Listener@924] - Election port bind maximum retries is 3
2021-11-08 11:19:10,951 [myid:2] - INFO  [Thread-3:QuorumCnxManager$Listener@924] - Election port bind maximum retries is 3
2021-11-08 11:19:10,952 [myid:1] - INFO  [Thread-2:QuorumCnxManager$Listener@924] - Election port bind maximum retries is 3
2021-11-08 11:19:10,953 [myid:0] - INFO  [Thread-1:FastLeaderElection@89] - zookeeper.fastleader.minNotificationInterval=200
2021-11-08 11:19:10,953 [myid:0] - INFO  [Thread-1:FastLeaderElection@91] - zookeeper.fastleader.maxNotificationInterval=60000
2021-11-08 11:19:10,956 [myid:2] - INFO  [Thread-3:ZKAuditProvider@42] - ZooKeeper audit is disabled.
2021-11-08 11:19:10,959 [myid:0] - INFO  [ListenerHandler-/127.0.0.1:27383:QuorumCnxManager$Listener$ListenerHandler@1066] - 0 is accepting connections now, my election bind port: /127.0.0.1:27383
2021-11-08 11:19:10,959 [myid:1] - INFO  [ListenerHandler-/127.0.0.1:27387:QuorumCnxManager$Listener$ListenerHandler@1066] - 1 is accepting connections now, my election bind port: /127.0.0.1:27387
2021-11-08 11:19:10,963 [myid:2] - INFO  [QuorumPeer[myid=2](plain=127.0.0.1:27388)(secure=[0:0:0:0:0:0:0:0]:27389):QuorumPeer@1430] - LOOKING
2021-11-08 11:19:10,964 [myid:0] - INFO  [QuorumPeer[myid=0](plain=127.0.0.1:27380)(secure=[0:0:0:0:0:0:0:0]:27381):QuorumPeer@1430] - LOOKING
2021-11-08 11:19:10,964 [myid:1] - INFO  [QuorumPeer[myid=1](plain=127.0.0.1:27384)(secure=[0:0:0:0:0:0:0:0]:27385):QuorumPeer@1430] - LOOKING
2021-11-08 11:19:10,964 [myid:1] - INFO  [QuorumPeer[myid=1](plain=127.0.0.1:27384)(secure=[0:0:0:0:0:0:0:0]:27385):FastLeaderElection@947] - New election. My id = 1, proposed zxid=0x0
2021-11-08 11:19:10,965 [myid:2] - INFO  [ListenerHandler-/127.0.0.1:27391:QuorumCnxManager$Listener$ListenerHandler@1066] - 2 is accepting connections now, my election bind port: /127.0.0.1:27391
2021-11-08 11:19:10,965 [myid:0] - INFO  [QuorumPeer[myid=0](plain=127.0.0.1:27380)(secure=[0:0:0:0:0:0:0:0]:27381):FastLeaderElection@947] - New election. My id = 0, proposed zxid=0x0
2021-11-08 11:19:10,964 [myid:2] - INFO  [QuorumPeer[myid=2](plain=127.0.0.1:27388)(secure=[0:0:0:0:0:0:0:0]:27389):FastLeaderElection@947] - New election. My id = 2, proposed zxid=0x0
2021-11-08 11:19:10,972 [myid:2] - INFO  [WorkerReceiver[myid=2]:FastLeaderElection$Messenger$WorkerReceiver@390] - Notification: my state:LOOKING; n.sid:2, n.state:LOOKING, n.leader:2, n.round:0x1, n.peerEpoch:0x0, n.zxid:0x0, message format version:0x2, n.config version:0x0
2021-11-08 11:19:10,973 [myid:1] - INFO  [WorkerReceiver[myid=1]:FastLeaderElection$Messenger$WorkerReceiver@390] - Notification: my state:LOOKING; n.sid:1, n.state:LOOKING, n.leader:1, n.round:0x1, n.peerEpoch:0x0, n.zxid:0x0, message format version:0x2, n.config version:0x0
2021-11-08 11:19:10,973 [myid:0] - INFO  [WorkerReceiver[myid=0]:FastLeaderElection$Messenger$WorkerReceiver@390] - Notification: my state:LOOKING; n.sid:0, n.state:LOOKING, n.leader:0, n.round:0x1, n.peerEpoch:0x0, n.zxid:0x0, message format version:0x2, n.config version:0x0
2021-11-08 11:19:10,979 [myid:1] - INFO  [ListenerHandler-/127.0.0.1:27387:QuorumCnxManager$Listener$ListenerHandler@1071] - Received connection request from /127.0.0.1:8326
2021-11-08 11:19:10,981 [myid:2] - INFO  [ListenerHandler-/127.0.0.1:27391:QuorumCnxManager$Listener$ListenerHandler@1071] - Received connection request from /127.0.0.1:8327
2021-11-08 11:19:10,982 [myid:0] - INFO  [ListenerHandler-/127.0.0.1:27383:QuorumCnxManager$Listener$ListenerHandler@1071] - Received connection request from /127.0.0.1:8330
2021-11-08 11:19:10,983 [myid:0] - INFO  [QuorumConnectionThread-[myid=0]-1:QuorumCnxManager@514] - Have smaller server identifier, so dropping the connection: (myId:0 --> sid:1)
2021-11-08 11:19:10,983 [myid:0] - INFO  [QuorumConnectionThread-[myid=0]-2:QuorumCnxManager@514] - Have smaller server identifier, so dropping the connection: (myId:0 --> sid:2)
2021-11-08 11:19:10,984 [myid:2] - INFO  [ListenerHandler-/127.0.0.1:27391:QuorumCnxManager$Listener$ListenerHandler@1071] - Received connection request from /127.0.0.1:8329
2021-11-08 11:19:10,984 [myid:1] - INFO  [QuorumConnectionThread-[myid=1]-2:QuorumCnxManager@514] - Have smaller server identifier, so dropping the connection: (myId:1 --> sid:2)
2021-11-08 11:19:10,986 [myid:0] - INFO  [ListenerHandler-/127.0.0.1:27383:QuorumCnxManager$Listener$ListenerHandler@1071] - Received connection request from /127.0.0.1:8331
2021-11-08 11:19:10,986 [myid:1] - INFO  [ListenerHandler-/127.0.0.1:27387:QuorumCnxManager$Listener$ListenerHandler@1071] - Received connection request from /127.0.0.1:8328
2021-11-08 11:19:11,079 [myid:2] - INFO  [WorkerReceiver[myid=2]:FastLeaderElection$Messenger$WorkerReceiver@390] - Notification: my state:LOOKING; n.sid:1, n.state:LOOKING, n.leader:1, n.round:0x1, n.peerEpoch:0x0, n.zxid:0x0, message format version:0x2, n.config version:0x0
2021-11-08 11:19:11,079 [myid:1] - INFO  [WorkerReceiver[myid=1]:FastLeaderElection$Messenger$WorkerReceiver@390] - Notification: my state:LOOKING; n.sid:0, n.state:LOOKING, n.leader:0, n.round:0x1, n.peerEpoch:0x0, n.zxid:0x0, message format version:0x2, n.config version:0x0
2021-11-08 11:19:11,081 [myid:0] - INFO  [WorkerReceiver[myid=0]:FastLeaderElection$Messenger$WorkerReceiver@390] - Notification: my state:LOOKING; n.sid:2, n.state:LOOKING, n.leader:2, n.round:0x1, n.peerEpoch:0x0, n.zxid:0x0, message format version:0x2, n.config version:0x0
2021-11-08 11:19:11,080 [myid:2] - INFO  [WorkerReceiver[myid=2]:FastLeaderElection$Messenger$WorkerReceiver@390] - Notification: my state:LOOKING; n.sid:0, n.state:LOOKING, n.leader:0, n.round:0x1, n.peerEpoch:0x0, n.zxid:0x0, message format version:0x2, n.config version:0x0
2021-11-08 11:19:11,083 [myid:0] - INFO  [WorkerReceiver[myid=0]:FastLeaderElection$Messenger$WorkerReceiver@390] - Notification: my state:LOOKING; n.sid:1, n.state:LOOKING, n.leader:1, n.round:0x1, n.peerEpoch:0x0, n.zxid:0x0, message format version:0x2, n.config version:0x0
2021-11-08 11:19:11,084 [myid:1] - INFO  [WorkerReceiver[myid=1]:FastLeaderElection$Messenger$WorkerReceiver@390] - Notification: my state:LOOKING; n.sid:2, n.state:LOOKING, n.leader:2, n.round:0x1, n.peerEpoch:0x0, n.zxid:0x0, message format version:0x2, n.config version:0x0
2021-11-08 11:19:11,085 [myid:1] - INFO  [WorkerReceiver[myid=1]:FastLeaderElection$Messenger$WorkerReceiver@390] - Notification: my state:LOOKING; n.sid:1, n.state:LOOKING, n.leader:2, n.round:0x1, n.peerEpoch:0x0, n.zxid:0x0, message format version:0x2, n.config version:0x0
2021-11-08 11:19:11,087 [myid:1] - INFO  [WorkerReceiver[myid=1]:FastLeaderElection$Messenger$WorkerReceiver@390] - Notification: my state:LOOKING; n.sid:0, n.state:LOOKING, n.leader:2, n.round:0x1, n.peerEpoch:0x0, n.zxid:0x0, message format version:0x2, n.config version:0x0
2021-11-08 11:19:11,089 [myid:0] - INFO  [WorkerReceiver[myid=0]:FastLeaderElection$Messenger$WorkerReceiver@390] - Notification: my state:LOOKING; n.sid:0, n.state:LOOKING, n.leader:2, n.round:0x1, n.peerEpoch:0x0, n.zxid:0x0, message format version:0x2, n.config version:0x0
2021-11-08 11:19:11,090 [myid:0] - INFO  [WorkerReceiver[myid=0]:FastLeaderElection$Messenger$WorkerReceiver@390] - Notification: my state:LOOKING; n.sid:1, n.state:LOOKING, n.leader:2, n.round:0x1, n.peerEpoch:0x0, n.zxid:0x0, message format version:0x2, n.config version:0x0
2021-11-08 11:19:11,090 [myid:2] - INFO  [WorkerReceiver[myid=2]:FastLeaderElection$Messenger$WorkerReceiver@390] - Notification: my state:LOOKING; n.sid:1, n.state:LOOKING, n.leader:2, n.round:0x1, n.peerEpoch:0x0, n.zxid:0x0, message format version:0x2, n.config version:0x0
2021-11-08 11:19:11,091 [myid:2] - INFO  [WorkerReceiver[myid=2]:FastLeaderElection$Messenger$WorkerReceiver@390] - Notification: my state:LOOKING; n.sid:0, n.state:LOOKING, n.leader:2, n.round:0x1, n.peerEpoch:0x0, n.zxid:0x0, message format version:0x2, n.config version:0x0
2021-11-08 11:19:11,236 [myid:0] - WARN  [nioEventLoopGroup-7-1:NettyServerCnxnFactory$CnxnChannelHandler@231] - Zookeeper server is not running, close the connection before starting the TLS handshake
2021-11-08 11:19:11,237 [myid:] - INFO  [main:FourLetterWordMain@94] - connecting to 127.0.0.1 27380
2021-11-08 11:19:11,238 [myid:0] - WARN  [nioEventLoopGroup-7-2:NettyServerCnxnFactory$CnxnChannelHandler@231] - Zookeeper server is not running, close the connection before starting the TLS handshake
2021-11-08 11:19:11,298 [myid:1] - INFO  [QuorumPeer[myid=1](plain=127.0.0.1:27384)(secure=[0:0:0:0:0:0:0:0]:27385):QuorumPeer@901] - Peer state changed: following
2021-11-08 11:19:11,298 [myid:2] - INFO  [QuorumPeer[myid=2](plain=127.0.0.1:27388)(secure=[0:0:0:0:0:0:0:0]:27389):QuorumPeer@901] - Peer state changed: leading
2021-11-08 11:19:11,298 [myid:0] - INFO  [QuorumPeer[myid=0](plain=127.0.0.1:27380)(secure=[0:0:0:0:0:0:0:0]:27381):QuorumPeer@901] - Peer state changed: following
2021-11-08 11:19:11,299 [myid:0] - INFO  [QuorumPeer[myid=0](plain=127.0.0.1:27380)(secure=[0:0:0:0:0:0:0:0]:27381):QuorumPeer@1512] - FOLLOWING
2021-11-08 11:19:11,298 [myid:1] - INFO  [QuorumPeer[myid=1](plain=127.0.0.1:27384)(secure=[0:0:0:0:0:0:0:0]:27385):QuorumPeer@1512] - FOLLOWING
2021-11-08 11:19:11,299 [myid:2] - INFO  [QuorumPeer[myid=2](plain=127.0.0.1:27388)(secure=[0:0:0:0:0:0:0:0]:27389):QuorumPeer@1527] - LEADING
2021-11-08 11:19:11,302 [myid:2] - INFO  [QuorumPeer[myid=2](plain=127.0.0.1:27388)(secure=[0:0:0:0:0:0:0:0]:27389):LearnerMaster@47] - zookeeper.leader.maxConcurrentSnapSyncs = 10
2021-11-08 11:19:11,302 [myid:2] - INFO  [QuorumPeer[myid=2](plain=127.0.0.1:27388)(secure=[0:0:0:0:0:0:0:0]:27389):LearnerMaster@50] - zookeeper.leader.maxConcurrentDiffSyncs = 100
2021-11-08 11:19:11,302 [myid:2] - INFO  [QuorumPeer[myid=2](plain=127.0.0.1:27388)(secure=[0:0:0:0:0:0:0:0]:27389):Leader@87] - TCP NoDelay set to: true
2021-11-08 11:19:11,302 [myid:2] - INFO  [QuorumPeer[myid=2](plain=127.0.0.1:27388)(secure=[0:0:0:0:0:0:0:0]:27389):Leader@108] - zookeeper.leader.ackLoggingFrequency = 1000
2021-11-08 11:19:11,302 [myid:2] - INFO  [QuorumPeer[myid=2](plain=127.0.0.1:27388)(secure=[0:0:0:0:0:0:0:0]:27389):Leader@1345] - zookeeper.leader.maxTimeToWaitForEpoch = -1ms
2021-11-08 11:19:11,302 [myid:0] - INFO  [QuorumPeer[myid=0](plain=127.0.0.1:27380)(secure=[0:0:0:0:0:0:0:0]:27381):Learner@127] - leaderConnectDelayDuringRetryMs: 100
2021-11-08 11:19:11,303 [myid:0] - INFO  [QuorumPeer[myid=0](plain=127.0.0.1:27380)(secure=[0:0:0:0:0:0:0:0]:27381):Learner@128] - TCP NoDelay set to: true
2021-11-08 11:19:11,303 [myid:0] - INFO  [QuorumPeer[myid=0](plain=127.0.0.1:27380)(secure=[0:0:0:0:0:0:0:0]:27381):Learner@129] - learner.asyncSending = false
2021-11-08 11:19:11,303 [myid:0] - INFO  [QuorumPeer[myid=0](plain=127.0.0.1:27380)(secure=[0:0:0:0:0:0:0:0]:27381):Learner@130] - learner.closeSocketAsync = false
2021-11-08 11:19:11,304 [myid:0] - INFO  [QuorumPeer[myid=0](plain=127.0.0.1:27380)(secure=[0:0:0:0:0:0:0:0]:27381):BlueThrottle@141] - Weighed connection throttling is disabled
2021-11-08 11:19:11,305 [myid:1] - INFO  [QuorumPeer[myid=1](plain=127.0.0.1:27384)(secure=[0:0:0:0:0:0:0:0]:27385):ZooKeeperServer@1300] - minSessionTimeout set to 8000
2021-11-08 11:19:11,305 [myid:1] - INFO  [QuorumPeer[myid=1](plain=127.0.0.1:27384)(secure=[0:0:0:0:0:0:0:0]:27385):ZooKeeperServer@1309] - maxSessionTimeout set to 80000
2021-11-08 11:19:11,305 [myid:2] - INFO  [QuorumPeer[myid=2](plain=127.0.0.1:27388)(secure=[0:0:0:0:0:0:0:0]:27389):ZooKeeperServer@1300] - minSessionTimeout set to 8000
2021-11-08 11:19:11,305 [myid:0] - INFO  [QuorumPeer[myid=0](plain=127.0.0.1:27380)(secure=[0:0:0:0:0:0:0:0]:27381):ZooKeeperServer@1300] - minSessionTimeout set to 8000
2021-11-08 11:19:11,305 [myid:0] - INFO  [QuorumPeer[myid=0](plain=127.0.0.1:27380)(secure=[0:0:0:0:0:0:0:0]:27381):ZooKeeperServer@1309] - maxSessionTimeout set to 80000
2021-11-08 11:19:11,305 [myid:2] - INFO  [QuorumPeer[myid=2](plain=127.0.0.1:27388)(secure=[0:0:0:0:0:0:0:0]:27389):ZooKeeperServer@1309] - maxSessionTimeout set to 80000
2021-11-08 11:19:11,306 [myid:0] - INFO  [QuorumPeer[myid=0](plain=127.0.0.1:27380)(secure=[0:0:0:0:0:0:0:0]:27381):ResponseCache@45] - getData response cache size is initialized with value 400.
2021-11-08 11:19:11,306 [myid:0] - INFO  [QuorumPeer[myid=0](plain=127.0.0.1:27380)(secure=[0:0:0:0:0:0:0:0]:27381):ResponseCache@45] - getChildren response cache size is initialized with value 400.
2021-11-08 11:19:11,306 [myid:2] - INFO  [QuorumPeer[myid=2](plain=127.0.0.1:27388)(secure=[0:0:0:0:0:0:0:0]:27389):ResponseCache@45] - getData response cache size is initialized with value 400.
2021-11-08 11:19:11,306 [myid:1] - INFO  [QuorumPeer[myid=1](plain=127.0.0.1:27384)(secure=[0:0:0:0:0:0:0:0]:27385):ResponseCache@45] - getData response cache size is initialized with value 400.
2021-11-08 11:19:11,307 [myid:1] - INFO  [QuorumPeer[myid=1](plain=127.0.0.1:27384)(secure=[0:0:0:0:0:0:0:0]:27385):ResponseCache@45] - getChildren response cache size is initialized with value 400.
2021-11-08 11:19:11,307 [myid:2] - INFO  [QuorumPeer[myid=2](plain=127.0.0.1:27388)(secure=[0:0:0:0:0:0:0:0]:27389):ResponseCache@45] - getChildren response cache size is initialized with value 400.
2021-11-08 11:19:11,307 [myid:2] - INFO  [QuorumPeer[myid=2](plain=127.0.0.1:27388)(secure=[0:0:0:0:0:0:0:0]:27389):RequestPathMetricsCollector@109] - zookeeper.pathStats.slotCapacity = 60
2021-11-08 11:19:11,307 [myid:1] - INFO  [QuorumPeer[myid=1](plain=127.0.0.1:27384)(secure=[0:0:0:0:0:0:0:0]:27385):RequestPathMetricsCollector@109] - zookeeper.pathStats.slotCapacity = 60
2021-11-08 11:19:11,307 [myid:0] - INFO  [QuorumPeer[myid=0](plain=127.0.0.1:27380)(secure=[0:0:0:0:0:0:0:0]:27381):RequestPathMetricsCollector@109] - zookeeper.pathStats.slotCapacity = 60
2021-11-08 11:19:11,307 [myid:0] - INFO  [QuorumPeer[myid=0](plain=127.0.0.1:27380)(secure=[0:0:0:0:0:0:0:0]:27381):RequestPathMetricsCollector@110] - zookeeper.pathStats.slotDuration = 15
2021-11-08 11:19:11,308 [myid:0] - INFO  [QuorumPeer[myid=0](plain=127.0.0.1:27380)(secure=[0:0:0:0:0:0:0:0]:27381):RequestPathMetricsCollector@111] - zookeeper.pathStats.maxDepth = 6
2021-11-08 11:19:11,307 [myid:1] - INFO  [QuorumPeer[myid=1](plain=127.0.0.1:27384)(secure=[0:0:0:0:0:0:0:0]:27385):RequestPathMetricsCollector@110] - zookeeper.pathStats.slotDuration = 15
2021-11-08 11:19:11,307 [myid:2] - INFO  [QuorumPeer[myid=2](plain=127.0.0.1:27388)(secure=[0:0:0:0:0:0:0:0]:27389):RequestPathMetricsCollector@110] - zookeeper.pathStats.slotDuration = 15
2021-11-08 11:19:11,308 [myid:1] - INFO  [QuorumPeer[myid=1](plain=127.0.0.1:27384)(secure=[0:0:0:0:0:0:0:0]:27385):RequestPathMetricsCollector@111] - zookeeper.pathStats.maxDepth = 6
2021-11-08 11:19:11,308 [myid:0] - INFO  [QuorumPeer[myid=0](plain=127.0.0.1:27380)(secure=[0:0:0:0:0:0:0:0]:27381):RequestPathMetricsCollector@112] - zookeeper.pathStats.initialDelay = 5
2021-11-08 11:19:11,308 [myid:1] - INFO  [QuorumPeer[myid=1](plain=127.0.0.1:27384)(secure=[0:0:0:0:0:0:0:0]:27385):RequestPathMetricsCollector@112] - zookeeper.pathStats.initialDelay = 5
2021-11-08 11:19:11,308 [myid:2] - INFO  [QuorumPeer[myid=2](plain=127.0.0.1:27388)(secure=[0:0:0:0:0:0:0:0]:27389):RequestPathMetricsCollector@111] - zookeeper.pathStats.maxDepth = 6
2021-11-08 11:19:11,308 [myid:1] - INFO  [QuorumPeer[myid=1](plain=127.0.0.1:27384)(secure=[0:0:0:0:0:0:0:0]:27385):RequestPathMetricsCollector@113] - zookeeper.pathStats.delay = 5
2021-11-08 11:19:11,308 [myid:0] - INFO  [QuorumPeer[myid=0](plain=127.0.0.1:27380)(secure=[0:0:0:0:0:0:0:0]:27381):RequestPathMetricsCollector@113] - zookeeper.pathStats.delay = 5
2021-11-08 11:19:11,308 [myid:1] - INFO  [QuorumPeer[myid=1](plain=127.0.0.1:27384)(secure=[0:0:0:0:0:0:0:0]:27385):RequestPathMetricsCollector@114] - zookeeper.pathStats.enabled = false
2021-11-08 11:19:11,308 [myid:2] - INFO  [QuorumPeer[myid=2](plain=127.0.0.1:27388)(secure=[0:0:0:0:0:0:0:0]:27389):RequestPathMetricsCollector@112] - zookeeper.pathStats.initialDelay = 5
2021-11-08 11:19:11,308 [myid:0] - INFO  [QuorumPeer[myid=0](plain=127.0.0.1:27380)(secure=[0:0:0:0:0:0:0:0]:27381):RequestPathMetricsCollector@114] - zookeeper.pathStats.enabled = false
2021-11-08 11:19:11,308 [myid:2] - INFO  [QuorumPeer[myid=2](plain=127.0.0.1:27388)(secure=[0:0:0:0:0:0:0:0]:27389):RequestPathMetricsCollector@113] - zookeeper.pathStats.delay = 5
2021-11-08 11:19:11,308 [myid:2] - INFO  [QuorumPeer[myid=2](plain=127.0.0.1:27388)(secure=[0:0:0:0:0:0:0:0]:27389):RequestPathMetricsCollector@114] - zookeeper.pathStats.enabled = false
2021-11-08 11:19:11,309 [myid:2] - INFO  [QuorumPeer[myid=2](plain=127.0.0.1:27388)(secure=[0:0:0:0:0:0:0:0]:27389):ZooKeeperServer@1536] - The max bytes for all large requests are set to 104857600
2021-11-08 11:19:11,309 [myid:1] - INFO  [QuorumPeer[myid=1](plain=127.0.0.1:27384)(secure=[0:0:0:0:0:0:0:0]:27385):ZooKeeperServer@1536] - The max bytes for all large requests are set to 104857600
2021-11-08 11:19:11,310 [myid:1] - INFO  [QuorumPeer[myid=1](plain=127.0.0.1:27384)(secure=[0:0:0:0:0:0:0:0]:27385):ZooKeeperServer@1550] - The large request threshold is set to -1
2021-11-08 11:19:11,309 [myid:0] - INFO  [QuorumPeer[myid=0](plain=127.0.0.1:27380)(secure=[0:0:0:0:0:0:0:0]:27381):ZooKeeperServer@1536] - The max bytes for all large requests are set to 104857600
2021-11-08 11:19:11,310 [myid:0] - INFO  [QuorumPeer[myid=0](plain=127.0.0.1:27380)(secure=[0:0:0:0:0:0:0:0]:27381):ZooKeeperServer@1550] - The large request threshold is set to -1
2021-11-08 11:19:11,310 [myid:2] - INFO  [QuorumPeer[myid=2](plain=127.0.0.1:27388)(secure=[0:0:0:0:0:0:0:0]:27389):ZooKeeperServer@1550] - The large request threshold is set to -1
2021-11-08 11:19:11,310 [myid:2] - INFO  [QuorumPeer[myid=2](plain=127.0.0.1:27388)(secure=[0:0:0:0:0:0:0:0]:27389):AuthenticationHelper@66] - zookeeper.enforce.auth.enabled = false
2021-11-08 11:19:11,311 [myid:2] - INFO  [QuorumPeer[myid=2](plain=127.0.0.1:27388)(secure=[0:0:0:0:0:0:0:0]:27389):AuthenticationHelper@67] - zookeeper.enforce.auth.schemes = []
2021-11-08 11:19:11,311 [myid:2] - INFO  [QuorumPeer[myid=2](plain=127.0.0.1:27388)(secure=[0:0:0:0:0:0:0:0]:27389):ZooKeeperServer@361] - Created server with tickTime 4000 minSessionTimeout 8000 maxSessionTimeout 80000 clientPortListenBacklog -1 datadir D:\mysoft\faiscoGit\myStudy\ZooKeeperLearning\apache-zookeeper-3.7.0\zookeeper-server\target\surefire\test4257760340138513619.junit.dir\data\version-2 snapdir D:\mysoft\faiscoGit\myStudy\ZooKeeperLearning\apache-zookeeper-3.7.0\zookeeper-server\target\surefire\test4257760340138513619.junit.dir\data\version-2
2021-11-08 11:19:11,310 [myid:0] - INFO  [QuorumPeer[myid=0](plain=127.0.0.1:27380)(secure=[0:0:0:0:0:0:0:0]:27381):AuthenticationHelper@66] - zookeeper.enforce.auth.enabled = false
2021-11-08 11:19:11,312 [myid:0] - INFO  [QuorumPeer[myid=0](plain=127.0.0.1:27380)(secure=[0:0:0:0:0:0:0:0]:27381):AuthenticationHelper@67] - zookeeper.enforce.auth.schemes = []
2021-11-08 11:19:11,312 [myid:0] - INFO  [QuorumPeer[myid=0](plain=127.0.0.1:27380)(secure=[0:0:0:0:0:0:0:0]:27381):ZooKeeperServer@361] - Created server with tickTime 4000 minSessionTimeout 8000 maxSessionTimeout 80000 clientPortListenBacklog -1 datadir D:\mysoft\faiscoGit\myStudy\ZooKeeperLearning\apache-zookeeper-3.7.0\zookeeper-server\target\surefire\test3245434092809740696.junit.dir\data\version-2 snapdir D:\mysoft\faiscoGit\myStudy\ZooKeeperLearning\apache-zookeeper-3.7.0\zookeeper-server\target\surefire\test3245434092809740696.junit.dir\data\version-2
2021-11-08 11:19:11,311 [myid:1] - INFO  [QuorumPeer[myid=1](plain=127.0.0.1:27384)(secure=[0:0:0:0:0:0:0:0]:27385):AuthenticationHelper@66] - zookeeper.enforce.auth.enabled = false
2021-11-08 11:19:11,312 [myid:1] - INFO  [QuorumPeer[myid=1](plain=127.0.0.1:27384)(secure=[0:0:0:0:0:0:0:0]:27385):AuthenticationHelper@67] - zookeeper.enforce.auth.schemes = []
2021-11-08 11:19:11,312 [myid:1] - INFO  [QuorumPeer[myid=1](plain=127.0.0.1:27384)(secure=[0:0:0:0:0:0:0:0]:27385):ZooKeeperServer@361] - Created server with tickTime 4000 minSessionTimeout 8000 maxSessionTimeout 80000 clientPortListenBacklog -1 datadir D:\mysoft\faiscoGit\myStudy\ZooKeeperLearning\apache-zookeeper-3.7.0\zookeeper-server\target\surefire\test3840903472109503997.junit.dir\data\version-2 snapdir D:\mysoft\faiscoGit\myStudy\ZooKeeperLearning\apache-zookeeper-3.7.0\zookeeper-server\target\surefire\test3840903472109503997.junit.dir\data\version-2
2021-11-08 11:19:11,313 [myid:0] - INFO  [QuorumPeer[myid=0](plain=127.0.0.1:27380)(secure=[0:0:0:0:0:0:0:0]:27381):Follower@77] - FOLLOWING - LEADER ELECTION TOOK - 348 MS
2021-11-08 11:19:11,313 [myid:1] - INFO  [QuorumPeer[myid=1](plain=127.0.0.1:27384)(secure=[0:0:0:0:0:0:0:0]:27385):Follower@77] - FOLLOWING - LEADER ELECTION TOOK - 348 MS
2021-11-08 11:19:11,315 [myid:0] - INFO  [QuorumPeer[myid=0](plain=127.0.0.1:27380)(secure=[0:0:0:0:0:0:0:0]:27381):QuorumPeer@915] - Peer state changed: following - discovery
2021-11-08 11:19:11,315 [myid:1] - INFO  [QuorumPeer[myid=1](plain=127.0.0.1:27384)(secure=[0:0:0:0:0:0:0:0]:27385):QuorumPeer@915] - Peer state changed: following - discovery
2021-11-08 11:19:11,316 [myid:2] - INFO  [QuorumPeer[myid=2](plain=127.0.0.1:27388)(secure=[0:0:0:0:0:0:0:0]:27389):Leader@584] - LEADING - LEADER ELECTION TOOK - 351 MS
2021-11-08 11:19:11,317 [myid:1] - INFO  [LeaderConnector-/127.0.0.1:27390:Learner$LeaderConnector@381] - Successfully connected to leader, using address: /127.0.0.1:27390
2021-11-08 11:19:11,317 [myid:0] - INFO  [LeaderConnector-/127.0.0.1:27390:Learner$LeaderConnector@381] - Successfully connected to leader, using address: /127.0.0.1:27390
2021-11-08 11:19:11,317 [myid:2] - INFO  [QuorumPeer[myid=2](plain=127.0.0.1:27388)(secure=[0:0:0:0:0:0:0:0]:27389):QuorumPeer@915] - Peer state changed: leading - discovery
2021-11-08 11:19:11,318 [myid:2] - INFO  [QuorumPeer[myid=2](plain=127.0.0.1:27388)(secure=[0:0:0:0:0:0:0:0]:27389):FileTxnSnapLog@479] - Snapshotting: 0x0 to D:\mysoft\faiscoGit\myStudy\ZooKeeperLearning\apache-zookeeper-3.7.0\zookeeper-server\target\surefire\test4257760340138513619.junit.dir\data\version-2\snapshot.0
2021-11-08 11:19:11,318 [myid:2] - INFO  [QuorumPeer[myid=2](plain=127.0.0.1:27388)(secure=[0:0:0:0:0:0:0:0]:27389):ZooKeeperServer@543] - Snapshot taken in 1 ms
2021-11-08 11:19:11,323 [myid:2] - INFO  [LearnerCnxAcceptorHandler-/127.0.0.1:27390:LearnerHandler@72] - leader.closeSocketAsync = false
2021-11-08 11:19:11,325 [myid:2] - INFO  [LearnerHandler-/127.0.0.1:8334:LearnerHandler@506] - Follower sid: 1 : info : 127.0.0.1:27386:27387:participant;127.0.0.1:27384
2021-11-08 11:19:11,325 [myid:2] - INFO  [LearnerHandler-/127.0.0.1:8335:LearnerHandler@506] - Follower sid: 0 : info : 127.0.0.1:27382:27383:participant;127.0.0.1:27380
2021-11-08 11:19:11,334 [myid:2] - INFO  [QuorumPeer[myid=2](plain=127.0.0.1:27388)(secure=[0:0:0:0:0:0:0:0]:27389):QuorumPeer@1870] - Dynamic reconfig is disabled, we don't store the last seen config.
2021-11-08 11:19:11,338 [myid:2] - INFO  [LearnerHandler-/127.0.0.1:8334:ZKDatabase@346] - On disk txn sync enabled with snapshotSizeFactor 0.33
2021-11-08 11:19:11,338 [myid:2] - INFO  [LearnerHandler-/127.0.0.1:8334:LearnerHandler@801] - Synchronizing with Learner sid: 1 maxCommittedLog=0x0 minCommittedLog=0x0 lastProcessedZxid=0x0 peerLastZxid=0x0
2021-11-08 11:19:11,338 [myid:2] - INFO  [LearnerHandler-/127.0.0.1:8334:LearnerHandler@846] - Sending DIFF zxid=0x0 for peer sid: 1
2021-11-08 11:19:11,339 [myid:1] - INFO  [QuorumPeer[myid=1](plain=127.0.0.1:27384)(secure=[0:0:0:0:0:0:0:0]:27385):QuorumPeer@915] - Peer state changed: following - synchronization
2021-11-08 11:19:11,342 [myid:2] - INFO  [LearnerHandler-/127.0.0.1:8335:ZKDatabase@346] - On disk txn sync enabled with snapshotSizeFactor 0.33
2021-11-08 11:19:11,342 [myid:0] - INFO  [QuorumPeer[myid=0](plain=127.0.0.1:27380)(secure=[0:0:0:0:0:0:0:0]:27381):QuorumPeer@915] - Peer state changed: following - synchronization
2021-11-08 11:19:11,342 [myid:2] - INFO  [LearnerHandler-/127.0.0.1:8335:LearnerHandler@801] - Synchronizing with Learner sid: 0 maxCommittedLog=0x0 minCommittedLog=0x0 lastProcessedZxid=0x0 peerLastZxid=0x0
2021-11-08 11:19:11,342 [myid:2] - INFO  [LearnerHandler-/127.0.0.1:8335:LearnerHandler@846] - Sending DIFF zxid=0x0 for peer sid: 0
2021-11-08 11:19:11,344 [myid:1] - INFO  [QuorumPeer[myid=1](plain=127.0.0.1:27384)(secure=[0:0:0:0:0:0:0:0]:27385):Learner@562] - Getting a diff from the leader 0x0
2021-11-08 11:19:11,344 [myid:1] - INFO  [QuorumPeer[myid=1](plain=127.0.0.1:27384)(secure=[0:0:0:0:0:0:0:0]:27385):QuorumPeer@920] - Peer state changed: following - synchronization - diff
2021-11-08 11:19:11,345 [myid:0] - INFO  [QuorumPeer[myid=0](plain=127.0.0.1:27380)(secure=[0:0:0:0:0:0:0:0]:27381):Learner@562] - Getting a diff from the leader 0x0
2021-11-08 11:19:11,345 [myid:0] - INFO  [QuorumPeer[myid=0](plain=127.0.0.1:27380)(secure=[0:0:0:0:0:0:0:0]:27381):QuorumPeer@920] - Peer state changed: following - synchronization - diff
2021-11-08 11:19:11,348 [myid:2] - INFO  [QuorumPeer[myid=2](plain=127.0.0.1:27388)(secure=[0:0:0:0:0:0:0:0]:27389):QuorumPeer@915] - Peer state changed: leading - synchronization
2021-11-08 11:19:11,348 [myid:0] - INFO  [QuorumPeer[myid=0](plain=127.0.0.1:27380)(secure=[0:0:0:0:0:0:0:0]:27381):Learner@734] - Learner received NEWLEADER message
2021-11-08 11:19:11,348 [myid:1] - INFO  [QuorumPeer[myid=1](plain=127.0.0.1:27384)(secure=[0:0:0:0:0:0:0:0]:27385):Learner@734] - Learner received NEWLEADER message
2021-11-08 11:19:11,348 [myid:1] - INFO  [QuorumPeer[myid=1](plain=127.0.0.1:27384)(secure=[0:0:0:0:0:0:0:0]:27385):QuorumPeer@1870] - Dynamic reconfig is disabled, we don't store the last seen config.
2021-11-08 11:19:11,348 [myid:0] - INFO  [QuorumPeer[myid=0](plain=127.0.0.1:27380)(secure=[0:0:0:0:0:0:0:0]:27381):QuorumPeer@1870] - Dynamic reconfig is disabled, we don't store the last seen config.
2021-11-08 11:19:11,354 [myid:0] - INFO  [QuorumPeer[myid=0](plain=127.0.0.1:27380)(secure=[0:0:0:0:0:0:0:0]:27381):QuorumPeer@920] - Peer state changed: following - synchronization
2021-11-08 11:19:11,355 [myid:1] - INFO  [QuorumPeer[myid=1](plain=127.0.0.1:27384)(secure=[0:0:0:0:0:0:0:0]:27385):QuorumPeer@920] - Peer state changed: following - synchronization
2021-11-08 11:19:11,359 [myid:0] - INFO  [QuorumPeer[myid=0](plain=127.0.0.1:27380)(secure=[0:0:0:0:0:0:0:0]:27381):CommitProcessor@491] - Configuring CommitProcessor with readBatchSize -1 commitBatchSize 1
2021-11-08 11:19:11,359 [myid:1] - INFO  [QuorumPeer[myid=1](plain=127.0.0.1:27384)(secure=[0:0:0:0:0:0:0:0]:27385):CommitProcessor@491] - Configuring CommitProcessor with readBatchSize -1 commitBatchSize 1
2021-11-08 11:19:11,359 [myid:0] - INFO  [QuorumPeer[myid=0](plain=127.0.0.1:27380)(secure=[0:0:0:0:0:0:0:0]:27381):CommitProcessor@452] - Configuring CommitProcessor with 6 worker threads.
2021-11-08 11:19:11,359 [myid:1] - INFO  [QuorumPeer[myid=1](plain=127.0.0.1:27384)(secure=[0:0:0:0:0:0:0:0]:27385):CommitProcessor@452] - Configuring CommitProcessor with 6 worker threads.
2021-11-08 11:19:11,361 [myid:0] - INFO  [QuorumPeer[myid=0](plain=127.0.0.1:27380)(secure=[0:0:0:0:0:0:0:0]:27381):FollowerRequestProcessor@59] - Initialized FollowerRequestProcessor with zookeeper.follower.skipLearnerRequestToNextProcessor as false
2021-11-08 11:19:11,361 [myid:1] - INFO  [QuorumPeer[myid=1](plain=127.0.0.1:27384)(secure=[0:0:0:0:0:0:0:0]:27385):FollowerRequestProcessor@59] - Initialized FollowerRequestProcessor with zookeeper.follower.skipLearnerRequestToNextProcessor as false
2021-11-08 11:19:11,363 [myid:0] - INFO  [QuorumPeer[myid=0](plain=127.0.0.1:27380)(secure=[0:0:0:0:0:0:0:0]:27381):RequestThrottler@75] - zookeeper.request_throttler.shutdownTimeout = 10000
2021-11-08 11:19:11,370 [myid:2] - INFO  [QuorumPeer[myid=2](plain=127.0.0.1:27388)(secure=[0:0:0:0:0:0:0:0]:27389):Leader@1495] - Have quorum of supporters, sids: [[0, 2]]; starting up and setting last processed zxid: 0x100000000
2021-11-08 11:19:11,371 [myid:2] - INFO  [QuorumPeer[myid=2](plain=127.0.0.1:27388)(secure=[0:0:0:0:0:0:0:0]:27389):Leader@1517] - Dynamic reconfig feature is disabled, skip designatedLeader calculation and reconfig processing.
[...]
2021-11-08 11:20:49,431 [myid:127.0.0.1:27393] - INFO  [nioEventLoopGroup-34-1:ClientCnxnSocketNetty@249] - channel is told closing
2021-11-08 11:20:49,431 [myid:127.0.0.1:27393] - WARN  [main-SendThread(127.0.0.1:27393):ClientCnxn$SendThread@1290] - Session 0x0 for sever xmind.net/127.0.0.1:27393, Closing socket connection. Attempting reconnect except it is a SessionExpiredException.
EndOfStreamException: channel for sessionid 0x0 is lost
	at org.apache.zookeeper.ClientCnxnSocketNetty.doTransport(ClientCnxnSocketNetty.java:285)
	at org.apache.zookeeper.ClientCnxn$SendThread.run(ClientCnxn.java:1280)
2021-11-08 11:20:49,767 [myid:127.0.0.1:27381] - INFO  [main-SendThread(127.0.0.1:27381):ClientCnxn$SendThread@1171] - Opening socket connection to server xmind.net/127.0.0.1:27381.
2021-11-08 11:20:49,767 [myid:127.0.0.1:27381] - INFO  [main-SendThread(127.0.0.1:27381):ClientCnxn$SendThread@1173] - SASL config status: Will not attempt to authenticate using SASL (unknown error)
2021-11-08 11:20:49,768 [myid:127.0.0.1:27381] - INFO  [nioEventLoopGroup-20-1:ClientCnxnSocketNetty$ZKClientPipelineFactory@454] - SSL handler added for channel: [id: 0x42e15543]
2021-11-08 11:20:49,769 [myid:127.0.0.1:27381] - INFO  [nioEventLoopGroup-20-1:ClientCnxn$SendThread@1005] - Socket connection established, initiating session, client: /127.0.0.1:14872, server: xmind.net/127.0.0.1:27381
2021-11-08 11:20:49,769 [myid:127.0.0.1:27381] - INFO  [nioEventLoopGroup-20-1:ClientCnxnSocketNetty$1@184] - channel is connected: [id: 0x42e15543, L:/127.0.0.1:14872 - R:xmind.net/127.0.0.1:27381]
2021-11-08 11:20:49,769 [myid:0] - WARN  [nioEventLoopGroup-17-9:ChannelInitializer@97] - Failed to initialize a channel. Closing: [id: 0x59f5899a, L:/127.0.0.1:27381 - R:/127.0.0.1:14872]
java.lang.IllegalArgumentException: Cannot support TLS_ECDHE_ECDSA_WITH_AES_256_CBC_SHA384 with currently installed providers
	at sun.security.ssl.CipherSuiteList.<init>(CipherSuiteList.java:92)
	at sun.security.ssl.SSLEngineImpl.setEnabledCipherSuites(SSLEngineImpl.java:2038)
	at io.netty.handler.ssl.JdkSslContext.configureAndWrapEngine(JdkSslContext.java:341)
	at io.netty.handler.ssl.JdkSslContext.newEngine(JdkSslContext.java:331)
	at io.netty.handler.ssl.SslContext.newHandler(SslContext.java:956)
	at io.netty.handler.ssl.SslContext.newHandler(SslContext.java:948)
	at org.apache.zookeeper.server.NettyServerCnxnFactory.initSSL(NettyServerCnxnFactory.java:575)
	at org.apache.zookeeper.server.NettyServerCnxnFactory.access$1300(NettyServerCnxnFactory.java:80)
	at org.apache.zookeeper.server.NettyServerCnxnFactory$1.initChannel(NettyServerCnxnFactory.java:540)
	at org.apache.zookeeper.server.NettyServerCnxnFactory$1.initChannel(NettyServerCnxnFactory.java:532)
	at io.netty.channel.ChannelInitializer.initChannel(ChannelInitializer.java:129)
	at io.netty.channel.ChannelInitializer.handlerAdded(ChannelInitializer.java:112)
	at io.netty.channel.AbstractChannelHandlerContext.callHandlerAdded(AbstractChannelHandlerContext.java:938)
	at io.netty.channel.DefaultChannelPipeline.callHandlerAdded0(DefaultChannelPipeline.java:609)
	at io.netty.channel.DefaultChannelPipeline.access$100(DefaultChannelPipeline.java:46)
	at io.netty.channel.DefaultChannelPipeline$PendingHandlerAddedTask.execute(DefaultChannelPipeline.java:1463)
	at io.netty.channel.DefaultChannelPipeline.callHandlerAddedForAllHandlers(DefaultChannelPipeline.java:1115)
	at io.netty.channel.DefaultChannelPipeline.invokeHandlerAddedIfNeeded(DefaultChannelPipeline.java:650)
	at io.netty.channel.AbstractChannel$AbstractUnsafe.register0(AbstractChannel.java:502)
	at io.netty.channel.AbstractChannel$AbstractUnsafe.access$200(AbstractChannel.java:417)
	at io.netty.channel.AbstractChannel$AbstractUnsafe$1.run(AbstractChannel.java:474)
	at io.netty.util.concurrent.AbstractEventExecutor.safeExecute(AbstractEventExecutor.java:164)
	at io.netty.util.concurrent.SingleThreadEventExecutor.runAllTasks(SingleThreadEventExecutor.java:472)
	at io.netty.channel.nio.NioEventLoop.run(NioEventLoop.java:500)
	at io.netty.util.concurrent.SingleThreadEventExecutor$4.run(SingleThreadEventExecutor.java:989)
	at io.netty.util.internal.ThreadExecutorMap$2.run(ThreadExecutorMap.java:74)
	at io.netty.util.concurrent.FastThreadLocalRunnable.run(FastThreadLocalRunnable.java:30)
	at java.lang.Thread.run(Thread.java:745)
2021-11-08 11:20:49,769 [myid:127.0.0.1:27381] - INFO  [nioEventLoopGroup-20-1:ClientCnxnSocketNetty$ZKClientHandler@469] - channel is disconnected: [id: 0x42e15543, L:/127.0.0.1:14872 ! R:xmind.net/127.0.0.1:27381]
2021-11-08 11:20:49,770 [myid:127.0.0.1:27381] - INFO  [nioEventLoopGroup-20-1:ClientCnxnSocketNetty@249] - channel is told closing
2021-11-08 11:20:49,770 [myid:127.0.0.1:27381] - WARN  [main-SendThread(127.0.0.1:27381):ClientCnxn$SendThread@1290] - Session 0x0 for sever xmind.net/127.0.0.1:27381, Closing socket connection. Attempting reconnect except it is a SessionExpiredException.
EndOfStreamException: channel for sessionid 0x0 is lost
	at org.apache.zookeeper.ClientCnxnSocketNetty.doTransport(ClientCnxnSocketNetty.java:285)
	at org.apache.zookeeper.ClientCnxn$SendThread.run(ClientCnxn.java:1280)
2021-11-08 11:20:50,281 [myid:127.0.0.1:27392] - WARN  [nioEventLoopGroup-21-1:ClientCnxnSocketNetty$1@150] - future isn't success.
io.netty.channel.AbstractChannel$AnnotatedConnectException: Connection refused: no further information: xmind.net/127.0.0.1:27392
Caused by: java.net.ConnectException: Connection refused: no further information
	at sun.nio.ch.SocketChannelImpl.checkConnect(Native Method)
	at sun.nio.ch.SocketChannelImpl.finishConnect(SocketChannelImpl.java:716)
	at io.netty.channel.socket.nio.NioSocketChannel.doFinishConnect(NioSocketChannel.java:330)
	at io.netty.channel.nio.AbstractNioChannel$AbstractNioUnsafe.finishConnect(AbstractNioChannel.java:334)
	at io.netty.channel.nio.NioEventLoop.processSelectedKey(NioEventLoop.java:707)
	at io.netty.channel.nio.NioEventLoop.processSelectedKeysOptimized(NioEventLoop.java:655)
	at io.netty.channel.nio.NioEventLoop.processSelectedKeys(NioEventLoop.java:581)
	at io.netty.channel.nio.NioEventLoop.run(NioEventLoop.java:493)
	at io.netty.util.concurrent.SingleThreadEventExecutor$4.run(SingleThreadEventExecutor.java:989)
	at io.netty.util.internal.ThreadExecutorMap$2.run(ThreadExecutorMap.java:74)
	at io.netty.util.concurrent.FastThreadLocalRunnable.run(FastThreadLocalRunnable.java:30)
	at java.lang.Thread.run(Thread.java:745)
2021-11-08 11:20:50,936 [myid:127.0.0.1:27393] - INFO  [main-SendThread(127.0.0.1:27393):ClientCnxn$SendThread@1171] - Opening socket connection to server xmind.net/127.0.0.1:27393.
2021-11-08 11:20:50,936 [myid:127.0.0.1:27393] - INFO  [main-SendThread(127.0.0.1:27393):ClientCnxn$SendThread@1173] - SASL config status: Will not attempt to authenticate using SASL (unknown error)
2021-11-08 11:20:50,937 [myid:127.0.0.1:27393] - INFO  [nioEventLoopGroup-34-1:ClientCnxnSocketNetty$ZKClientPipelineFactory@454] - SSL handler added for channel: [id: 0x3bdc5105]
2021-11-08 11:20:50,938 [myid:127.0.0.1:27393] - INFO  [nioEventLoopGroup-34-1:ClientCnxn$SendThread@1005] - Socket connection established, initiating session, client: /127.0.0.1:14892, server: xmind.net/127.0.0.1:27393
2021-11-08 11:20:50,938 [myid:127.0.0.1:27393] - INFO  [nioEventLoopGroup-34-1:ClientCnxnSocketNetty$1@184] - channel is connected: [id: 0x3bdc5105, L:/127.0.0.1:14892 - R:xmind.net/127.0.0.1:27393]
2021-11-08 11:20:50,939 [myid:0] - WARN  [nioEventLoopGroup-29-12:NettyServerCnxnFactory$CnxnChannelHandler@293] - Exception caught
io.netty.handler.codec.DecoderException: java.lang.IllegalArgumentException: Cannot support TLS_ECDHE_ECDSA_WITH_AES_256_CBC_SHA384 with currently installed providers
	at io.netty.handler.codec.ByteToMessageDecoder.callDecode(ByteToMessageDecoder.java:478)
	at io.netty.handler.codec.ByteToMessageDecoder.channelRead(ByteToMessageDecoder.java:276)
	at io.netty.channel.AbstractChannelHandlerContext.invokeChannelRead(AbstractChannelHandlerContext.java:379)
	at io.netty.channel.AbstractChannelHandlerContext.invokeChannelRead(AbstractChannelHandlerContext.java:365)
	at io.netty.channel.AbstractChannelHandlerContext.fireChannelRead(AbstractChannelHandlerContext.java:357)
	at io.netty.channel.DefaultChannelPipeline$HeadContext.channelRead(DefaultChannelPipeline.java:1410)
	at io.netty.channel.AbstractChannelHandlerContext.invokeChannelRead(AbstractChannelHandlerContext.java:379)
	at io.netty.channel.AbstractChannelHandlerContext.invokeChannelRead(AbstractChannelHandlerContext.java:365)
	at io.netty.channel.DefaultChannelPipeline.fireChannelRead(DefaultChannelPipeline.java:919)
	at io.netty.channel.nio.AbstractNioByteChannel$NioByteUnsafe.read(AbstractNioByteChannel.java:166)
	at io.netty.channel.nio.NioEventLoop.processSelectedKey(NioEventLoop.java:719)
	at io.netty.channel.nio.NioEventLoop.processSelectedKeysOptimized(NioEventLoop.java:655)
	at io.netty.channel.nio.NioEventLoop.processSelectedKeys(NioEventLoop.java:581)
	at io.netty.channel.nio.NioEventLoop.run(NioEventLoop.java:493)
	at io.netty.util.concurrent.SingleThreadEventExecutor$4.run(SingleThreadEventExecutor.java:989)
	at io.netty.util.internal.ThreadExecutorMap$2.run(ThreadExecutorMap.java:74)
	at io.netty.util.concurrent.FastThreadLocalRunnable.run(FastThreadLocalRunnable.java:30)
	at java.lang.Thread.run(Thread.java:745)
Caused by: java.lang.IllegalArgumentException: Cannot support TLS_ECDHE_ECDSA_WITH_AES_256_CBC_SHA384 with currently installed providers
	at sun.security.ssl.CipherSuiteList.<init>(CipherSuiteList.java:92)
	at sun.security.ssl.SSLEngineImpl.setEnabledCipherSuites(SSLEngineImpl.java:2038)
	at io.netty.handler.ssl.JdkSslContext.configureAndWrapEngine(JdkSslContext.java:341)
	at io.netty.handler.ssl.JdkSslContext.newEngine(JdkSslContext.java:331)
	at io.netty.handler.ssl.SslContext.newHandler(SslContext.java:956)
	at io.netty.handler.ssl.SslContext.newHandler(SslContext.java:948)
	at io.netty.handler.ssl.OptionalSslHandler.newSslHandler(OptionalSslHandler.java:97)
	at org.apache.zookeeper.server.NettyServerCnxnFactory$DualModeSslHandler.newSslHandler(NettyServerCnxnFactory.java:171)
	at io.netty.handler.ssl.OptionalSslHandler.handleSsl(OptionalSslHandler.java:57)
	at io.netty.handler.ssl.OptionalSslHandler.decode(OptionalSslHandler.java:48)
	at org.apache.zookeeper.server.NettyServerCnxnFactory$DualModeSslHandler.decode(NettyServerCnxnFactory.java:142)
	at io.netty.handler.codec.ByteToMessageDecoder.decodeRemovalReentryProtection(ByteToMessageDecoder.java:508)
	at io.netty.handler.codec.ByteToMessageDecoder.callDecode(ByteToMessageDecoder.java:447)
	... 17 more
2021-11-08 11:20:50,939 [myid:0] - WARN  [nioEventLoopGroup-29-12:NettyServerCnxnFactory$CnxnChannelHandler@293] - Exception caught
io.netty.handler.codec.DecoderException: java.lang.NullPointerException
	at io.netty.handler.codec.ByteToMessageDecoder.callDecode(ByteToMessageDecoder.java:478)
	at io.netty.handler.codec.ByteToMessageDecoder.channelInputClosed(ByteToMessageDecoder.java:404)
	at io.netty.handler.codec.ByteToMessageDecoder.channelInputClosed(ByteToMessageDecoder.java:371)
	at io.netty.handler.codec.ByteToMessageDecoder.channelInactive(ByteToMessageDecoder.java:354)
	at io.netty.channel.AbstractChannelHandlerContext.invokeChannelInactive(AbstractChannelHandlerContext.java:262)
	at io.netty.channel.AbstractChannelHandlerContext.invokeChannelInactive(AbstractChannelHandlerContext.java:248)
	at io.netty.channel.AbstractChannelHandlerContext.fireChannelInactive(AbstractChannelHandlerContext.java:241)
	at io.netty.channel.DefaultChannelPipeline$HeadContext.channelInactive(DefaultChannelPipeline.java:1405)
	at io.netty.channel.AbstractChannelHandlerContext.invokeChannelInactive(AbstractChannelHandlerContext.java:262)
	at io.netty.channel.AbstractChannelHandlerContext.invokeChannelInactive(AbstractChannelHandlerContext.java:248)
	at io.netty.channel.DefaultChannelPipeline.fireChannelInactive(DefaultChannelPipeline.java:901)
	at io.netty.channel.AbstractChannel$AbstractUnsafe$8.run(AbstractChannel.java:819)
	at io.netty.util.concurrent.AbstractEventExecutor.safeExecute(AbstractEventExecutor.java:164)
	at io.netty.util.concurrent.SingleThreadEventExecutor.runAllTasks(SingleThreadEventExecutor.java:472)
	at io.netty.channel.nio.NioEventLoop.run(NioEventLoop.java:497)
	at io.netty.util.concurrent.SingleThreadEventExecutor$4.run(SingleThreadEventExecutor.java:989)
	at io.netty.util.internal.ThreadExecutorMap$2.run(ThreadExecutorMap.java:74)
	at io.netty.util.concurrent.FastThreadLocalRunnable.run(FastThreadLocalRunnable.java:30)
	at java.lang.Thread.run(Thread.java:745)
Caused by: java.lang.NullPointerException
	at java.util.Objects.requireNonNull(Objects.java:203)
	at org.apache.zookeeper.server.NettyServerCnxnFactory$DualModeSslHandler.newSslHandler(NettyServerCnxnFactory.java:169)
	at io.netty.handler.ssl.OptionalSslHandler.handleSsl(OptionalSslHandler.java:57)
	at io.netty.handler.ssl.OptionalSslHandler.decode(OptionalSslHandler.java:48)
	at org.apache.zookeeper.server.NettyServerCnxnFactory$DualModeSslHandler.decode(NettyServerCnxnFactory.java:142)
	at io.netty.handler.codec.ByteToMessageDecoder.decodeRemovalReentryProtection(ByteToMessageDecoder.java:508)
	at io.netty.handler.codec.ByteToMessageDecoder.callDecode(ByteToMessageDecoder.java:447)
	... 18 more
2021-11-08 11:20:50,939 [myid:127.0.0.1:27393] - INFO  [nioEventLoopGroup-34-1:ClientCnxnSocketNetty$ZKClientHandler@469] - channel is disconnected: [id: 0x3bdc5105, L:/127.0.0.1:14892 ! R:xmind.net/127.0.0.1:27393]
2021-11-08 11:20:50,939 [myid:127.0.0.1:27393] - INFO  [nioEventLoopGroup-34-1:ClientCnxnSocketNetty@249] - channel is told closing
2021-11-08 11:20:50,939 [myid:127.0.0.1:27393] - WARN  [main-SendThread(127.0.0.1:27393):ClientCnxn$SendThread@1290] - Session 0x0 for sever xmind.net/127.0.0.1:27393, Closing socket connection. Attempting reconnect except it is a SessionExpiredException.
EndOfStreamException: channel for sessionid 0x0 is lost
	at org.apache.zookeeper.ClientCnxnSocketNetty.doTransport(ClientCnxnSocketNetty.java:285)
	at org.apache.zookeeper.ClientCnxn$SendThread.run(ClientCnxn.java:1280)
2021-11-08 11:20:51,284 [myid:127.0.0.1:27392] - INFO  [main-SendThread(127.0.0.1:27392):ClientCnxn$SendThread@1171] - Opening socket connection to server xmind.net/127.0.0.1:27392.
2021-11-08 11:20:51,284 [myid:127.0.0.1:27392] - INFO  [main-SendThread(127.0.0.1:27392):ClientCnxn$SendThread@1173] - SASL config status: Will not attempt to authenticate using SASL (unknown error)
2021-11-08 11:20:51,285 [myid:127.0.0.1:27392] - INFO  [nioEventLoopGroup-21-1:ClientCnxnSocketNetty$ZKClientPipelineFactory@454] - SSL handler added for channel: [id: 0x26e8511e]
2021-11-08 11:20:51,457 [myid:127.0.0.1:27381] - INFO  [main-SendThread(127.0.0.1:27381):ClientCnxn$SendThread@1171] - Opening socket connection to server xmind.net/127.0.0.1:27381.
2021-11-08 11:20:51,457 [myid:127.0.0.1:27381] - INFO  [main-SendThread(127.0.0.1:27381):ClientCnxn$SendThread@1173] - SASL config status: Will not attempt to authenticate using SASL (unknown error)
2021-11-08 11:20:51,458 [myid:127.0.0.1:27381] - INFO  [nioEventLoopGroup-20-1:ClientCnxnSocketNetty$ZKClientPipelineFactory@454] - SSL handler added for channel: [id: 0xf26fa11b]
2021-11-08 11:20:51,459 [myid:127.0.0.1:27381] - INFO  [nioEventLoopGroup-20-1:ClientCnxn$SendThread@1005] - Socket connection established, initiating session, client: /127.0.0.1:14939, server: xmind.net/127.0.0.1:27381
2021-11-08 11:20:51,459 [myid:127.0.0.1:27381] - INFO  [nioEventLoopGroup-20-1:ClientCnxnSocketNetty$1@184] - channel is connected: [id: 0xf26fa11b, L:/127.0.0.1:14939 - R:xmind.net/127.0.0.1:27381]
2021-11-08 11:20:51,459 [myid:0] - WARN  [nioEventLoopGroup-17-10:ChannelInitializer@97] - Failed to initialize a channel. Closing: [id: 0xf3a6c87f, L:/127.0.0.1:27381 - R:/127.0.0.1:14939]
java.lang.IllegalArgumentException: Cannot support TLS_ECDHE_ECDSA_WITH_AES_256_CBC_SHA384 with currently installed providers
	at sun.security.ssl.CipherSuiteList.<init>(CipherSuiteList.java:92)
	at sun.security.ssl.SSLEngineImpl.setEnabledCipherSuites(SSLEngineImpl.java:2038)
	at io.netty.handler.ssl.JdkSslContext.configureAndWrapEngine(JdkSslContext.java:341)
	at io.netty.handler.ssl.JdkSslContext.newEngine(JdkSslContext.java:331)
	at io.netty.handler.ssl.SslContext.newHandler(SslContext.java:956)
	at io.netty.handler.ssl.SslContext.newHandler(SslContext.java:948)
	at org.apache.zookeeper.server.NettyServerCnxnFactory.initSSL(NettyServerCnxnFactory.java:575)
	at org.apache.zookeeper.server.NettyServerCnxnFactory.access$1300(NettyServerCnxnFactory.java:80)
	at org.apache.zookeeper.server.NettyServerCnxnFactory$1.initChannel(NettyServerCnxnFactory.java:540)
	at org.apache.zookeeper.server.NettyServerCnxnFactory$1.initChannel(NettyServerCnxnFactory.java:532)
	at io.netty.channel.ChannelInitializer.initChannel(ChannelInitializer.java:129)
	at io.netty.channel.ChannelInitializer.handlerAdded(ChannelInitializer.java:112)
	at io.netty.channel.AbstractChannelHandlerContext.callHandlerAdded(AbstractChannelHandlerContext.java:938)
	at io.netty.channel.DefaultChannelPipeline.callHandlerAdded0(DefaultChannelPipeline.java:609)
	at io.netty.channel.DefaultChannelPipeline.access$100(DefaultChannelPipeline.java:46)
	at io.netty.channel.DefaultChannelPipeline$PendingHandlerAddedTask.execute(DefaultChannelPipeline.java:1463)
	at io.netty.channel.DefaultChannelPipeline.callHandlerAddedForAllHandlers(DefaultChannelPipeline.java:1115)
	at io.netty.channel.DefaultChannelPipeline.invokeHandlerAddedIfNeeded(DefaultChannelPipeline.java:650)
	at io.netty.channel.AbstractChannel$AbstractUnsafe.register0(AbstractChannel.java:502)
	at io.netty.channel.AbstractChannel$AbstractUnsafe.access$200(AbstractChannel.java:417)
	at io.netty.channel.AbstractChannel$AbstractUnsafe$1.run(AbstractChannel.java:474)
	at io.netty.util.concurrent.AbstractEventExecutor.safeExecute(AbstractEventExecutor.java:164)
	at io.netty.util.concurrent.SingleThreadEventExecutor.runAllTasks(SingleThreadEventExecutor.java:472)
	at io.netty.channel.nio.NioEventLoop.run(NioEventLoop.java:500)
	at io.netty.util.concurrent.SingleThreadEventExecutor$4.run(SingleThreadEventExecutor.java:989)
	at io.netty.util.internal.ThreadExecutorMap$2.run(ThreadExecutorMap.java:74)
	at io.netty.util.concurrent.FastThreadLocalRunnable.run(FastThreadLocalRunnable.java:30)
	at java.lang.Thread.run(Thread.java:745)
2021-11-08 11:20:51,471 [myid:127.0.0.1:27381] - INFO  [nioEventLoopGroup-20-1:ClientCnxnSocketNetty$ZKClientHandler@469] - channel is disconnected: [id: 0xf26fa11b, L:/127.0.0.1:14939 ! R:xmind.net/127.0.0.1:27381]
2021-11-08 11:20:51,471 [myid:127.0.0.1:27381] - INFO  [nioEventLoopGroup-20-1:ClientCnxnSocketNetty@249] - channel is told closing
2021-11-08 11:20:51,471 [myid:127.0.0.1:27381] - WARN  [main-SendThread(127.0.0.1:27381):ClientCnxn$SendThread@1290] - Session 0x0 for sever xmind.net/127.0.0.1:27381, Closing socket connection. Attempting reconnect except it is a SessionExpiredException.
EndOfStreamException: channel for sessionid 0x0 is lost
	at org.apache.zookeeper.ClientCnxnSocketNetty.doTransport(ClientCnxnSocketNetty.java:285)
	at org.apache.zookeeper.ClientCnxn$SendThread.run(ClientCnxn.java:1280)
2021-11-08 11:20:51,917 [myid:] - INFO  [main:QuorumPeerTestBase@64] - No servers to shutdown!
2021-11-08 11:20:51,917 [myid:] - INFO  [main:ZKTestCase@82] - FINISHED Optional[public void org.apache.zookeeper.test.ClientSSLTest.testClientServerUnifiedPort() throws java.lang.Exception]
]]></system-out>
  </testcase>
  <testcase name="testSecureStandaloneServerAuthFail" classname="org.apache.zookeeper.test.ClientSSLTest" time="3.019"/>
</testsuite>