<?xml version="1.0" encoding="UTF-8"?>
<testsuite xmlns:xsi="http://www.w3.org/2001/XMLSchema-instance" xsi:noNamespaceSchemaLocation="https://maven.apache.org/surefire/maven-surefire-plugin/xsd/surefire-test-report.xsd" name="org.apache.zookeeper.test.FourLetterWordsQuorumTest" time="30.084" tests="1" errors="1" skipped="0" failures="0">
  <properties>
[...]
</properties>
  <testcase name="testFourLetterWords" classname="org.apache.zookeeper.test.FourLetterWordsQuorumTest" time="29.992">
    <error message="Exception while executing four letter word: envi" type="java.io.IOException">java.io.IOException: Exception while executing four letter word: envi
	at org.apache.zookeeper.client.FourLetterWordMain.send4LetterWord(FourLetterWordMain.java:134)
	at org.apache.zookeeper.client.FourLetterWordMain.send4LetterWord(FourLetterWordMain.java:56)
	at org.apache.zookeeper.test.FourLetterWordsQuorumTest.verify(FourLetterWordsQuorumTest.java:104)
	at org.apache.zookeeper.test.FourLetterWordsQuorumTest.testFourLetterWords(FourLetterWordsQuorumTest.java:40)
Caused by: java.net.SocketTimeoutException: Read timed out
	at java.net.SocketInputStream.socketRead0(Native Method)
	at java.net.SocketInputStream.read(SocketInputStream.java:150)
	at java.net.SocketInputStream.read(SocketInputStream.java:121)
	at java.io.InputStreamReader.read(InputStreamReader.java:184)
	at java.io.BufferedReader.fill(BufferedReader.java:161)
	at java.io.BufferedReader.readLine(BufferedReader.java:324)
	at java.io.BufferedReader.readLine(BufferedReader.java:389)
	at org.apache.zookeeper.client.FourLetterWordMain.send4LetterWord(FourLetterWordMain.java:129)
	... 3 more
</error>
    <system-out><![CDATA[2021-11-08 11:21:00,164 [myid:] - INFO  [main:PortAssignment@154] - Test process 1/8 using ports from 11221 - 13913.
2021-11-08 11:21:00,174 [myid:] - INFO  [main:PortAssignment@87] - Assigned port 11222 from range 11221 - 13913.
2021-11-08 11:21:00,194 [myid:] - INFO  [main:ZKTestCase@77] - STARTING Optional[public void org.apache.zookeeper.test.FourLetterWordsQuorumTest.testFourLetterWords() throws java.lang.Exception]
2021-11-08 11:21:00,194 [myid:] - INFO  [main:QuorumBase@81] - QuorumBase.setup null
2021-11-08 11:21:00,773 [myid:] - INFO  [main:JMXEnv@58] - connecting to addr service:jmx:rmi://127.0.0.1/stub/rO0ABXNyAC5qYXZheC5tYW5hZ2VtZW50LnJlbW90ZS5ybWkuUk1JU2VydmVySW1wbF9TdHViAAAAAAAAAAICAAB4cgAaamF2YS5ybWkuc2VydmVyLlJlbW90ZVN0dWLp/tzJi+FlGgIAAHhyABxqYXZhLnJtaS5zZXJ2ZXIuUmVtb3RlT2JqZWN002G0kQxhMx4DAAB4cHc6AAtVbmljYXN0UmVmMgAADzE2OS4yNTQuMTU2LjIzMQAAGxbx+je9Xy5rcYwF/YcAAAF8/ZA6RoABAHg=
2021-11-08 11:21:00,799 [myid:] - INFO  [main:PortAssignment@87] - Assigned port 11223 from range 11221 - 13913.
2021-11-08 11:21:00,799 [myid:] - INFO  [main:PortAssignment@87] - Assigned port 11224 from range 11221 - 13913.
2021-11-08 11:21:00,800 [myid:] - INFO  [main:PortAssignment@87] - Assigned port 11225 from range 11221 - 13913.
2021-11-08 11:21:00,800 [myid:] - INFO  [main:PortAssignment@87] - Assigned port 11226 from range 11221 - 13913.
2021-11-08 11:21:00,800 [myid:] - INFO  [main:PortAssignment@87] - Assigned port 11227 from range 11221 - 13913.
2021-11-08 11:21:00,801 [myid:] - INFO  [main:PortAssignment@87] - Assigned port 11228 from range 11221 - 13913.
2021-11-08 11:21:00,801 [myid:] - INFO  [main:PortAssignment@87] - Assigned port 11229 from range 11221 - 13913.
2021-11-08 11:21:00,802 [myid:] - INFO  [main:PortAssignment@87] - Assigned port 11230 from range 11221 - 13913.
2021-11-08 11:21:00,802 [myid:] - INFO  [main:PortAssignment@87] - Assigned port 11231 from range 11221 - 13913.
2021-11-08 11:21:00,802 [myid:] - INFO  [main:PortAssignment@87] - Assigned port 11232 from range 11221 - 13913.
2021-11-08 11:21:00,803 [myid:] - INFO  [main:PortAssignment@87] - Assigned port 11233 from range 11221 - 13913.
2021-11-08 11:21:00,804 [myid:] - INFO  [main:PortAssignment@87] - Assigned port 11234 from range 11221 - 13913.
2021-11-08 11:21:00,804 [myid:] - INFO  [main:PortAssignment@87] - Assigned port 11235 from range 11221 - 13913.
2021-11-08 11:21:00,805 [myid:] - INFO  [main:PortAssignment@87] - Assigned port 11236 from range 11221 - 13913.
2021-11-08 11:21:00,805 [myid:] - INFO  [main:PortAssignment@87] - Assigned port 11237 from range 11221 - 13913.
2021-11-08 11:21:00,805 [myid:] - INFO  [main:QuorumBase@116] - Ports are: 127.0.0.1:11233,127.0.0.1:11234,127.0.0.1:11235,127.0.0.1:11236,127.0.0.1:11237
2021-11-08 11:21:00,819 [myid:] - INFO  [main:QuorumBase@155] - creating QuorumPeer 1 port 11233
2021-11-08 11:21:00,825 [myid:] - INFO  [main:QuorumPeer@796] - zookeeper.quorumCnxnTimeoutMs=-1
2021-11-08 11:21:00,828 [myid:] - INFO  [main:ServerCnxnFactory@169] - Using org.apache.zookeeper.server.NIOServerCnxnFactory as server connection factory
2021-11-08 11:21:00,829 [myid:] - WARN  [main:ServerCnxnFactory@309] - maxCnxns is not configured, using default value 0.
2021-11-08 11:21:00,831 [myid:] - INFO  [main:NIOServerCnxnFactory@652] - Configuring NIO connection handler with 10s sessionless connection timeout, 1 selector thread(s), 12 worker threads, and 64 kB direct buffers.
2021-11-08 11:21:00,840 [myid:] - INFO  [main:NIOServerCnxnFactory@660] - binding to port /127.0.0.1:11233
2021-11-08 11:21:00,847 [myid:] - INFO  [main:X509Util@77] - Setting -D jdk.tls.rejectClientInitiatedRenegotiation=true to disable client-initiated TLS renegotiation
2021-11-08 11:21:00,851 [myid:] - INFO  [main:FileTxnSnapLog@124] - zookeeper.snapshot.trust.empty : false
2021-11-08 11:21:00,867 [myid:] - INFO  [main:ZookeeperBanner@42] - 
2021-11-08 11:21:00,867 [myid:] - INFO  [main:ZookeeperBanner@42] -   ______                  _                                          
2021-11-08 11:21:00,867 [myid:] - INFO  [main:ZookeeperBanner@42] -  |___  /                 | |                                         
2021-11-08 11:21:00,867 [myid:] - INFO  [main:ZookeeperBanner@42] -     / /    ___     ___   | | __   ___    ___   _ __     ___   _ __   
2021-11-08 11:21:00,867 [myid:] - INFO  [main:ZookeeperBanner@42] -    / /    / _ \   / _ \  | |/ /  / _ \  / _ \ | '_ \   / _ \ | '__|
2021-11-08 11:21:00,867 [myid:] - INFO  [main:ZookeeperBanner@42] -   / /__  | (_) | | (_) | |   <  |  __/ |  __/ | |_) | |  __/ | |    
2021-11-08 11:21:00,868 [myid:] - INFO  [main:ZookeeperBanner@42] -  /_____|  \___/   \___/  |_|\_\  \___|  \___| | .__/   \___| |_|
2021-11-08 11:21:00,868 [myid:] - INFO  [main:ZookeeperBanner@42] -                                               | |                     
2021-11-08 11:21:00,868 [myid:] - INFO  [main:ZookeeperBanner@42] -                                               |_|                     
2021-11-08 11:21:00,868 [myid:] - INFO  [main:ZookeeperBanner@42] - 
2021-11-08 11:21:09,906 [myid:] - INFO  [main:Environment@98] - Server environment:zookeeper.version=3.7.0-02d8e7728613600d355308bb0a256b6f5b41360c-dirty, built on 2021-11-08 03:06 UTC
2021-11-08 11:21:09,906 [myid:] - INFO  [main:Environment@98] - Server environment:host.name=DESKTOP-3V3H020
2021-11-08 11:21:09,906 [myid:] - INFO  [main:Environment@98] - Server environment:java.version=1.8.0_31
2021-11-08 11:21:09,906 [myid:] - INFO  [main:Environment@98] - Server environment:java.vendor=Oracle Corporation
2021-11-08 11:21:09,907 [myid:] - INFO  [main:Environment@98] - Server environment:java.home=C:\Program Files\Java\jdk1.8.0_31\jre
2021-11-08 11:21:09,907 [myid:] - INFO  [main:Environment@98] - Server environment:java.class.path=D:\mysoft\faiscoGit\myStudy\ZooKeeperLearning\apache-zookeeper-3.7.0\zookeeper-server\target\test-classes;D:\mysoft\faiscoGit\myStudy\ZooKeeperLearning\apache-zookeeper-3.7.0\zookeeper-server\target\classes;D:\mysoft\maven\repository\com\github\spotbugs\spotbugs-annotations\4.0.2\spotbugs-annotations-4.0.2.jar;D:\mysoft\maven\repository\com\google\code\findbugs\jsr305\3.0.2\jsr305-3.0.2.jar;D:\mysoft\maven\repository\org\hamcrest\hamcrest-library\2.2\hamcrest-library-2.2.jar;D:\mysoft\maven\repository\org\hamcrest\hamcrest-core\2.2\hamcrest-core-2.2.jar;D:\mysoft\maven\repository\org\hamcrest\hamcrest\2.2\hamcrest-2.2.jar;D:\mysoft\maven\repository\org\apache\commons\commons-collections4\4.4\commons-collections4-4.4.jar;D:\mysoft\maven\repository\org\apache\zookeeper\zookeeper-jute\3.7.0\zookeeper-jute-3.7.0.jar;D:\mysoft\maven\repository\commons-cli\commons-cli\1.4\commons-cli-1.4.jar;D:\mysoft\maven\repository\org\apache\yetus\audience-annotations\0.12.0\audience-annotations-0.12.0.jar;D:\mysoft\maven\repository\io\netty\netty-handler\4.1.59.Final\netty-handler-4.1.59.Final.jar;D:\mysoft\maven\repository\io\netty\netty-common\4.1.59.Final\netty-common-4.1.59.Final.jar;D:\mysoft\maven\repository\io\netty\netty-resolver\4.1.59.Final\netty-resolver-4.1.59.Final.jar;D:\mysoft\maven\repository\io\netty\netty-buffer\4.1.59.Final\netty-buffer-4.1.59.Final.jar;D:\mysoft\maven\repository\io\netty\netty-transport\4.1.59.Final\netty-transport-4.1.59.Final.jar;D:\mysoft\maven\repository\io\netty\netty-codec\4.1.59.Final\netty-codec-4.1.59.Final.jar;D:\mysoft\maven\repository\io\netty\netty-transport-native-epoll\4.1.59.Final\netty-transport-native-epoll-4.1.59.Final.jar;D:\mysoft\maven\repository\io\netty\netty-transport-native-unix-common\4.1.59.Final\netty-transport-native-unix-common-4.1.59.Final.jar;D:\mysoft\maven\repository\org\slf4j\slf4j-api\1.7.30\slf4j-api-1.7.30.jar;D:\mysoft\maven\repository\org\slf4j\slf4j-log4j12\1.7.30\slf4j-log4j12-1.7.30.jar;D:\mysoft\maven\repository\org\eclipse\jetty\jetty-server\9.4.38.v20210224\jetty-server-9.4.38.v20210224.jar;D:\mysoft\maven\repository\javax\servlet\javax.servlet-api\3.1.0\javax.servlet-api-3.1.0.jar;D:\mysoft\maven\repository\org\eclipse\jetty\jetty-http\9.4.38.v20210224\jetty-http-9.4.38.v20210224.jar;D:\mysoft\maven\repository\org\eclipse\jetty\jetty-util\9.4.38.v20210224\jetty-util-9.4.38.v20210224.jar;D:\mysoft\maven\repository\org\eclipse\jetty\jetty-io\9.4.38.v20210224\jetty-io-9.4.38.v20210224.jar;D:\mysoft\maven\repository\org\eclipse\jetty\jetty-servlet\9.4.38.v20210224\jetty-servlet-9.4.38.v20210224.jar;D:\mysoft\maven\repository\org\eclipse\jetty\jetty-security\9.4.38.v20210224\jetty-security-9.4.38.v20210224.jar;D:\mysoft\maven\repository\org\eclipse\jetty\jetty-util-ajax\9.4.38.v20210224\jetty-util-ajax-9.4.38.v20210224.jar;D:\mysoft\maven\repository\org\eclipse\jetty\jetty-client\9.4.38.v20210224\jetty-client-9.4.38.v20210224.jar;D:\mysoft\maven\repository\com\fasterxml\jackson\core\jackson-databind\2.10.5.1\jackson-databind-2.10.5.1.jar;D:\mysoft\maven\repository\com\fasterxml\jackson\core\jackson-annotations\2.10.5\jackson-annotations-2.10.5.jar;D:\mysoft\maven\repository\com\fasterxml\jackson\core\jackson-core\2.10.5\jackson-core-2.10.5.jar;D:\mysoft\maven\repository\org\bouncycastle\bcprov-jdk15on\1.60\bcprov-jdk15on-1.60.jar;D:\mysoft\maven\repository\org\bouncycastle\bcpkix-jdk15on\1.60\bcpkix-jdk15on-1.60.jar;D:\mysoft\maven\repository\jline\jline\2.14.6\jline-2.14.6.jar;D:\mysoft\maven\repository\io\dropwizard\metrics\metrics-core\4.1.12.1\metrics-core-4.1.12.1.jar;D:\mysoft\maven\repository\log4j\log4j\1.2.17\log4j-1.2.17.jar;D:\mysoft\maven\repository\org\apache\kerby\kerb-core\2.0.0\kerb-core-2.0.0.jar;D:\mysoft\maven\repository\org\apache\kerby\kerby-pkix\2.0.0\kerby-pkix-2.0.0.jar;D:\mysoft\maven\repository\org\apache\kerby\kerby-asn1\2.0.0\kerby-asn1-2.0.0.jar;D:\mysoft\maven\repository\org\apache\kerby\kerby-util\2.0.0\kerby-util-2.0.0.jar;D:\mysoft\maven\repository\org\apache\kerby\kerb-simplekdc\2.0.0\kerb-simplekdc-2.0.0.jar;D:\mysoft\maven\repository\org\apache\kerby\kerb-client\2.0.0\kerb-client-2.0.0.jar;D:\mysoft\maven\repository\org\apache\kerby\kerb-common\2.0.0\kerb-common-2.0.0.jar;D:\mysoft\maven\repository\org\apache\kerby\kerb-crypto\2.0.0\kerb-crypto-2.0.0.jar;D:\mysoft\maven\repository\commons-io\commons-io\2.6\commons-io-2.6.jar;D:\mysoft\maven\repository\org\apache\kerby\kerb-util\2.0.0\kerb-util-2.0.0.jar;D:\mysoft\maven\repository\org\apache\kerby\token-provider\2.0.0\token-provider-2.0.0.jar;D:\mysoft\maven\repository\com\nimbusds\nimbus-jose-jwt\4.41.2\nimbus-jose-jwt-4.41.2.jar;D:\mysoft\maven\repository\com\github\stephenc\jcip\jcip-annotations\1.0-1\jcip-annotations-1.0-1.jar;D:\mysoft\maven\repository\net\minidev\json-smart\2.3\json-smart-2.3.jar;D:\mysoft\maven\repository\net\minidev\accessors-smart\1.2\accessors-smart-1.2.jar;D:\mysoft\maven\repository\org\ow2\asm\asm\5.0.4\asm-5.0.4.jar;D:\mysoft\maven\repository\org\apache\kerby\kerb-admin\2.0.0\kerb-admin-2.0.0.jar;D:\mysoft\maven\repository\org\apache\kerby\kerb-server\2.0.0\kerb-server-2.0.0.jar;D:\mysoft\maven\repository\org\apache\kerby\kerb-identity\2.0.0\kerb-identity-2.0.0.jar;D:\mysoft\maven\repository\org\apache\kerby\kerby-xdr\2.0.0\kerby-xdr-2.0.0.jar;D:\mysoft\maven\repository\org\apache\kerby\kerby-config\2.0.0\kerby-config-2.0.0.jar;D:\mysoft\maven\repository\org\mockito\mockito-core\3.6.28\mockito-core-3.6.28.jar;D:\mysoft\maven\repository\net\bytebuddy\byte-buddy\1.10.18\byte-buddy-1.10.18.jar;D:\mysoft\maven\repository\net\bytebuddy\byte-buddy-agent\1.10.18\byte-buddy-agent-1.10.18.jar;D:\mysoft\maven\repository\org\objenesis\objenesis\3.1\objenesis-3.1.jar;D:\mysoft\maven\repository\org\jmockit\jmockit\1.48\jmockit-1.48.jar;D:\mysoft\maven\repository\org\junit\jupiter\junit-jupiter-api\5.6.2\junit-jupiter-api-5.6.2.jar;D:\mysoft\maven\repository\org\apiguardian\apiguardian-api\1.1.0\apiguardian-api-1.1.0.jar;D:\mysoft\maven\repository\org\opentest4j\opentest4j\1.2.0\opentest4j-1.2.0.jar;D:\mysoft\maven\repository\org\junit\platform\junit-platform-commons\1.6.2\junit-platform-commons-1.6.2.jar;D:\mysoft\maven\repository\org\junit\jupiter\junit-jupiter-engine\5.6.2\junit-jupiter-engine-5.6.2.jar;D:\mysoft\maven\repository\org\junit\platform\junit-platform-engine\1.6.2\junit-platform-engine-1.6.2.jar;D:\mysoft\maven\repository\org\junit\jupiter\junit-jupiter-params\5.6.2\junit-jupiter-params-5.6.2.jar;D:\mysoft\maven\repository\org\junit\platform\junit-platform-runner\1.6.2\junit-platform-runner-1.6.2.jar;D:\mysoft\maven\repository\junit\junit\4.13\junit-4.13.jar;D:\mysoft\maven\repository\org\junit\platform\junit-platform-launcher\1.6.2\junit-platform-launcher-1.6.2.jar;D:\mysoft\maven\repository\org\junit\platform\junit-platform-suite-api\1.6.2\junit-platform-suite-api-1.6.2.jar;D:\mysoft\maven\repository\org\xerial\snappy\snappy-java\1.1.7.7\snappy-java-1.1.7.7.jar;
2021-11-08 11:21:09,907 [myid:] - INFO  [main:Environment@98] - Server environment:java.library.path=C:\Program Files\Java\jdk1.8.0_31\jre\bin;C:\WINDOWS\Sun\Java\bin;C:\WINDOWS\system32;C:\WINDOWS;C:\Program Files\Java\jdk1.8.0_31\jre\bin;C:\Python39\Scripts\;C:\Python39\;C:\Python27\;C:\Python27\Scripts;C:\Program Files (x86)\Intel\Intel(R) Management Engine Components\iCLS\;C:\Program Files\Intel\Intel(R) Management Engine Components\iCLS\;C:\WINDOWS\system32;C:\WINDOWS;C:\WINDOWS\System32\Wbem;C:\WINDOWS\System32\WindowsPowerShell\v1.0\;C:\WINDOWS\System32\OpenSSH\;C:\Program Files (x86)\Intel\Intel(R) Management Engine Components\DAL;C:\Program Files\Intel\Intel(R) Management Engine Components\DAL;C:\Program Files\TortoiseSVN\bin;C:\Program Files\Java\jdk1.8.0_31\bin;D:\soft\Git\cmd;D:\mysoft\maven\apache-maven-3.6.1\bin;C:\ProgramData\chocolatey\bin;C:\Program Files\nodejs\;D:\mysoft\gradle-7.0\bin;C:\ProgramData\Oracle\Java\javapath;C:\Program Files\OpenVPN\bin;C:\Users\faisco\AppData\Local\Microsoft\WindowsApps;;D:\soft\Microsoft VS Code\bin;D:\soft\PyCharm Community Edition 2019.1.3\bin;;D:\soft\PyCharm 2019.2.3\bin;;C:\Users\faisco\AppData\Local\Microsoft\WindowsApps;C:\Program Files\JetBrains\IntelliJ IDEA 2020.1\bin;;C:\Program Files\JetBrains\IntelliJ IDEA Community Edition 2020.1.3\bin;;C:\Users\faisco\AppData\Roaming\npm;.
2021-11-08 11:21:09,908 [myid:] - INFO  [main:Environment@98] - Server environment:java.io.tmpdir=C:\Users\faisco\AppData\Local\Temp\
2021-11-08 11:21:09,908 [myid:] - INFO  [main:Environment@98] - Server environment:java.compiler=<NA>
2021-11-08 11:21:09,908 [myid:] - INFO  [main:Environment@98] - Server environment:os.name=Windows 8.1
2021-11-08 11:21:09,908 [myid:] - INFO  [main:Environment@98] - Server environment:os.arch=amd64
2021-11-08 11:21:09,908 [myid:] - INFO  [main:Environment@98] - Server environment:os.version=6.3
2021-11-08 11:21:09,908 [myid:] - INFO  [main:Environment@98] - Server environment:user.name=faisco
2021-11-08 11:21:09,908 [myid:] - INFO  [main:Environment@98] - Server environment:user.home=C:\Users\faisco
2021-11-08 11:21:09,909 [myid:] - INFO  [main:Environment@98] - Server environment:user.dir=D:\mysoft\faiscoGit\myStudy\ZooKeeperLearning\apache-zookeeper-3.7.0\zookeeper-server
2021-11-08 11:21:09,909 [myid:] - INFO  [main:Environment@98] - Server environment:os.memory.free=229MB
2021-11-08 11:21:09,909 [myid:] - INFO  [main:Environment@98] - Server environment:os.memory.max=455MB
2021-11-08 11:21:09,909 [myid:] - INFO  [main:Environment@98] - Server environment:os.memory.total=243MB
2021-11-08 11:21:09,909 [myid:] - INFO  [main:ZooKeeperServer@138] - zookeeper.enableEagerACLCheck = false
2021-11-08 11:21:09,909 [myid:] - INFO  [main:ZooKeeperServer@151] - zookeeper.digest.enabled = true
2021-11-08 11:21:09,909 [myid:] - INFO  [main:ZooKeeperServer@155] - zookeeper.closeSessionTxn.enabled = true
2021-11-08 11:21:09,910 [myid:] - INFO  [main:ZooKeeperServer@1499] - zookeeper.flushDelay=0
2021-11-08 11:21:09,910 [myid:] - INFO  [main:ZooKeeperServer@1508] - zookeeper.maxWriteQueuePollTime=0
2021-11-08 11:21:09,910 [myid:] - INFO  [main:ZooKeeperServer@1517] - zookeeper.maxBatchSize=1000
2021-11-08 11:21:09,910 [myid:] - INFO  [main:ZooKeeperServer@260] - zookeeper.intBufferStartingSizeBytes = 1024
2021-11-08 11:21:09,914 [myid:] - INFO  [main:WatchManagerFactory@42] - Using org.apache.zookeeper.server.watch.WatchManager as watch manager
2021-11-08 11:21:09,915 [myid:] - INFO  [main:WatchManagerFactory@42] - Using org.apache.zookeeper.server.watch.WatchManager as watch manager
2021-11-08 11:21:09,915 [myid:] - INFO  [main:ZKDatabase@133] - zookeeper.snapshotSizeFactor = 0.33
2021-11-08 11:21:09,915 [myid:] - INFO  [main:ZKDatabase@153] - zookeeper.commitLogCount=500
2021-11-08 11:21:09,915 [myid:] - WARN  [main:QuorumPeer@1846] - configFilename is null! This should only happen in tests.
2021-11-08 11:21:09,916 [myid:] - INFO  [main:QuorumBase@158] - creating QuorumPeer 2 port 11234
2021-11-08 11:21:09,916 [myid:] - INFO  [main:ServerCnxnFactory@169] - Using org.apache.zookeeper.server.NIOServerCnxnFactory as server connection factory
2021-11-08 11:21:09,916 [myid:] - WARN  [main:ServerCnxnFactory@309] - maxCnxns is not configured, using default value 0.
2021-11-08 11:21:09,917 [myid:] - INFO  [main:NIOServerCnxnFactory@652] - Configuring NIO connection handler with 10s sessionless connection timeout, 1 selector thread(s), 12 worker threads, and 64 kB direct buffers.
2021-11-08 11:21:09,917 [myid:] - INFO  [main:NIOServerCnxnFactory@660] - binding to port /127.0.0.1:11234
2021-11-08 11:21:09,918 [myid:] - INFO  [main:FileTxnSnapLog@124] - zookeeper.snapshot.trust.empty : false
2021-11-08 11:21:09,918 [myid:] - INFO  [main:WatchManagerFactory@42] - Using org.apache.zookeeper.server.watch.WatchManager as watch manager
2021-11-08 11:21:09,919 [myid:] - INFO  [main:WatchManagerFactory@42] - Using org.apache.zookeeper.server.watch.WatchManager as watch manager
2021-11-08 11:21:09,919 [myid:] - INFO  [main:ZKDatabase@133] - zookeeper.snapshotSizeFactor = 0.33
2021-11-08 11:21:09,919 [myid:] - INFO  [main:ZKDatabase@153] - zookeeper.commitLogCount=500
2021-11-08 11:21:09,919 [myid:] - WARN  [main:QuorumPeer@1846] - configFilename is null! This should only happen in tests.
2021-11-08 11:21:09,919 [myid:] - INFO  [main:QuorumBase@161] - creating QuorumPeer 3 port 11235
2021-11-08 11:21:09,919 [myid:] - INFO  [main:ServerCnxnFactory@169] - Using org.apache.zookeeper.server.NIOServerCnxnFactory as server connection factory
2021-11-08 11:21:09,920 [myid:] - WARN  [main:ServerCnxnFactory@309] - maxCnxns is not configured, using default value 0.
2021-11-08 11:21:09,920 [myid:] - INFO  [main:NIOServerCnxnFactory@652] - Configuring NIO connection handler with 10s sessionless connection timeout, 1 selector thread(s), 12 worker threads, and 64 kB direct buffers.
2021-11-08 11:21:09,923 [myid:] - INFO  [main:NIOServerCnxnFactory@660] - binding to port /127.0.0.1:11235
2021-11-08 11:21:09,924 [myid:] - INFO  [main:FileTxnSnapLog@124] - zookeeper.snapshot.trust.empty : false
2021-11-08 11:21:09,924 [myid:] - INFO  [main:WatchManagerFactory@42] - Using org.apache.zookeeper.server.watch.WatchManager as watch manager
2021-11-08 11:21:09,924 [myid:] - INFO  [main:WatchManagerFactory@42] - Using org.apache.zookeeper.server.watch.WatchManager as watch manager
2021-11-08 11:21:09,925 [myid:] - INFO  [main:ZKDatabase@133] - zookeeper.snapshotSizeFactor = 0.33
2021-11-08 11:21:09,925 [myid:] - INFO  [main:ZKDatabase@153] - zookeeper.commitLogCount=500
2021-11-08 11:21:09,925 [myid:] - WARN  [main:QuorumPeer@1846] - configFilename is null! This should only happen in tests.
2021-11-08 11:21:09,925 [myid:] - INFO  [main:QuorumBase@164] - creating QuorumPeer 4 port 11236
2021-11-08 11:21:09,925 [myid:] - INFO  [main:ServerCnxnFactory@169] - Using org.apache.zookeeper.server.NIOServerCnxnFactory as server connection factory
2021-11-08 11:21:09,925 [myid:] - WARN  [main:ServerCnxnFactory@309] - maxCnxns is not configured, using default value 0.
2021-11-08 11:21:09,925 [myid:] - INFO  [main:NIOServerCnxnFactory@652] - Configuring NIO connection handler with 10s sessionless connection timeout, 1 selector thread(s), 12 worker threads, and 64 kB direct buffers.
2021-11-08 11:21:09,926 [myid:] - INFO  [main:NIOServerCnxnFactory@660] - binding to port /127.0.0.1:11236
2021-11-08 11:21:09,927 [myid:] - INFO  [main:FileTxnSnapLog@124] - zookeeper.snapshot.trust.empty : false
2021-11-08 11:21:09,927 [myid:] - INFO  [main:WatchManagerFactory@42] - Using org.apache.zookeeper.server.watch.WatchManager as watch manager
2021-11-08 11:21:09,928 [myid:] - INFO  [main:WatchManagerFactory@42] - Using org.apache.zookeeper.server.watch.WatchManager as watch manager
2021-11-08 11:21:09,928 [myid:] - INFO  [main:ZKDatabase@133] - zookeeper.snapshotSizeFactor = 0.33
2021-11-08 11:21:09,928 [myid:] - INFO  [main:ZKDatabase@153] - zookeeper.commitLogCount=500
2021-11-08 11:21:09,928 [myid:] - WARN  [main:QuorumPeer@1846] - configFilename is null! This should only happen in tests.
2021-11-08 11:21:09,928 [myid:] - INFO  [main:QuorumBase@167] - creating QuorumPeer 5 port 11237
2021-11-08 11:21:09,928 [myid:] - INFO  [main:ServerCnxnFactory@169] - Using org.apache.zookeeper.server.NIOServerCnxnFactory as server connection factory
2021-11-08 11:21:09,928 [myid:] - WARN  [main:ServerCnxnFactory@309] - maxCnxns is not configured, using default value 0.
2021-11-08 11:21:09,929 [myid:] - INFO  [main:NIOServerCnxnFactory@652] - Configuring NIO connection handler with 10s sessionless connection timeout, 1 selector thread(s), 12 worker threads, and 64 kB direct buffers.
2021-11-08 11:21:09,929 [myid:] - INFO  [main:NIOServerCnxnFactory@660] - binding to port /127.0.0.1:11237
2021-11-08 11:21:09,930 [myid:] - INFO  [main:FileTxnSnapLog@124] - zookeeper.snapshot.trust.empty : false
2021-11-08 11:21:09,934 [myid:] - INFO  [main:WatchManagerFactory@42] - Using org.apache.zookeeper.server.watch.WatchManager as watch manager
2021-11-08 11:21:09,935 [myid:] - INFO  [main:WatchManagerFactory@42] - Using org.apache.zookeeper.server.watch.WatchManager as watch manager
2021-11-08 11:21:09,935 [myid:] - INFO  [main:ZKDatabase@133] - zookeeper.snapshotSizeFactor = 0.33
2021-11-08 11:21:09,935 [myid:] - INFO  [main:ZKDatabase@153] - zookeeper.commitLogCount=500
2021-11-08 11:21:09,935 [myid:] - WARN  [main:QuorumPeer@1846] - configFilename is null! This should only happen in tests.
2021-11-08 11:21:09,937 [myid:] - INFO  [main:QuorumBase@176] - QuorumPeer 1 voting view: {1=127.0.0.1:11223:11228:participant;127.0.0.1:11233, 2=127.0.0.1:11224:11229:participant;127.0.0.1:11234, 3=127.0.0.1:11225:11230:participant;127.0.0.1:11235, 4=127.0.0.1:11226:11231:participant;127.0.0.1:11236, 5=127.0.0.1:11227:11232:participant;127.0.0.1:11237}
2021-11-08 11:21:09,937 [myid:] - INFO  [main:QuorumBase@177] - QuorumPeer 2 voting view: {1=127.0.0.1:11223:11228:participant;127.0.0.1:11233, 2=127.0.0.1:11224:11229:participant;127.0.0.1:11234, 3=127.0.0.1:11225:11230:participant;127.0.0.1:11235, 4=127.0.0.1:11226:11231:participant;127.0.0.1:11236, 5=127.0.0.1:11227:11232:participant;127.0.0.1:11237}
2021-11-08 11:21:09,938 [myid:] - INFO  [main:QuorumBase@178] - QuorumPeer 3 voting view: {1=127.0.0.1:11223:11228:participant;127.0.0.1:11233, 2=127.0.0.1:11224:11229:participant;127.0.0.1:11234, 3=127.0.0.1:11225:11230:participant;127.0.0.1:11235, 4=127.0.0.1:11226:11231:participant;127.0.0.1:11236, 5=127.0.0.1:11227:11232:participant;127.0.0.1:11237}
2021-11-08 11:21:09,939 [myid:] - INFO  [main:QuorumBase@179] - QuorumPeer 4 voting view: {1=127.0.0.1:11223:11228:participant;127.0.0.1:11233, 2=127.0.0.1:11224:11229:participant;127.0.0.1:11234, 3=127.0.0.1:11225:11230:participant;127.0.0.1:11235, 4=127.0.0.1:11226:11231:participant;127.0.0.1:11236, 5=127.0.0.1:11227:11232:participant;127.0.0.1:11237}
2021-11-08 11:21:09,939 [myid:] - INFO  [main:QuorumBase@180] - QuorumPeer 5 voting view: {1=127.0.0.1:11223:11228:participant;127.0.0.1:11233, 2=127.0.0.1:11224:11229:participant;127.0.0.1:11234, 3=127.0.0.1:11225:11230:participant;127.0.0.1:11235, 4=127.0.0.1:11226:11231:participant;127.0.0.1:11236, 5=127.0.0.1:11227:11232:participant;127.0.0.1:11237}
2021-11-08 11:21:09,939 [myid:] - INFO  [main:QuorumPeer@1742] - Local sessions disabled
2021-11-08 11:21:09,939 [myid:] - INFO  [main:QuorumPeer@1742] - Local sessions disabled
2021-11-08 11:21:09,939 [myid:] - INFO  [main:QuorumPeer@1742] - Local sessions disabled
2021-11-08 11:21:09,940 [myid:] - INFO  [main:QuorumPeer@1742] - Local sessions disabled
2021-11-08 11:21:09,940 [myid:] - INFO  [main:QuorumPeer@1742] - Local sessions disabled
2021-11-08 11:21:09,940 [myid:] - INFO  [main:QuorumPeer@1753] - Local session upgrading disabled
2021-11-08 11:21:09,940 [myid:] - INFO  [main:QuorumPeer@1753] - Local session upgrading disabled
2021-11-08 11:21:09,940 [myid:] - INFO  [main:QuorumPeer@1753] - Local session upgrading disabled
2021-11-08 11:21:09,940 [myid:] - INFO  [main:QuorumPeer@1753] - Local session upgrading disabled
2021-11-08 11:21:09,940 [myid:] - INFO  [main:QuorumPeer@1753] - Local session upgrading disabled
2021-11-08 11:21:09,940 [myid:] - INFO  [main:QuorumBase@193] - start QuorumPeer 1
2021-11-08 11:21:09,952 [myid:] - INFO  [main:FileTxnSnapLog@260] - Initialize file found, an empty database will not block voting participation
2021-11-08 11:21:09,957 [myid:] - INFO  [main:SnapStream@61] - zookeeper.snapshot.compression.method = CHECKED
2021-11-08 11:21:09,957 [myid:] - INFO  [main:FileTxnSnapLog@479] - Snapshotting: 0x0 to D:\mysoft\faiscoGit\myStudy\ZooKeeperLearning\apache-zookeeper-3.7.0\zookeeper-server\target\surefire\test2120273903978379696.junit.dir\version-2\snapshot.0
2021-11-08 11:21:09,960 [myid:] - INFO  [main:ZKDatabase@290] - Snapshot loaded in 20 ms, highest zxid is 0x0, digest is 1371985504
2021-11-08 11:21:09,961 [myid:] - INFO  [main:QuorumPeer@1157] - currentEpoch not found! Creating with a reasonable default of 0. This should only happen when you are upgrading your installation
2021-11-08 11:21:09,965 [myid:] - INFO  [main:QuorumPeer@1177] - acceptedEpoch not found! Creating with a reasonable default of 0. This should only happen when you are upgrading your installation
2021-11-08 11:21:09,970 [myid:] - INFO  [main:QuorumPeer@2569] - Using 6000ms as the quorum cnxn socket timeout
2021-11-08 11:21:09,974 [myid:] - INFO  [main:QuorumCnxManager$Listener@924] - Election port bind maximum retries is 3
2021-11-08 11:21:09,975 [myid:] - INFO  [main:FastLeaderElection@89] - zookeeper.fastleader.minNotificationInterval=200
2021-11-08 11:21:09,976 [myid:] - INFO  [main:FastLeaderElection@91] - zookeeper.fastleader.maxNotificationInterval=60000
2021-11-08 11:21:09,978 [myid:] - INFO  [main:QuorumBase@195] - start QuorumPeer 2
2021-11-08 11:21:09,978 [myid:] - INFO  [ListenerHandler-/127.0.0.1:11228:QuorumCnxManager$Listener$ListenerHandler@1066] - 1 is accepting connections now, my election bind port: /127.0.0.1:11228
2021-11-08 11:21:09,979 [myid:] - INFO  [main:FileTxnSnapLog@260] - Initialize file found, an empty database will not block voting participation
2021-11-08 11:21:09,979 [myid:] - INFO  [main:FileTxnSnapLog@479] - Snapshotting: 0x0 to D:\mysoft\faiscoGit\myStudy\ZooKeeperLearning\apache-zookeeper-3.7.0\zookeeper-server\target\surefire\test6280361884807012989.junit.dir\version-2\snapshot.0
2021-11-08 11:21:09,980 [myid:] - INFO  [main:ZKDatabase@290] - Snapshot loaded in 2 ms, highest zxid is 0x0, digest is 1371985504
2021-11-08 11:21:09,980 [myid:] - INFO  [main:QuorumPeer@1157] - currentEpoch not found! Creating with a reasonable default of 0. This should only happen when you are upgrading your installation
2021-11-08 11:21:09,984 [myid:] - INFO  [QuorumPeer[myid=1](plain=127.0.0.1:11233)(secure=disabled):QuorumPeer@1430] - LOOKING
2021-11-08 11:21:09,984 [myid:] - INFO  [main:QuorumPeer@1177] - acceptedEpoch not found! Creating with a reasonable default of 0. This should only happen when you are upgrading your installation
2021-11-08 11:21:09,985 [myid:] - INFO  [QuorumPeer[myid=1](plain=127.0.0.1:11233)(secure=disabled):FastLeaderElection@947] - New election. My id = 1, proposed zxid=0x0
2021-11-08 11:21:09,988 [myid:] - INFO  [main:QuorumPeer@2569] - Using 6000ms as the quorum cnxn socket timeout
2021-11-08 11:21:09,988 [myid:] - INFO  [main:QuorumCnxManager$Listener@924] - Election port bind maximum retries is 3
2021-11-08 11:21:09,991 [myid:] - INFO  [main:QuorumBase@197] - start QuorumPeer 3
2021-11-08 11:21:09,992 [myid:] - INFO  [ListenerHandler-/127.0.0.1:11229:QuorumCnxManager$Listener$ListenerHandler@1066] - 2 is accepting connections now, my election bind port: /127.0.0.1:11229
2021-11-08 11:21:09,993 [myid:] - INFO  [QuorumPeer[myid=2](plain=127.0.0.1:11234)(secure=disabled):QuorumPeer@1430] - LOOKING
2021-11-08 11:21:09,993 [myid:] - INFO  [main:FileTxnSnapLog@260] - Initialize file found, an empty database will not block voting participation
2021-11-08 11:21:09,993 [myid:] - INFO  [QuorumPeer[myid=2](plain=127.0.0.1:11234)(secure=disabled):FastLeaderElection@947] - New election. My id = 2, proposed zxid=0x0
2021-11-08 11:21:09,993 [myid:] - INFO  [main:FileTxnSnapLog@479] - Snapshotting: 0x0 to D:\mysoft\faiscoGit\myStudy\ZooKeeperLearning\apache-zookeeper-3.7.0\zookeeper-server\target\surefire\test3756600100510869704.junit.dir\version-2\snapshot.0
2021-11-08 11:21:09,997 [myid:] - INFO  [main:ZKDatabase@290] - Snapshot loaded in 4 ms, highest zxid is 0x0, digest is 1371985504
2021-11-08 11:21:09,997 [myid:] - INFO  [main:QuorumPeer@1157] - currentEpoch not found! Creating with a reasonable default of 0. This should only happen when you are upgrading your installation
2021-11-08 11:21:09,998 [myid:] - INFO  [WorkerReceiver[myid=1]:FastLeaderElection$Messenger$WorkerReceiver@390] - Notification: my state:LOOKING; n.sid:1, n.state:LOOKING, n.leader:1, n.round:0x1, n.peerEpoch:0x0, n.zxid:0x0, message format version:0x2, n.config version:0x0
2021-11-08 11:21:09,998 [myid:] - INFO  [WorkerReceiver[myid=2]:FastLeaderElection$Messenger$WorkerReceiver@390] - Notification: my state:LOOKING; n.sid:2, n.state:LOOKING, n.leader:2, n.round:0x1, n.peerEpoch:0x0, n.zxid:0x0, message format version:0x2, n.config version:0x0
2021-11-08 11:21:10,000 [myid:] - INFO  [ListenerHandler-/127.0.0.1:11229:QuorumCnxManager$Listener$ListenerHandler@1071] - Received connection request from /127.0.0.1:7788
2021-11-08 11:21:10,000 [myid:] - INFO  [ListenerHandler-/127.0.0.1:11228:QuorumCnxManager$Listener$ListenerHandler@1071] - Received connection request from /127.0.0.1:7791
2021-11-08 11:21:10,005 [myid:] - INFO  [QuorumConnectionThread-[myid=1]-1:QuorumCnxManager@514] - Have smaller server identifier, so dropping the connection: (myId:1 --> sid:2)
2021-11-08 11:21:10,006 [myid:] - INFO  [main:QuorumPeer@1177] - acceptedEpoch not found! Creating with a reasonable default of 0. This should only happen when you are upgrading your installation
2021-11-08 11:21:10,006 [myid:] - WARN  [SendWorker:1:QuorumCnxManager$SendWorker@1295] - Send worker leaving thread id 1 my id = 2
2021-11-08 11:21:10,007 [myid:] - INFO  [ListenerHandler-/127.0.0.1:11228:QuorumCnxManager$Listener$ListenerHandler@1071] - Received connection request from /127.0.0.1:7796
2021-11-08 11:21:10,007 [myid:] - WARN  [RecvWorker:1:QuorumCnxManager$RecvWorker@1397] - Connection broken for id 1, my id = 2
java.net.SocketException: socket closed
	at java.net.SocketInputStream.socketRead0(Native Method)
	at java.net.SocketInputStream.read(SocketInputStream.java:150)
	at java.net.SocketInputStream.read(SocketInputStream.java:121)
	at java.io.BufferedInputStream.fill(BufferedInputStream.java:246)
	at java.io.BufferedInputStream.read(BufferedInputStream.java:265)
	at java.io.DataInputStream.readInt(DataInputStream.java:387)
	at org.apache.zookeeper.server.quorum.QuorumCnxManager$RecvWorker.run(QuorumCnxManager.java:1385)
2021-11-08 11:21:10,009 [myid:] - WARN  [RecvWorker:1:QuorumCnxManager$RecvWorker@1403] - Interrupting SendWorker thread from RecvWorker. sid: 1. myId: 2
2021-11-08 11:21:10,009 [myid:] - INFO  [WorkerReceiver[myid=1]:FastLeaderElection$Messenger$WorkerReceiver@390] - Notification: my state:LOOKING; n.sid:2, n.state:LOOKING, n.leader:2, n.round:0x1, n.peerEpoch:0x0, n.zxid:0x0, message format version:0x2, n.config version:0x0
2021-11-08 11:21:10,009 [myid:] - INFO  [WorkerReceiver[myid=2]:FastLeaderElection$Messenger$WorkerReceiver@390] - Notification: my state:LOOKING; n.sid:1, n.state:LOOKING, n.leader:1, n.round:0x1, n.peerEpoch:0x0, n.zxid:0x0, message format version:0x2, n.config version:0x0
2021-11-08 11:21:10,007 [myid:] - WARN  [SendWorker:2:QuorumCnxManager$SendWorker@1287] - Exception when using channel: for id 2 my id = 1
java.net.SocketException: Software caused connection abort: socket write error
	at java.net.SocketOutputStream.socketWrite0(Native Method)
	at java.net.SocketOutputStream.socketWrite(SocketOutputStream.java:109)
	at java.net.SocketOutputStream.write(SocketOutputStream.java:132)
	at java.io.DataOutputStream.writeInt(DataOutputStream.java:198)
	at org.apache.zookeeper.server.quorum.QuorumCnxManager$SendWorker.send(QuorumCnxManager.java:1229)
	at org.apache.zookeeper.server.quorum.QuorumCnxManager$SendWorker.run(QuorumCnxManager.java:1280)
2021-11-08 11:21:10,010 [myid:] - WARN  [SendWorker:2:QuorumCnxManager$SendWorker@1295] - Send worker leaving thread id 2 my id = 1
2021-11-08 11:21:10,010 [myid:] - INFO  [main:QuorumPeer@2569] - Using 6000ms as the quorum cnxn socket timeout
2021-11-08 11:21:10,007 [myid:] - WARN  [RecvWorker:2:QuorumCnxManager$RecvWorker@1397] - Connection broken for id 2, my id = 1
java.net.SocketException: Software caused connection abort: recv failed
	at java.net.SocketInputStream.socketRead0(Native Method)
	at java.net.SocketInputStream.read(SocketInputStream.java:150)
	at java.net.SocketInputStream.read(SocketInputStream.java:121)
	at java.io.BufferedInputStream.fill(BufferedInputStream.java:246)
	at java.io.BufferedInputStream.read(BufferedInputStream.java:265)
	at java.io.DataInputStream.readInt(DataInputStream.java:387)
	at org.apache.zookeeper.server.quorum.QuorumCnxManager$RecvWorker.run(QuorumCnxManager.java:1385)
2021-11-08 11:21:10,010 [myid:] - INFO  [main:QuorumCnxManager$Listener@924] - Election port bind maximum retries is 3
2021-11-08 11:21:10,012 [myid:] - INFO  [main:QuorumBase@199] - start QuorumPeer 4
2021-11-08 11:21:10,012 [myid:] - INFO  [WorkerReceiver[myid=2]:FastLeaderElection$Messenger$WorkerReceiver@390] - Notification: my state:LOOKING; n.sid:1, n.state:LOOKING, n.leader:2, n.round:0x1, n.peerEpoch:0x0, n.zxid:0x0, message format version:0x2, n.config version:0x0
2021-11-08 11:21:10,012 [myid:] - INFO  [main:FileTxnSnapLog@260] - Initialize file found, an empty database will not block voting participation
2021-11-08 11:21:10,011 [myid:] - INFO  [WorkerReceiver[myid=1]:FastLeaderElection$Messenger$WorkerReceiver@390] - Notification: my state:LOOKING; n.sid:1, n.state:LOOKING, n.leader:2, n.round:0x1, n.peerEpoch:0x0, n.zxid:0x0, message format version:0x2, n.config version:0x0
2021-11-08 11:21:10,011 [myid:] - WARN  [RecvWorker:2:QuorumCnxManager$RecvWorker@1403] - Interrupting SendWorker thread from RecvWorker. sid: 2. myId: 1
2021-11-08 11:21:10,013 [myid:] - INFO  [main:FileTxnSnapLog@479] - Snapshotting: 0x0 to D:\mysoft\faiscoGit\myStudy\ZooKeeperLearning\apache-zookeeper-3.7.0\zookeeper-server\target\surefire\test6478713909586545803.junit.dir\version-2\snapshot.0
2021-11-08 11:21:10,014 [myid:] - INFO  [QuorumPeer[myid=3](plain=127.0.0.1:11235)(secure=disabled):QuorumPeer@1430] - LOOKING
2021-11-08 11:21:10,014 [myid:] - INFO  [QuorumPeer[myid=3](plain=127.0.0.1:11235)(secure=disabled):FastLeaderElection@947] - New election. My id = 3, proposed zxid=0x0
2021-11-08 11:21:10,014 [myid:] - INFO  [ListenerHandler-/127.0.0.1:11230:QuorumCnxManager$Listener$ListenerHandler@1066] - 3 is accepting connections now, my election bind port: /127.0.0.1:11230
2021-11-08 11:21:10,014 [myid:] - INFO  [main:ZKDatabase@290] - Snapshot loaded in 3 ms, highest zxid is 0x0, digest is 1371985504
2021-11-08 11:21:10,016 [myid:] - INFO  [main:QuorumPeer@1157] - currentEpoch not found! Creating with a reasonable default of 0. This should only happen when you are upgrading your installation
2021-11-08 11:21:10,017 [myid:] - INFO  [WorkerReceiver[myid=3]:FastLeaderElection$Messenger$WorkerReceiver@390] - Notification: my state:LOOKING; n.sid:3, n.state:LOOKING, n.leader:3, n.round:0x1, n.peerEpoch:0x0, n.zxid:0x0, message format version:0x2, n.config version:0x0
2021-11-08 11:21:10,019 [myid:] - INFO  [ListenerHandler-/127.0.0.1:11229:QuorumCnxManager$Listener$ListenerHandler@1071] - Received connection request from /127.0.0.1:7799
2021-11-08 11:21:10,021 [myid:] - INFO  [main:QuorumPeer@1177] - acceptedEpoch not found! Creating with a reasonable default of 0. This should only happen when you are upgrading your installation
2021-11-08 11:21:10,021 [myid:] - INFO  [ListenerHandler-/127.0.0.1:11228:QuorumCnxManager$Listener$ListenerHandler@1071] - Received connection request from /127.0.0.1:7802
2021-11-08 11:21:10,024 [myid:] - INFO  [WorkerReceiver[myid=2]:FastLeaderElection$Messenger$WorkerReceiver@390] - Notification: my state:LOOKING; n.sid:3, n.state:LOOKING, n.leader:3, n.round:0x1, n.peerEpoch:0x0, n.zxid:0x0, message format version:0x2, n.config version:0x0
2021-11-08 11:21:10,024 [myid:] - INFO  [WorkerReceiver[myid=3]:FastLeaderElection$Messenger$WorkerReceiver@390] - Notification: my state:LOOKING; n.sid:2, n.state:LOOKING, n.leader:2, n.round:0x1, n.peerEpoch:0x0, n.zxid:0x0, message format version:0x2, n.config version:0x0
2021-11-08 11:21:10,024 [myid:] - INFO  [WorkerReceiver[myid=1]:FastLeaderElection$Messenger$WorkerReceiver@390] - Notification: my state:LOOKING; n.sid:3, n.state:LOOKING, n.leader:3, n.round:0x1, n.peerEpoch:0x0, n.zxid:0x0, message format version:0x2, n.config version:0x0
2021-11-08 11:21:10,025 [myid:] - INFO  [WorkerReceiver[myid=3]:FastLeaderElection$Messenger$WorkerReceiver@390] - Notification: my state:LOOKING; n.sid:1, n.state:LOOKING, n.leader:2, n.round:0x1, n.peerEpoch:0x0, n.zxid:0x0, message format version:0x2, n.config version:0x0
2021-11-08 11:21:10,025 [myid:] - INFO  [main:QuorumPeer@2569] - Using 6000ms as the quorum cnxn socket timeout
2021-11-08 11:21:10,025 [myid:] - INFO  [main:QuorumCnxManager$Listener@924] - Election port bind maximum retries is 3
2021-11-08 11:21:10,025 [myid:] - INFO  [main:QuorumBase@201] - start QuorumPeer 5
2021-11-08 11:21:10,026 [myid:] - INFO  [main:FileTxnSnapLog@260] - Initialize file found, an empty database will not block voting participation
2021-11-08 11:21:10,026 [myid:] - INFO  [WorkerReceiver[myid=1]:FastLeaderElection$Messenger$WorkerReceiver@390] - Notification: my state:LOOKING; n.sid:1, n.state:LOOKING, n.leader:3, n.round:0x1, n.peerEpoch:0x0, n.zxid:0x0, message format version:0x2, n.config version:0x0
2021-11-08 11:21:10,026 [myid:] - INFO  [main:FileTxnSnapLog@479] - Snapshotting: 0x0 to D:\mysoft\faiscoGit\myStudy\ZooKeeperLearning\apache-zookeeper-3.7.0\zookeeper-server\target\surefire\test2362219725588102734.junit.dir\version-2\snapshot.0
2021-11-08 11:21:10,031 [myid:] - INFO  [WorkerReceiver[myid=1]:FastLeaderElection$Messenger$WorkerReceiver@390] - Notification: my state:LOOKING; n.sid:2, n.state:LOOKING, n.leader:3, n.round:0x1, n.peerEpoch:0x0, n.zxid:0x0, message format version:0x2, n.config version:0x0
2021-11-08 11:21:10,032 [myid:] - INFO  [WorkerReceiver[myid=2]:FastLeaderElection$Messenger$WorkerReceiver@390] - Notification: my state:LOOKING; n.sid:2, n.state:LOOKING, n.leader:3, n.round:0x1, n.peerEpoch:0x0, n.zxid:0x0, message format version:0x2, n.config version:0x0
2021-11-08 11:21:10,032 [myid:] - INFO  [WorkerReceiver[myid=2]:FastLeaderElection$Messenger$WorkerReceiver@390] - Notification: my state:LOOKING; n.sid:1, n.state:LOOKING, n.leader:3, n.round:0x1, n.peerEpoch:0x0, n.zxid:0x0, message format version:0x2, n.config version:0x0
2021-11-08 11:21:10,032 [myid:] - INFO  [main:ZKDatabase@290] - Snapshot loaded in 6 ms, highest zxid is 0x0, digest is 1371985504
2021-11-08 11:21:10,032 [myid:] - INFO  [WorkerReceiver[myid=3]:FastLeaderElection$Messenger$WorkerReceiver@390] - Notification: my state:LOOKING; n.sid:2, n.state:LOOKING, n.leader:3, n.round:0x1, n.peerEpoch:0x0, n.zxid:0x0, message format version:0x2, n.config version:0x0
2021-11-08 11:21:10,034 [myid:] - INFO  [ListenerHandler-/127.0.0.1:11231:QuorumCnxManager$Listener$ListenerHandler@1066] - 4 is accepting connections now, my election bind port: /127.0.0.1:11231
2021-11-08 11:21:10,034 [myid:] - INFO  [main:QuorumPeer@1157] - currentEpoch not found! Creating with a reasonable default of 0. This should only happen when you are upgrading your installation
2021-11-08 11:21:10,034 [myid:] - INFO  [QuorumPeer[myid=4](plain=127.0.0.1:11236)(secure=disabled):QuorumPeer@1430] - LOOKING
2021-11-08 11:21:10,034 [myid:] - INFO  [WorkerReceiver[myid=3]:FastLeaderElection$Messenger$WorkerReceiver@390] - Notification: my state:LOOKING; n.sid:1, n.state:LOOKING, n.leader:3, n.round:0x1, n.peerEpoch:0x0, n.zxid:0x0, message format version:0x2, n.config version:0x0
2021-11-08 11:21:10,035 [myid:] - INFO  [QuorumPeer[myid=4](plain=127.0.0.1:11236)(secure=disabled):FastLeaderElection@947] - New election. My id = 4, proposed zxid=0x0
2021-11-08 11:21:10,036 [myid:] - INFO  [ListenerHandler-/127.0.0.1:11228:QuorumCnxManager$Listener$ListenerHandler@1071] - Received connection request from /127.0.0.1:7806
2021-11-08 11:21:10,038 [myid:] - INFO  [ListenerHandler-/127.0.0.1:11230:QuorumCnxManager$Listener$ListenerHandler@1071] - Received connection request from /127.0.0.1:7807
2021-11-08 11:21:10,040 [myid:] - INFO  [ListenerHandler-/127.0.0.1:11229:QuorumCnxManager$Listener$ListenerHandler@1071] - Received connection request from /127.0.0.1:7808
2021-11-08 11:21:10,040 [myid:] - INFO  [main:QuorumPeer@1177] - acceptedEpoch not found! Creating with a reasonable default of 0. This should only happen when you are upgrading your installation
2021-11-08 11:21:10,040 [myid:] - INFO  [WorkerReceiver[myid=4]:FastLeaderElection$Messenger$WorkerReceiver@390] - Notification: my state:LOOKING; n.sid:4, n.state:LOOKING, n.leader:4, n.round:0x1, n.peerEpoch:0x0, n.zxid:0x0, message format version:0x2, n.config version:0x0
2021-11-08 11:21:10,041 [myid:] - INFO  [WorkerReceiver[myid=4]:FastLeaderElection$Messenger$WorkerReceiver@390] - Notification: my state:LOOKING; n.sid:1, n.state:LOOKING, n.leader:3, n.round:0x1, n.peerEpoch:0x0, n.zxid:0x0, message format version:0x2, n.config version:0x0
2021-11-08 11:21:10,041 [myid:] - INFO  [WorkerReceiver[myid=1]:FastLeaderElection$Messenger$WorkerReceiver@390] - Notification: my state:LOOKING; n.sid:4, n.state:LOOKING, n.leader:4, n.round:0x1, n.peerEpoch:0x0, n.zxid:0x0, message format version:0x2, n.config version:0x0
2021-11-08 11:21:10,042 [myid:] - INFO  [WorkerReceiver[myid=4]:FastLeaderElection$Messenger$WorkerReceiver@390] - Notification: my state:LOOKING; n.sid:3, n.state:LOOKING, n.leader:3, n.round:0x1, n.peerEpoch:0x0, n.zxid:0x0, message format version:0x2, n.config version:0x0
2021-11-08 11:21:10,042 [myid:] - INFO  [WorkerReceiver[myid=3]:FastLeaderElection$Messenger$WorkerReceiver@390] - Notification: my state:LOOKING; n.sid:4, n.state:LOOKING, n.leader:4, n.round:0x1, n.peerEpoch:0x0, n.zxid:0x0, message format version:0x2, n.config version:0x0
2021-11-08 11:21:10,043 [myid:] - INFO  [WorkerReceiver[myid=1]:FastLeaderElection$Messenger$WorkerReceiver@390] - Notification: my state:LOOKING; n.sid:1, n.state:LOOKING, n.leader:4, n.round:0x1, n.peerEpoch:0x0, n.zxid:0x0, message format version:0x2, n.config version:0x0
2021-11-08 11:21:10,044 [myid:] - INFO  [WorkerReceiver[myid=2]:FastLeaderElection$Messenger$WorkerReceiver@390] - Notification: my state:LOOKING; n.sid:1, n.state:LOOKING, n.leader:4, n.round:0x1, n.peerEpoch:0x0, n.zxid:0x0, message format version:0x2, n.config version:0x0
2021-11-08 11:21:10,044 [myid:] - INFO  [main:QuorumPeer@2569] - Using 6000ms as the quorum cnxn socket timeout
2021-11-08 11:21:10,044 [myid:] - INFO  [WorkerReceiver[myid=4]:FastLeaderElection$Messenger$WorkerReceiver@390] - Notification: my state:LOOKING; n.sid:2, n.state:LOOKING, n.leader:3, n.round:0x1, n.peerEpoch:0x0, n.zxid:0x0, message format version:0x2, n.config version:0x0
2021-11-08 11:21:10,044 [myid:] - INFO  [main:QuorumCnxManager$Listener@924] - Election port bind maximum retries is 3
2021-11-08 11:21:10,045 [myid:] - INFO  [WorkerReceiver[myid=1]:FastLeaderElection$Messenger$WorkerReceiver@390] - Notification: my state:LOOKING; n.sid:3, n.state:LOOKING, n.leader:4, n.round:0x1, n.peerEpoch:0x0, n.zxid:0x0, message format version:0x2, n.config version:0x0
2021-11-08 11:21:10,047 [myid:] - INFO  [WorkerReceiver[myid=2]:FastLeaderElection$Messenger$WorkerReceiver@390] - Notification: my state:LOOKING; n.sid:4, n.state:LOOKING, n.leader:4, n.round:0x1, n.peerEpoch:0x0, n.zxid:0x0, message format version:0x2, n.config version:0x0
2021-11-08 11:21:10,047 [myid:] - INFO  [WorkerReceiver[myid=4]:FastLeaderElection$Messenger$WorkerReceiver@390] - Notification: my state:LOOKING; n.sid:1, n.state:LOOKING, n.leader:4, n.round:0x1, n.peerEpoch:0x0, n.zxid:0x0, message format version:0x2, n.config version:0x0
2021-11-08 11:21:10,048 [myid:] - INFO  [WorkerReceiver[myid=4]:FastLeaderElection$Messenger$WorkerReceiver@390] - Notification: my state:LOOKING; n.sid:3, n.state:LOOKING, n.leader:4, n.round:0x1, n.peerEpoch:0x0, n.zxid:0x0, message format version:0x2, n.config version:0x0
2021-11-08 11:21:10,049 [myid:] - INFO  [WorkerReceiver[myid=2]:FastLeaderElection$Messenger$WorkerReceiver@390] - Notification: my state:LOOKING; n.sid:3, n.state:LOOKING, n.leader:4, n.round:0x1, n.peerEpoch:0x0, n.zxid:0x0, message format version:0x2, n.config version:0x0
2021-11-08 11:21:10,050 [myid:] - INFO  [WorkerReceiver[myid=3]:FastLeaderElection$Messenger$WorkerReceiver@390] - Notification: my state:LOOKING; n.sid:3, n.state:LOOKING, n.leader:4, n.round:0x1, n.peerEpoch:0x0, n.zxid:0x0, message format version:0x2, n.config version:0x0
2021-11-08 11:21:10,050 [myid:] - INFO  [WorkerReceiver[myid=3]:FastLeaderElection$Messenger$WorkerReceiver@390] - Notification: my state:LOOKING; n.sid:1, n.state:LOOKING, n.leader:4, n.round:0x1, n.peerEpoch:0x0, n.zxid:0x0, message format version:0x2, n.config version:0x0
2021-11-08 11:21:10,051 [myid:] - INFO  [WorkerReceiver[myid=1]:FastLeaderElection$Messenger$WorkerReceiver@390] - Notification: my state:LOOKING; n.sid:2, n.state:LOOKING, n.leader:4, n.round:0x1, n.peerEpoch:0x0, n.zxid:0x0, message format version:0x2, n.config version:0x0
2021-11-08 11:21:10,051 [myid:] - INFO  [main:QuorumBase@203] - started QuorumPeer 5
2021-11-08 11:21:10,052 [myid:] - INFO  [main:QuorumBase@205] - Checking ports 127.0.0.1:11233,127.0.0.1:11234,127.0.0.1:11235,127.0.0.1:11236,127.0.0.1:11237
2021-11-08 11:21:10,052 [myid:] - INFO  [ListenerHandler-/127.0.0.1:11232:QuorumCnxManager$Listener$ListenerHandler@1066] - 5 is accepting connections now, my election bind port: /127.0.0.1:11232
2021-11-08 11:21:10,053 [myid:] - INFO  [WorkerReceiver[myid=2]:FastLeaderElection$Messenger$WorkerReceiver@390] - Notification: my state:LOOKING; n.sid:2, n.state:LOOKING, n.leader:4, n.round:0x1, n.peerEpoch:0x0, n.zxid:0x0, message format version:0x2, n.config version:0x0
2021-11-08 11:21:10,054 [myid:] - INFO  [QuorumPeer[myid=5](plain=127.0.0.1:11237)(secure=disabled):QuorumPeer@1430] - LOOKING
2021-11-08 11:21:10,054 [myid:] - INFO  [WorkerReceiver[myid=4]:FastLeaderElection$Messenger$WorkerReceiver@390] - Notification: my state:LOOKING; n.sid:2, n.state:LOOKING, n.leader:4, n.round:0x1, n.peerEpoch:0x0, n.zxid:0x0, message format version:0x2, n.config version:0x0
2021-11-08 11:21:10,054 [myid:] - INFO  [QuorumPeer[myid=5](plain=127.0.0.1:11237)(secure=disabled):FastLeaderElection@947] - New election. My id = 5, proposed zxid=0x0
2021-11-08 11:21:10,057 [myid:] - INFO  [WorkerReceiver[myid=5]:FastLeaderElection$Messenger$WorkerReceiver@390] - Notification: my state:LOOKING; n.sid:5, n.state:LOOKING, n.leader:5, n.round:0x1, n.peerEpoch:0x0, n.zxid:0x0, message format version:0x2, n.config version:0x0
2021-11-08 11:21:10,058 [myid:] - INFO  [WorkerReceiver[myid=3]:FastLeaderElection$Messenger$WorkerReceiver@390] - Notification: my state:LOOKING; n.sid:2, n.state:LOOKING, n.leader:4, n.round:0x1, n.peerEpoch:0x0, n.zxid:0x0, message format version:0x2, n.config version:0x0
2021-11-08 11:21:10,058 [myid:] - INFO  [main:FourLetterWordMain@94] - connecting to 127.0.0.1 11233
2021-11-08 11:21:10,059 [myid:] - INFO  [ListenerHandler-/127.0.0.1:11229:QuorumCnxManager$Listener$ListenerHandler@1071] - Received connection request from /127.0.0.1:7820
2021-11-08 11:21:10,059 [myid:] - INFO  [ListenerHandler-/127.0.0.1:11230:QuorumCnxManager$Listener$ListenerHandler@1071] - Received connection request from /127.0.0.1:7819
2021-11-08 11:21:10,060 [myid:] - INFO  [ListenerHandler-/127.0.0.1:11231:QuorumCnxManager$Listener$ListenerHandler@1071] - Received connection request from /127.0.0.1:7821
2021-11-08 11:21:10,061 [myid:] - INFO  [ListenerHandler-/127.0.0.1:11228:QuorumCnxManager$Listener$ListenerHandler@1071] - Received connection request from /127.0.0.1:7823
2021-11-08 11:21:10,065 [myid:] - INFO  [WorkerReceiver[myid=1]:FastLeaderElection$Messenger$WorkerReceiver@390] - Notification: my state:LOOKING; n.sid:5, n.state:LOOKING, n.leader:5, n.round:0x1, n.peerEpoch:0x0, n.zxid:0x0, message format version:0x2, n.config version:0x0
2021-11-08 11:21:10,067 [myid:] - INFO  [WorkerReceiver[myid=5]:FastLeaderElection$Messenger$WorkerReceiver@390] - Notification: my state:LOOKING; n.sid:1, n.state:LOOKING, n.leader:4, n.round:0x1, n.peerEpoch:0x0, n.zxid:0x0, message format version:0x2, n.config version:0x0
2021-11-08 11:21:10,068 [myid:] - INFO  [WorkerReceiver[myid=1]:FastLeaderElection$Messenger$WorkerReceiver@390] - Notification: my state:LOOKING; n.sid:1, n.state:LOOKING, n.leader:5, n.round:0x1, n.peerEpoch:0x0, n.zxid:0x0, message format version:0x2, n.config version:0x0
2021-11-08 11:21:10,068 [myid:] - INFO  [WorkerReceiver[myid=4]:FastLeaderElection$Messenger$WorkerReceiver@390] - Notification: my state:LOOKING; n.sid:5, n.state:LOOKING, n.leader:5, n.round:0x1, n.peerEpoch:0x0, n.zxid:0x0, message format version:0x2, n.config version:0x0
2021-11-08 11:21:10,068 [myid:] - INFO  [WorkerReceiver[myid=4]:FastLeaderElection$Messenger$WorkerReceiver@390] - Notification: my state:LOOKING; n.sid:1, n.state:LOOKING, n.leader:5, n.round:0x1, n.peerEpoch:0x0, n.zxid:0x0, message format version:0x2, n.config version:0x0
2021-11-08 11:21:10,069 [myid:] - INFO  [WorkerReceiver[myid=2]:FastLeaderElection$Messenger$WorkerReceiver@390] - Notification: my state:LOOKING; n.sid:5, n.state:LOOKING, n.leader:5, n.round:0x1, n.peerEpoch:0x0, n.zxid:0x0, message format version:0x2, n.config version:0x0
2021-11-08 11:21:10,070 [myid:] - INFO  [WorkerReceiver[myid=3]:FastLeaderElection$Messenger$WorkerReceiver@390] - Notification: my state:LOOKING; n.sid:1, n.state:LOOKING, n.leader:5, n.round:0x1, n.peerEpoch:0x0, n.zxid:0x0, message format version:0x2, n.config version:0x0
2021-11-08 11:21:10,070 [myid:] - INFO  [WorkerReceiver[myid=3]:FastLeaderElection$Messenger$WorkerReceiver@390] - Notification: my state:LOOKING; n.sid:5, n.state:LOOKING, n.leader:5, n.round:0x1, n.peerEpoch:0x0, n.zxid:0x0, message format version:0x2, n.config version:0x0
2021-11-08 11:21:10,071 [myid:] - INFO  [WorkerReceiver[myid=5]:FastLeaderElection$Messenger$WorkerReceiver@390] - Notification: my state:LOOKING; n.sid:3, n.state:LOOKING, n.leader:4, n.round:0x1, n.peerEpoch:0x0, n.zxid:0x0, message format version:0x2, n.config version:0x0
2021-11-08 11:21:10,071 [myid:] - INFO  [WorkerReceiver[myid=4]:FastLeaderElection$Messenger$WorkerReceiver@390] - Notification: my state:LOOKING; n.sid:4, n.state:LOOKING, n.leader:5, n.round:0x1, n.peerEpoch:0x0, n.zxid:0x0, message format version:0x2, n.config version:0x0
2021-11-08 11:21:10,072 [myid:] - INFO  [WorkerReceiver[myid=2]:FastLeaderElection$Messenger$WorkerReceiver@390] - Notification: my state:LOOKING; n.sid:1, n.state:LOOKING, n.leader:5, n.round:0x1, n.peerEpoch:0x0, n.zxid:0x0, message format version:0x2, n.config version:0x0
2021-11-08 11:21:10,072 [myid:] - INFO  [WorkerReceiver[myid=2]:FastLeaderElection$Messenger$WorkerReceiver@390] - Notification: my state:LOOKING; n.sid:2, n.state:LOOKING, n.leader:5, n.round:0x1, n.peerEpoch:0x0, n.zxid:0x0, message format version:0x2, n.config version:0x0
2021-11-08 11:21:10,072 [myid:] - INFO  [WorkerReceiver[myid=2]:FastLeaderElection$Messenger$WorkerReceiver@390] - Notification: my state:LOOKING; n.sid:4, n.state:LOOKING, n.leader:5, n.round:0x1, n.peerEpoch:0x0, n.zxid:0x0, message format version:0x2, n.config version:0x0
2021-11-08 11:21:10,072 [myid:] - INFO  [WorkerReceiver[myid=1]:FastLeaderElection$Messenger$WorkerReceiver@390] - Notification: my state:LOOKING; n.sid:4, n.state:LOOKING, n.leader:5, n.round:0x1, n.peerEpoch:0x0, n.zxid:0x0, message format version:0x2, n.config version:0x0
2021-11-08 11:21:10,072 [myid:] - INFO  [WorkerReceiver[myid=1]:FastLeaderElection$Messenger$WorkerReceiver@390] - Notification: my state:LOOKING; n.sid:2, n.state:LOOKING, n.leader:5, n.round:0x1, n.peerEpoch:0x0, n.zxid:0x0, message format version:0x2, n.config version:0x0
2021-11-08 11:21:10,072 [myid:] - INFO  [WorkerReceiver[myid=5]:FastLeaderElection$Messenger$WorkerReceiver@390] - Notification: my state:LOOKING; n.sid:2, n.state:LOOKING, n.leader:4, n.round:0x1, n.peerEpoch:0x0, n.zxid:0x0, message format version:0x2, n.config version:0x0
2021-11-08 11:21:10,074 [myid:] - INFO  [NIOWorkerThread-1:FourLetterCommands@223] - The list of known four letter word commands is : [{1936881266=srvr, 1937006964=stat, 2003003491=wchc, 1685417328=dump, 1668445044=crst, 1936880500=srst, 1701738089=envi, 1668247142=conf, -720899=telnet close, 1751217000=hash, 2003003507=wchs, 2003003504=wchp, 1684632179=dirs, 1668247155=cons, 1835955314=mntr, 1769173615=isro, 1920298859=ruok, 1735683435=gtmk, 1937010027=stmk}]
2021-11-08 11:21:10,074 [myid:] - INFO  [NIOWorkerThread-1:FourLetterCommands@224] - The list of enabled four letter word commands is : [[wchs, stat, wchp, dirs, stmk, conf, ruok, mntr, srvr, wchc, envi, srst, isro, dump, gtmk, telnet close, crst, hash, cons]]
2021-11-08 11:21:10,074 [myid:] - INFO  [WorkerReceiver[myid=1]:FastLeaderElection$Messenger$WorkerReceiver@390] - Notification: my state:LOOKING; n.sid:3, n.state:LOOKING, n.leader:5, n.round:0x1, n.peerEpoch:0x0, n.zxid:0x0, message format version:0x2, n.config version:0x0
2021-11-08 11:21:10,074 [myid:] - INFO  [NIOWorkerThread-1:NIOServerCnxn@514] - Processing stat command from /127.0.0.1:7822
2021-11-08 11:21:10,075 [myid:] - INFO  [WorkerReceiver[myid=5]:FastLeaderElection$Messenger$WorkerReceiver@390] - Notification: my state:LOOKING; n.sid:1, n.state:LOOKING, n.leader:5, n.round:0x1, n.peerEpoch:0x0, n.zxid:0x0, message format version:0x2, n.config version:0x0
2021-11-08 11:21:10,075 [myid:] - INFO  [WorkerReceiver[myid=5]:FastLeaderElection$Messenger$WorkerReceiver@390] - Notification: my state:LOOKING; n.sid:2, n.state:LOOKING, n.leader:5, n.round:0x1, n.peerEpoch:0x0, n.zxid:0x0, message format version:0x2, n.config version:0x0
2021-11-08 11:21:10,075 [myid:] - INFO  [WorkerReceiver[myid=4]:FastLeaderElection$Messenger$WorkerReceiver@390] - Notification: my state:LOOKING; n.sid:3, n.state:LOOKING, n.leader:5, n.round:0x1, n.peerEpoch:0x0, n.zxid:0x0, message format version:0x2, n.config version:0x0
2021-11-08 11:21:10,075 [myid:] - INFO  [WorkerReceiver[myid=5]:FastLeaderElection$Messenger$WorkerReceiver@390] - Notification: my state:LOOKING; n.sid:3, n.state:LOOKING, n.leader:5, n.round:0x1, n.peerEpoch:0x0, n.zxid:0x0, message format version:0x2, n.config version:0x0
2021-11-08 11:21:10,076 [myid:] - INFO  [WorkerReceiver[myid=2]:FastLeaderElection$Messenger$WorkerReceiver@390] - Notification: my state:LOOKING; n.sid:3, n.state:LOOKING, n.leader:5, n.round:0x1, n.peerEpoch:0x0, n.zxid:0x0, message format version:0x2, n.config version:0x0
2021-11-08 11:21:10,075 [myid:] - INFO  [WorkerReceiver[myid=3]:FastLeaderElection$Messenger$WorkerReceiver@390] - Notification: my state:LOOKING; n.sid:4, n.state:LOOKING, n.leader:5, n.round:0x1, n.peerEpoch:0x0, n.zxid:0x0, message format version:0x2, n.config version:0x0
2021-11-08 11:21:10,076 [myid:] - INFO  [WorkerReceiver[myid=4]:FastLeaderElection$Messenger$WorkerReceiver@390] - Notification: my state:LOOKING; n.sid:2, n.state:LOOKING, n.leader:5, n.round:0x1, n.peerEpoch:0x0, n.zxid:0x0, message format version:0x2, n.config version:0x0
2021-11-08 11:21:10,076 [myid:] - INFO  [WorkerReceiver[myid=3]:FastLeaderElection$Messenger$WorkerReceiver@390] - Notification: my state:LOOKING; n.sid:2, n.state:LOOKING, n.leader:5, n.round:0x1, n.peerEpoch:0x0, n.zxid:0x0, message format version:0x2, n.config version:0x0
2021-11-08 11:21:10,076 [myid:] - INFO  [WorkerReceiver[myid=3]:FastLeaderElection$Messenger$WorkerReceiver@390] - Notification: my state:LOOKING; n.sid:3, n.state:LOOKING, n.leader:5, n.round:0x1, n.peerEpoch:0x0, n.zxid:0x0, message format version:0x2, n.config version:0x0
2021-11-08 11:21:10,077 [myid:] - INFO  [WorkerReceiver[myid=5]:FastLeaderElection$Messenger$WorkerReceiver@390] - Notification: my state:LOOKING; n.sid:4, n.state:LOOKING, n.leader:4, n.round:0x1, n.peerEpoch:0x0, n.zxid:0x0, message format version:0x2, n.config version:0x0
2021-11-08 11:21:10,077 [myid:] - INFO  [WorkerReceiver[myid=5]:FastLeaderElection$Messenger$WorkerReceiver@390] - Notification: my state:LOOKING; n.sid:4, n.state:LOOKING, n.leader:5, n.round:0x1, n.peerEpoch:0x0, n.zxid:0x0, message format version:0x2, n.config version:0x0
2021-11-08 11:21:10,276 [myid:] - INFO  [QuorumPeer[myid=1](plain=127.0.0.1:11233)(secure=disabled):QuorumPeer@901] - Peer state changed: following
2021-11-08 11:21:10,276 [myid:] - INFO  [QuorumPeer[myid=1](plain=127.0.0.1:11233)(secure=disabled):QuorumPeer@1512] - FOLLOWING
2021-11-08 11:21:10,277 [myid:] - INFO  [QuorumPeer[myid=4](plain=127.0.0.1:11236)(secure=disabled):QuorumPeer@901] - Peer state changed: following
2021-11-08 11:21:10,277 [myid:] - INFO  [QuorumPeer[myid=3](plain=127.0.0.1:11235)(secure=disabled):QuorumPeer@901] - Peer state changed: following
2021-11-08 11:21:10,277 [myid:] - INFO  [QuorumPeer[myid=4](plain=127.0.0.1:11236)(secure=disabled):QuorumPeer@1512] - FOLLOWING
2021-11-08 11:21:10,277 [myid:] - INFO  [QuorumPeer[myid=3](plain=127.0.0.1:11235)(secure=disabled):QuorumPeer@1512] - FOLLOWING
2021-11-08 11:21:10,278 [myid:] - INFO  [QuorumPeer[myid=2](plain=127.0.0.1:11234)(secure=disabled):QuorumPeer@901] - Peer state changed: following
2021-11-08 11:21:10,278 [myid:] - INFO  [QuorumPeer[myid=2](plain=127.0.0.1:11234)(secure=disabled):QuorumPeer@1512] - FOLLOWING
2021-11-08 11:21:10,279 [myid:] - INFO  [QuorumPeer[myid=5](plain=127.0.0.1:11237)(secure=disabled):QuorumPeer@901] - Peer state changed: leading
2021-11-08 11:21:10,279 [myid:] - INFO  [QuorumPeer[myid=5](plain=127.0.0.1:11237)(secure=disabled):QuorumPeer@1527] - LEADING
2021-11-08 11:21:10,280 [myid:] - INFO  [QuorumPeer[myid=1](plain=127.0.0.1:11233)(secure=disabled):Learner@127] - leaderConnectDelayDuringRetryMs: 100
2021-11-08 11:21:10,280 [myid:] - INFO  [QuorumPeer[myid=1](plain=127.0.0.1:11233)(secure=disabled):Learner@128] - TCP NoDelay set to: true
2021-11-08 11:21:10,280 [myid:] - INFO  [QuorumPeer[myid=1](plain=127.0.0.1:11233)(secure=disabled):Learner@129] - learner.asyncSending = false
2021-11-08 11:21:10,280 [myid:] - INFO  [QuorumPeer[myid=1](plain=127.0.0.1:11233)(secure=disabled):Learner@130] - learner.closeSocketAsync = false
2021-11-08 11:21:10,282 [myid:] - INFO  [QuorumPeer[myid=5](plain=127.0.0.1:11237)(secure=disabled):LearnerMaster@47] - zookeeper.leader.maxConcurrentSnapSyncs = 10
2021-11-08 11:21:10,282 [myid:] - INFO  [QuorumPeer[myid=5](plain=127.0.0.1:11237)(secure=disabled):LearnerMaster@50] - zookeeper.leader.maxConcurrentDiffSyncs = 100
2021-11-08 11:21:10,282 [myid:] - INFO  [QuorumPeer[myid=5](plain=127.0.0.1:11237)(secure=disabled):Leader@87] - TCP NoDelay set to: true
2021-11-08 11:21:10,282 [myid:] - INFO  [QuorumPeer[myid=5](plain=127.0.0.1:11237)(secure=disabled):Leader@108] - zookeeper.leader.ackLoggingFrequency = 1000
2021-11-08 11:21:10,282 [myid:] - INFO  [QuorumPeer[myid=5](plain=127.0.0.1:11237)(secure=disabled):Leader@1345] - zookeeper.leader.maxTimeToWaitForEpoch = -1ms
2021-11-08 11:21:10,283 [myid:] - INFO  [QuorumPeer[myid=1](plain=127.0.0.1:11233)(secure=disabled):BlueThrottle@141] - Weighed connection throttling is disabled
2021-11-08 11:21:10,284 [myid:] - INFO  [QuorumPeer[myid=1](plain=127.0.0.1:11233)(secure=disabled):ZooKeeperServer@1300] - minSessionTimeout set to 4000
2021-11-08 11:21:10,284 [myid:] - INFO  [QuorumPeer[myid=3](plain=127.0.0.1:11235)(secure=disabled):ZooKeeperServer@1300] - minSessionTimeout set to 4000
2021-11-08 11:21:10,284 [myid:] - INFO  [QuorumPeer[myid=4](plain=127.0.0.1:11236)(secure=disabled):ZooKeeperServer@1300] - minSessionTimeout set to 4000
2021-11-08 11:21:10,284 [myid:] - INFO  [QuorumPeer[myid=4](plain=127.0.0.1:11236)(secure=disabled):ZooKeeperServer@1309] - maxSessionTimeout set to 40000
2021-11-08 11:21:10,284 [myid:] - INFO  [QuorumPeer[myid=5](plain=127.0.0.1:11237)(secure=disabled):ZooKeeperServer@1300] - minSessionTimeout set to 4000
2021-11-08 11:21:10,284 [myid:] - INFO  [QuorumPeer[myid=2](plain=127.0.0.1:11234)(secure=disabled):ZooKeeperServer@1300] - minSessionTimeout set to 4000
2021-11-08 11:21:10,284 [myid:] - INFO  [QuorumPeer[myid=2](plain=127.0.0.1:11234)(secure=disabled):ZooKeeperServer@1309] - maxSessionTimeout set to 40000
2021-11-08 11:21:10,284 [myid:] - INFO  [QuorumPeer[myid=5](plain=127.0.0.1:11237)(secure=disabled):ZooKeeperServer@1309] - maxSessionTimeout set to 40000
2021-11-08 11:21:10,284 [myid:] - INFO  [QuorumPeer[myid=3](plain=127.0.0.1:11235)(secure=disabled):ZooKeeperServer@1309] - maxSessionTimeout set to 40000
2021-11-08 11:21:10,284 [myid:] - INFO  [QuorumPeer[myid=1](plain=127.0.0.1:11233)(secure=disabled):ZooKeeperServer@1309] - maxSessionTimeout set to 40000
2021-11-08 11:21:10,285 [myid:] - INFO  [QuorumPeer[myid=4](plain=127.0.0.1:11236)(secure=disabled):ResponseCache@45] - getData response cache size is initialized with value 400.
2021-11-08 11:21:10,285 [myid:] - INFO  [QuorumPeer[myid=1](plain=127.0.0.1:11233)(secure=disabled):ResponseCache@45] - getData response cache size is initialized with value 400.
2021-11-08 11:21:10,286 [myid:] - INFO  [QuorumPeer[myid=2](plain=127.0.0.1:11234)(secure=disabled):ResponseCache@45] - getData response cache size is initialized with value 400.
2021-11-08 11:21:10,286 [myid:] - INFO  [QuorumPeer[myid=5](plain=127.0.0.1:11237)(secure=disabled):ResponseCache@45] - getData response cache size is initialized with value 400.
2021-11-08 11:21:10,285 [myid:] - INFO  [QuorumPeer[myid=3](plain=127.0.0.1:11235)(secure=disabled):ResponseCache@45] - getData response cache size is initialized with value 400.
2021-11-08 11:21:10,286 [myid:] - INFO  [QuorumPeer[myid=5](plain=127.0.0.1:11237)(secure=disabled):ResponseCache@45] - getChildren response cache size is initialized with value 400.
2021-11-08 11:21:10,286 [myid:] - INFO  [QuorumPeer[myid=2](plain=127.0.0.1:11234)(secure=disabled):ResponseCache@45] - getChildren response cache size is initialized with value 400.
2021-11-08 11:21:10,286 [myid:] - INFO  [QuorumPeer[myid=1](plain=127.0.0.1:11233)(secure=disabled):ResponseCache@45] - getChildren response cache size is initialized with value 400.
2021-11-08 11:21:10,286 [myid:] - INFO  [QuorumPeer[myid=4](plain=127.0.0.1:11236)(secure=disabled):ResponseCache@45] - getChildren response cache size is initialized with value 400.
2021-11-08 11:21:10,286 [myid:] - INFO  [QuorumPeer[myid=3](plain=127.0.0.1:11235)(secure=disabled):ResponseCache@45] - getChildren response cache size is initialized with value 400.
2021-11-08 11:21:10,287 [myid:] - INFO  [QuorumPeer[myid=3](plain=127.0.0.1:11235)(secure=disabled):RequestPathMetricsCollector@109] - zookeeper.pathStats.slotCapacity = 60
2021-11-08 11:21:10,287 [myid:] - INFO  [QuorumPeer[myid=3](plain=127.0.0.1:11235)(secure=disabled):RequestPathMetricsCollector@110] - zookeeper.pathStats.slotDuration = 15
2021-11-08 11:21:10,287 [myid:] - INFO  [QuorumPeer[myid=3](plain=127.0.0.1:11235)(secure=disabled):RequestPathMetricsCollector@111] - zookeeper.pathStats.maxDepth = 6
2021-11-08 11:21:10,287 [myid:] - INFO  [QuorumPeer[myid=3](plain=127.0.0.1:11235)(secure=disabled):RequestPathMetricsCollector@112] - zookeeper.pathStats.initialDelay = 5
2021-11-08 11:21:10,287 [myid:] - INFO  [QuorumPeer[myid=4](plain=127.0.0.1:11236)(secure=disabled):RequestPathMetricsCollector@109] - zookeeper.pathStats.slotCapacity = 60
2021-11-08 11:21:10,287 [myid:] - INFO  [QuorumPeer[myid=4](plain=127.0.0.1:11236)(secure=disabled):RequestPathMetricsCollector@110] - zookeeper.pathStats.slotDuration = 15
2021-11-08 11:21:10,287 [myid:] - INFO  [QuorumPeer[myid=2](plain=127.0.0.1:11234)(secure=disabled):RequestPathMetricsCollector@109] - zookeeper.pathStats.slotCapacity = 60
2021-11-08 11:21:10,287 [myid:] - INFO  [QuorumPeer[myid=5](plain=127.0.0.1:11237)(secure=disabled):RequestPathMetricsCollector@109] - zookeeper.pathStats.slotCapacity = 60
2021-11-08 11:21:10,287 [myid:] - INFO  [QuorumPeer[myid=1](plain=127.0.0.1:11233)(secure=disabled):RequestPathMetricsCollector@109] - zookeeper.pathStats.slotCapacity = 60
2021-11-08 11:21:10,288 [myid:] - INFO  [QuorumPeer[myid=5](plain=127.0.0.1:11237)(secure=disabled):RequestPathMetricsCollector@110] - zookeeper.pathStats.slotDuration = 15
2021-11-08 11:21:10,287 [myid:] - INFO  [QuorumPeer[myid=2](plain=127.0.0.1:11234)(secure=disabled):RequestPathMetricsCollector@110] - zookeeper.pathStats.slotDuration = 15
2021-11-08 11:21:10,287 [myid:] - INFO  [QuorumPeer[myid=4](plain=127.0.0.1:11236)(secure=disabled):RequestPathMetricsCollector@111] - zookeeper.pathStats.maxDepth = 6
2021-11-08 11:21:10,287 [myid:] - INFO  [QuorumPeer[myid=3](plain=127.0.0.1:11235)(secure=disabled):RequestPathMetricsCollector@113] - zookeeper.pathStats.delay = 5
2021-11-08 11:21:10,288 [myid:] - INFO  [QuorumPeer[myid=4](plain=127.0.0.1:11236)(secure=disabled):RequestPathMetricsCollector@112] - zookeeper.pathStats.initialDelay = 5
2021-11-08 11:21:10,288 [myid:] - INFO  [QuorumPeer[myid=2](plain=127.0.0.1:11234)(secure=disabled):RequestPathMetricsCollector@111] - zookeeper.pathStats.maxDepth = 6
2021-11-08 11:21:10,288 [myid:] - INFO  [QuorumPeer[myid=5](plain=127.0.0.1:11237)(secure=disabled):RequestPathMetricsCollector@111] - zookeeper.pathStats.maxDepth = 6
2021-11-08 11:21:10,288 [myid:] - INFO  [QuorumPeer[myid=1](plain=127.0.0.1:11233)(secure=disabled):RequestPathMetricsCollector@110] - zookeeper.pathStats.slotDuration = 15
2021-11-08 11:21:10,288 [myid:] - INFO  [QuorumPeer[myid=1](plain=127.0.0.1:11233)(secure=disabled):RequestPathMetricsCollector@111] - zookeeper.pathStats.maxDepth = 6
2021-11-08 11:21:10,288 [myid:] - INFO  [QuorumPeer[myid=1](plain=127.0.0.1:11233)(secure=disabled):RequestPathMetricsCollector@112] - zookeeper.pathStats.initialDelay = 5
2021-11-08 11:21:10,288 [myid:] - INFO  [QuorumPeer[myid=1](plain=127.0.0.1:11233)(secure=disabled):RequestPathMetricsCollector@113] - zookeeper.pathStats.delay = 5
2021-11-08 11:21:10,288 [myid:] - INFO  [QuorumPeer[myid=5](plain=127.0.0.1:11237)(secure=disabled):RequestPathMetricsCollector@112] - zookeeper.pathStats.initialDelay = 5
2021-11-08 11:21:10,288 [myid:] - INFO  [QuorumPeer[myid=2](plain=127.0.0.1:11234)(secure=disabled):RequestPathMetricsCollector@112] - zookeeper.pathStats.initialDelay = 5
2021-11-08 11:21:10,288 [myid:] - INFO  [QuorumPeer[myid=4](plain=127.0.0.1:11236)(secure=disabled):RequestPathMetricsCollector@113] - zookeeper.pathStats.delay = 5
2021-11-08 11:21:10,288 [myid:] - INFO  [QuorumPeer[myid=3](plain=127.0.0.1:11235)(secure=disabled):RequestPathMetricsCollector@114] - zookeeper.pathStats.enabled = false
2021-11-08 11:21:10,288 [myid:] - INFO  [QuorumPeer[myid=4](plain=127.0.0.1:11236)(secure=disabled):RequestPathMetricsCollector@114] - zookeeper.pathStats.enabled = false
2021-11-08 11:21:10,288 [myid:] - INFO  [QuorumPeer[myid=2](plain=127.0.0.1:11234)(secure=disabled):RequestPathMetricsCollector@113] - zookeeper.pathStats.delay = 5
2021-11-08 11:21:10,289 [myid:] - INFO  [QuorumPeer[myid=2](plain=127.0.0.1:11234)(secure=disabled):RequestPathMetricsCollector@114] - zookeeper.pathStats.enabled = false
2021-11-08 11:21:10,288 [myid:] - INFO  [QuorumPeer[myid=5](plain=127.0.0.1:11237)(secure=disabled):RequestPathMetricsCollector@113] - zookeeper.pathStats.delay = 5
2021-11-08 11:21:10,289 [myid:] - INFO  [QuorumPeer[myid=5](plain=127.0.0.1:11237)(secure=disabled):RequestPathMetricsCollector@114] - zookeeper.pathStats.enabled = false
2021-11-08 11:21:10,288 [myid:] - INFO  [QuorumPeer[myid=1](plain=127.0.0.1:11233)(secure=disabled):RequestPathMetricsCollector@114] - zookeeper.pathStats.enabled = false
2021-11-08 11:21:10,290 [myid:] - INFO  [QuorumPeer[myid=4](plain=127.0.0.1:11236)(secure=disabled):ZooKeeperServer@1536] - The max bytes for all large requests are set to 104857600
2021-11-08 11:21:10,290 [myid:] - INFO  [QuorumPeer[myid=2](plain=127.0.0.1:11234)(secure=disabled):ZooKeeperServer@1536] - The max bytes for all large requests are set to 104857600
2021-11-08 11:21:10,290 [myid:] - INFO  [QuorumPeer[myid=1](plain=127.0.0.1:11233)(secure=disabled):ZooKeeperServer@1536] - The max bytes for all large requests are set to 104857600
2021-11-08 11:21:10,290 [myid:] - INFO  [QuorumPeer[myid=3](plain=127.0.0.1:11235)(secure=disabled):ZooKeeperServer@1536] - The max bytes for all large requests are set to 104857600
2021-11-08 11:21:10,290 [myid:] - INFO  [QuorumPeer[myid=1](plain=127.0.0.1:11233)(secure=disabled):ZooKeeperServer@1550] - The large request threshold is set to -1
2021-11-08 11:21:10,290 [myid:] - INFO  [QuorumPeer[myid=2](plain=127.0.0.1:11234)(secure=disabled):ZooKeeperServer@1550] - The large request threshold is set to -1
2021-11-08 11:21:10,290 [myid:] - INFO  [QuorumPeer[myid=5](plain=127.0.0.1:11237)(secure=disabled):ZooKeeperServer@1536] - The max bytes for all large requests are set to 104857600
2021-11-08 11:21:10,290 [myid:] - INFO  [QuorumPeer[myid=5](plain=127.0.0.1:11237)(secure=disabled):ZooKeeperServer@1550] - The large request threshold is set to -1
2021-11-08 11:21:10,290 [myid:] - INFO  [QuorumPeer[myid=4](plain=127.0.0.1:11236)(secure=disabled):ZooKeeperServer@1550] - The large request threshold is set to -1
2021-11-08 11:21:10,290 [myid:] - INFO  [QuorumPeer[myid=3](plain=127.0.0.1:11235)(secure=disabled):ZooKeeperServer@1550] - The large request threshold is set to -1
2021-11-08 11:21:10,291 [myid:] - INFO  [QuorumPeer[myid=1](plain=127.0.0.1:11233)(secure=disabled):AuthenticationHelper@66] - zookeeper.enforce.auth.enabled = false
2021-11-08 11:21:10,291 [myid:] - INFO  [QuorumPeer[myid=2](plain=127.0.0.1:11234)(secure=disabled):AuthenticationHelper@66] - zookeeper.enforce.auth.enabled = false
2021-11-08 11:21:10,291 [myid:] - INFO  [QuorumPeer[myid=2](plain=127.0.0.1:11234)(secure=disabled):AuthenticationHelper@67] - zookeeper.enforce.auth.schemes = []
2021-11-08 11:21:10,291 [myid:] - INFO  [QuorumPeer[myid=2](plain=127.0.0.1:11234)(secure=disabled):ZooKeeperServer@361] - Created server with tickTime 2000 minSessionTimeout 4000 maxSessionTimeout 40000 clientPortListenBacklog -1 datadir D:\mysoft\faiscoGit\myStudy\ZooKeeperLearning\apache-zookeeper-3.7.0\zookeeper-server\target\surefire\test6280361884807012989.junit.dir\version-2 snapdir D:\mysoft\faiscoGit\myStudy\ZooKeeperLearning\apache-zookeeper-3.7.0\zookeeper-server\target\surefire\test6280361884807012989.junit.dir\version-2
2021-11-08 11:21:10,291 [myid:] - INFO  [QuorumPeer[myid=3](plain=127.0.0.1:11235)(secure=disabled):AuthenticationHelper@66] - zookeeper.enforce.auth.enabled = false
2021-11-08 11:21:10,291 [myid:] - INFO  [QuorumPeer[myid=5](plain=127.0.0.1:11237)(secure=disabled):AuthenticationHelper@66] - zookeeper.enforce.auth.enabled = false
2021-11-08 11:21:10,291 [myid:] - INFO  [QuorumPeer[myid=4](plain=127.0.0.1:11236)(secure=disabled):AuthenticationHelper@66] - zookeeper.enforce.auth.enabled = false
2021-11-08 11:21:10,291 [myid:] - INFO  [QuorumPeer[myid=5](plain=127.0.0.1:11237)(secure=disabled):AuthenticationHelper@67] - zookeeper.enforce.auth.schemes = []
2021-11-08 11:21:10,291 [myid:] - INFO  [QuorumPeer[myid=3](plain=127.0.0.1:11235)(secure=disabled):AuthenticationHelper@67] - zookeeper.enforce.auth.schemes = []
2021-11-08 11:21:10,291 [myid:] - INFO  [QuorumPeer[myid=1](plain=127.0.0.1:11233)(secure=disabled):AuthenticationHelper@67] - zookeeper.enforce.auth.schemes = []
2021-11-08 11:21:10,292 [myid:] - INFO  [QuorumPeer[myid=3](plain=127.0.0.1:11235)(secure=disabled):ZooKeeperServer@361] - Created server with tickTime 2000 minSessionTimeout 4000 maxSessionTimeout 40000 clientPortListenBacklog -1 datadir D:\mysoft\faiscoGit\myStudy\ZooKeeperLearning\apache-zookeeper-3.7.0\zookeeper-server\target\surefire\test3756600100510869704.junit.dir\version-2 snapdir D:\mysoft\faiscoGit\myStudy\ZooKeeperLearning\apache-zookeeper-3.7.0\zookeeper-server\target\surefire\test3756600100510869704.junit.dir\version-2
2021-11-08 11:21:10,291 [myid:] - INFO  [QuorumPeer[myid=5](plain=127.0.0.1:11237)(secure=disabled):ZooKeeperServer@361] - Created server with tickTime 2000 minSessionTimeout 4000 maxSessionTimeout 40000 clientPortListenBacklog -1 datadir D:\mysoft\faiscoGit\myStudy\ZooKeeperLearning\apache-zookeeper-3.7.0\zookeeper-server\target\surefire\test2362219725588102734.junit.dir\version-2 snapdir D:\mysoft\faiscoGit\myStudy\ZooKeeperLearning\apache-zookeeper-3.7.0\zookeeper-server\target\surefire\test2362219725588102734.junit.dir\version-2
2021-11-08 11:21:10,291 [myid:] - INFO  [QuorumPeer[myid=4](plain=127.0.0.1:11236)(secure=disabled):AuthenticationHelper@67] - zookeeper.enforce.auth.schemes = []
2021-11-08 11:21:10,292 [myid:] - INFO  [QuorumPeer[myid=4](plain=127.0.0.1:11236)(secure=disabled):ZooKeeperServer@361] - Created server with tickTime 2000 minSessionTimeout 4000 maxSessionTimeout 40000 clientPortListenBacklog -1 datadir D:\mysoft\faiscoGit\myStudy\ZooKeeperLearning\apache-zookeeper-3.7.0\zookeeper-server\target\surefire\test6478713909586545803.junit.dir\version-2 snapdir D:\mysoft\faiscoGit\myStudy\ZooKeeperLearning\apache-zookeeper-3.7.0\zookeeper-server\target\surefire\test6478713909586545803.junit.dir\version-2
2021-11-08 11:21:10,292 [myid:] - INFO  [QuorumPeer[myid=1](plain=127.0.0.1:11233)(secure=disabled):ZooKeeperServer@361] - Created server with tickTime 2000 minSessionTimeout 4000 maxSessionTimeout 40000 clientPortListenBacklog -1 datadir D:\mysoft\faiscoGit\myStudy\ZooKeeperLearning\apache-zookeeper-3.7.0\zookeeper-server\target\surefire\test2120273903978379696.junit.dir\version-2 snapdir D:\mysoft\faiscoGit\myStudy\ZooKeeperLearning\apache-zookeeper-3.7.0\zookeeper-server\target\surefire\test2120273903978379696.junit.dir\version-2
2021-11-08 11:21:10,293 [myid:] - INFO  [QuorumPeer[myid=1](plain=127.0.0.1:11233)(secure=disabled):Follower@77] - FOLLOWING - LEADER ELECTION TOOK - 308 MS
2021-11-08 11:21:10,293 [myid:] - INFO  [QuorumPeer[myid=4](plain=127.0.0.1:11236)(secure=disabled):Follower@77] - FOLLOWING - LEADER ELECTION TOOK - 258 MS
2021-11-08 11:21:10,293 [myid:] - INFO  [QuorumPeer[myid=2](plain=127.0.0.1:11234)(secure=disabled):Follower@77] - FOLLOWING - LEADER ELECTION TOOK - 299 MS
2021-11-08 11:21:10,293 [myid:] - INFO  [QuorumPeer[myid=3](plain=127.0.0.1:11235)(secure=disabled):Follower@77] - FOLLOWING - LEADER ELECTION TOOK - 278 MS
2021-11-08 11:21:10,295 [myid:] - INFO  [QuorumPeer[myid=4](plain=127.0.0.1:11236)(secure=disabled):QuorumPeer@915] - Peer state changed: following - discovery
2021-11-08 11:21:10,295 [myid:] - INFO  [QuorumPeer[myid=3](plain=127.0.0.1:11235)(secure=disabled):QuorumPeer@915] - Peer state changed: following - discovery
2021-11-08 11:21:10,295 [myid:] - INFO  [QuorumPeer[myid=2](plain=127.0.0.1:11234)(secure=disabled):QuorumPeer@915] - Peer state changed: following - discovery
2021-11-08 11:21:10,295 [myid:] - INFO  [QuorumPeer[myid=1](plain=127.0.0.1:11233)(secure=disabled):QuorumPeer@915] - Peer state changed: following - discovery
2021-11-08 11:21:10,296 [myid:] - INFO  [QuorumPeer[myid=5](plain=127.0.0.1:11237)(secure=disabled):Leader@584] - LEADING - LEADER ELECTION TOOK - 242 MS
2021-11-08 11:21:10,298 [myid:] - INFO  [LeaderConnector-/127.0.0.1:11227:Learner$LeaderConnector@381] - Successfully connected to leader, using address: /127.0.0.1:11227
2021-11-08 11:21:10,298 [myid:] - INFO  [LeaderConnector-/127.0.0.1:11227:Learner$LeaderConnector@381] - Successfully connected to leader, using address: /127.0.0.1:11227
2021-11-08 11:21:10,298 [myid:] - INFO  [LeaderConnector-/127.0.0.1:11227:Learner$LeaderConnector@381] - Successfully connected to leader, using address: /127.0.0.1:11227
2021-11-08 11:21:10,298 [myid:] - INFO  [LeaderConnector-/127.0.0.1:11227:Learner$LeaderConnector@381] - Successfully connected to leader, using address: /127.0.0.1:11227
2021-11-08 11:21:10,300 [myid:] - INFO  [QuorumPeer[myid=5](plain=127.0.0.1:11237)(secure=disabled):QuorumPeer@915] - Peer state changed: leading - discovery
2021-11-08 11:21:10,300 [myid:] - INFO  [QuorumPeer[myid=5](plain=127.0.0.1:11237)(secure=disabled):FileTxnSnapLog@479] - Snapshotting: 0x0 to D:\mysoft\faiscoGit\myStudy\ZooKeeperLearning\apache-zookeeper-3.7.0\zookeeper-server\target\surefire\test2362219725588102734.junit.dir\version-2\snapshot.0
2021-11-08 11:21:10,302 [myid:] - INFO  [QuorumPeer[myid=5](plain=127.0.0.1:11237)(secure=disabled):ZooKeeperServer@543] - Snapshot taken in 2 ms
2021-11-08 11:21:10,307 [myid:] - INFO  [LearnerCnxAcceptorHandler-/127.0.0.1:11227:LearnerHandler@72] - leader.closeSocketAsync = false
[...]
	at org.apache.zookeeper.server.quorum.QuorumPeer.run(QuorumPeer.java:1515)
2021-11-08 11:21:19,928 [myid:] - INFO  [QuorumPeer[myid=2](plain=127.0.0.1:11234)(secure=disabled):Follower@147] - Disconnected from leader (with address: /127.0.0.1:11227). Was connected for 9628ms. Sync state: true
2021-11-08 11:21:19,928 [myid:] - INFO  [QuorumPeer[myid=2](plain=127.0.0.1:11234)(secure=disabled):Follower@291] - shutdown Follower
2021-11-08 11:21:19,928 [myid:] - INFO  [main:ZooKeeperServer@829] - shutting down
2021-11-08 11:21:19,928 [myid:] - WARN  [LearnerHandler-/127.0.0.1:7851:LearnerHandler@731] - ******* GOODBYE /127.0.0.1:7851 ********
2021-11-08 11:21:19,929 [myid:] - INFO  [main:RequestThrottler@258] - Shutting down
2021-11-08 11:21:19,929 [myid:] - INFO  [RequestThrottler:RequestThrottler@219] - Draining request throttler queue
2021-11-08 11:21:19,929 [myid:] - INFO  [RequestThrottler:RequestThrottler@195] - RequestThrottler shutdown. Dropped 0 requests
2021-11-08 11:21:19,929 [myid:] - INFO  [main:FollowerRequestProcessor@172] - Shutting down
2021-11-08 11:21:19,930 [myid:] - INFO  [main:CommitProcessor@632] - Shutting down
2021-11-08 11:21:19,930 [myid:] - INFO  [CommitProcessor:2:CommitProcessor@420] - CommitProcessor exited loop!
2021-11-08 11:21:19,930 [myid:] - INFO  [FollowerRequestProcessor:2:FollowerRequestProcessor@128] - FollowerRequestProcessor exited loop!
2021-11-08 11:21:19,930 [myid:] - INFO  [main:FinalRequestProcessor@684] - shutdown of request processor complete
2021-11-08 11:21:19,930 [myid:] - INFO  [QuorumPeer[myid=2](plain=127.0.0.1:11234)(secure=disabled):QuorumPeer@915] - Peer state changed: looking
2021-11-08 11:21:19,930 [myid:] - WARN  [QuorumPeer[myid=2](plain=127.0.0.1:11234)(secure=disabled):QuorumPeer@1563] - PeerState set to LOOKING
2021-11-08 11:21:19,930 [myid:] - WARN  [QuorumPeer[myid=2](plain=127.0.0.1:11234)(secure=disabled):QuorumPeer@1545] - QuorumPeer main thread exited
2021-11-08 11:21:19,931 [myid:] - INFO  [NIOServerCxnFactory.AcceptThread:/127.0.0.1:11234:NIOServerCnxnFactory$AcceptThread@195] - accept thread exitted run method
2021-11-08 11:21:19,931 [myid:] - INFO  [NIOServerCxnFactory.SelectorThread-0:NIOServerCnxnFactory$SelectorThread@397] - selector thread exitted run method
2021-11-08 11:21:19,931 [myid:] - INFO  [ConnnectionExpirer:NIOServerCnxnFactory$ConnectionExpirerThread@564] - ConnnectionExpirerThread interrupted
2021-11-08 11:21:19,931 [myid:] - INFO  [QuorumPeerListener:QuorumCnxManager$Listener@980] - Leaving listener
2021-11-08 11:21:19,932 [myid:] - INFO  [main:QuorumBase@426] - Shutting down leader election QuorumPeer[myid=2](plain=127.0.0.1:11234)(secure=disabled)
2021-11-08 11:21:19,932 [myid:] - INFO  [main:QuorumBase@431] - Waiting for QuorumPeer[myid=2](plain=127.0.0.1:11234)(secure=disabled) to exit thread
2021-11-08 11:21:19,933 [myid:] - INFO  [main:QuorumBase@422] - Shutting down quorum peer QuorumPeer[myid=3](plain=127.0.0.1:11235)(secure=disabled)
2021-11-08 11:21:19,933 [myid:] - INFO  [main:Follower@291] - shutdown Follower
2021-11-08 11:21:19,933 [myid:] - ERROR [LearnerHandler-/127.0.0.1:7848:LearnerHandler@715] - Unexpected exception in LearnerHandler: 
java.io.EOFException
	at java.io.DataInputStream.readInt(DataInputStream.java:392)
	at org.apache.jute.BinaryInputArchive.readInt(BinaryInputArchive.java:96)
	at org.apache.zookeeper.server.quorum.QuorumPacket.deserialize(QuorumPacket.java:86)
	at org.apache.jute.BinaryInputArchive.readRecord(BinaryInputArchive.java:134)
	at org.apache.zookeeper.server.quorum.LearnerHandler.run(LearnerHandler.java:652)
2021-11-08 11:21:19,933 [myid:] - INFO  [main:ZooKeeperServer@829] - shutting down
2021-11-08 11:21:19,933 [myid:] - WARN  [QuorumPeer[myid=3](plain=127.0.0.1:11235)(secure=disabled):Follower@133] - Exception when following the leader
java.net.SocketException: Socket Closed
	at java.net.SocketInputStream.socketRead0(Native Method)
	at java.net.SocketInputStream.read(SocketInputStream.java:150)
	at java.net.SocketInputStream.read(SocketInputStream.java:121)
	at java.io.BufferedInputStream.fill(BufferedInputStream.java:246)
	at java.io.BufferedInputStream.read(BufferedInputStream.java:265)
	at java.io.DataInputStream.readInt(DataInputStream.java:387)
	at org.apache.jute.BinaryInputArchive.readInt(BinaryInputArchive.java:96)
	at org.apache.zookeeper.server.quorum.QuorumPacket.deserialize(QuorumPacket.java:86)
	at org.apache.jute.BinaryInputArchive.readRecord(BinaryInputArchive.java:134)
	at org.apache.zookeeper.server.quorum.Learner.readPacket(Learner.java:225)
	at org.apache.zookeeper.server.quorum.Follower.followLeader(Follower.java:128)
	at org.apache.zookeeper.server.quorum.QuorumPeer.run(QuorumPeer.java:1515)
2021-11-08 11:21:19,933 [myid:] - INFO  [main:RequestThrottler@258] - Shutting down
2021-11-08 11:21:19,933 [myid:] - INFO  [LearnerHandler-/127.0.0.1:7848:LearnerHandler@1155] - Synchronously closing socket to learner 3.
2021-11-08 11:21:19,934 [myid:] - INFO  [QuorumPeer[myid=3](plain=127.0.0.1:11235)(secure=disabled):Follower@147] - Disconnected from leader (with address: /127.0.0.1:11227). Was connected for 9634ms. Sync state: true
2021-11-08 11:21:19,934 [myid:] - INFO  [QuorumPeer[myid=3](plain=127.0.0.1:11235)(secure=disabled):Follower@291] - shutdown Follower
2021-11-08 11:21:19,934 [myid:] - INFO  [RequestThrottler:RequestThrottler@219] - Draining request throttler queue
2021-11-08 11:21:19,934 [myid:] - WARN  [LearnerHandler-/127.0.0.1:7848:LearnerHandler@731] - ******* GOODBYE /127.0.0.1:7848 ********
2021-11-08 11:21:19,934 [myid:] - INFO  [RequestThrottler:RequestThrottler@195] - RequestThrottler shutdown. Dropped 0 requests
2021-11-08 11:21:19,934 [myid:] - INFO  [main:FollowerRequestProcessor@172] - Shutting down
2021-11-08 11:21:19,934 [myid:] - INFO  [main:CommitProcessor@632] - Shutting down
2021-11-08 11:21:19,934 [myid:] - INFO  [FollowerRequestProcessor:3:FollowerRequestProcessor@128] - FollowerRequestProcessor exited loop!
2021-11-08 11:21:19,934 [myid:] - INFO  [main:FinalRequestProcessor@684] - shutdown of request processor complete
2021-11-08 11:21:19,934 [myid:] - INFO  [CommitProcessor:3:CommitProcessor@420] - CommitProcessor exited loop!
2021-11-08 11:21:19,935 [myid:] - INFO  [QuorumPeer[myid=3](plain=127.0.0.1:11235)(secure=disabled):QuorumPeer@915] - Peer state changed: looking
2021-11-08 11:21:19,935 [myid:] - WARN  [QuorumPeer[myid=3](plain=127.0.0.1:11235)(secure=disabled):QuorumPeer@1563] - PeerState set to LOOKING
2021-11-08 11:21:19,935 [myid:] - WARN  [QuorumPeer[myid=3](plain=127.0.0.1:11235)(secure=disabled):QuorumPeer@1545] - QuorumPeer main thread exited
2021-11-08 11:21:19,935 [myid:] - INFO  [NIOServerCxnFactory.AcceptThread:/127.0.0.1:11235:NIOServerCnxnFactory$AcceptThread@195] - accept thread exitted run method
2021-11-08 11:21:19,936 [myid:] - INFO  [ConnnectionExpirer:NIOServerCnxnFactory$ConnectionExpirerThread@564] - ConnnectionExpirerThread interrupted
2021-11-08 11:21:19,936 [myid:] - INFO  [NIOServerCxnFactory.SelectorThread-0:NIOServerCnxnFactory$SelectorThread@397] - selector thread exitted run method
2021-11-08 11:21:19,937 [myid:] - INFO  [QuorumPeerListener:QuorumCnxManager$Listener@980] - Leaving listener
2021-11-08 11:21:19,937 [myid:] - INFO  [main:QuorumBase@426] - Shutting down leader election QuorumPeer[myid=3](plain=127.0.0.1:11235)(secure=disabled)
2021-11-08 11:21:19,937 [myid:] - INFO  [main:QuorumBase@431] - Waiting for QuorumPeer[myid=3](plain=127.0.0.1:11235)(secure=disabled) to exit thread
2021-11-08 11:21:19,937 [myid:] - INFO  [main:QuorumBase@422] - Shutting down quorum peer QuorumPeer[myid=4](plain=127.0.0.1:11236)(secure=disabled)
2021-11-08 11:21:19,938 [myid:] - INFO  [main:Follower@291] - shutdown Follower
2021-11-08 11:21:19,938 [myid:] - ERROR [LearnerHandler-/127.0.0.1:7850:LearnerHandler@715] - Unexpected exception in LearnerHandler: 
java.io.EOFException
	at java.io.DataInputStream.readInt(DataInputStream.java:392)
	at org.apache.jute.BinaryInputArchive.readInt(BinaryInputArchive.java:96)
	at org.apache.zookeeper.server.quorum.QuorumPacket.deserialize(QuorumPacket.java:86)
	at org.apache.jute.BinaryInputArchive.readRecord(BinaryInputArchive.java:134)
	at org.apache.zookeeper.server.quorum.LearnerHandler.run(LearnerHandler.java:652)
2021-11-08 11:21:19,938 [myid:] - WARN  [QuorumPeer[myid=4](plain=127.0.0.1:11236)(secure=disabled):Follower@133] - Exception when following the leader
java.net.SocketException: Socket Closed
	at java.net.SocketInputStream.socketRead0(Native Method)
	at java.net.SocketInputStream.read(SocketInputStream.java:150)
	at java.net.SocketInputStream.read(SocketInputStream.java:121)
	at java.io.BufferedInputStream.fill(BufferedInputStream.java:246)
	at java.io.BufferedInputStream.read(BufferedInputStream.java:265)
	at java.io.DataInputStream.readInt(DataInputStream.java:387)
	at org.apache.jute.BinaryInputArchive.readInt(BinaryInputArchive.java:96)
	at org.apache.zookeeper.server.quorum.QuorumPacket.deserialize(QuorumPacket.java:86)
	at org.apache.jute.BinaryInputArchive.readRecord(BinaryInputArchive.java:134)
	at org.apache.zookeeper.server.quorum.Learner.readPacket(Learner.java:225)
	at org.apache.zookeeper.server.quorum.Follower.followLeader(Follower.java:128)
	at org.apache.zookeeper.server.quorum.QuorumPeer.run(QuorumPeer.java:1515)
2021-11-08 11:21:19,938 [myid:] - INFO  [main:ZooKeeperServer@829] - shutting down
2021-11-08 11:21:19,938 [myid:] - INFO  [QuorumPeer[myid=4](plain=127.0.0.1:11236)(secure=disabled):Follower@147] - Disconnected from leader (with address: /127.0.0.1:11227). Was connected for 9638ms. Sync state: true
2021-11-08 11:21:19,938 [myid:] - INFO  [LearnerHandler-/127.0.0.1:7850:LearnerHandler@1155] - Synchronously closing socket to learner 4.
2021-11-08 11:21:19,938 [myid:] - INFO  [QuorumPeer[myid=4](plain=127.0.0.1:11236)(secure=disabled):Follower@291] - shutdown Follower
2021-11-08 11:21:19,938 [myid:] - INFO  [main:RequestThrottler@258] - Shutting down
2021-11-08 11:21:19,939 [myid:] - WARN  [LearnerHandler-/127.0.0.1:7850:LearnerHandler@731] - ******* GOODBYE /127.0.0.1:7850 ********
2021-11-08 11:21:19,939 [myid:] - INFO  [RequestThrottler:RequestThrottler@219] - Draining request throttler queue
2021-11-08 11:21:19,939 [myid:] - INFO  [RequestThrottler:RequestThrottler@195] - RequestThrottler shutdown. Dropped 0 requests
2021-11-08 11:21:19,939 [myid:] - INFO  [main:FollowerRequestProcessor@172] - Shutting down
2021-11-08 11:21:19,939 [myid:] - INFO  [main:CommitProcessor@632] - Shutting down
2021-11-08 11:21:19,939 [myid:] - INFO  [FollowerRequestProcessor:4:FollowerRequestProcessor@128] - FollowerRequestProcessor exited loop!
2021-11-08 11:21:19,939 [myid:] - INFO  [CommitProcessor:4:CommitProcessor@420] - CommitProcessor exited loop!
2021-11-08 11:21:19,939 [myid:] - INFO  [main:FinalRequestProcessor@684] - shutdown of request processor complete
2021-11-08 11:21:19,940 [myid:] - INFO  [QuorumPeer[myid=4](plain=127.0.0.1:11236)(secure=disabled):QuorumPeer@915] - Peer state changed: looking
2021-11-08 11:21:19,940 [myid:] - WARN  [QuorumPeer[myid=4](plain=127.0.0.1:11236)(secure=disabled):QuorumPeer@1563] - PeerState set to LOOKING
2021-11-08 11:21:19,940 [myid:] - WARN  [QuorumPeer[myid=4](plain=127.0.0.1:11236)(secure=disabled):QuorumPeer@1545] - QuorumPeer main thread exited
2021-11-08 11:21:19,941 [myid:] - INFO  [ConnnectionExpirer:NIOServerCnxnFactory$ConnectionExpirerThread@564] - ConnnectionExpirerThread interrupted
2021-11-08 11:21:19,941 [myid:] - INFO  [NIOServerCxnFactory.AcceptThread:/127.0.0.1:11236:NIOServerCnxnFactory$AcceptThread@195] - accept thread exitted run method
2021-11-08 11:21:19,941 [myid:] - INFO  [NIOServerCxnFactory.SelectorThread-0:NIOServerCnxnFactory$SelectorThread@397] - selector thread exitted run method
2021-11-08 11:21:19,943 [myid:] - INFO  [QuorumPeerListener:QuorumCnxManager$Listener@980] - Leaving listener
2021-11-08 11:21:19,943 [myid:] - INFO  [main:QuorumBase@426] - Shutting down leader election QuorumPeer[myid=4](plain=127.0.0.1:11236)(secure=disabled)
2021-11-08 11:21:19,944 [myid:] - INFO  [main:QuorumBase@431] - Waiting for QuorumPeer[myid=4](plain=127.0.0.1:11236)(secure=disabled) to exit thread
2021-11-08 11:21:19,944 [myid:] - INFO  [main:QuorumBase@422] - Shutting down quorum peer QuorumPeer[myid=5](plain=127.0.0.1:11237)(secure=disabled)
2021-11-08 11:21:19,944 [myid:] - INFO  [main:Leader@789] - Shutting down
2021-11-08 11:21:19,945 [myid:] - INFO  [main:Leader@795] - Shutdown called. For the reason quorum Peer shutdown
2021-11-08 11:21:19,945 [myid:] - INFO  [main:ZooKeeperServer@829] - shutting down
2021-11-08 11:21:19,945 [myid:] - INFO  [main:RequestThrottler@258] - Shutting down
2021-11-08 11:21:19,945 [myid:] - WARN  [LearnerCnxAcceptorHandler-/127.0.0.1:11227:Leader$LearnerCnxAcceptor$LearnerCnxAcceptorHandler@526] - Exception while shutting down acceptor.
java.net.SocketException: socket closed
	at java.net.DualStackPlainSocketImpl.accept0(Native Method)
	at java.net.DualStackPlainSocketImpl.socketAccept(DualStackPlainSocketImpl.java:131)
	at java.net.AbstractPlainSocketImpl.accept(AbstractPlainSocketImpl.java:404)
	at java.net.PlainSocketImpl.accept(PlainSocketImpl.java:199)
	at java.net.ServerSocket.implAccept(ServerSocket.java:545)
	at java.net.ServerSocket.accept(ServerSocket.java:513)
	at org.apache.zookeeper.server.quorum.Leader$LearnerCnxAcceptor$LearnerCnxAcceptorHandler.acceptConnections(Leader.java:513)
	at org.apache.zookeeper.server.quorum.Leader$LearnerCnxAcceptor$LearnerCnxAcceptorHandler.run(Leader.java:496)
	at java.util.concurrent.Executors$RunnableAdapter.call(Executors.java:511)
	at java.util.concurrent.FutureTask.run(FutureTask.java:266)
	at java.util.concurrent.ThreadPoolExecutor.runWorker(ThreadPoolExecutor.java:1142)
	at java.util.concurrent.ThreadPoolExecutor$Worker.run(ThreadPoolExecutor.java:617)
	at java.lang.Thread.run(Thread.java:745)
2021-11-08 11:21:19,945 [myid:] - INFO  [RequestThrottler:RequestThrottler@219] - Draining request throttler queue
2021-11-08 11:21:19,946 [myid:] - INFO  [RequestThrottler:RequestThrottler@195] - RequestThrottler shutdown. Dropped 0 requests
2021-11-08 11:21:19,948 [myid:] - INFO  [main:SessionTrackerImpl@252] - Shutting down
2021-11-08 11:21:19,948 [myid:] - INFO  [main:LeaderRequestProcessor@79] - Shutting down
2021-11-08 11:21:19,948 [myid:] - INFO  [main:PrepRequestProcessor@1066] - Shutting down
2021-11-08 11:21:19,949 [myid:] - INFO  [main:ProposalRequestProcessor@95] - Shutting down
2021-11-08 11:21:19,949 [myid:] - INFO  [main:CommitProcessor@632] - Shutting down
2021-11-08 11:21:19,949 [myid:] - INFO  [CommitProcessor:5:CommitProcessor@420] - CommitProcessor exited loop!
2021-11-08 11:21:19,949 [myid:] - INFO  [main:Leader$ToBeAppliedRequestProcessor@1103] - Shutting down
2021-11-08 11:21:19,949 [myid:] - INFO  [main:FinalRequestProcessor@684] - shutdown of request processor complete
2021-11-08 11:21:19,949 [myid:] - INFO  [main:SyncRequestProcessor@255] - Shutting down
2021-11-08 11:21:19,950 [myid:] - INFO  [SyncThread:5:SyncRequestProcessor@224] - SyncRequestProcessor exited!
2021-11-08 11:21:19,950 [myid:] - INFO  [ProcessThread(sid:5 cport:-1)::PrepRequestProcessor@161] - PrepRequestProcessor exited loop!
2021-11-08 11:21:19,952 [myid:] - INFO  [NIOServerCxnFactory.AcceptThread:/127.0.0.1:11237:NIOServerCnxnFactory$AcceptThread@195] - accept thread exitted run method
2021-11-08 11:21:19,952 [myid:] - INFO  [NIOServerCxnFactory.SelectorThread-0:NIOServerCnxnFactory$SelectorThread@397] - selector thread exitted run method
2021-11-08 11:21:19,952 [myid:] - INFO  [ConnnectionExpirer:NIOServerCnxnFactory$ConnectionExpirerThread@564] - ConnnectionExpirerThread interrupted
2021-11-08 11:21:19,953 [myid:] - WARN  [QuorumPeer[myid=5](plain=127.0.0.1:11237)(secure=disabled):QuorumPeer@1533] - Unexpected exception
java.lang.InterruptedException
	at java.lang.Object.wait(Native Method)
	at org.apache.zookeeper.server.quorum.Leader.lead(Leader.java:727)
	at org.apache.zookeeper.server.quorum.QuorumPeer.run(QuorumPeer.java:1530)
2021-11-08 11:21:19,953 [myid:] - INFO  [QuorumPeer[myid=5](plain=127.0.0.1:11237)(secure=disabled):Leader@789] - Shutting down
2021-11-08 11:21:19,953 [myid:] - INFO  [QuorumPeer[myid=5](plain=127.0.0.1:11237)(secure=disabled):QuorumPeer@915] - Peer state changed: looking
2021-11-08 11:21:19,953 [myid:] - WARN  [QuorumPeer[myid=5](plain=127.0.0.1:11237)(secure=disabled):QuorumPeer@1563] - PeerState set to LOOKING
2021-11-08 11:21:19,953 [myid:] - WARN  [QuorumPeer[myid=5](plain=127.0.0.1:11237)(secure=disabled):QuorumPeer@1545] - QuorumPeer main thread exited
2021-11-08 11:21:19,954 [myid:] - INFO  [QuorumPeerListener:QuorumCnxManager$Listener@980] - Leaving listener
2021-11-08 11:21:19,954 [myid:] - INFO  [main:QuorumBase@426] - Shutting down leader election QuorumPeer[myid=5](plain=127.0.0.1:11237)(secure=disabled)
2021-11-08 11:21:19,954 [myid:] - INFO  [main:QuorumBase@431] - Waiting for QuorumPeer[myid=5](plain=127.0.0.1:11237)(secure=disabled) to exit thread
2021-11-08 11:21:19,955 [myid:] - INFO  [main:FourLetterWordMain@94] - connecting to 127.0.0.1 11233
2021-11-08 11:21:21,689 [myid:] - INFO  [SessionTracker:SessionTrackerImpl@175] - SessionTrackerImpl exited loop!
2021-11-08 11:21:22,004 [myid:] - INFO  [main:QuorumBase@404] - 127.0.0.1:11233 is no longer accepting client connections
2021-11-08 11:21:22,004 [myid:] - INFO  [main:FourLetterWordMain@94] - connecting to 127.0.0.1 11234
2021-11-08 11:21:22,539 [myid:] - INFO  [WorkerSender[myid=2]:FastLeaderElection$Messenger$WorkerSender@506] - WorkerSender is down
2021-11-08 11:21:22,541 [myid:] - INFO  [WorkerReceiver[myid=2]:FastLeaderElection$Messenger$WorkerReceiver@472] - WorkerReceiver is down
2021-11-08 11:21:22,541 [myid:] - INFO  [WorkerSender[myid=1]:FastLeaderElection$Messenger$WorkerSender@506] - WorkerSender is down
2021-11-08 11:21:22,541 [myid:] - INFO  [WorkerReceiver[myid=1]:FastLeaderElection$Messenger$WorkerReceiver@472] - WorkerReceiver is down
2021-11-08 11:21:22,542 [myid:] - INFO  [WorkerSender[myid=3]:FastLeaderElection$Messenger$WorkerSender@506] - WorkerSender is down
2021-11-08 11:21:22,542 [myid:] - INFO  [WorkerReceiver[myid=3]:FastLeaderElection$Messenger$WorkerReceiver@472] - WorkerReceiver is down
2021-11-08 11:21:22,550 [myid:] - INFO  [WorkerSender[myid=4]:FastLeaderElection$Messenger$WorkerSender@506] - WorkerSender is down
2021-11-08 11:21:22,551 [myid:] - INFO  [WorkerReceiver[myid=4]:FastLeaderElection$Messenger$WorkerReceiver@472] - WorkerReceiver is down
2021-11-08 11:21:22,551 [myid:] - INFO  [WorkerReceiver[myid=5]:FastLeaderElection$Messenger$WorkerReceiver@472] - WorkerReceiver is down
2021-11-08 11:21:22,551 [myid:] - INFO  [WorkerSender[myid=5]:FastLeaderElection$Messenger$WorkerSender@506] - WorkerSender is down
2021-11-08 11:21:24,046 [myid:] - INFO  [main:QuorumBase@404] - 127.0.0.1:11234 is no longer accepting client connections
2021-11-08 11:21:24,046 [myid:] - INFO  [main:FourLetterWordMain@94] - connecting to 127.0.0.1 11235
2021-11-08 11:21:26,086 [myid:] - INFO  [main:QuorumBase@404] - 127.0.0.1:11235 is no longer accepting client connections
2021-11-08 11:21:26,086 [myid:] - INFO  [main:FourLetterWordMain@94] - connecting to 127.0.0.1 11236
2021-11-08 11:21:28,116 [myid:] - INFO  [main:QuorumBase@404] - 127.0.0.1:11236 is no longer accepting client connections
2021-11-08 11:21:28,116 [myid:] - INFO  [main:FourLetterWordMain@94] - connecting to 127.0.0.1 11237
2021-11-08 11:21:30,170 [myid:] - INFO  [main:QuorumBase@404] - 127.0.0.1:11237 is no longer accepting client connections
2021-11-08 11:21:30,171 [myid:] - INFO  [main:ZKTestCase@82] - FINISHED Optional[public void org.apache.zookeeper.test.FourLetterWordsQuorumTest.testFourLetterWords() throws java.lang.Exception]
]]></system-out>
  </testcase>
</testsuite>