<?xml version="1.0" encoding="UTF-8"?>
<testsuite xmlns:xsi="http://www.w3.org/2001/XMLSchema-instance" xsi:noNamespaceSchemaLocation="https://maven.apache.org/surefire/maven-surefire-plugin/xsd/surefire-test-report.xsd" name="org.apache.zookeeper.common.BCFKSFileLoaderTest" time="20.777" tests="80" errors="16" skipped="0" failures="0">
  <properties>
[...]
</properties>
  <testcase name="testLoadKeyStoreWithNullFilePath{X509KeyType, X509KeyType, String, Integer}[1]" classname="org.apache.zookeeper.common.BCFKSFileLoaderTest" time="1.382"/>
  <testcase name="testLoadKeyStoreWithNullFilePath{X509KeyType, X509KeyType, String, Integer}[2]" classname="org.apache.zookeeper.common.BCFKSFileLoaderTest" time="1.199"/>
  <testcase name="testLoadKeyStoreWithNullFilePath{X509KeyType, X509KeyType, String, Integer}[3]" classname="org.apache.zookeeper.common.BCFKSFileLoaderTest" time="0.858"/>
  <testcase name="testLoadKeyStoreWithNullFilePath{X509KeyType, X509KeyType, String, Integer}[4]" classname="org.apache.zookeeper.common.BCFKSFileLoaderTest" time="0.485"/>
  <testcase name="testLoadKeyStoreWithNullFilePath{X509KeyType, X509KeyType, String, Integer}[5]" classname="org.apache.zookeeper.common.BCFKSFileLoaderTest" time="0.464"/>
  <testcase name="testLoadKeyStoreWithNullFilePath{X509KeyType, X509KeyType, String, Integer}[6]" classname="org.apache.zookeeper.common.BCFKSFileLoaderTest" time="0.163"/>
  <testcase name="testLoadKeyStoreWithNullFilePath{X509KeyType, X509KeyType, String, Integer}[7]" classname="org.apache.zookeeper.common.BCFKSFileLoaderTest" time="0.013"/>
  <testcase name="testLoadKeyStoreWithNullFilePath{X509KeyType, X509KeyType, String, Integer}[8]" classname="org.apache.zookeeper.common.BCFKSFileLoaderTest" time="0.007"/>
  <testcase name="testLoadKeyStoreWithWrongFilePath{X509KeyType, X509KeyType, String, Integer}[1]" classname="org.apache.zookeeper.common.BCFKSFileLoaderTest" time="0.747"/>
  <testcase name="testLoadKeyStoreWithWrongFilePath{X509KeyType, X509KeyType, String, Integer}[2]" classname="org.apache.zookeeper.common.BCFKSFileLoaderTest" time="0.253"/>
  <testcase name="testLoadKeyStoreWithWrongFilePath{X509KeyType, X509KeyType, String, Integer}[3]" classname="org.apache.zookeeper.common.BCFKSFileLoaderTest" time="0.248"/>
  <testcase name="testLoadKeyStoreWithWrongFilePath{X509KeyType, X509KeyType, String, Integer}[4]" classname="org.apache.zookeeper.common.BCFKSFileLoaderTest" time="0.226"/>
  <testcase name="testLoadKeyStoreWithWrongFilePath{X509KeyType, X509KeyType, String, Integer}[5]" classname="org.apache.zookeeper.common.BCFKSFileLoaderTest" time="0.27"/>
  <testcase name="testLoadKeyStoreWithWrongFilePath{X509KeyType, X509KeyType, String, Integer}[6]" classname="org.apache.zookeeper.common.BCFKSFileLoaderTest" time="0.373"/>
  <testcase name="testLoadKeyStoreWithWrongFilePath{X509KeyType, X509KeyType, String, Integer}[7]" classname="org.apache.zookeeper.common.BCFKSFileLoaderTest" time="0.499"/>
  <testcase name="testLoadKeyStoreWithWrongFilePath{X509KeyType, X509KeyType, String, Integer}[8]" classname="org.apache.zookeeper.common.BCFKSFileLoaderTest" time="0.44"/>
  <testcase name="testLoadKeyStoreWithWrongFileType{X509KeyType, X509KeyType, String, Integer}[1]" classname="org.apache.zookeeper.common.BCFKSFileLoaderTest" time="0.022"/>
  <testcase name="testLoadKeyStoreWithWrongFileType{X509KeyType, X509KeyType, String, Integer}[2]" classname="org.apache.zookeeper.common.BCFKSFileLoaderTest" time="0.295"/>
  <testcase name="testLoadKeyStoreWithWrongFileType{X509KeyType, X509KeyType, String, Integer}[3]" classname="org.apache.zookeeper.common.BCFKSFileLoaderTest" time="0.006"/>
  <testcase name="testLoadKeyStoreWithWrongFileType{X509KeyType, X509KeyType, String, Integer}[4]" classname="org.apache.zookeeper.common.BCFKSFileLoaderTest" time="0.005"/>
  <testcase name="testLoadKeyStoreWithWrongFileType{X509KeyType, X509KeyType, String, Integer}[5]" classname="org.apache.zookeeper.common.BCFKSFileLoaderTest" time="0.007"/>
  <testcase name="testLoadKeyStoreWithWrongFileType{X509KeyType, X509KeyType, String, Integer}[6]" classname="org.apache.zookeeper.common.BCFKSFileLoaderTest" time="0.004"/>
  <testcase name="testLoadKeyStoreWithWrongFileType{X509KeyType, X509KeyType, String, Integer}[7]" classname="org.apache.zookeeper.common.BCFKSFileLoaderTest" time="0.01"/>
  <testcase name="testLoadKeyStoreWithWrongFileType{X509KeyType, X509KeyType, String, Integer}[8]" classname="org.apache.zookeeper.common.BCFKSFileLoaderTest" time="0.003"/>
  <testcase name="testLoadKeyStore{X509KeyType, X509KeyType, String, Integer}[1]" classname="org.apache.zookeeper.common.BCFKSFileLoaderTest" time="0.246">
    <error message="org.bouncycastle.jcajce.provider.keystore.bcfks.BcFKSKeyStoreSpi$ExtKeyStoreException: BCFKS KeyStore exception storing private key: java.security.InvalidKeyException: Illegal key size or default parameters" type="java.io.IOException">java.io.IOException: org.bouncycastle.jcajce.provider.keystore.bcfks.BcFKSKeyStoreSpi$ExtKeyStoreException: BCFKS KeyStore exception storing private key: java.security.InvalidKeyException: Illegal key size or default parameters
	at org.apache.zookeeper.common.X509TestContext.getKeyStoreBcfksFile(X509TestContext.java:340)
	at org.apache.zookeeper.common.X509TestContext.getKeyStoreFile(X509TestContext.java:274)
	at org.apache.zookeeper.common.BCFKSFileLoaderTest.testLoadKeyStore(BCFKSFileLoaderTest.java:37)
Caused by: org.bouncycastle.jcajce.provider.keystore.bcfks.BcFKSKeyStoreSpi$ExtKeyStoreException: BCFKS KeyStore exception storing private key: java.security.InvalidKeyException: Illegal key size or default parameters
	at java.security.KeyStore.setKeyEntry(KeyStore.java:1128)
	at org.apache.zookeeper.common.X509TestHelpers.certAndPrivateKeyToBytes(X509TestHelpers.java:415)
	at org.apache.zookeeper.common.X509TestHelpers.certAndPrivateKeyToBCFKSBytes(X509TestHelpers.java:408)
	at org.apache.zookeeper.common.X509TestContext.getKeyStoreBcfksFile(X509TestContext.java:335)
	... 2 more
Caused by: java.security.InvalidKeyException: Illegal key size or default parameters
	at javax.crypto.Cipher.checkCryptoPerm(Cipher.java:1021)
	at javax.crypto.Cipher.init(Cipher.java:1225)
	at javax.crypto.Cipher.init(Cipher.java:1166)
	... 6 more
</error>
    <system-out><![CDATA[2021-11-08 11:05:34,648 [myid:] - INFO  [main:ZKTestCase@77] - STARTING Optional[public void org.apache.zookeeper.common.BCFKSFileLoaderTest.testLoadKeyStore(org.apache.zookeeper.common.X509KeyType,org.apache.zookeeper.common.X509KeyType,java.lang.String,java.lang.Integer) throws java.lang.Exception]
2021-11-08 11:05:34,891 [myid:] - INFO  [main:ZKTestCase@82] - FINISHED Optional[public void org.apache.zookeeper.common.BCFKSFileLoaderTest.testLoadKeyStore(org.apache.zookeeper.common.X509KeyType,org.apache.zookeeper.common.X509KeyType,java.lang.String,java.lang.Integer) throws java.lang.Exception]
]]></system-out>
  </testcase>
  <testcase name="testLoadKeyStore{X509KeyType, X509KeyType, String, Integer}[2]" classname="org.apache.zookeeper.common.BCFKSFileLoaderTest" time="0.264">
    <error message="org.bouncycastle.jcajce.provider.keystore.bcfks.BcFKSKeyStoreSpi$ExtKeyStoreException: BCFKS KeyStore exception storing private key: java.security.InvalidKeyException: Illegal key size or default parameters" type="java.io.IOException">java.io.IOException: org.bouncycastle.jcajce.provider.keystore.bcfks.BcFKSKeyStoreSpi$ExtKeyStoreException: BCFKS KeyStore exception storing private key: java.security.InvalidKeyException: Illegal key size or default parameters
	at org.apache.zookeeper.common.X509TestContext.getKeyStoreBcfksFile(X509TestContext.java:340)
	at org.apache.zookeeper.common.X509TestContext.getKeyStoreFile(X509TestContext.java:274)
	at org.apache.zookeeper.common.BCFKSFileLoaderTest.testLoadKeyStore(BCFKSFileLoaderTest.java:37)
Caused by: org.bouncycastle.jcajce.provider.keystore.bcfks.BcFKSKeyStoreSpi$ExtKeyStoreException: BCFKS KeyStore exception storing private key: java.security.InvalidKeyException: Illegal key size or default parameters
	at java.security.KeyStore.setKeyEntry(KeyStore.java:1128)
	at org.apache.zookeeper.common.X509TestHelpers.certAndPrivateKeyToBytes(X509TestHelpers.java:415)
	at org.apache.zookeeper.common.X509TestHelpers.certAndPrivateKeyToBCFKSBytes(X509TestHelpers.java:408)
	at org.apache.zookeeper.common.X509TestContext.getKeyStoreBcfksFile(X509TestContext.java:335)
	... 2 more
Caused by: java.security.InvalidKeyException: Illegal key size or default parameters
	at javax.crypto.Cipher.checkCryptoPerm(Cipher.java:1021)
	at javax.crypto.Cipher.init(Cipher.java:1225)
	at javax.crypto.Cipher.init(Cipher.java:1166)
	... 6 more
</error>
    <system-out><![CDATA[2021-11-08 11:05:34,896 [myid:] - INFO  [main:ZKTestCase@77] - STARTING Optional[public void org.apache.zookeeper.common.BCFKSFileLoaderTest.testLoadKeyStore(org.apache.zookeeper.common.X509KeyType,org.apache.zookeeper.common.X509KeyType,java.lang.String,java.lang.Integer) throws java.lang.Exception]
2021-11-08 11:05:35,159 [myid:] - INFO  [main:ZKTestCase@82] - FINISHED Optional[public void org.apache.zookeeper.common.BCFKSFileLoaderTest.testLoadKeyStore(org.apache.zookeeper.common.X509KeyType,org.apache.zookeeper.common.X509KeyType,java.lang.String,java.lang.Integer) throws java.lang.Exception]
]]></system-out>
  </testcase>
  <testcase name="testLoadKeyStore{X509KeyType, X509KeyType, String, Integer}[3]" classname="org.apache.zookeeper.common.BCFKSFileLoaderTest" time="0.224">
    <error message="org.bouncycastle.jcajce.provider.keystore.bcfks.BcFKSKeyStoreSpi$ExtKeyStoreException: BCFKS KeyStore exception storing private key: java.security.InvalidKeyException: Illegal key size or default parameters" type="java.io.IOException">java.io.IOException: org.bouncycastle.jcajce.provider.keystore.bcfks.BcFKSKeyStoreSpi$ExtKeyStoreException: BCFKS KeyStore exception storing private key: java.security.InvalidKeyException: Illegal key size or default parameters
	at org.apache.zookeeper.common.X509TestContext.getKeyStoreBcfksFile(X509TestContext.java:340)
	at org.apache.zookeeper.common.X509TestContext.getKeyStoreFile(X509TestContext.java:274)
	at org.apache.zookeeper.common.BCFKSFileLoaderTest.testLoadKeyStore(BCFKSFileLoaderTest.java:37)
Caused by: org.bouncycastle.jcajce.provider.keystore.bcfks.BcFKSKeyStoreSpi$ExtKeyStoreException: BCFKS KeyStore exception storing private key: java.security.InvalidKeyException: Illegal key size or default parameters
	at java.security.KeyStore.setKeyEntry(KeyStore.java:1128)
	at org.apache.zookeeper.common.X509TestHelpers.certAndPrivateKeyToBytes(X509TestHelpers.java:415)
	at org.apache.zookeeper.common.X509TestHelpers.certAndPrivateKeyToBCFKSBytes(X509TestHelpers.java:408)
	at org.apache.zookeeper.common.X509TestContext.getKeyStoreBcfksFile(X509TestContext.java:335)
	... 2 more
Caused by: java.security.InvalidKeyException: Illegal key size or default parameters
	at javax.crypto.Cipher.checkCryptoPerm(Cipher.java:1021)
	at javax.crypto.Cipher.init(Cipher.java:1225)
	at javax.crypto.Cipher.init(Cipher.java:1166)
	... 6 more
</error>
    <system-out><![CDATA[2021-11-08 11:05:35,161 [myid:] - INFO  [main:ZKTestCase@77] - STARTING Optional[public void org.apache.zookeeper.common.BCFKSFileLoaderTest.testLoadKeyStore(org.apache.zookeeper.common.X509KeyType,org.apache.zookeeper.common.X509KeyType,java.lang.String,java.lang.Integer) throws java.lang.Exception]
2021-11-08 11:05:35,383 [myid:] - INFO  [main:ZKTestCase@82] - FINISHED Optional[public void org.apache.zookeeper.common.BCFKSFileLoaderTest.testLoadKeyStore(org.apache.zookeeper.common.X509KeyType,org.apache.zookeeper.common.X509KeyType,java.lang.String,java.lang.Integer) throws java.lang.Exception]
]]></system-out>
  </testcase>
  <testcase name="testLoadKeyStore{X509KeyType, X509KeyType, String, Integer}[4]" classname="org.apache.zookeeper.common.BCFKSFileLoaderTest" time="0.258">
    <error message="org.bouncycastle.jcajce.provider.keystore.bcfks.BcFKSKeyStoreSpi$ExtKeyStoreException: BCFKS KeyStore exception storing private key: java.security.InvalidKeyException: Illegal key size or default parameters" type="java.io.IOException">java.io.IOException: org.bouncycastle.jcajce.provider.keystore.bcfks.BcFKSKeyStoreSpi$ExtKeyStoreException: BCFKS KeyStore exception storing private key: java.security.InvalidKeyException: Illegal key size or default parameters
	at org.apache.zookeeper.common.X509TestContext.getKeyStoreBcfksFile(X509TestContext.java:340)
	at org.apache.zookeeper.common.X509TestContext.getKeyStoreFile(X509TestContext.java:274)
	at org.apache.zookeeper.common.BCFKSFileLoaderTest.testLoadKeyStore(BCFKSFileLoaderTest.java:37)
Caused by: org.bouncycastle.jcajce.provider.keystore.bcfks.BcFKSKeyStoreSpi$ExtKeyStoreException: BCFKS KeyStore exception storing private key: java.security.InvalidKeyException: Illegal key size or default parameters
	at java.security.KeyStore.setKeyEntry(KeyStore.java:1128)
	at org.apache.zookeeper.common.X509TestHelpers.certAndPrivateKeyToBytes(X509TestHelpers.java:415)
	at org.apache.zookeeper.common.X509TestHelpers.certAndPrivateKeyToBCFKSBytes(X509TestHelpers.java:408)
	at org.apache.zookeeper.common.X509TestContext.getKeyStoreBcfksFile(X509TestContext.java:335)
	... 2 more
Caused by: java.security.InvalidKeyException: Illegal key size or default parameters
	at javax.crypto.Cipher.checkCryptoPerm(Cipher.java:1021)
	at javax.crypto.Cipher.init(Cipher.java:1225)
	at javax.crypto.Cipher.init(Cipher.java:1166)
	... 6 more
</error>
    <system-out><![CDATA[2021-11-08 11:05:35,385 [myid:] - INFO  [main:ZKTestCase@77] - STARTING Optional[public void org.apache.zookeeper.common.BCFKSFileLoaderTest.testLoadKeyStore(org.apache.zookeeper.common.X509KeyType,org.apache.zookeeper.common.X509KeyType,java.lang.String,java.lang.Integer) throws java.lang.Exception]
2021-11-08 11:05:35,642 [myid:] - INFO  [main:ZKTestCase@82] - FINISHED Optional[public void org.apache.zookeeper.common.BCFKSFileLoaderTest.testLoadKeyStore(org.apache.zookeeper.common.X509KeyType,org.apache.zookeeper.common.X509KeyType,java.lang.String,java.lang.Integer) throws java.lang.Exception]
]]></system-out>
  </testcase>
  <testcase name="testLoadKeyStore{X509KeyType, X509KeyType, String, Integer}[5]" classname="org.apache.zookeeper.common.BCFKSFileLoaderTest" time="0.254">
    <error message="org.bouncycastle.jcajce.provider.keystore.bcfks.BcFKSKeyStoreSpi$ExtKeyStoreException: BCFKS KeyStore exception storing private key: java.security.InvalidKeyException: Illegal key size or default parameters" type="java.io.IOException">java.io.IOException: org.bouncycastle.jcajce.provider.keystore.bcfks.BcFKSKeyStoreSpi$ExtKeyStoreException: BCFKS KeyStore exception storing private key: java.security.InvalidKeyException: Illegal key size or default parameters
	at org.apache.zookeeper.common.X509TestContext.getKeyStoreBcfksFile(X509TestContext.java:340)
	at org.apache.zookeeper.common.X509TestContext.getKeyStoreFile(X509TestContext.java:274)
	at org.apache.zookeeper.common.BCFKSFileLoaderTest.testLoadKeyStore(BCFKSFileLoaderTest.java:37)
Caused by: org.bouncycastle.jcajce.provider.keystore.bcfks.BcFKSKeyStoreSpi$ExtKeyStoreException: BCFKS KeyStore exception storing private key: java.security.InvalidKeyException: Illegal key size or default parameters
	at java.security.KeyStore.setKeyEntry(KeyStore.java:1128)
	at org.apache.zookeeper.common.X509TestHelpers.certAndPrivateKeyToBytes(X509TestHelpers.java:415)
	at org.apache.zookeeper.common.X509TestHelpers.certAndPrivateKeyToBCFKSBytes(X509TestHelpers.java:408)
	at org.apache.zookeeper.common.X509TestContext.getKeyStoreBcfksFile(X509TestContext.java:335)
	... 2 more
Caused by: java.security.InvalidKeyException: Illegal key size or default parameters
	at javax.crypto.Cipher.checkCryptoPerm(Cipher.java:1021)
	at javax.crypto.Cipher.init(Cipher.java:1225)
	at javax.crypto.Cipher.init(Cipher.java:1166)
	... 6 more
</error>
    <system-out><![CDATA[2021-11-08 11:05:35,644 [myid:] - INFO  [main:ZKTestCase@77] - STARTING Optional[public void org.apache.zookeeper.common.BCFKSFileLoaderTest.testLoadKeyStore(org.apache.zookeeper.common.X509KeyType,org.apache.zookeeper.common.X509KeyType,java.lang.String,java.lang.Integer) throws java.lang.Exception]
2021-11-08 11:05:35,897 [myid:] - INFO  [main:ZKTestCase@82] - FINISHED Optional[public void org.apache.zookeeper.common.BCFKSFileLoaderTest.testLoadKeyStore(org.apache.zookeeper.common.X509KeyType,org.apache.zookeeper.common.X509KeyType,java.lang.String,java.lang.Integer) throws java.lang.Exception]
]]></system-out>
  </testcase>
  <testcase name="testLoadKeyStore{X509KeyType, X509KeyType, String, Integer}[6]" classname="org.apache.zookeeper.common.BCFKSFileLoaderTest" time="0.343">
    <error message="org.bouncycastle.jcajce.provider.keystore.bcfks.BcFKSKeyStoreSpi$ExtKeyStoreException: BCFKS KeyStore exception storing private key: java.security.InvalidKeyException: Illegal key size or default parameters" type="java.io.IOException">java.io.IOException: org.bouncycastle.jcajce.provider.keystore.bcfks.BcFKSKeyStoreSpi$ExtKeyStoreException: BCFKS KeyStore exception storing private key: java.security.InvalidKeyException: Illegal key size or default parameters
	at org.apache.zookeeper.common.X509TestContext.getKeyStoreBcfksFile(X509TestContext.java:340)
	at org.apache.zookeeper.common.X509TestContext.getKeyStoreFile(X509TestContext.java:274)
	at org.apache.zookeeper.common.BCFKSFileLoaderTest.testLoadKeyStore(BCFKSFileLoaderTest.java:37)
Caused by: org.bouncycastle.jcajce.provider.keystore.bcfks.BcFKSKeyStoreSpi$ExtKeyStoreException: BCFKS KeyStore exception storing private key: java.security.InvalidKeyException: Illegal key size or default parameters
	at java.security.KeyStore.setKeyEntry(KeyStore.java:1128)
	at org.apache.zookeeper.common.X509TestHelpers.certAndPrivateKeyToBytes(X509TestHelpers.java:415)
	at org.apache.zookeeper.common.X509TestHelpers.certAndPrivateKeyToBCFKSBytes(X509TestHelpers.java:408)
	at org.apache.zookeeper.common.X509TestContext.getKeyStoreBcfksFile(X509TestContext.java:335)
	... 2 more
Caused by: java.security.InvalidKeyException: Illegal key size or default parameters
	at javax.crypto.Cipher.checkCryptoPerm(Cipher.java:1021)
	at javax.crypto.Cipher.init(Cipher.java:1225)
	at javax.crypto.Cipher.init(Cipher.java:1166)
	... 6 more
</error>
    <system-out><![CDATA[2021-11-08 11:05:35,899 [myid:] - INFO  [main:ZKTestCase@77] - STARTING Optional[public void org.apache.zookeeper.common.BCFKSFileLoaderTest.testLoadKeyStore(org.apache.zookeeper.common.X509KeyType,org.apache.zookeeper.common.X509KeyType,java.lang.String,java.lang.Integer) throws java.lang.Exception]
2021-11-08 11:05:36,237 [myid:] - INFO  [main:ZKTestCase@82] - FINISHED Optional[public void org.apache.zookeeper.common.BCFKSFileLoaderTest.testLoadKeyStore(org.apache.zookeeper.common.X509KeyType,org.apache.zookeeper.common.X509KeyType,java.lang.String,java.lang.Integer) throws java.lang.Exception]
]]></system-out>
  </testcase>
  <testcase name="testLoadKeyStore{X509KeyType, X509KeyType, String, Integer}[7]" classname="org.apache.zookeeper.common.BCFKSFileLoaderTest" time="0.39">
    <error message="org.bouncycastle.jcajce.provider.keystore.bcfks.BcFKSKeyStoreSpi$ExtKeyStoreException: BCFKS KeyStore exception storing private key: java.security.InvalidKeyException: Illegal key size or default parameters" type="java.io.IOException">java.io.IOException: org.bouncycastle.jcajce.provider.keystore.bcfks.BcFKSKeyStoreSpi$ExtKeyStoreException: BCFKS KeyStore exception storing private key: java.security.InvalidKeyException: Illegal key size or default parameters
	at org.apache.zookeeper.common.X509TestContext.getKeyStoreBcfksFile(X509TestContext.java:340)
	at org.apache.zookeeper.common.X509TestContext.getKeyStoreFile(X509TestContext.java:274)
	at org.apache.zookeeper.common.BCFKSFileLoaderTest.testLoadKeyStore(BCFKSFileLoaderTest.java:37)
Caused by: org.bouncycastle.jcajce.provider.keystore.bcfks.BcFKSKeyStoreSpi$ExtKeyStoreException: BCFKS KeyStore exception storing private key: java.security.InvalidKeyException: Illegal key size or default parameters
	at java.security.KeyStore.setKeyEntry(KeyStore.java:1128)
	at org.apache.zookeeper.common.X509TestHelpers.certAndPrivateKeyToBytes(X509TestHelpers.java:415)
	at org.apache.zookeeper.common.X509TestHelpers.certAndPrivateKeyToBCFKSBytes(X509TestHelpers.java:408)
	at org.apache.zookeeper.common.X509TestContext.getKeyStoreBcfksFile(X509TestContext.java:335)
	... 2 more
Caused by: java.security.InvalidKeyException: Illegal key size or default parameters
	at javax.crypto.Cipher.checkCryptoPerm(Cipher.java:1021)
	at javax.crypto.Cipher.init(Cipher.java:1225)
	at javax.crypto.Cipher.init(Cipher.java:1166)
	... 6 more
</error>
    <system-out><![CDATA[2021-11-08 11:05:36,253 [myid:] - INFO  [main:ZKTestCase@77] - STARTING Optional[public void org.apache.zookeeper.common.BCFKSFileLoaderTest.testLoadKeyStore(org.apache.zookeeper.common.X509KeyType,org.apache.zookeeper.common.X509KeyType,java.lang.String,java.lang.Integer) throws java.lang.Exception]
2021-11-08 11:05:36,639 [myid:] - INFO  [main:ZKTestCase@82] - FINISHED Optional[public void org.apache.zookeeper.common.BCFKSFileLoaderTest.testLoadKeyStore(org.apache.zookeeper.common.X509KeyType,org.apache.zookeeper.common.X509KeyType,java.lang.String,java.lang.Integer) throws java.lang.Exception]
]]></system-out>
  </testcase>
  <testcase name="testLoadKeyStore{X509KeyType, X509KeyType, String, Integer}[8]" classname="org.apache.zookeeper.common.BCFKSFileLoaderTest" time="0.237">
    <error message="org.bouncycastle.jcajce.provider.keystore.bcfks.BcFKSKeyStoreSpi$ExtKeyStoreException: BCFKS KeyStore exception storing private key: java.security.InvalidKeyException: Illegal key size or default parameters" type="java.io.IOException">java.io.IOException: org.bouncycastle.jcajce.provider.keystore.bcfks.BcFKSKeyStoreSpi$ExtKeyStoreException: BCFKS KeyStore exception storing private key: java.security.InvalidKeyException: Illegal key size or default parameters
	at org.apache.zookeeper.common.X509TestContext.getKeyStoreBcfksFile(X509TestContext.java:340)
	at org.apache.zookeeper.common.X509TestContext.getKeyStoreFile(X509TestContext.java:274)
	at org.apache.zookeeper.common.BCFKSFileLoaderTest.testLoadKeyStore(BCFKSFileLoaderTest.java:37)
Caused by: org.bouncycastle.jcajce.provider.keystore.bcfks.BcFKSKeyStoreSpi$ExtKeyStoreException: BCFKS KeyStore exception storing private key: java.security.InvalidKeyException: Illegal key size or default parameters
	at java.security.KeyStore.setKeyEntry(KeyStore.java:1128)
	at org.apache.zookeeper.common.X509TestHelpers.certAndPrivateKeyToBytes(X509TestHelpers.java:415)
	at org.apache.zookeeper.common.X509TestHelpers.certAndPrivateKeyToBCFKSBytes(X509TestHelpers.java:408)
	at org.apache.zookeeper.common.X509TestContext.getKeyStoreBcfksFile(X509TestContext.java:335)
	... 2 more
Caused by: java.security.InvalidKeyException: Illegal key size or default parameters
	at javax.crypto.Cipher.checkCryptoPerm(Cipher.java:1021)
	at javax.crypto.Cipher.init(Cipher.java:1225)
	at javax.crypto.Cipher.init(Cipher.java:1166)
	... 6 more
</error>
    <system-out><![CDATA[2021-11-08 11:05:36,641 [myid:] - INFO  [main:ZKTestCase@77] - STARTING Optional[public void org.apache.zookeeper.common.BCFKSFileLoaderTest.testLoadKeyStore(org.apache.zookeeper.common.X509KeyType,org.apache.zookeeper.common.X509KeyType,java.lang.String,java.lang.Integer) throws java.lang.Exception]
2021-11-08 11:05:36,877 [myid:] - INFO  [main:ZKTestCase@82] - FINISHED Optional[public void org.apache.zookeeper.common.BCFKSFileLoaderTest.testLoadKeyStore(org.apache.zookeeper.common.X509KeyType,org.apache.zookeeper.common.X509KeyType,java.lang.String,java.lang.Integer) throws java.lang.Exception]
]]></system-out>
  </testcase>
  <testcase name="testLoadTrustStore{X509KeyType, X509KeyType, String, Integer}[1]" classname="org.apache.zookeeper.common.BCFKSFileLoaderTest" time="0.24">
    <error message="java.security.InvalidKeyException: Illegal key size or default parameters" type="java.io.IOException">java.io.IOException: java.security.InvalidKeyException: Illegal key size or default parameters
	at java.security.KeyStore.store(KeyStore.java:1365)
	at org.apache.zookeeper.common.X509TestHelpers.certToTrustStoreBytes(X509TestHelpers.java:351)
	at org.apache.zookeeper.common.X509TestHelpers.certToBCFKSTrustStoreBytes(X509TestHelpers.java:343)
	at org.apache.zookeeper.common.X509TestContext.getTrustStoreBcfksFile(X509TestContext.java:223)
	at org.apache.zookeeper.common.X509TestContext.getTrustStoreFile(X509TestContext.java:166)
	at org.apache.zookeeper.common.BCFKSFileLoaderTest.testLoadTrustStore(BCFKSFileLoaderTest.java:115)
</error>
    <system-out><![CDATA[2021-11-08 11:05:36,879 [myid:] - INFO  [main:ZKTestCase@77] - STARTING Optional[public void org.apache.zookeeper.common.BCFKSFileLoaderTest.testLoadTrustStore(org.apache.zookeeper.common.X509KeyType,org.apache.zookeeper.common.X509KeyType,java.lang.String,java.lang.Integer) throws java.lang.Exception]
2021-11-08 11:05:37,119 [myid:] - INFO  [main:ZKTestCase@82] - FINISHED Optional[public void org.apache.zookeeper.common.BCFKSFileLoaderTest.testLoadTrustStore(org.apache.zookeeper.common.X509KeyType,org.apache.zookeeper.common.X509KeyType,java.lang.String,java.lang.Integer) throws java.lang.Exception]
]]></system-out>
  </testcase>
  <testcase name="testLoadTrustStore{X509KeyType, X509KeyType, String, Integer}[2]" classname="org.apache.zookeeper.common.BCFKSFileLoaderTest" time="0.24">
    <error message="java.security.InvalidKeyException: Illegal key size or default parameters" type="java.io.IOException">java.io.IOException: java.security.InvalidKeyException: Illegal key size or default parameters
	at java.security.KeyStore.store(KeyStore.java:1365)
	at org.apache.zookeeper.common.X509TestHelpers.certToTrustStoreBytes(X509TestHelpers.java:351)
	at org.apache.zookeeper.common.X509TestHelpers.certToBCFKSTrustStoreBytes(X509TestHelpers.java:343)
	at org.apache.zookeeper.common.X509TestContext.getTrustStoreBcfksFile(X509TestContext.java:223)
	at org.apache.zookeeper.common.X509TestContext.getTrustStoreFile(X509TestContext.java:166)
	at org.apache.zookeeper.common.BCFKSFileLoaderTest.testLoadTrustStore(BCFKSFileLoaderTest.java:115)
</error>
    <system-out><![CDATA[2021-11-08 11:05:37,123 [myid:] - INFO  [main:ZKTestCase@77] - STARTING Optional[public void org.apache.zookeeper.common.BCFKSFileLoaderTest.testLoadTrustStore(org.apache.zookeeper.common.X509KeyType,org.apache.zookeeper.common.X509KeyType,java.lang.String,java.lang.Integer) throws java.lang.Exception]
2021-11-08 11:05:37,361 [myid:] - INFO  [main:ZKTestCase@82] - FINISHED Optional[public void org.apache.zookeeper.common.BCFKSFileLoaderTest.testLoadTrustStore(org.apache.zookeeper.common.X509KeyType,org.apache.zookeeper.common.X509KeyType,java.lang.String,java.lang.Integer) throws java.lang.Exception]
]]></system-out>
  </testcase>
  <testcase name="testLoadTrustStore{X509KeyType, X509KeyType, String, Integer}[3]" classname="org.apache.zookeeper.common.BCFKSFileLoaderTest" time="0.221">
    <error message="java.security.InvalidKeyException: Illegal key size or default parameters" type="java.io.IOException">java.io.IOException: java.security.InvalidKeyException: Illegal key size or default parameters
	at java.security.KeyStore.store(KeyStore.java:1365)
	at org.apache.zookeeper.common.X509TestHelpers.certToTrustStoreBytes(X509TestHelpers.java:351)
	at org.apache.zookeeper.common.X509TestHelpers.certToBCFKSTrustStoreBytes(X509TestHelpers.java:343)
	at org.apache.zookeeper.common.X509TestContext.getTrustStoreBcfksFile(X509TestContext.java:223)
	at org.apache.zookeeper.common.X509TestContext.getTrustStoreFile(X509TestContext.java:166)
	at org.apache.zookeeper.common.BCFKSFileLoaderTest.testLoadTrustStore(BCFKSFileLoaderTest.java:115)
</error>
    <system-out><![CDATA[2021-11-08 11:05:37,362 [myid:] - INFO  [main:ZKTestCase@77] - STARTING Optional[public void org.apache.zookeeper.common.BCFKSFileLoaderTest.testLoadTrustStore(org.apache.zookeeper.common.X509KeyType,org.apache.zookeeper.common.X509KeyType,java.lang.String,java.lang.Integer) throws java.lang.Exception]
2021-11-08 11:05:37,582 [myid:] - INFO  [main:ZKTestCase@82] - FINISHED Optional[public void org.apache.zookeeper.common.BCFKSFileLoaderTest.testLoadTrustStore(org.apache.zookeeper.common.X509KeyType,org.apache.zookeeper.common.X509KeyType,java.lang.String,java.lang.Integer) throws java.lang.Exception]
]]></system-out>
  </testcase>
  <testcase name="testLoadTrustStore{X509KeyType, X509KeyType, String, Integer}[4]" classname="org.apache.zookeeper.common.BCFKSFileLoaderTest" time="0.228">
    <error message="java.security.InvalidKeyException: Illegal key size or default parameters" type="java.io.IOException">java.io.IOException: java.security.InvalidKeyException: Illegal key size or default parameters
	at java.security.KeyStore.store(KeyStore.java:1365)
	at org.apache.zookeeper.common.X509TestHelpers.certToTrustStoreBytes(X509TestHelpers.java:351)
	at org.apache.zookeeper.common.X509TestHelpers.certToBCFKSTrustStoreBytes(X509TestHelpers.java:343)
	at org.apache.zookeeper.common.X509TestContext.getTrustStoreBcfksFile(X509TestContext.java:223)
	at org.apache.zookeeper.common.X509TestContext.getTrustStoreFile(X509TestContext.java:166)
	at org.apache.zookeeper.common.BCFKSFileLoaderTest.testLoadTrustStore(BCFKSFileLoaderTest.java:115)
</error>
    <system-out><![CDATA[2021-11-08 11:05:37,583 [myid:] - INFO  [main:ZKTestCase@77] - STARTING Optional[public void org.apache.zookeeper.common.BCFKSFileLoaderTest.testLoadTrustStore(org.apache.zookeeper.common.X509KeyType,org.apache.zookeeper.common.X509KeyType,java.lang.String,java.lang.Integer) throws java.lang.Exception]
2021-11-08 11:05:37,810 [myid:] - INFO  [main:ZKTestCase@82] - FINISHED Optional[public void org.apache.zookeeper.common.BCFKSFileLoaderTest.testLoadTrustStore(org.apache.zookeeper.common.X509KeyType,org.apache.zookeeper.common.X509KeyType,java.lang.String,java.lang.Integer) throws java.lang.Exception]
]]></system-out>
  </testcase>
  <testcase name="testLoadTrustStore{X509KeyType, X509KeyType, String, Integer}[5]" classname="org.apache.zookeeper.common.BCFKSFileLoaderTest" time="0.218">
    <error message="java.security.InvalidKeyException: Illegal key size or default parameters" type="java.io.IOException">java.io.IOException: java.security.InvalidKeyException: Illegal key size or default parameters
	at java.security.KeyStore.store(KeyStore.java:1365)
	at org.apache.zookeeper.common.X509TestHelpers.certToTrustStoreBytes(X509TestHelpers.java:351)
	at org.apache.zookeeper.common.X509TestHelpers.certToBCFKSTrustStoreBytes(X509TestHelpers.java:343)
	at org.apache.zookeeper.common.X509TestContext.getTrustStoreBcfksFile(X509TestContext.java:223)
	at org.apache.zookeeper.common.X509TestContext.getTrustStoreFile(X509TestContext.java:166)
	at org.apache.zookeeper.common.BCFKSFileLoaderTest.testLoadTrustStore(BCFKSFileLoaderTest.java:115)
</error>
    <system-out><![CDATA[2021-11-08 11:05:37,811 [myid:] - INFO  [main:ZKTestCase@77] - STARTING Optional[public void org.apache.zookeeper.common.BCFKSFileLoaderTest.testLoadTrustStore(org.apache.zookeeper.common.X509KeyType,org.apache.zookeeper.common.X509KeyType,java.lang.String,java.lang.Integer) throws java.lang.Exception]
2021-11-08 11:05:38,028 [myid:] - INFO  [main:ZKTestCase@82] - FINISHED Optional[public void org.apache.zookeeper.common.BCFKSFileLoaderTest.testLoadTrustStore(org.apache.zookeeper.common.X509KeyType,org.apache.zookeeper.common.X509KeyType,java.lang.String,java.lang.Integer) throws java.lang.Exception]
]]></system-out>
  </testcase>
  <testcase name="testLoadTrustStore{X509KeyType, X509KeyType, String, Integer}[6]" classname="org.apache.zookeeper.common.BCFKSFileLoaderTest" time="0.23">
    <error message="java.security.InvalidKeyException: Illegal key size or default parameters" type="java.io.IOException">java.io.IOException: java.security.InvalidKeyException: Illegal key size or default parameters
	at java.security.KeyStore.store(KeyStore.java:1365)
	at org.apache.zookeeper.common.X509TestHelpers.certToTrustStoreBytes(X509TestHelpers.java:351)
	at org.apache.zookeeper.common.X509TestHelpers.certToBCFKSTrustStoreBytes(X509TestHelpers.java:343)
	at org.apache.zookeeper.common.X509TestContext.getTrustStoreBcfksFile(X509TestContext.java:223)
	at org.apache.zookeeper.common.X509TestContext.getTrustStoreFile(X509TestContext.java:166)
	at org.apache.zookeeper.common.BCFKSFileLoaderTest.testLoadTrustStore(BCFKSFileLoaderTest.java:115)
</error>
    <system-out><![CDATA[2021-11-08 11:05:38,029 [myid:] - INFO  [main:ZKTestCase@77] - STARTING Optional[public void org.apache.zookeeper.common.BCFKSFileLoaderTest.testLoadTrustStore(org.apache.zookeeper.common.X509KeyType,org.apache.zookeeper.common.X509KeyType,java.lang.String,java.lang.Integer) throws java.lang.Exception]
2021-11-08 11:05:38,259 [myid:] - INFO  [main:ZKTestCase@82] - FINISHED Optional[public void org.apache.zookeeper.common.BCFKSFileLoaderTest.testLoadTrustStore(org.apache.zookeeper.common.X509KeyType,org.apache.zookeeper.common.X509KeyType,java.lang.String,java.lang.Integer) throws java.lang.Exception]
]]></system-out>
  </testcase>
  <testcase name="testLoadTrustStore{X509KeyType, X509KeyType, String, Integer}[7]" classname="org.apache.zookeeper.common.BCFKSFileLoaderTest" time="0.264">
    <error message="java.security.InvalidKeyException: Illegal key size or default parameters" type="java.io.IOException">java.io.IOException: java.security.InvalidKeyException: Illegal key size or default parameters
	at java.security.KeyStore.store(KeyStore.java:1365)
	at org.apache.zookeeper.common.X509TestHelpers.certToTrustStoreBytes(X509TestHelpers.java:351)
	at org.apache.zookeeper.common.X509TestHelpers.certToBCFKSTrustStoreBytes(X509TestHelpers.java:343)
	at org.apache.zookeeper.common.X509TestContext.getTrustStoreBcfksFile(X509TestContext.java:223)
	at org.apache.zookeeper.common.X509TestContext.getTrustStoreFile(X509TestContext.java:166)
	at org.apache.zookeeper.common.BCFKSFileLoaderTest.testLoadTrustStore(BCFKSFileLoaderTest.java:115)
</error>
    <system-out><![CDATA[2021-11-08 11:05:38,260 [myid:] - INFO  [main:ZKTestCase@77] - STARTING Optional[public void org.apache.zookeeper.common.BCFKSFileLoaderTest.testLoadTrustStore(org.apache.zookeeper.common.X509KeyType,org.apache.zookeeper.common.X509KeyType,java.lang.String,java.lang.Integer) throws java.lang.Exception]
2021-11-08 11:05:38,523 [myid:] - INFO  [main:ZKTestCase@82] - FINISHED Optional[public void org.apache.zookeeper.common.BCFKSFileLoaderTest.testLoadTrustStore(org.apache.zookeeper.common.X509KeyType,org.apache.zookeeper.common.X509KeyType,java.lang.String,java.lang.Integer) throws java.lang.Exception]
]]></system-out>
  </testcase>
  <testcase name="testLoadTrustStore{X509KeyType, X509KeyType, String, Integer}[8]" classname="org.apache.zookeeper.common.BCFKSFileLoaderTest" time="0.512">
    <error message="java.security.InvalidKeyException: Illegal key size or default parameters" type="java.io.IOException">java.io.IOException: java.security.InvalidKeyException: Illegal key size or default parameters
	at java.security.KeyStore.store(KeyStore.java:1365)
	at org.apache.zookeeper.common.X509TestHelpers.certToTrustStoreBytes(X509TestHelpers.java:351)
	at org.apache.zookeeper.common.X509TestHelpers.certToBCFKSTrustStoreBytes(X509TestHelpers.java:343)
	at org.apache.zookeeper.common.X509TestContext.getTrustStoreBcfksFile(X509TestContext.java:223)
	at org.apache.zookeeper.common.X509TestContext.getTrustStoreFile(X509TestContext.java:166)
	at org.apache.zookeeper.common.BCFKSFileLoaderTest.testLoadTrustStore(BCFKSFileLoaderTest.java:115)
</error>
    <system-out><![CDATA[2021-11-08 11:05:38,525 [myid:] - INFO  [main:ZKTestCase@77] - STARTING Optional[public void org.apache.zookeeper.common.BCFKSFileLoaderTest.testLoadTrustStore(org.apache.zookeeper.common.X509KeyType,org.apache.zookeeper.common.X509KeyType,java.lang.String,java.lang.Integer) throws java.lang.Exception]
2021-11-08 11:05:39,033 [myid:] - INFO  [main:ZKTestCase@82] - FINISHED Optional[public void org.apache.zookeeper.common.BCFKSFileLoaderTest.testLoadTrustStore(org.apache.zookeeper.common.X509KeyType,org.apache.zookeeper.common.X509KeyType,java.lang.String,java.lang.Integer) throws java.lang.Exception]
]]></system-out>
  </testcase>
  <testcase name="testLoadTrustStoreWithNullFilePath{X509KeyType, X509KeyType, String, Integer}[1]" classname="org.apache.zookeeper.common.BCFKSFileLoaderTest" time="0.002"/>
  <testcase name="testLoadTrustStoreWithNullFilePath{X509KeyType, X509KeyType, String, Integer}[2]" classname="org.apache.zookeeper.common.BCFKSFileLoaderTest" time="0.005"/>
  <testcase name="testLoadTrustStoreWithNullFilePath{X509KeyType, X509KeyType, String, Integer}[3]" classname="org.apache.zookeeper.common.BCFKSFileLoaderTest" time="0"/>
  <testcase name="testLoadTrustStoreWithNullFilePath{X509KeyType, X509KeyType, String, Integer}[4]" classname="org.apache.zookeeper.common.BCFKSFileLoaderTest" time="0.003"/>
  <testcase name="testLoadTrustStoreWithNullFilePath{X509KeyType, X509KeyType, String, Integer}[5]" classname="org.apache.zookeeper.common.BCFKSFileLoaderTest" time="0"/>
  <testcase name="testLoadTrustStoreWithNullFilePath{X509KeyType, X509KeyType, String, Integer}[6]" classname="org.apache.zookeeper.common.BCFKSFileLoaderTest" time="0.006"/>
  <testcase name="testLoadTrustStoreWithNullFilePath{X509KeyType, X509KeyType, String, Integer}[7]" classname="org.apache.zookeeper.common.BCFKSFileLoaderTest" time="0"/>
  <testcase name="testLoadTrustStoreWithNullFilePath{X509KeyType, X509KeyType, String, Integer}[8]" classname="org.apache.zookeeper.common.BCFKSFileLoaderTest" time="0.001"/>
  <testcase name="testLoadTrustStoreWithWrongFilePath{X509KeyType, X509KeyType, String, Integer}[1]" classname="org.apache.zookeeper.common.BCFKSFileLoaderTest" time="0.371"/>
  <testcase name="testLoadTrustStoreWithWrongFilePath{X509KeyType, X509KeyType, String, Integer}[2]" classname="org.apache.zookeeper.common.BCFKSFileLoaderTest" time="0.322"/>
  <testcase name="testLoadTrustStoreWithWrongFilePath{X509KeyType, X509KeyType, String, Integer}[3]" classname="org.apache.zookeeper.common.BCFKSFileLoaderTest" time="0.343"/>
  <testcase name="testLoadTrustStoreWithWrongFilePath{X509KeyType, X509KeyType, String, Integer}[4]" classname="org.apache.zookeeper.common.BCFKSFileLoaderTest" time="0.245"/>
  <testcase name="testLoadTrustStoreWithWrongFilePath{X509KeyType, X509KeyType, String, Integer}[5]" classname="org.apache.zookeeper.common.BCFKSFileLoaderTest" time="0.253"/>
  <testcase name="testLoadTrustStoreWithWrongFilePath{X509KeyType, X509KeyType, String, Integer}[6]" classname="org.apache.zookeeper.common.BCFKSFileLoaderTest" time="0.303"/>
  <testcase name="testLoadTrustStoreWithWrongFilePath{X509KeyType, X509KeyType, String, Integer}[7]" classname="org.apache.zookeeper.common.BCFKSFileLoaderTest" time="0.247"/>
  <testcase name="testLoadTrustStoreWithWrongFilePath{X509KeyType, X509KeyType, String, Integer}[8]" classname="org.apache.zookeeper.common.BCFKSFileLoaderTest" time="0.235"/>
  <testcase name="testLoadTrustStoreWithWrongFileType{X509KeyType, X509KeyType, String, Integer}[1]" classname="org.apache.zookeeper.common.BCFKSFileLoaderTest" time="0.008"/>
  <testcase name="testLoadTrustStoreWithWrongFileType{X509KeyType, X509KeyType, String, Integer}[2]" classname="org.apache.zookeeper.common.BCFKSFileLoaderTest" time="0.004"/>
  <testcase name="testLoadTrustStoreWithWrongFileType{X509KeyType, X509KeyType, String, Integer}[3]" classname="org.apache.zookeeper.common.BCFKSFileLoaderTest" time="0.003"/>
  <testcase name="testLoadTrustStoreWithWrongFileType{X509KeyType, X509KeyType, String, Integer}[4]" classname="org.apache.zookeeper.common.BCFKSFileLoaderTest" time="0.004"/>
  <testcase name="testLoadTrustStoreWithWrongFileType{X509KeyType, X509KeyType, String, Integer}[5]" classname="org.apache.zookeeper.common.BCFKSFileLoaderTest" time="0.004"/>
  <testcase name="testLoadTrustStoreWithWrongFileType{X509KeyType, X509KeyType, String, Integer}[6]" classname="org.apache.zookeeper.common.BCFKSFileLoaderTest" time="0.004"/>
  <testcase name="testLoadTrustStoreWithWrongFileType{X509KeyType, X509KeyType, String, Integer}[7]" classname="org.apache.zookeeper.common.BCFKSFileLoaderTest" time="0.004"/>
  <testcase name="testLoadTrustStoreWithWrongFileType{X509KeyType, X509KeyType, String, Integer}[8]" classname="org.apache.zookeeper.common.BCFKSFileLoaderTest" time="0.004"/>
  <testcase name="testLoadKeyStoreWithWrongPassword{X509KeyType, X509KeyType, String, Integer}[1]" classname="org.apache.zookeeper.common.BCFKSFileLoaderTest" time="0.221"/>
  <testcase name="testLoadKeyStoreWithWrongPassword{X509KeyType, X509KeyType, String, Integer}[2]" classname="org.apache.zookeeper.common.BCFKSFileLoaderTest" time="0.263"/>
  <testcase name="testLoadKeyStoreWithWrongPassword{X509KeyType, X509KeyType, String, Integer}[3]" classname="org.apache.zookeeper.common.BCFKSFileLoaderTest" time="0.246"/>
  <testcase name="testLoadKeyStoreWithWrongPassword{X509KeyType, X509KeyType, String, Integer}[4]" classname="org.apache.zookeeper.common.BCFKSFileLoaderTest" time="0.224"/>
  <testcase name="testLoadKeyStoreWithWrongPassword{X509KeyType, X509KeyType, String, Integer}[5]" classname="org.apache.zookeeper.common.BCFKSFileLoaderTest" time="0.227"/>
  <testcase name="testLoadKeyStoreWithWrongPassword{X509KeyType, X509KeyType, String, Integer}[6]" classname="org.apache.zookeeper.common.BCFKSFileLoaderTest" time="0.237"/>
  <testcase name="testLoadKeyStoreWithWrongPassword{X509KeyType, X509KeyType, String, Integer}[7]" classname="org.apache.zookeeper.common.BCFKSFileLoaderTest" time="0.314"/>
  <testcase name="testLoadKeyStoreWithWrongPassword{X509KeyType, X509KeyType, String, Integer}[8]" classname="org.apache.zookeeper.common.BCFKSFileLoaderTest" time="0.286"/>
  <testcase name="testLoadTrustStoreWithWrongPassword{X509KeyType, X509KeyType, String, Integer}[1]" classname="org.apache.zookeeper.common.BCFKSFileLoaderTest" time="0.237"/>
  <testcase name="testLoadTrustStoreWithWrongPassword{X509KeyType, X509KeyType, String, Integer}[2]" classname="org.apache.zookeeper.common.BCFKSFileLoaderTest" time="0.308"/>
  <testcase name="testLoadTrustStoreWithWrongPassword{X509KeyType, X509KeyType, String, Integer}[3]" classname="org.apache.zookeeper.common.BCFKSFileLoaderTest" time="0.503"/>
  <testcase name="testLoadTrustStoreWithWrongPassword{X509KeyType, X509KeyType, String, Integer}[4]" classname="org.apache.zookeeper.common.BCFKSFileLoaderTest" time="0.408"/>
  <testcase name="testLoadTrustStoreWithWrongPassword{X509KeyType, X509KeyType, String, Integer}[5]" classname="org.apache.zookeeper.common.BCFKSFileLoaderTest" time="0.403"/>
  <testcase name="testLoadTrustStoreWithWrongPassword{X509KeyType, X509KeyType, String, Integer}[6]" classname="org.apache.zookeeper.common.BCFKSFileLoaderTest" time="0.459"/>
  <testcase name="testLoadTrustStoreWithWrongPassword{X509KeyType, X509KeyType, String, Integer}[7]" classname="org.apache.zookeeper.common.BCFKSFileLoaderTest" time="0.447"/>
  <testcase name="testLoadTrustStoreWithWrongPassword{X509KeyType, X509KeyType, String, Integer}[8]" classname="org.apache.zookeeper.common.BCFKSFileLoaderTest" time="0.281"/>
</testsuite>